<?xml version="1.0" encoding="utf-8"?>
<TestRun id="b96dfaf6-256a-45cb-b337-9cd2ead15a5d" name="NCM@DESKTOP-7D275P5 2026-07-27 07:03:02" runUser="DESKTOP-7D275P5\NCM" xmlns="http://microsoft.com/schemas/VisualStudio/TeamTest/2010">
  <Times creation="2026-07-27T07:03:02.1277433+00:00" queuing="2026-07-27T07:03:02.1277438+00:00" start="2026-07-27T07:02:45.2966676+00:00" finish="2026-07-27T07:07:12.9960246+00:00" />
  <TestSettings name="default" id="404cf5ab-a4e6-491e-86ea-5b1be26a8870">
    <Deployment runDeploymentRoot="NCM_DESKTOP-7D275P5_2026-07-27_07_03_02" />
  </TestSettings>
  <Results>
    <UnitTestResult executionId="840c56c9-1f3e-4749-940d-de34dd265e2e" testId="13c52d27-b02b-2a4c-bf83-00364ca1ee70" testName="SamaEcole.FunctionalTests.SchoolYears.SchoolYearsEndpointsTests.Modifying_An_Unknown_Year_Should_Return_404" computerName="DESKTOP-7D275P5" duration="00:00:00.1150888" startTime="2026-07-27T07:06:04.5901567+00:00" endTime="2026-07-27T07:06:04.5901569+00:00" testType="13cdc9d9-ddb5-4fa4-a97d-d965ccfc6d4b" outcome="Passed" testListId="8c84fa94-04c1-424b-9868-57a2d4851a1d" relativeResultsDirectory="840c56c9-1f3e-4749-940d-de34dd265e2e" />
    <UnitTestResult executionId="38397705-bb72-4909-a5e8-cdbda09b416c" testId="17584950-2cab-21dd-4eb8-f235a0430623" testName="SamaEcole.FunctionalTests.Enrollments.EnrollmentsEndpointsTests.A_Secretariat_Can_Cancel_An_Enrollment_Without_Soft_Deleting_It" computerName="DESKTOP-7D275P5" duration="00:00:00.3611242" startTime="2026-07-27T07:06:22.4148701+00:00" endTime="2026-07-27T07:06:22.4148705+00:00" testType="13cdc9d9-ddb5-4fa4-a97d-d965ccfc6d4b" outcome="Passed" testListId="8c84fa94-04c1-424b-9868-57a2d4851a1d" relativeResultsDirectory="38397705-bb72-4909-a5e8-cdbda09b416c" />
    <UnitTestResult executionId="1bc7acf9-1c14-4e9d-8edf-1f102f25dcef" testId="35b1bbf7-1f9d-8a72-e6f7-581aa143602f" testName="SamaEcole.FunctionalTests.Users.ResetUserPasswordEndpointsTests.A_Weak_New_Password_Should_Be_Rejected" computerName="DESKTOP-7D275P5" duration="00:00:00.3754154" startTime="2026-07-27T07:04:03.0440965+00:00" endTime="2026-07-27T07:04:03.0440968+00:00" testType="13cdc9d9-ddb5-4fa4-a97d-d965ccfc6d4b" outcome="Passed" testListId="8c84fa94-04c1-424b-9868-57a2d4851a1d" relativeResultsDirectory="1bc7acf9-1c14-4e9d-8edf-1f102f25dcef" />
    <UnitTestResult executionId="8fa1f419-197a-42f5-93b6-244f66727765" testId="bde6c0e5-a1ec-9936-eec5-9395c4caf661" testName="SamaEcole.FunctionalTests.Finance.FeesEndpointsTests.Updating_A_Fee_Should_Record_Its_History" computerName="DESKTOP-7D275P5" duration="00:00:00.1876508" startTime="2026-07-27T07:03:51.6053261+00:00" endTime="2026-07-27T07:03:51.6053263+00:00" testType="13cdc9d9-ddb5-4fa4-a97d-d965ccfc6d4b" outcome="Passed" testListId="8c84fa94-04c1-424b-9868-57a2d4851a1d" relativeResultsDirectory="8fa1f419-197a-42f5-93b6-244f66727765" />
    <UnitTestResult executionId="cf531c6a-74f8-41ae-b15f-ece6b5ed7096" testId="e0cc8935-a9c6-a5cd-7038-1a265e935db6" testName="SamaEcole.FunctionalTests.Finance.FeesEndpointsTests.A_Directeur_Can_Still_Create_And_Apply_Regardless_Of_Delegation_Settings" computerName="DESKTOP-7D275P5" duration="00:00:00.1280566" startTime="2026-07-27T07:03:44.4098433+00:00" endTime="2026-07-27T07:03:44.4098436+00:00" testType="13cdc9d9-ddb5-4fa4-a97d-d965ccfc6d4b" outcome="Passed" testListId="8c84fa94-04c1-424b-9868-57a2d4851a1d" relativeResultsDirectory="cf531c6a-74f8-41ae-b15f-ece6b5ed7096" />
    <UnitTestResult executionId="c10eb762-bf1b-4ea3-9462-e15ca4c5339d" testId="c3171b91-04d0-379c-7f94-050a42f2a5e8" testName="SamaEcole.FunctionalTests.Users.UserStatusEndpointsTests.Changing_The_Status_Of_An_Unknown_User_Should_Return_404" computerName="DESKTOP-7D275P5" duration="00:00:00.1129209" startTime="2026-07-27T07:04:24.5004121+00:00" endTime="2026-07-27T07:04:24.5004125+00:00" testType="13cdc9d9-ddb5-4fa4-a97d-d965ccfc6d4b" outcome="Passed" testListId="8c84fa94-04c1-424b-9868-57a2d4851a1d" relativeResultsDirectory="c10eb762-bf1b-4ea3-9462-e15ca4c5339d" />
    <UnitTestResult executionId="9d438e78-bf75-46a7-afff-e9389a194b36" testId="b2f7ef05-508c-4877-e1ac-e8f7ff62f03c" testName="SamaEcole.FunctionalTests.Users.CreateUserEndpointsTests.SuperAdmin_And_Directeur_Must_Not_Be_Assignable_Through_This_Endpoint(role: &quot;SuperAdmin&quot;)" computerName="DESKTOP-7D275P5" duration="00:00:00.1372298" startTime="2026-07-27T07:03:03.5314848+00:00" endTime="2026-07-27T07:03:03.5314850+00:00" testType="13cdc9d9-ddb5-4fa4-a97d-d965ccfc6d4b" outcome="Passed" testListId="8c84fa94-04c1-424b-9868-57a2d4851a1d" relativeResultsDirectory="9d438e78-bf75-46a7-afff-e9389a194b36" />
    <UnitTestResult executionId="56c7e3cb-e2d6-4d91-9626-83e5cc1a04f2" testId="9fb6da12-dc30-09a8-17a0-f1dfe65601b1" testName="SamaEcole.FunctionalTests.SchoolYears.ExportSchoolYearEndpointsTests.Only_A_Directeur_May_Export_A_School_Year(tokenFactoryName: &quot;FinanceTokenAsync&quot;)" computerName="DESKTOP-7D275P5" duration="00:00:00.6424794" startTime="2026-07-27T07:05:11.7094862+00:00" endTime="2026-07-27T07:05:11.7094864+00:00" testType="13cdc9d9-ddb5-4fa4-a97d-d965ccfc6d4b" outcome="Passed" testListId="8c84fa94-04c1-424b-9868-57a2d4851a1d" relativeResultsDirectory="56c7e3cb-e2d6-4d91-9626-83e5cc1a04f2" />
    <UnitTestResult executionId="9523e0e6-1ded-4f38-8cf1-f303f7915ce4" testId="84e7cb82-24f0-fcf5-fca3-0cfdfe3071d0" testName="SamaEcole.FunctionalTests.SchoolYears.SchoolYearsEndpointsTests.A_Secretary_Should_Still_Read_The_School_Years" computerName="DESKTOP-7D275P5" duration="00:00:00.2542807" startTime="2026-07-27T07:05:59.5393731+00:00" endTime="2026-07-27T07:05:59.5393733+00:00" testType="13cdc9d9-ddb5-4fa4-a97d-d965ccfc6d4b" outcome="Passed" testListId="8c84fa94-04c1-424b-9868-57a2d4851a1d" relativeResultsDirectory="9523e0e6-1ded-4f38-8cf1-f303f7915ce4" />
    <UnitTestResult executionId="15442365-8167-4231-8353-5917fdade219" testId="23167282-2fa1-79f0-47fd-fbbcac184e0d" testName="SamaEcole.FunctionalTests.Users.ResetUserPasswordEndpointsTests.Resetting_A_Password_Should_Kill_The_Existing_Session_And_Reject_The_Old_Password" computerName="DESKTOP-7D275P5" duration="00:00:00.4296828" startTime="2026-07-27T07:04:04.7995107+00:00" endTime="2026-07-27T07:04:04.7995109+00:00" testType="13cdc9d9-ddb5-4fa4-a97d-d965ccfc6d4b" outcome="Passed" testListId="8c84fa94-04c1-424b-9868-57a2d4851a1d" relativeResultsDirectory="15442365-8167-4231-8353-5917fdade219" />
    <UnitTestResult executionId="8b758954-55b5-4b91-933a-50ef2a697023" testId="b67881db-e2d8-ca3b-e203-13d6dd82f438" testName="SamaEcole.FunctionalTests.Students.StudentPhotoEndpointsTests.A_Finance_Must_Not_Upload_A_Student_Photo" computerName="DESKTOP-7D275P5" duration="00:00:00.5588820" startTime="2026-07-27T07:04:56.5026699+00:00" endTime="2026-07-27T07:04:56.5026701+00:00" testType="13cdc9d9-ddb5-4fa4-a97d-d965ccfc6d4b" outcome="Passed" testListId="8c84fa94-04c1-424b-9868-57a2d4851a1d" relativeResultsDirectory="8b758954-55b5-4b91-933a-50ef2a697023" />
    <UnitTestResult executionId="44e39f1b-a1cf-4720-a6ff-d058ab99942a" testId="4ad7b7fd-a4dc-fc9c-ecb2-f5d7d17fac24" testName="SamaEcole.FunctionalTests.SchoolYears.SchoolYearsEndpointsTests.Overlapping_Dates_Should_Return_422" computerName="DESKTOP-7D275P5" duration="00:00:00.1337228" startTime="2026-07-27T07:06:02.7086792+00:00" endTime="2026-07-27T07:06:02.7086795+00:00" testType="13cdc9d9-ddb5-4fa4-a97d-d965ccfc6d4b" outcome="Passed" testListId="8c84fa94-04c1-424b-9868-57a2d4851a1d" relativeResultsDirectory="44e39f1b-a1cf-4720-a6ff-d058ab99942a" />
    <UnitTestResult executionId="19103f84-90f2-4263-b8be-7ce956d436a0" testId="54a143dd-5393-fea3-a207-653af875f5e4" testName="SamaEcole.FunctionalTests.Users.CreateUserEndpointsTests.Directeur_Should_Create_A_Secretariat_Account_That_Can_Log_In" computerName="DESKTOP-7D275P5" duration="00:00:02.4710618" startTime="2026-07-27T07:03:02.0941098+00:00" endTime="2026-07-27T07:03:02.0941623+00:00" testType="13cdc9d9-ddb5-4fa4-a97d-d965ccfc6d4b" outcome="Passed" testListId="8c84fa94-04c1-424b-9868-57a2d4851a1d" relativeResultsDirectory="19103f84-90f2-4263-b8be-7ce956d436a0" />
    <UnitTestResult executionId="76e04142-623d-4a43-8a29-550fa1438df0" testId="62e46d18-c190-ae08-98f7-6022d9d6c9bd" testName="SamaEcole.FunctionalTests.Finance.FeesEndpointsTests.Applying_A_Standard_On_A_School_Without_Classrooms_Should_Return_422" computerName="DESKTOP-7D275P5" duration="00:00:00.1104347" startTime="2026-07-27T07:03:47.0556402+00:00" endTime="2026-07-27T07:03:47.0556406+00:00" testType="13cdc9d9-ddb5-4fa4-a97d-d965ccfc6d4b" outcome="Passed" testListId="8c84fa94-04c1-424b-9868-57a2d4851a1d" relativeResultsDirectory="76e04142-623d-4a43-8a29-550fa1438df0" />
    <UnitTestResult executionId="b61a51a8-70c5-45ea-a64f-57b59a153f1a" testId="b6bbc2e2-15fb-1ff5-9cf2-960c7973ab55" testName="SamaEcole.FunctionalTests.Finance.FinanceDashboardEndpointsTests.A_Secretariat_Must_Not_Be_Allowed_To_View_The_Dashboard" computerName="DESKTOP-7D275P5" duration="00:00:00.2165133" startTime="2026-07-27T07:03:25.7354861+00:00" endTime="2026-07-27T07:03:25.7354864+00:00" testType="13cdc9d9-ddb5-4fa4-a97d-d965ccfc6d4b" outcome="Passed" testListId="8c84fa94-04c1-424b-9868-57a2d4851a1d" relativeResultsDirectory="b61a51a8-70c5-45ea-a64f-57b59a153f1a" />
    <UnitTestResult executionId="389500ab-2f5f-450a-9cd4-6ee8469f90f2" testId="3eb33571-9bd4-24c0-886a-255db9014563" testName="SamaEcole.FunctionalTests.SchoolYears.SchoolYearsEndpointsTests.The_First_Year_Of_A_School_Should_Be_Active_Straight_Away" computerName="DESKTOP-7D275P5" duration="00:00:00.6721819" startTime="2026-07-27T07:05:56.3233436+00:00" endTime="2026-07-27T07:05:56.3233440+00:00" testType="13cdc9d9-ddb5-4fa4-a97d-d965ccfc6d4b" outcome="Passed" testListId="8c84fa94-04c1-424b-9868-57a2d4851a1d" relativeResultsDirectory="389500ab-2f5f-450a-9cd4-6ee8469f90f2" />
    <UnitTestResult executionId="14c994ae-8d40-4326-b2a1-79cfc62a9da9" testId="e5d2f333-9e47-5b71-6d9e-732f9d1ee58c" testName="SamaEcole.FunctionalTests.Teachers.TeachersEndpointsTests.Finance_Must_Not_Update_A_Teacher" computerName="DESKTOP-7D275P5" duration="00:00:00.2747277" startTime="2026-07-27T07:05:48.1220369+00:00" endTime="2026-07-27T07:05:48.1220371+00:00" testType="13cdc9d9-ddb5-4fa4-a97d-d965ccfc6d4b" outcome="Passed" testListId="8c84fa94-04c1-424b-9868-57a2d4851a1d" relativeResultsDirectory="14c994ae-8d40-4326-b2a1-79cfc62a9da9" />
    <UnitTestResult executionId="fb8af11a-616e-4671-b3fb-ac09a520c96e" testId="5957d6fa-1273-324c-0663-6fad13f3e441" testName="SamaEcole.FunctionalTests.Enrollments.EnrollmentsEndpointsTests.Finance_Must_Not_Be_Allowed_To_Cancel_An_Enrollment" computerName="DESKTOP-7D275P5" duration="00:00:00.4682754" startTime="2026-07-27T07:06:30.8391767+00:00" endTime="2026-07-27T07:06:30.8391769+00:00" testType="13cdc9d9-ddb5-4fa4-a97d-d965ccfc6d4b" outcome="Passed" testListId="8c84fa94-04c1-424b-9868-57a2d4851a1d" relativeResultsDirectory="fb8af11a-616e-4671-b3fb-ac09a520c96e" />
    <UnitTestResult executionId="87a5df97-d9a8-40a5-8233-e015355ad521" testId="a8f50f41-8517-2a4c-8d50-fd80084d9bf6" testName="SamaEcole.FunctionalTests.SchoolYears.ExportSchoolYearEndpointsTests.Only_A_Directeur_May_Export_A_School_Year(tokenFactoryName: &quot;SecretaireTokenAsync&quot;)" computerName="DESKTOP-7D275P5" duration="00:00:00.5325274" startTime="2026-07-27T07:05:12.7680639+00:00" endTime="2026-07-27T07:05:12.7680655+00:00" testType="13cdc9d9-ddb5-4fa4-a97d-d965ccfc6d4b" outcome="Passed" testListId="8c84fa94-04c1-424b-9868-57a2d4851a1d" relativeResultsDirectory="87a5df97-d9a8-40a5-8233-e015355ad521" />
    <UnitTestResult executionId="5dca7fe7-4e68-4499-9256-390e4a9e49f7" testId="bace86fe-6adc-4df4-07fc-9636a31c2dc1" testName="SamaEcole.FunctionalTests.Finance.FeesEndpointsTests.Deleting_An_Unknown_Fee_Should_Return_404" computerName="DESKTOP-7D275P5" duration="00:00:00.1213793" startTime="2026-07-27T07:03:45.0287572+00:00" endTime="2026-07-27T07:03:45.0287580+00:00" testType="13cdc9d9-ddb5-4fa4-a97d-d965ccfc6d4b" outcome="Passed" testListId="8c84fa94-04c1-424b-9868-57a2d4851a1d" relativeResultsDirectory="5dca7fe7-4e68-4499-9256-390e4a9e49f7" />
    <UnitTestResult executionId="98671b2b-1bbd-49da-bcbc-32fc011a809e" testId="a1981649-ba4a-a911-96f9-064c5625f4ce" testName="SamaEcole.FunctionalTests.Registration.AdminRegistrationRequestsEndpointsTests.Rejecting_A_Request_Should_Not_Affect_Schools_Or_Users" computerName="DESKTOP-7D275P5" duration="00:00:00.8134484" startTime="2026-07-27T07:05:22.9356300+00:00" endTime="2026-07-27T07:05:22.9356301+00:00" testType="13cdc9d9-ddb5-4fa4-a97d-d965ccfc6d4b" outcome="Passed" testListId="8c84fa94-04c1-424b-9868-57a2d4851a1d" relativeResultsDirectory="98671b2b-1bbd-49da-bcbc-32fc011a809e" />
    <UnitTestResult executionId="d6df9eb3-323a-4adb-8d4a-71fe727836bb" testId="a880f8e5-713f-4c4c-350c-e69df37e7008" testName="SamaEcole.FunctionalTests.Finance.FeesEndpointsTests.A_Finance_Can_Delete_A_Fee_Once_The_Directeur_Enables_Delegation" computerName="DESKTOP-7D275P5" duration="00:00:00.2942987" startTime="2026-07-27T07:03:41.7511548+00:00" endTime="2026-07-27T07:03:41.7511550+00:00" testType="13cdc9d9-ddb5-4fa4-a97d-d965ccfc6d4b" outcome="Passed" testListId="8c84fa94-04c1-424b-9868-57a2d4851a1d" relativeResultsDirectory="d6df9eb3-323a-4adb-8d4a-71fe727836bb" />
    <UnitTestResult executionId="d7245779-17ec-4689-8413-787fda3e9eac" testId="f05d1657-b9af-60ea-1932-5a114a0259b4" testName="SamaEcole.FunctionalTests.AuditLogs.AuditLogsEndpointsTests.Recording_A_Payment_Should_Produce_A_Corresponding_Audit_Entry" computerName="DESKTOP-7D275P5" duration="00:00:00.6005944" startTime="2026-07-27T07:04:42.0236001+00:00" endTime="2026-07-27T07:04:42.0236003+00:00" testType="13cdc9d9-ddb5-4fa4-a97d-d965ccfc6d4b" outcome="Passed" testListId="8c84fa94-04c1-424b-9868-57a2d4851a1d" relativeResultsDirectory="d7245779-17ec-4689-8413-787fda3e9eac" />
    <UnitTestResult executionId="673795ba-e8c6-4037-97a5-24ebc23616cc" testId="b0c1f3f8-3aa0-767a-b44a-ac71d7889422" testName="SamaEcole.FunctionalTests.Finance.FeesEndpointsTests.A_Directeur_Can_Delete_A_Fee" computerName="DESKTOP-7D275P5" duration="00:00:00.1487951" startTime="2026-07-27T07:03:53.7247441+00:00" endTime="2026-07-27T07:03:53.7247443+00:00" testType="13cdc9d9-ddb5-4fa4-a97d-d965ccfc6d4b" outcome="Passed" testListId="8c84fa94-04c1-424b-9868-57a2d4851a1d" relativeResultsDirectory="673795ba-e8c6-4037-97a5-24ebc23616cc" />
    <UnitTestResult executionId="c0eabd62-6ff6-42ba-9f49-e8ea84cdbc2d" testId="1895ae79-a6dc-4b3d-2177-26cf8dd21c27" testName="SamaEcole.FunctionalTests.Reports.ExportAttendanceEndpointsTests.Finance_And_Enseignant_Should_Be_Forbidden(role: &quot;Finance&quot;)" computerName="DESKTOP-7D275P5" duration="00:00:00.1121320" startTime="2026-07-27T07:04:32.4452905+00:00" endTime="2026-07-27T07:04:32.4452907+00:00" testType="13cdc9d9-ddb5-4fa4-a97d-d965ccfc6d4b" outcome="Passed" testListId="8c84fa94-04c1-424b-9868-57a2d4851a1d" relativeResultsDirectory="c0eabd62-6ff6-42ba-9f49-e8ea84cdbc2d" />
    <UnitTestResult executionId="17404c19-fa6d-4bbf-a732-f1d3c68adc09" testId="d12e255a-0109-5a7e-becb-e6243217c09c" testName="SamaEcole.FunctionalTests.AuditLogs.AuditLogsEndpointsTests.Creating_A_School_Should_Produce_An_Audit_Entry_Attributed_To_The_New_School" computerName="DESKTOP-7D275P5" duration="00:00:00.3211767" startTime="2026-07-27T07:04:46.3328702+00:00" endTime="2026-07-27T07:04:46.3328704+00:00" testType="13cdc9d9-ddb5-4fa4-a97d-d965ccfc6d4b" outcome="Passed" testListId="8c84fa94-04c1-424b-9868-57a2d4851a1d" relativeResultsDirectory="17404c19-fa6d-4bbf-a732-f1d3c68adc09" />
    <UnitTestResult executionId="d8908c1d-69f2-4007-aef4-98eabf0652bd" testId="03c1b077-7cc5-dcb4-65d2-9c6ada6dedc8" testName="SamaEcole.FunctionalTests.Finance.FeesEndpointsTests.A_Secretary_Should_Still_Read_The_Fees" computerName="DESKTOP-7D275P5" duration="00:00:00.2516648" startTime="2026-07-27T07:03:39.4923434+00:00" endTime="2026-07-27T07:03:39.4923435+00:00" testType="13cdc9d9-ddb5-4fa4-a97d-d965ccfc6d4b" outcome="Passed" testListId="8c84fa94-04c1-424b-9868-57a2d4851a1d" relativeResultsDirectory="d8908c1d-69f2-4007-aef4-98eabf0652bd" />
    <UnitTestResult executionId="20f307c2-c9bc-4548-84d3-8cddc1e9493a" testId="5508f882-d449-fba4-3608-f46277dd928c" testName="SamaEcole.FunctionalTests.Finance.FeesEndpointsTests.Duplicate_Category_Name_Should_Return_409" computerName="DESKTOP-7D275P5" duration="00:00:00.1579830" startTime="2026-07-27T07:03:54.3654056+00:00" endTime="2026-07-27T07:03:54.3654058+00:00" testType="13cdc9d9-ddb5-4fa4-a97d-d965ccfc6d4b" outcome="Passed" testListId="8c84fa94-04c1-424b-9868-57a2d4851a1d" relativeResultsDirectory="20f307c2-c9bc-4548-84d3-8cddc1e9493a" />
    <UnitTestResult executionId="6b8e11c8-96fe-4552-ac5d-c9ed82eb6168" testId="8c30042c-23b6-8bad-57da-73aa299501bd" testName="SamaEcole.FunctionalTests.Finance.FeesEndpointsTests.A_Stale_RowVersion_Should_Be_Refused_With_A_409" computerName="DESKTOP-7D275P5" duration="00:00:00.1636733" startTime="2026-07-27T07:03:50.2113568+00:00" endTime="2026-07-27T07:03:50.2113569+00:00" testType="13cdc9d9-ddb5-4fa4-a97d-d965ccfc6d4b" outcome="Passed" testListId="8c84fa94-04c1-424b-9868-57a2d4851a1d" relativeResultsDirectory="6b8e11c8-96fe-4552-ac5d-c9ed82eb6168" />
    <UnitTestResult executionId="63793fec-0fcd-455b-8729-477e4d42e284" testId="a8b776f0-72f0-ccb4-7216-4f31dca318f6" testName="SamaEcole.FunctionalTests.Users.UserStatusEndpointsTests.Status_History_Should_Be_Readable_And_Keep_The_Reason" computerName="DESKTOP-7D275P5" duration="00:00:00.2030545" startTime="2026-07-27T07:04:23.1678530+00:00" endTime="2026-07-27T07:04:23.1678534+00:00" testType="13cdc9d9-ddb5-4fa4-a97d-d965ccfc6d4b" outcome="Passed" testListId="8c84fa94-04c1-424b-9868-57a2d4851a1d" relativeResultsDirectory="63793fec-0fcd-455b-8729-477e4d42e284" />
    <UnitTestResult executionId="dbb35818-0f5c-4e24-bfc5-1e57cbf651a3" testId="a72e4a71-b85d-0ef3-0abd-c65120e0beac" testName="SamaEcole.FunctionalTests.Finance.FinanceDashboardEndpointsTests.Dashboard_Reflects_Payments_Just_Recorded_Through_The_Caisse" computerName="DESKTOP-7D275P5" duration="00:00:01.4886594" startTime="2026-07-27T07:03:27.7755614+00:00" endTime="2026-07-27T07:03:27.7755617+00:00" testType="13cdc9d9-ddb5-4fa4-a97d-d965ccfc6d4b" outcome="Passed" testListId="8c84fa94-04c1-424b-9868-57a2d4851a1d" relativeResultsDirectory="dbb35818-0f5c-4e24-bfc5-1e57cbf651a3" />
    <UnitTestResult executionId="2a0e7735-c371-45e4-b2db-1f0bd499a649" testId="7747b84c-d9fa-31b8-9d74-da6b09a742aa" testName="SamaEcole.FunctionalTests.Users.UserStatusEndpointsTests.Blocking_A_User_Should_Immediately_Kill_Their_Existing_Session" computerName="DESKTOP-7D275P5" duration="00:00:00.2246945" startTime="2026-07-27T07:04:23.9224535+00:00" endTime="2026-07-27T07:04:23.9224541+00:00" testType="13cdc9d9-ddb5-4fa4-a97d-d965ccfc6d4b" outcome="Passed" testListId="8c84fa94-04c1-424b-9868-57a2d4851a1d" relativeResultsDirectory="2a0e7735-c371-45e4-b2db-1f0bd499a649" />
    <UnitTestResult executionId="fca23059-0304-4e40-af9a-71852da96596" testId="e1f7dfa3-cc19-1e6d-f17d-d3a3d900db58" testName="SamaEcole.FunctionalTests.SchoolYears.SchoolYearsEndpointsTests.A_Secretary_Must_Not_Switch_The_Active_Year" computerName="DESKTOP-7D275P5" duration="00:00:00.2244109" startTime="2026-07-27T07:06:03.4587836+00:00" endTime="2026-07-27T07:06:03.4587837+00:00" testType="13cdc9d9-ddb5-4fa4-a97d-d965ccfc6d4b" outcome="Passed" testListId="8c84fa94-04c1-424b-9868-57a2d4851a1d" relativeResultsDirectory="fca23059-0304-4e40-af9a-71852da96596" />
    <UnitTestResult executionId="58afbfce-8687-4fa0-b7d0-e9ed80b01b36" testId="50dc0605-9682-35f9-babd-e77748101e99" testName="SamaEcole.FunctionalTests.SchoolYears.SchoolYearsEndpointsTests.Activating_Without_The_Right_Password_Should_Be_Refused" computerName="DESKTOP-7D275P5" duration="00:00:00.2858733" startTime="2026-07-27T07:06:00.3694271+00:00" endTime="2026-07-27T07:06:00.3694277+00:00" testType="13cdc9d9-ddb5-4fa4-a97d-d965ccfc6d4b" outcome="Passed" testListId="8c84fa94-04c1-424b-9868-57a2d4851a1d" relativeResultsDirectory="58afbfce-8687-4fa0-b7d0-e9ed80b01b36" />
    <UnitTestResult executionId="60c2cfcd-cd9d-461b-9eab-f27a0ddc024c" testId="41b10be1-3acf-f03c-a035-e1c98b9da369" testName="SamaEcole.FunctionalTests.Users.UserStatusEndpointsTests.Blocked_User_Should_No_Longer_Obtain_A_Token" computerName="DESKTOP-7D275P5" duration="00:00:00.1113969" startTime="2026-07-27T07:04:25.1157700+00:00" endTime="2026-07-27T07:04:25.1157702+00:00" testType="13cdc9d9-ddb5-4fa4-a97d-d965ccfc6d4b" outcome="Passed" testListId="8c84fa94-04c1-424b-9868-57a2d4851a1d" relativeResultsDirectory="60c2cfcd-cd9d-461b-9eab-f27a0ddc024c" />
    <UnitTestResult executionId="3e1a1e55-7d3d-491a-bb16-9adcfa59642e" testId="c4692711-b619-f703-c6f9-106139b2be56" testName="SamaEcole.FunctionalTests.Finance.FeesEndpointsTests.Re_Applying_A_Standard_On_One_Level_Should_Not_Touch_The_Other_Levels" computerName="DESKTOP-7D275P5" duration="00:00:00.1668279" startTime="2026-07-27T07:03:55.5749756+00:00" endTime="2026-07-27T07:03:55.5749760+00:00" testType="13cdc9d9-ddb5-4fa4-a97d-d965ccfc6d4b" outcome="Passed" testListId="8c84fa94-04c1-424b-9868-57a2d4851a1d" relativeResultsDirectory="3e1a1e55-7d3d-491a-bb16-9adcfa59642e" />
    <UnitTestResult executionId="3574a3a0-88ec-47b0-be73-91a34e23be3f" testId="0238aaba-e9ed-d1be-659f-34c13f3de73c" testName="SamaEcole.FunctionalTests.SchoolYears.SchoolYearsEndpointsTests.Creating_A_Second_Year_Must_Not_Switch_The_School_Over_To_It" computerName="DESKTOP-7D275P5" duration="00:00:00.1608301" startTime="2026-07-27T07:06:01.9595202+00:00" endTime="2026-07-27T07:06:01.9595204+00:00" testType="13cdc9d9-ddb5-4fa4-a97d-d965ccfc6d4b" outcome="Passed" testListId="8c84fa94-04c1-424b-9868-57a2d4851a1d" relativeResultsDirectory="3574a3a0-88ec-47b0-be73-91a34e23be3f" />
    <UnitTestResult executionId="dcb65561-7126-4bc2-984a-965ce3281e05" testId="85f1e160-26e0-a933-c098-a5f44f654809" testName="SamaEcole.FunctionalTests.AuditLogs.AuditLogsEndpointsTests.SuperAdmin_Login_Should_Not_Produce_Any_Tenant_Audit_Entry" computerName="DESKTOP-7D275P5" duration="00:00:00.2132806" startTime="2026-07-27T07:04:44.2000833+00:00" endTime="2026-07-27T07:04:44.2000836+00:00" testType="13cdc9d9-ddb5-4fa4-a97d-d965ccfc6d4b" outcome="Passed" testListId="8c84fa94-04c1-424b-9868-57a2d4851a1d" relativeResultsDirectory="dcb65561-7126-4bc2-984a-965ce3281e05" />
    <UnitTestResult executionId="b81c9b26-6ea8-49fe-931e-2c404c794e49" testId="e4ac52e2-acce-8331-e739-ac72387b7a27" testName="SamaEcole.FunctionalTests.AuditLogs.AuditLogsEndpointsTests.Resetting_A_Password_Should_Produce_A_Corresponding_Audit_Entry" computerName="DESKTOP-7D275P5" duration="00:00:00.2209328" startTime="2026-07-27T07:04:49.5632411+00:00" endTime="2026-07-27T07:04:49.5632427+00:00" testType="13cdc9d9-ddb5-4fa4-a97d-d965ccfc6d4b" outcome="Passed" testListId="8c84fa94-04c1-424b-9868-57a2d4851a1d" relativeResultsDirectory="b81c9b26-6ea8-49fe-931e-2c404c794e49" />
    <UnitTestResult executionId="3ca102d6-8da1-494d-9987-e9ba32b85d16" testId="a4c8fc7e-99d4-cd03-4332-19269c3e43ca" testName="SamaEcole.FunctionalTests.Finance.FeesEndpointsTests.A_Finance_Loses_Modify_Access_Again_Once_The_Directeur_Disables_Delegation" computerName="DESKTOP-7D275P5" duration="00:00:00.3645398" startTime="2026-07-27T07:03:38.7227220+00:00" endTime="2026-07-27T07:03:38.7227222+00:00" testType="13cdc9d9-ddb5-4fa4-a97d-d965ccfc6d4b" outcome="Passed" testListId="8c84fa94-04c1-424b-9868-57a2d4851a1d" relativeResultsDirectory="3ca102d6-8da1-494d-9987-e9ba32b85d16" />
    <UnitTestResult executionId="7ad12283-50a2-41bd-9ea4-c571de387a65" testId="a9ad74bc-38f7-8861-1155-6c92298dca9d" testName="SamaEcole.FunctionalTests.Enrollments.EnrollmentsEndpointsTests.Cancelling_An_Enrollment_With_A_Stale_RowVersion_Should_Return_409" computerName="DESKTOP-7D275P5" duration="00:00:00.4538799" startTime="2026-07-27T07:06:27.1721183+00:00" endTime="2026-07-27T07:06:27.1721186+00:00" testType="13cdc9d9-ddb5-4fa4-a97d-d965ccfc6d4b" outcome="Passed" testListId="8c84fa94-04c1-424b-9868-57a2d4851a1d" relativeResultsDirectory="7ad12283-50a2-41bd-9ea4-c571de387a65" />
    <UnitTestResult executionId="7f09119f-1c42-4f18-9e01-f4e9ee52461d" testId="e7df65d2-bac2-4967-e8af-7c31777219c0" testName="SamaEcole.FunctionalTests.Enrollments.EnrollmentsEndpointsTests.A_Secretariat_Creates_An_Enrollment_With_The_Computed_Total_And_A_Readable_Receipt" computerName="DESKTOP-7D275P5" duration="00:00:00.3896013" startTime="2026-07-27T07:06:19.7464739+00:00" endTime="2026-07-27T07:06:19.7464741+00:00" testType="13cdc9d9-ddb5-4fa4-a97d-d965ccfc6d4b" outcome="Passed" testListId="8c84fa94-04c1-424b-9868-57a2d4851a1d" relativeResultsDirectory="7f09119f-1c42-4f18-9e01-f4e9ee52461d" />
    <UnitTestResult executionId="5737920b-7b1c-4904-a98c-e8c46c241ca4" testId="691fb464-b1d8-3728-1de3-83853a0f5ac3" testName="SamaEcole.FunctionalTests.Finance.FeesEndpointsTests.A_Delete_Only_Delegation_Must_Not_Grant_Create_Or_Apply_Standard_Access" computerName="DESKTOP-7D275P5" duration="00:00:00.2221262" startTime="2026-07-27T07:03:52.3026347+00:00" endTime="2026-07-27T07:03:52.3026349+00:00" testType="13cdc9d9-ddb5-4fa4-a97d-d965ccfc6d4b" outcome="Passed" testListId="8c84fa94-04c1-424b-9868-57a2d4851a1d" relativeResultsDirectory="5737920b-7b1c-4904-a98c-e8c46c241ca4" />
    <UnitTestResult executionId="8e393343-4f88-45be-973e-0355a5f839ff" testId="72e63dd6-4188-e5ae-e6e2-0c9db7e1dd21" testName="SamaEcole.FunctionalTests.Finance.FeesEndpointsTests.A_Finance_Must_Not_Create_A_Fee_Category_By_Default" computerName="DESKTOP-7D275P5" duration="00:00:00.2021264" startTime="2026-07-27T07:03:40.2112974+00:00" endTime="2026-07-27T07:03:40.2112976+00:00" testType="13cdc9d9-ddb5-4fa4-a97d-d965ccfc6d4b" outcome="Passed" testListId="8c84fa94-04c1-424b-9868-57a2d4851a1d" relativeResultsDirectory="8e393343-4f88-45be-973e-0355a5f839ff" />
    <UnitTestResult executionId="4149b3ee-6534-443f-b2a4-e63998951699" testId="90859a0b-657d-a997-2bf5-516cd464686c" testName="SamaEcole.FunctionalTests.AuditLogs.AuditLogsEndpointsTests.Login_On_A_Suspended_Account_Should_Produce_A_Failure_Entry_With_The_Status" computerName="DESKTOP-7D275P5" duration="00:00:00.1399069" startTime="2026-07-27T07:04:48.8736541+00:00" endTime="2026-07-27T07:04:48.8736543+00:00" testType="13cdc9d9-ddb5-4fa4-a97d-d965ccfc6d4b" outcome="Passed" testListId="8c84fa94-04c1-424b-9868-57a2d4851a1d" relativeResultsDirectory="4149b3ee-6534-443f-b2a4-e63998951699" />
    <UnitTestResult executionId="a5ea9b69-c39a-4dcd-b619-b45adf9046ec" testId="216c8e03-f455-bdd7-264f-4401de1efb14" testName="SamaEcole.FunctionalTests.AuditLogs.AuditLogsEndpointsTests.Changing_A_User_Status_Should_Produce_A_Corresponding_Audit_Entry" computerName="DESKTOP-7D275P5" duration="00:00:00.1135774" startTime="2026-07-27T07:04:48.2418506+00:00" endTime="2026-07-27T07:04:48.2418507+00:00" testType="13cdc9d9-ddb5-4fa4-a97d-d965ccfc6d4b" outcome="Passed" testListId="8c84fa94-04c1-424b-9868-57a2d4851a1d" relativeResultsDirectory="a5ea9b69-c39a-4dcd-b619-b45adf9046ec" />
    <UnitTestResult executionId="336ea981-396d-413b-8f50-1c07a1717f10" testId="acbd887f-a5fe-5009-4367-2821ce4fab9e" testName="SamaEcole.FunctionalTests.Users.ResetUserPasswordEndpointsTests.Resetting_The_Password_Of_An_Unknown_User_Should_Return_404" computerName="DESKTOP-7D275P5" duration="00:00:00.1027277" startTime="2026-07-27T07:04:05.9463949+00:00" endTime="2026-07-27T07:04:05.9463951+00:00" testType="13cdc9d9-ddb5-4fa4-a97d-d965ccfc6d4b" outcome="Passed" testListId="8c84fa94-04c1-424b-9868-57a2d4851a1d" relativeResultsDirectory="336ea981-396d-413b-8f50-1c07a1717f10" />
    <UnitTestResult executionId="69ad19f8-122f-44ba-8512-65dddffb93f5" testId="1cadc8f0-cf2d-f96b-d36b-31d0f1f8aaad" testName="SamaEcole.FunctionalTests.Students.StudentsEndpointsTests.A_Finance_Must_Not_Update_A_Student" computerName="DESKTOP-7D275P5" duration="00:00:01.0435786" startTime="2026-07-27T07:03:17.1194080+00:00" endTime="2026-07-27T07:03:17.1194082+00:00" testType="13cdc9d9-ddb5-4fa4-a97d-d965ccfc6d4b" outcome="Passed" testListId="8c84fa94-04c1-424b-9868-57a2d4851a1d" relativeResultsDirectory="69ad19f8-122f-44ba-8512-65dddffb93f5" />
    <UnitTestResult executionId="fd6506c7-255b-4241-8303-e4596cd7e0a3" testId="373e0b3e-e6ca-5e56-b529-d238f1677ef6" testName="SamaEcole.FunctionalTests.Finance.PaymentsEndpointsTests.A_Payment_Larger_Than_The_Remaining_Balance_Is_Refused" computerName="DESKTOP-7D275P5" duration="00:00:00.4402150" startTime="2026-07-27T07:05:33.6963231+00:00" endTime="2026-07-27T07:05:33.6963235+00:00" testType="13cdc9d9-ddb5-4fa4-a97d-d965ccfc6d4b" outcome="Passed" testListId="8c84fa94-04c1-424b-9868-57a2d4851a1d" relativeResultsDirectory="fd6506c7-255b-4241-8303-e4596cd7e0a3" />
    <UnitTestResult executionId="747a9eb7-1446-4468-9e50-bf160e29abcb" testId="2077f45d-8bcf-7c84-6a75-743dfe77966e" testName="SamaEcole.FunctionalTests.Users.CreateUserEndpointsTests.SuperAdmin_And_Directeur_Must_Not_Be_Assignable_Through_This_Endpoint(role: &quot;Directeur&quot;)" computerName="DESKTOP-7D275P5" duration="00:00:00.1354163" startTime="2026-07-27T07:03:02.8244592+00:00" endTime="2026-07-27T07:03:02.8244594+00:00" testType="13cdc9d9-ddb5-4fa4-a97d-d965ccfc6d4b" outcome="Passed" testListId="8c84fa94-04c1-424b-9868-57a2d4851a1d" relativeResultsDirectory="747a9eb7-1446-4468-9e50-bf160e29abcb" />
    <UnitTestResult executionId="db60bde2-aa3b-4bac-a358-0201957ad776" testId="98487d8b-358d-a8f5-e8fe-b732bf307803" testName="SamaEcole.FunctionalTests.Users.UserStatusEndpointsTests.A_Directeur_Should_Not_Be_Able_To_Change_His_Own_Status" computerName="DESKTOP-7D275P5" duration="00:00:00.3845243" startTime="2026-07-27T07:04:21.2275221+00:00" endTime="2026-07-27T07:04:21.2275222+00:00" testType="13cdc9d9-ddb5-4fa4-a97d-d965ccfc6d4b" outcome="Passed" testListId="8c84fa94-04c1-424b-9868-57a2d4851a1d" relativeResultsDirectory="db60bde2-aa3b-4bac-a358-0201957ad776" />
    <UnitTestResult executionId="2f28bf0c-5529-4acc-8014-df006d2978db" testId="15477e19-5672-c07e-3ce8-504c2f166a4f" testName="SamaEcole.FunctionalTests.SchoolYears.SchoolYearsEndpointsTests.Activating_A_Finished_Year_Should_Be_Refused" computerName="DESKTOP-7D275P5" duration="00:00:00.2582536" startTime="2026-07-27T07:06:06.0076517+00:00" endTime="2026-07-27T07:06:06.0076523+00:00" testType="13cdc9d9-ddb5-4fa4-a97d-d965ccfc6d4b" outcome="Passed" testListId="8c84fa94-04c1-424b-9868-57a2d4851a1d" relativeResultsDirectory="2f28bf0c-5529-4acc-8014-df006d2978db" />
    <UnitTestResult executionId="867c2002-0184-40ae-8ac5-22edb541b8a2" testId="2fbb7ff1-a01c-28de-ccb3-e2837404ba91" testName="SamaEcole.FunctionalTests.Finance.FeesEndpointsTests.Re_Applying_A_Standard_With_Overwrite_Should_Realign_Every_Class" computerName="DESKTOP-7D275P5" duration="00:00:00.1949197" startTime="2026-07-27T07:03:45.7298143+00:00" endTime="2026-07-27T07:03:45.7298146+00:00" testType="13cdc9d9-ddb5-4fa4-a97d-d965ccfc6d4b" outcome="Passed" testListId="8c84fa94-04c1-424b-9868-57a2d4851a1d" relativeResultsDirectory="867c2002-0184-40ae-8ac5-22edb541b8a2" />
    <UnitTestResult executionId="5ed1a0e5-08a4-4fb1-aeac-9566cb04cf34" testId="c4b29462-f304-1c76-b1b5-87018153a080" testName="SamaEcole.FunctionalTests.Teachers.TeachersEndpointsTests.Finance_Must_Not_Delete_A_Teacher" computerName="DESKTOP-7D275P5" duration="00:00:00.4952505" startTime="2026-07-27T07:05:47.3092242+00:00" endTime="2026-07-27T07:05:47.3092244+00:00" testType="13cdc9d9-ddb5-4fa4-a97d-d965ccfc6d4b" outcome="Passed" testListId="8c84fa94-04c1-424b-9868-57a2d4851a1d" relativeResultsDirectory="5ed1a0e5-08a4-4fb1-aeac-9566cb04cf34" />
    <UnitTestResult executionId="143e006c-351d-46da-849e-5e973a29c588" testId="1ae9504e-f370-e7ce-7507-f4b6d461bba5" testName="SamaEcole.FunctionalTests.Classrooms.ClassroomsEndpointsTests.A_Finance_Must_Not_Update_A_Classroom" computerName="DESKTOP-7D275P5" duration="00:00:00.5366114" startTime="2026-07-27T07:06:48.8721950+00:00" endTime="2026-07-27T07:06:48.8721957+00:00" testType="13cdc9d9-ddb5-4fa4-a97d-d965ccfc6d4b" outcome="Passed" testListId="8c84fa94-04c1-424b-9868-57a2d4851a1d" relativeResultsDirectory="143e006c-351d-46da-849e-5e973a29c588" />
    <UnitTestResult executionId="873f0882-e108-4dd5-b2b2-d362a7ef2bd2" testId="fc6f3e46-bcca-5636-0a1e-6643b663201d" testName="SamaEcole.FunctionalTests.SchoolYears.ExportSchoolYearEndpointsTests.Exporting_A_Year_With_No_Enrollments_Should_Produce_An_Empty_But_Valid_Zip" computerName="DESKTOP-7D275P5" duration="00:00:00.1258855" startTime="2026-07-27T07:05:15.6589239+00:00" endTime="2026-07-27T07:05:15.6589241+00:00" testType="13cdc9d9-ddb5-4fa4-a97d-d965ccfc6d4b" outcome="Passed" testListId="8c84fa94-04c1-424b-9868-57a2d4851a1d" relativeResultsDirectory="873f0882-e108-4dd5-b2b2-d362a7ef2bd2" />
    <UnitTestResult executionId="0ce936bf-11c6-4476-9d9f-4bf0cda49a6d" testId="c403672e-cf97-8eec-c9df-5a1245c6d1f1" testName="SamaEcole.FunctionalTests.Users.ResetUserPasswordEndpointsTests.A_Secretariat_Must_Not_Be_Allowed_To_Reset_Anyones_Password" computerName="DESKTOP-7D275P5" duration="00:00:00.0953465" startTime="2026-07-27T07:04:06.5006663+00:00" endTime="2026-07-27T07:04:06.5006664+00:00" testType="13cdc9d9-ddb5-4fa4-a97d-d965ccfc6d4b" outcome="Passed" testListId="8c84fa94-04c1-424b-9868-57a2d4851a1d" relativeResultsDirectory="0ce936bf-11c6-4476-9d9f-4bf0cda49a6d" />
    <UnitTestResult executionId="de3b680e-b88b-4eb9-a3b6-2c37fddb6012" testId="0e1cafe1-adc2-19a0-5b00-54b79be2016f" testName="SamaEcole.FunctionalTests.Enrollments.EnrollmentsEndpointsTests.The_Official_Receipt_Can_Be_Downloaded_As_A_Pdf" computerName="DESKTOP-7D275P5" duration="00:00:00.5322804" startTime="2026-07-27T07:06:29.2322245+00:00" endTime="2026-07-27T07:06:29.2322248+00:00" testType="13cdc9d9-ddb5-4fa4-a97d-d965ccfc6d4b" outcome="Passed" testListId="8c84fa94-04c1-424b-9868-57a2d4851a1d" relativeResultsDirectory="de3b680e-b88b-4eb9-a3b6-2c37fddb6012" />
    <UnitTestResult executionId="2ccc6a4d-3d74-41be-8996-b3a94f47f0a0" testId="5486980e-4d72-4c63-0cb6-37a3c2679ebc" testName="SamaEcole.FunctionalTests.Finance.PaymentsEndpointsTests.The_Student_Balance_Endpoint_Reflects_The_Active_Enrollment" computerName="DESKTOP-7D275P5" duration="00:00:00.9756171" startTime="2026-07-27T07:05:30.3709650+00:00" endTime="2026-07-27T07:05:30.3709651+00:00" testType="13cdc9d9-ddb5-4fa4-a97d-d965ccfc6d4b" outcome="Passed" testListId="8c84fa94-04c1-424b-9868-57a2d4851a1d" relativeResultsDirectory="2ccc6a4d-3d74-41be-8996-b3a94f47f0a0" />
    <UnitTestResult executionId="ed8ccf6e-5066-406c-988b-1f5207a7838a" testId="1c8a9b36-628e-5add-410e-16b576eb47fd" testName="SamaEcole.FunctionalTests.Students.StudentImportEndpointsTests.A_Finance_Must_Not_Import_Students" computerName="DESKTOP-7D275P5" duration="00:00:00.3422888" startTime="2026-07-27T07:06:58.4138263+00:00" endTime="2026-07-27T07:06:58.4138266+00:00" testType="13cdc9d9-ddb5-4fa4-a97d-d965ccfc6d4b" outcome="Passed" testListId="8c84fa94-04c1-424b-9868-57a2d4851a1d" relativeResultsDirectory="ed8ccf6e-5066-406c-988b-1f5207a7838a" />
    <UnitTestResult executionId="a605877d-3b96-418e-9816-c62e9b543934" testId="41752a31-6454-656f-8258-342f84f390bb" testName="SamaEcole.FunctionalTests.Finance.FeesEndpointsTests.A_Directeur_Can_Delete_A_Fee_Category_Cascading_Its_Fees" computerName="DESKTOP-7D275P5" duration="00:00:00.2859167" startTime="2026-07-27T07:03:35.5771258+00:00" endTime="2026-07-27T07:03:35.5771260+00:00" testType="13cdc9d9-ddb5-4fa4-a97d-d965ccfc6d4b" outcome="Passed" testListId="8c84fa94-04c1-424b-9868-57a2d4851a1d" relativeResultsDirectory="a605877d-3b96-418e-9816-c62e9b543934" />
    <UnitTestResult executionId="e9d8caa7-bb16-42fb-8546-69199d692314" testId="8d0c0db5-52d6-f263-5ce3-08b3be2aa1a1" testName="SamaEcole.FunctionalTests.Finance.FeesEndpointsTests.A_Finance_Can_Delete_A_Fee_Category_Once_The_Directeur_Enables_Delegation" computerName="DESKTOP-7D275P5" duration="00:00:00.2462305" startTime="2026-07-27T07:03:53.0529524+00:00" endTime="2026-07-27T07:03:53.0529526+00:00" testType="13cdc9d9-ddb5-4fa4-a97d-d965ccfc6d4b" outcome="Passed" testListId="8c84fa94-04c1-424b-9868-57a2d4851a1d" relativeResultsDirectory="e9d8caa7-bb16-42fb-8546-69199d692314" />
    <UnitTestResult executionId="1a642687-60ab-48e0-83a9-e797b301b0a6" testId="b5017849-7af6-8187-fb91-c4a79dcf7364" testName="SamaEcole.FunctionalTests.Enrollments.EnrollmentsEndpointsTests.Fees_Collected_At_Enrollment_Should_Be_Itemised_On_The_Receipt" computerName="DESKTOP-7D275P5" duration="00:00:00.3969051" startTime="2026-07-27T07:06:24.4339018+00:00" endTime="2026-07-27T07:06:24.4339020+00:00" testType="13cdc9d9-ddb5-4fa4-a97d-d965ccfc6d4b" outcome="Passed" testListId="8c84fa94-04c1-424b-9868-57a2d4851a1d" relativeResultsDirectory="1a642687-60ab-48e0-83a9-e797b301b0a6" />
    <UnitTestResult executionId="9d9e75d3-e64f-47a0-b367-afbdf1f9ffb7" testId="618340d5-e742-f38e-c4ae-aa4926721280" testName="SamaEcole.FunctionalTests.Finance.FeesEndpointsTests.Applying_A_Standard_To_One_Level_Should_Only_Cover_That_Level" computerName="DESKTOP-7D275P5" duration="00:00:00.1779041" startTime="2026-07-27T07:03:47.7536729+00:00" endTime="2026-07-27T07:03:47.7536732+00:00" testType="13cdc9d9-ddb5-4fa4-a97d-d965ccfc6d4b" outcome="Passed" testListId="8c84fa94-04c1-424b-9868-57a2d4851a1d" relativeResultsDirectory="9d9e75d3-e64f-47a0-b367-afbdf1f9ffb7" />
    <UnitTestResult executionId="d312d95f-857b-4222-b069-5480d0abf9a6" testId="f65e21cd-e98e-4fa9-9c09-ec4a58eb90be" testName="SamaEcole.FunctionalTests.Finance.PaymentsEndpointsTests.Finance_Records_A_Partial_Payment_And_Gets_A_Receipt_Number_And_Balance" computerName="DESKTOP-7D275P5" duration="00:00:00.6164394" startTime="2026-07-27T07:05:37.0514354+00:00" endTime="2026-07-27T07:05:37.0514356+00:00" testType="13cdc9d9-ddb5-4fa4-a97d-d965ccfc6d4b" outcome="Passed" testListId="8c84fa94-04c1-424b-9868-57a2d4851a1d" relativeResultsDirectory="d312d95f-857b-4222-b069-5480d0abf9a6" />
    <UnitTestResult executionId="197986da-0fb5-497a-be02-90031807deaa" testId="a82c271f-7610-4798-eb1d-0847a6b3e3de" testName="SamaEcole.FunctionalTests.Teachers.TeachersEndpointsTests.Finance_Must_Not_List_Teachers" computerName="DESKTOP-7D275P5" duration="00:00:00.3029765" startTime="2026-07-27T07:05:45.5383243+00:00" endTime="2026-07-27T07:05:45.5383244+00:00" testType="13cdc9d9-ddb5-4fa4-a97d-d965ccfc6d4b" outcome="Passed" testListId="8c84fa94-04c1-424b-9868-57a2d4851a1d" relativeResultsDirectory="197986da-0fb5-497a-be02-90031807deaa" />
    <UnitTestResult executionId="266500ea-167c-4dc2-9766-37e68d431907" testId="9fae2d2d-ea94-ef23-527f-a91c705c56ca" testName="SamaEcole.FunctionalTests.Enrollments.EnrollmentsEndpointsTests.Changing_The_Status_Of_An_Unknown_Enrollment_Should_Return_404" computerName="DESKTOP-7D275P5" duration="00:00:00.1580881" startTime="2026-07-27T07:06:18.2528450+00:00" endTime="2026-07-27T07:06:18.2528452+00:00" testType="13cdc9d9-ddb5-4fa4-a97d-d965ccfc6d4b" outcome="Passed" testListId="8c84fa94-04c1-424b-9868-57a2d4851a1d" relativeResultsDirectory="266500ea-167c-4dc2-9766-37e68d431907" />
    <UnitTestResult executionId="efecde00-b2dd-4575-b382-ea3ab17fe422" testId="e2a85b91-8c73-2e20-05ea-f7e359175c67" testName="SamaEcole.FunctionalTests.Finance.PaymentsEndpointsTests.The_Payment_Receipt_Can_Be_Downloaded_As_A_Pdf" computerName="DESKTOP-7D275P5" duration="00:00:01.1586356" startTime="2026-07-27T07:05:32.7637495+00:00" endTime="2026-07-27T07:05:32.7637499+00:00" testType="13cdc9d9-ddb5-4fa4-a97d-d965ccfc6d4b" outcome="Passed" testListId="8c84fa94-04c1-424b-9868-57a2d4851a1d" relativeResultsDirectory="efecde00-b2dd-4575-b382-ea3ab17fe422" />
    <UnitTestResult executionId="ffd3ce05-8c48-40e8-b426-28a199da1583" testId="c2f73298-d1d5-3e06-2147-ed332c737625" testName="SamaEcole.FunctionalTests.Finance.PaymentsEndpointsTests.The_Balance_Of_An_Unknown_Student_Returns_404" computerName="DESKTOP-7D275P5" duration="00:00:00.1104984" startTime="2026-07-27T07:05:34.3604925+00:00" endTime="2026-07-27T07:05:34.3604928+00:00" testType="13cdc9d9-ddb5-4fa4-a97d-d965ccfc6d4b" outcome="Passed" testListId="8c84fa94-04c1-424b-9868-57a2d4851a1d" relativeResultsDirectory="ffd3ce05-8c48-40e8-b426-28a199da1583" />
    <UnitTestResult executionId="c60f93c1-12fc-4cce-9e08-ade7b4917015" testId="e1a36646-1f51-13db-adfd-5fd35c92744c" testName="SamaEcole.FunctionalTests.AuditLogs.AuditLogsEndpointsTests.Login_With_Unknown_Email_Should_Not_Produce_Any_Audit_Entry" computerName="DESKTOP-7D275P5" duration="00:00:00.2034826" startTime="2026-07-27T07:04:42.7262658+00:00" endTime="2026-07-27T07:04:42.7262659+00:00" testType="13cdc9d9-ddb5-4fa4-a97d-d965ccfc6d4b" outcome="Passed" testListId="8c84fa94-04c1-424b-9868-57a2d4851a1d" relativeResultsDirectory="c60f93c1-12fc-4cce-9e08-ade7b4917015" />
    <UnitTestResult executionId="cc053928-6117-4e25-9c93-c69d00bace7a" testId="de63d79d-beb1-51cc-c013-7b8e7451104a" testName="SamaEcole.FunctionalTests.Enrollments.EnrollmentsEndpointsTests.A_Secretariat_Can_Declare_A_Dropout" computerName="DESKTOP-7D275P5" duration="00:00:00.4540257" startTime="2026-07-27T07:06:21.5305015+00:00" endTime="2026-07-27T07:06:21.5305017+00:00" testType="13cdc9d9-ddb5-4fa4-a97d-d965ccfc6d4b" outcome="Passed" testListId="8c84fa94-04c1-424b-9868-57a2d4851a1d" relativeResultsDirectory="cc053928-6117-4e25-9c93-c69d00bace7a" />
    <UnitTestResult executionId="57517899-83ba-4458-82e7-d6bdfcb65e76" testId="b1d14a5a-f0b0-3d60-129c-075893545cdc" testName="SamaEcole.FunctionalTests.Users.UserStatusEndpointsTests.Changing_Status_Without_A_Reason_Should_Be_Rejected" computerName="DESKTOP-7D275P5" duration="00:00:00.1429164" startTime="2026-07-27T07:04:21.8435004+00:00" endTime="2026-07-27T07:04:21.8435010+00:00" testType="13cdc9d9-ddb5-4fa4-a97d-d965ccfc6d4b" outcome="Passed" testListId="8c84fa94-04c1-424b-9868-57a2d4851a1d" relativeResultsDirectory="57517899-83ba-4458-82e7-d6bdfcb65e76" />
    <UnitTestResult executionId="e5cc3061-cf85-4cd7-a631-a8909ee7187e" testId="4c6aab1c-a4e1-702a-88e7-4b6f7da260a3" testName="SamaEcole.FunctionalTests.Finance.FeesEndpointsTests.Deleting_A_Fee_With_A_Stale_RowVersion_Should_Return_409" computerName="DESKTOP-7D275P5" duration="00:00:00.1986647" startTime="2026-07-27T07:03:43.1393705+00:00" endTime="2026-07-27T07:03:43.1393706+00:00" testType="13cdc9d9-ddb5-4fa4-a97d-d965ccfc6d4b" outcome="Passed" testListId="8c84fa94-04c1-424b-9868-57a2d4851a1d" relativeResultsDirectory="e5cc3061-cf85-4cd7-a631-a8909ee7187e" />
    <UnitTestResult executionId="5434dc39-0b6f-4752-8dba-859651ccd447" testId="6e7ccdce-e916-3544-8a4d-5fdd2cbc86c9" testName="SamaEcole.FunctionalTests.Reports.AttendanceReportEndpointsTests.Finance_And_Enseignant_Should_Be_Forbidden(role: &quot;Enseignant&quot;)" computerName="DESKTOP-7D275P5" duration="00:00:00.3037670" startTime="2026-07-27T07:05:03.1686859+00:00" endTime="2026-07-27T07:05:03.1686861+00:00" testType="13cdc9d9-ddb5-4fa4-a97d-d965ccfc6d4b" outcome="Passed" testListId="8c84fa94-04c1-424b-9868-57a2d4851a1d" relativeResultsDirectory="5434dc39-0b6f-4752-8dba-859651ccd447" />
    <UnitTestResult executionId="5005a54c-1fa0-42ec-b4d3-b6979ef462a4" testId="713b8079-6d12-a713-35f2-e83137664e4a" testName="SamaEcole.FunctionalTests.Finance.DailyCashRegisterTest.TestGetDailyCashRegister" computerName="DESKTOP-7D275P5" duration="00:00:00.5316368" startTime="2026-07-27T07:07:05.3481516+00:00" endTime="2026-07-27T07:07:05.3481518+00:00" testType="13cdc9d9-ddb5-4fa4-a97d-d965ccfc6d4b" outcome="Passed" testListId="8c84fa94-04c1-424b-9868-57a2d4851a1d" relativeResultsDirectory="5005a54c-1fa0-42ec-b4d3-b6979ef462a4" />
    <UnitTestResult executionId="21bf131f-203a-4cd5-a92f-54ee571a8ff7" testId="bc09074e-aa0d-44d3-d391-bee9e1825561" testName="SamaEcole.FunctionalTests.SchoolYears.SchoolYearsEndpointsTests.A_Directeur_Can_Extend_The_Current_Year_And_The_Terms_Follow" computerName="DESKTOP-7D275P5" duration="00:00:00.1544219" startTime="2026-07-27T07:06:07.9750038+00:00" endTime="2026-07-27T07:06:07.9750043+00:00" testType="13cdc9d9-ddb5-4fa4-a97d-d965ccfc6d4b" outcome="Passed" testListId="8c84fa94-04c1-424b-9868-57a2d4851a1d" relativeResultsDirectory="21bf131f-203a-4cd5-a92f-54ee571a8ff7" />
    <UnitTestResult executionId="91032d6c-281e-49e5-97be-b2d55a99e75f" testId="a9def939-392d-f00a-f339-b752cf379453" testName="SamaEcole.FunctionalTests.Users.CreateUserEndpointsTests.Only_A_Directeur_May_Create_A_User(tokenFactoryName: &quot;SecretaireTokenAsync&quot;)" computerName="DESKTOP-7D275P5" duration="00:00:00.1111535" startTime="2026-07-27T07:03:04.8081500+00:00" endTime="2026-07-27T07:03:04.8081501+00:00" testType="13cdc9d9-ddb5-4fa4-a97d-d965ccfc6d4b" outcome="Passed" testListId="8c84fa94-04c1-424b-9868-57a2d4851a1d" relativeResultsDirectory="91032d6c-281e-49e5-97be-b2d55a99e75f" />
    <UnitTestResult executionId="3c91b462-34c6-4c27-97c3-b9269f14d05e" testId="405fc222-2b36-2e96-e8ce-632dcbf8e0f0" testName="SamaEcole.FunctionalTests.Users.CreateUserEndpointsTests.Only_A_Directeur_May_Create_A_User(tokenFactoryName: &quot;FinanceTokenAsync&quot;)" computerName="DESKTOP-7D275P5" duration="00:00:00.1176980" startTime="2026-07-27T07:03:04.1889467+00:00" endTime="2026-07-27T07:03:04.1889469+00:00" testType="13cdc9d9-ddb5-4fa4-a97d-d965ccfc6d4b" outcome="Passed" testListId="8c84fa94-04c1-424b-9868-57a2d4851a1d" relativeResultsDirectory="3c91b462-34c6-4c27-97c3-b9269f14d05e" />
    <UnitTestResult executionId="849e0ecf-8d45-47a4-929c-294b56f282bd" testId="f1f7f055-6509-ebb5-4ddf-76aadd1bce3c" testName="SamaEcole.FunctionalTests.Enrollments.EnrollmentsEndpointsTests.Downloading_The_Pdf_Of_An_Unknown_Enrollment_Returns_404" computerName="DESKTOP-7D275P5" duration="00:00:00.5443109" startTime="2026-07-27T07:06:16.7773370+00:00" endTime="2026-07-27T07:06:16.7773373+00:00" testType="13cdc9d9-ddb5-4fa4-a97d-d965ccfc6d4b" outcome="Passed" testListId="8c84fa94-04c1-424b-9868-57a2d4851a1d" relativeResultsDirectory="849e0ecf-8d45-47a4-929c-294b56f282bd" />
    <UnitTestResult executionId="8b51da8f-86e2-47a6-93cd-c81bb56238c9" testId="0f13b9a9-d97a-72f6-1dbc-722f1a075f03" testName="SamaEcole.FunctionalTests.Finance.FeesEndpointsTests.A_Finance_Can_Create_A_Fee_Category_Once_The_Directeur_Enables_Delegation" computerName="DESKTOP-7D275P5" duration="00:00:00.2090487" startTime="2026-07-27T07:03:50.9333940+00:00" endTime="2026-07-27T07:03:50.9333941+00:00" testType="13cdc9d9-ddb5-4fa4-a97d-d965ccfc6d4b" outcome="Passed" testListId="8c84fa94-04c1-424b-9868-57a2d4851a1d" relativeResultsDirectory="8b51da8f-86e2-47a6-93cd-c81bb56238c9" />
    <UnitTestResult executionId="cf796f8f-0aed-4721-b75e-9f5f7e16607e" testId="00c175e6-f373-fe8c-b415-2ea89c696428" testName="SamaEcole.FunctionalTests.Finance.FeesEndpointsTests.A_Finance_Must_Not_Delete_A_Fee_Category_By_Default" computerName="DESKTOP-7D275P5" duration="00:00:00.2062050" startTime="2026-07-27T07:03:42.4324591+00:00" endTime="2026-07-27T07:03:42.4324593+00:00" testType="13cdc9d9-ddb5-4fa4-a97d-d965ccfc6d4b" outcome="Passed" testListId="8c84fa94-04c1-424b-9868-57a2d4851a1d" relativeResultsDirectory="cf796f8f-0aed-4721-b75e-9f5f7e16607e" />
    <UnitTestResult executionId="39f4cfcd-5c2d-48f5-93be-1e97ee04b3e3" testId="43a1208c-a51b-6682-0384-d0b3fa5c4b00" testName="SamaEcole.FunctionalTests.AuditLogs.AuditLogsEndpointsTests.A_Wrong_Password_Should_Produce_A_Failure_Entry_With_A_Reason" computerName="DESKTOP-7D275P5" duration="00:00:00.2303337" startTime="2026-07-27T07:04:44.9285665+00:00" endTime="2026-07-27T07:04:44.9285671+00:00" testType="13cdc9d9-ddb5-4fa4-a97d-d965ccfc6d4b" outcome="Passed" testListId="8c84fa94-04c1-424b-9868-57a2d4851a1d" relativeResultsDirectory="39f4cfcd-5c2d-48f5-93be-1e97ee04b3e3" />
    <UnitTestResult executionId="c521446f-c502-425b-899e-a810070bcae6" testId="c23b526c-05e3-7a2d-64e4-0bde0bf4a28f" testName="SamaEcole.FunctionalTests.Enrollments.EnrollmentsEndpointsTests.An_Enrollment_Without_Any_Collection_Should_Not_Create_A_Payment" computerName="DESKTOP-7D275P5" duration="00:00:00.3335891" startTime="2026-07-27T07:06:20.5753171+00:00" endTime="2026-07-27T07:06:20.5753176+00:00" testType="13cdc9d9-ddb5-4fa4-a97d-d965ccfc6d4b" outcome="Passed" testListId="8c84fa94-04c1-424b-9868-57a2d4851a1d" relativeResultsDirectory="c521446f-c502-425b-899e-a810070bcae6" />
    <UnitTestResult executionId="5dee91c0-9e7d-43a8-9492-09443f0b9b80" testId="3943d61d-660d-a29a-0902-805b230605b6" testName="SamaEcole.FunctionalTests.Users.ResetUserPasswordEndpointsTests.The_New_Password_Should_Work_Immediately" computerName="DESKTOP-7D275P5" duration="00:00:00.3645668" startTime="2026-07-27T07:04:03.8931265+00:00" endTime="2026-07-27T07:04:03.8931268+00:00" testType="13cdc9d9-ddb5-4fa4-a97d-d965ccfc6d4b" outcome="Passed" testListId="8c84fa94-04c1-424b-9868-57a2d4851a1d" relativeResultsDirectory="5dee91c0-9e7d-43a8-9492-09443f0b9b80" />
    <UnitTestResult executionId="b8d61b04-14cd-4b86-9a61-fc9fe6c26341" testId="3fe2a0c0-8da3-9cde-7f3f-99c06559d75a" testName="SamaEcole.FunctionalTests.Enrollments.EnrollmentsEndpointsTests.The_Students_List_Filters_On_The_Active_Year_Only_When_Asked" computerName="DESKTOP-7D275P5" duration="00:00:00.3820740" startTime="2026-07-27T07:06:28.1467658+00:00" endTime="2026-07-27T07:06:28.1467660+00:00" testType="13cdc9d9-ddb5-4fa4-a97d-d965ccfc6d4b" outcome="Passed" testListId="8c84fa94-04c1-424b-9868-57a2d4851a1d" relativeResultsDirectory="b8d61b04-14cd-4b86-9a61-fc9fe6c26341" />
    <UnitTestResult executionId="a97ff519-1c58-4d43-846e-9ab36db23020" testId="aae8c029-f325-d95e-344c-36c33b45fda4" testName="SamaEcole.FunctionalTests.Finance.FeesEndpointsTests.Listing_Fees_Without_A_Token_Should_Return_401" computerName="DESKTOP-7D275P5" duration="00:00:00.0068240" startTime="2026-07-27T07:03:48.2853484+00:00" endTime="2026-07-27T07:03:48.2853488+00:00" testType="13cdc9d9-ddb5-4fa4-a97d-d965ccfc6d4b" outcome="Passed" testListId="8c84fa94-04c1-424b-9868-57a2d4851a1d" relativeResultsDirectory="a97ff519-1c58-4d43-846e-9ab36db23020" />
    <UnitTestResult executionId="644e783e-c679-45da-a285-940a5cccc1a3" testId="79ffa526-58a7-97f1-4558-c04407658de1" testName="SamaEcole.FunctionalTests.AuditLogs.AuditLogsEndpointsTests.Only_A_Directeur_May_Read_The_Audit_Log(tokenFactoryName: &quot;SecretaireTokenAsync&quot;)" computerName="DESKTOP-7D275P5" duration="00:00:00.3328458" startTime="2026-07-27T07:04:39.1731552+00:00" endTime="2026-07-27T07:04:39.1731558+00:00" testType="13cdc9d9-ddb5-4fa4-a97d-d965ccfc6d4b" outcome="Passed" testListId="8c84fa94-04c1-424b-9868-57a2d4851a1d" relativeResultsDirectory="644e783e-c679-45da-a285-940a5cccc1a3" />
    <UnitTestResult executionId="c42f9c57-2644-4830-b0a2-955e9f74a907" testId="5c17ad42-1064-e034-b72b-372742864c96" testName="SamaEcole.FunctionalTests.SchoolYears.SchoolYearsEndpointsTests.Duplicate_Label_In_The_Same_School_Should_Return_409" computerName="DESKTOP-7D275P5" duration="00:00:00.1298406" startTime="2026-07-27T07:06:06.7245701+00:00" endTime="2026-07-27T07:06:06.7245702+00:00" testType="13cdc9d9-ddb5-4fa4-a97d-d965ccfc6d4b" outcome="Passed" testListId="8c84fa94-04c1-424b-9868-57a2d4851a1d" relativeResultsDirectory="c42f9c57-2644-4830-b0a2-955e9f74a907" />
    <UnitTestResult executionId="a44ab16d-c67d-46de-b378-970e3b5282e3" testId="d9fea326-d9cb-1e28-4d33-e2df22aa6bec" testName="SamaEcole.FunctionalTests.Enrollments.EnrollmentsEndpointsTests.Finance_Must_Not_Be_Allowed_To_Create_An_Enrollment" computerName="DESKTOP-7D275P5" duration="00:00:00.0953219" startTime="2026-07-27T07:06:25.0173447+00:00" endTime="2026-07-27T07:06:25.0173449+00:00" testType="13cdc9d9-ddb5-4fa4-a97d-d965ccfc6d4b" outcome="Passed" testListId="8c84fa94-04c1-424b-9868-57a2d4851a1d" relativeResultsDirectory="a44ab16d-c67d-46de-b378-970e3b5282e3" />
    <UnitTestResult executionId="e1052b6c-d993-4703-8550-49b9b8894d7b" testId="b5759cfa-1871-67e0-0b47-39e8ff5a3101" testName="SamaEcole.FunctionalTests.Finance.FeesEndpointsTests.A_Finance_Must_Not_Modify_A_Fee_By_Default" computerName="DESKTOP-7D275P5" duration="00:00:00.2563267" startTime="2026-07-27T07:03:37.8513779+00:00" endTime="2026-07-27T07:03:37.8513788+00:00" testType="13cdc9d9-ddb5-4fa4-a97d-d965ccfc6d4b" outcome="Passed" testListId="8c84fa94-04c1-424b-9868-57a2d4851a1d" relativeResultsDirectory="e1052b6c-d993-4703-8550-49b9b8894d7b" />
    <UnitTestResult executionId="091f81fb-49eb-451c-960c-9e214b4c7089" testId="e7073160-3b7e-16b5-1b7d-f094ffe7ccf9" testName="SamaEcole.FunctionalTests.SchoolYears.SchoolYearsEndpointsTests.Activating_An_Unknown_Year_Should_Return_404" computerName="DESKTOP-7D275P5" duration="00:00:00.2147929" startTime="2026-07-27T07:05:58.7071719+00:00" endTime="2026-07-27T07:05:58.7071747+00:00" testType="13cdc9d9-ddb5-4fa4-a97d-d965ccfc6d4b" outcome="Passed" testListId="8c84fa94-04c1-424b-9868-57a2d4851a1d" relativeResultsDirectory="091f81fb-49eb-451c-960c-9e214b4c7089" />
    <UnitTestResult executionId="8a7d2edf-973e-4fa3-afb7-01836276d390" testId="f5c0b330-08e7-462e-7f4f-19233da9a2aa" testName="SamaEcole.FunctionalTests.SchoolYears.SchoolYearsEndpointsTests.A_Secretary_Must_Not_Modify_A_School_Year" computerName="DESKTOP-7D275P5" duration="00:00:00.2530463" startTime="2026-07-27T07:06:08.7550985+00:00" endTime="2026-07-27T07:06:08.7550986+00:00" testType="13cdc9d9-ddb5-4fa4-a97d-d965ccfc6d4b" outcome="Passed" testListId="8c84fa94-04c1-424b-9868-57a2d4851a1d" relativeResultsDirectory="8a7d2edf-973e-4fa3-afb7-01836276d390" />
    <UnitTestResult executionId="ba8a00ef-be66-42b6-8f93-aedc3343d674" testId="8f966cf2-72e2-087a-831b-603167b5c843" testName="SamaEcole.FunctionalTests.Finance.PaymentsEndpointsTests.Paying_An_Unknown_Enrollment_Returns_404" computerName="DESKTOP-7D275P5" duration="00:00:00.1264997" startTime="2026-07-27T07:05:35.8742582+00:00" endTime="2026-07-27T07:05:35.8742583+00:00" testType="13cdc9d9-ddb5-4fa4-a97d-d965ccfc6d4b" outcome="Passed" testListId="8c84fa94-04c1-424b-9868-57a2d4851a1d" relativeResultsDirectory="ba8a00ef-be66-42b6-8f93-aedc3343d674" />
    <UnitTestResult executionId="92c3db1b-6bf8-4861-bd86-f041feea7e7f" testId="8c2aafe4-b90d-c787-73f7-54568c1df4e2" testName="SamaEcole.FunctionalTests.Users.CreateUserEndpointsTests.A_Weak_Password_Should_Be_Rejected" computerName="DESKTOP-7D275P5" duration="00:00:00.1021327" startTime="2026-07-27T07:03:06.9289600+00:00" endTime="2026-07-27T07:03:06.9289602+00:00" testType="13cdc9d9-ddb5-4fa4-a97d-d965ccfc6d4b" outcome="Passed" testListId="8c84fa94-04c1-424b-9868-57a2d4851a1d" relativeResultsDirectory="92c3db1b-6bf8-4861-bd86-f041feea7e7f" />
    <UnitTestResult executionId="54e3f9c7-d7b6-401b-9873-1c152273f6da" testId="8965ff6d-7761-80f4-990e-313d9ed89cad" testName="SamaEcole.FunctionalTests.AuditLogs.AuditLogsEndpointsTests.The_Log_Should_Contain_Only_The_Directeurs_Own_Login_When_Nothing_Else_Has_Happened" computerName="DESKTOP-7D275P5" duration="00:00:00.1174035" startTime="2026-07-27T07:04:45.5518244+00:00" endTime="2026-07-27T07:04:45.5518246+00:00" testType="13cdc9d9-ddb5-4fa4-a97d-d965ccfc6d4b" outcome="Passed" testListId="8c84fa94-04c1-424b-9868-57a2d4851a1d" relativeResultsDirectory="54e3f9c7-d7b6-401b-9873-1c152273f6da" />
    <UnitTestResult executionId="60f2fd55-0b09-4c54-93fa-70907cb6512a" testId="0d644974-dceb-e430-f9bc-ceb58d76b6d9" testName="SamaEcole.FunctionalTests.Users.CreateUserEndpointsTests.A_School_Must_Not_See_Another_Schools_Users" computerName="DESKTOP-7D275P5" duration="00:00:00.4976266" startTime="2026-07-27T07:03:09.3965863+00:00" endTime="2026-07-27T07:03:09.3965867+00:00" testType="13cdc9d9-ddb5-4fa4-a97d-d965ccfc6d4b" outcome="Passed" testListId="8c84fa94-04c1-424b-9868-57a2d4851a1d" relativeResultsDirectory="60f2fd55-0b09-4c54-93fa-70907cb6512a" />
    <UnitTestResult executionId="431f80fe-2162-471e-b6f7-23a7e169453e" testId="f047a954-e41b-bd30-852e-a38430d0d5f1" testName="SamaEcole.FunctionalTests.Enrollments.EnrollmentsEndpointsTests.Finance_Must_Not_Be_Allowed_To_Change_An_Enrollment_Status" computerName="DESKTOP-7D275P5" duration="00:00:00.7009800" startTime="2026-07-27T07:06:26.1916649+00:00" endTime="2026-07-27T07:06:26.1916652+00:00" testType="13cdc9d9-ddb5-4fa4-a97d-d965ccfc6d4b" outcome="Passed" testListId="8c84fa94-04c1-424b-9868-57a2d4851a1d" relativeResultsDirectory="431f80fe-2162-471e-b6f7-23a7e169453e" />
    <UnitTestResult executionId="a145fe9c-0381-4477-8fb2-1c064b5c0601" testId="550d4969-c78c-1140-a02a-dad90c43cb05" testName="SamaEcole.FunctionalTests.SchoolYears.SchoolYearsEndpointsTests.Modifying_A_Finished_Year_Should_Be_Refused" computerName="DESKTOP-7D275P5" duration="00:00:00.1620538" startTime="2026-07-27T07:06:05.2495200+00:00" endTime="2026-07-27T07:06:05.2495205+00:00" testType="13cdc9d9-ddb5-4fa4-a97d-d965ccfc6d4b" outcome="Passed" testListId="8c84fa94-04c1-424b-9868-57a2d4851a1d" relativeResultsDirectory="a145fe9c-0381-4477-8fb2-1c064b5c0601" />
    <UnitTestResult executionId="2d1859b5-bcc8-4b16-b9c8-dfd316d8bde4" testId="ad154ad0-7b33-2b24-a8aa-dea8177b6640" testName="SamaEcole.FunctionalTests.SchoolYears.ExportSchoolYearEndpointsTests.Exporting_An_Unknown_School_Year_Should_Return_404" computerName="DESKTOP-7D275P5" duration="00:00:00.3379940" startTime="2026-07-27T07:05:10.5729924+00:00" endTime="2026-07-27T07:05:10.5729926+00:00" testType="13cdc9d9-ddb5-4fa4-a97d-d965ccfc6d4b" outcome="Passed" testListId="8c84fa94-04c1-424b-9868-57a2d4851a1d" relativeResultsDirectory="2d1859b5-bcc8-4b16-b9c8-dfd316d8bde4" />
    <UnitTestResult executionId="95409955-60cb-4b6b-8e0c-91802cdcd8e1" testId="a1eec429-e65e-bf2d-b31a-2fcfdd3d02d1" testName="SamaEcole.FunctionalTests.Users.CreateUserEndpointsTests.Every_Assignable_Role_Should_Be_Creatable(role: &quot;Finance&quot;)" computerName="DESKTOP-7D275P5" duration="00:00:00.2423873" startTime="2026-07-27T07:03:05.6027208+00:00" endTime="2026-07-27T07:03:05.6027212+00:00" testType="13cdc9d9-ddb5-4fa4-a97d-d965ccfc6d4b" outcome="Passed" testListId="8c84fa94-04c1-424b-9868-57a2d4851a1d" relativeResultsDirectory="95409955-60cb-4b6b-8e0c-91802cdcd8e1" />
    <UnitTestResult executionId="5029b143-5cb4-4337-b309-8ab9e53c1c2d" testId="dc0807b6-3da4-e0b4-0e11-36402d84695c" testName="SamaEcole.FunctionalTests.Finance.FeesEndpointsTests.Applying_A_Standard_Should_Create_One_Fee_Per_Classroom" computerName="DESKTOP-7D275P5" duration="00:00:00.1326977" startTime="2026-07-27T07:03:48.8863885+00:00" endTime="2026-07-27T07:03:48.8863886+00:00" testType="13cdc9d9-ddb5-4fa4-a97d-d965ccfc6d4b" outcome="Passed" testListId="8c84fa94-04c1-424b-9868-57a2d4851a1d" relativeResultsDirectory="5029b143-5cb4-4337-b309-8ab9e53c1c2d" />
    <UnitTestResult executionId="5570e805-9924-419a-8f7a-fa7e8d7885ff" testId="7994b9da-91a8-9b2d-2b28-a7ea020cf824" testName="SamaEcole.FunctionalTests.Reports.ExportAttendanceEndpointsTests.Finance_And_Enseignant_Should_Be_Forbidden(role: &quot;Enseignant&quot;)" computerName="DESKTOP-7D275P5" duration="00:00:00.3441850" startTime="2026-07-27T07:04:31.8635836+00:00" endTime="2026-07-27T07:04:31.8635838+00:00" testType="13cdc9d9-ddb5-4fa4-a97d-d965ccfc6d4b" outcome="Passed" testListId="8c84fa94-04c1-424b-9868-57a2d4851a1d" relativeResultsDirectory="5570e805-9924-419a-8f7a-fa7e8d7885ff" />
    <UnitTestResult executionId="ff41cfed-3bb1-4e27-8c98-ac149f9df34d" testId="a3034b80-3424-78e1-1881-84d7aa02a74a" testName="SamaEcole.FunctionalTests.Finance.FeesEndpointsTests.A_Finance_Can_Modify_A_Fee_Once_The_Directeur_Enables_Delegation" computerName="DESKTOP-7D275P5" duration="00:00:00.2673465" startTime="2026-07-27T07:03:46.4654483+00:00" endTime="2026-07-27T07:03:46.4654485+00:00" testType="13cdc9d9-ddb5-4fa4-a97d-d965ccfc6d4b" outcome="Passed" testListId="8c84fa94-04c1-424b-9868-57a2d4851a1d" relativeResultsDirectory="ff41cfed-3bb1-4e27-8c98-ac149f9df34d" />
    <UnitTestResult executionId="acf38dfd-9e5f-4220-a2b4-9175bc4b8d55" testId="40678b22-caa2-cfac-5e67-c99209569eaa" testName="SamaEcole.FunctionalTests.Finance.FeesEndpointsTests.Updating_An_Unknown_Fee_Should_Return_404" computerName="DESKTOP-7D275P5" duration="00:00:00.3923517" startTime="2026-07-27T07:03:34.8181542+00:00" endTime="2026-07-27T07:03:34.8181545+00:00" testType="13cdc9d9-ddb5-4fa4-a97d-d965ccfc6d4b" outcome="Passed" testListId="8c84fa94-04c1-424b-9868-57a2d4851a1d" relativeResultsDirectory="acf38dfd-9e5f-4220-a2b4-9175bc4b8d55" />
    <UnitTestResult executionId="f15969fd-0af2-4dc6-8529-8e4622b2a47f" testId="2007a1f4-5139-fa2d-fb96-77748b7802c5" testName="SamaEcole.FunctionalTests.Finance.FeesEndpointsTests.A_Finance_Must_Not_Delete_A_Fee_By_Default" computerName="DESKTOP-7D275P5" duration="00:00:00.2916223" startTime="2026-07-27T07:03:36.3787539+00:00" endTime="2026-07-27T07:03:36.3787540+00:00" testType="13cdc9d9-ddb5-4fa4-a97d-d965ccfc6d4b" outcome="Passed" testListId="8c84fa94-04c1-424b-9868-57a2d4851a1d" relativeResultsDirectory="f15969fd-0af2-4dc6-8529-8e4622b2a47f" />
    <UnitTestResult executionId="63c0de51-aa09-4128-9166-c5162d1bd8be" testId="78c36fd8-dc3b-dd0b-c949-dbdbab4266a4" testName="SamaEcole.FunctionalTests.Teachers.TeacherAssignmentsEndpointsTests.Finance_Must_Not_See_A_Teacher_Profile" computerName="DESKTOP-7D275P5" duration="00:00:00.2622168" startTime="2026-07-27T07:06:41.2004349+00:00" endTime="2026-07-27T07:06:41.2004351+00:00" testType="13cdc9d9-ddb5-4fa4-a97d-d965ccfc6d4b" outcome="Passed" testListId="8c84fa94-04c1-424b-9868-57a2d4851a1d" relativeResultsDirectory="63c0de51-aa09-4128-9166-c5162d1bd8be" />
    <UnitTestResult executionId="af28333d-9d5d-4e1f-97a6-e266d9bf8226" testId="e007346c-2b22-84bb-e2a5-9ce990438e61" testName="SamaEcole.FunctionalTests.SchoolYears.SchoolYearsEndpointsTests.A_Secretary_Must_Not_Create_A_School_Year" computerName="DESKTOP-7D275P5" duration="00:00:00.1041349" startTime="2026-07-27T07:06:09.4111983+00:00" endTime="2026-07-27T07:06:09.4111985+00:00" testType="13cdc9d9-ddb5-4fa4-a97d-d965ccfc6d4b" outcome="Passed" testListId="8c84fa94-04c1-424b-9868-57a2d4851a1d" relativeResultsDirectory="af28333d-9d5d-4e1f-97a6-e266d9bf8226" />
    <UnitTestResult executionId="a3003563-e885-47a3-8cb1-3248185f0529" testId="86444746-16fa-9fb6-18ba-642125141ec3" testName="SamaEcole.FunctionalTests.AuditLogs.AuditLogsEndpointsTests.Only_A_Directeur_May_Read_The_Audit_Log(tokenFactoryName: &quot;FinanceTokenAsync&quot;)" computerName="DESKTOP-7D275P5" duration="00:00:00.1070953" startTime="2026-07-27T07:04:39.7668314+00:00" endTime="2026-07-27T07:04:39.7668315+00:00" testType="13cdc9d9-ddb5-4fa4-a97d-d965ccfc6d4b" outcome="Passed" testListId="8c84fa94-04c1-424b-9868-57a2d4851a1d" relativeResultsDirectory="a3003563-e885-47a3-8cb1-3248185f0529" />
    <UnitTestResult executionId="1b0684ee-ace0-49b0-8ae0-27dfaad32feb" testId="e78db1bf-c7e0-ecf6-d133-513557361cfd" testName="SamaEcole.FunctionalTests.SchoolYears.ExportSchoolYearEndpointsTests.Directeur_Should_Download_A_Zip_With_The_Three_Expected_Csv_Files" computerName="DESKTOP-7D275P5" duration="00:00:00.5524611" startTime="2026-07-27T07:05:15.0659754+00:00" endTime="2026-07-27T07:05:15.0659756+00:00" testType="13cdc9d9-ddb5-4fa4-a97d-d965ccfc6d4b" outcome="Passed" testListId="8c84fa94-04c1-424b-9868-57a2d4851a1d" relativeResultsDirectory="1b0684ee-ace0-49b0-8ae0-27dfaad32feb" />
    <UnitTestResult executionId="b054da71-7f52-4cfa-9f94-d46920777d27" testId="1d851e8f-f631-050f-8d6e-f12ca9bdb228" testName="SamaEcole.FunctionalTests.Finance.FeesEndpointsTests.Applying_A_Standard_To_A_Level_Without_Classrooms_Should_Return_422" computerName="DESKTOP-7D275P5" duration="00:00:00.1343495" startTime="2026-07-27T07:03:43.7753510+00:00" endTime="2026-07-27T07:03:43.7753512+00:00" testType="13cdc9d9-ddb5-4fa4-a97d-d965ccfc6d4b" outcome="Passed" testListId="8c84fa94-04c1-424b-9868-57a2d4851a1d" relativeResultsDirectory="b054da71-7f52-4cfa-9f94-d46920777d27" />
    <UnitTestResult executionId="db602edf-da14-4f9e-b8cf-22f78aa786a1" testId="ee8d1193-518c-74ce-0acf-6482270c97d3" testName="SamaEcole.FunctionalTests.Enrollments.EnrollmentsEndpointsTests.Enrolling_Without_An_Active_Year_Is_Rejected" computerName="DESKTOP-7D275P5" duration="00:00:00.2683159" startTime="2026-07-27T07:06:17.5862012+00:00" endTime="2026-07-27T07:06:17.5862014+00:00" testType="13cdc9d9-ddb5-4fa4-a97d-d965ccfc6d4b" outcome="Passed" testListId="8c84fa94-04c1-424b-9868-57a2d4851a1d" relativeResultsDirectory="db602edf-da14-4f9e-b8cf-22f78aa786a1" />
    <UnitTestResult executionId="c4df568b-348e-4317-9e20-fcebab5245c8" testId="dad7efc1-68ef-ff98-bcdc-ff3f75582d12" testName="SamaEcole.FunctionalTests.Students.StudentImportEndpointsTests.A_Finance_Must_Not_Download_The_Import_Template" computerName="DESKTOP-7D275P5" duration="00:00:00.5918646" startTime="2026-07-27T07:06:57.4399433+00:00" endTime="2026-07-27T07:06:57.4399438+00:00" testType="13cdc9d9-ddb5-4fa4-a97d-d965ccfc6d4b" outcome="Passed" testListId="8c84fa94-04c1-424b-9868-57a2d4851a1d" relativeResultsDirectory="c4df568b-348e-4317-9e20-fcebab5245c8" />
    <UnitTestResult executionId="002d2c6c-bba4-48b7-9b3b-b612feee96c6" testId="22a9e317-5e2d-fb79-62a1-71d4e302e607" testName="SamaEcole.FunctionalTests.Finance.FeesEndpointsTests.Deleting_An_Unknown_Fee_Category_Should_Return_404" computerName="DESKTOP-7D275P5" duration="00:00:00.0988039" startTime="2026-07-27T07:03:54.9321981+00:00" endTime="2026-07-27T07:03:54.9321983+00:00" testType="13cdc9d9-ddb5-4fa4-a97d-d965ccfc6d4b" outcome="Passed" testListId="8c84fa94-04c1-424b-9868-57a2d4851a1d" relativeResultsDirectory="002d2c6c-bba4-48b7-9b3b-b612feee96c6" />
    <UnitTestResult executionId="64dac32f-62be-4d41-b762-87bddd53da3f" testId="f36d3eb5-6a52-9377-12fa-51a3e6a73c55" testName="SamaEcole.FunctionalTests.Users.ResetUserPasswordEndpointsTests.A_Directeur_Should_Not_Be_Able_To_Reset_His_Own_Password_This_Way" computerName="DESKTOP-7D275P5" duration="00:00:00.1021252" startTime="2026-07-27T07:04:05.3683747+00:00" endTime="2026-07-27T07:04:05.3683748+00:00" testType="13cdc9d9-ddb5-4fa4-a97d-d965ccfc6d4b" outcome="Passed" testListId="8c84fa94-04c1-424b-9868-57a2d4851a1d" relativeResultsDirectory="64dac32f-62be-4d41-b762-87bddd53da3f" />
    <UnitTestResult executionId="1b1df245-9ac6-4a84-98a4-c799d2c8a29a" testId="45655cdb-fe97-c0e7-3df4-a3767498546b" testName="SamaEcole.FunctionalTests.Enrollments.EnrollmentsEndpointsTests.Cancelling_An_Unknown_Enrollment_Should_Return_404" computerName="DESKTOP-7D275P5" duration="00:00:00.1109313" startTime="2026-07-27T07:06:18.8578786+00:00" endTime="2026-07-27T07:06:18.8578788+00:00" testType="13cdc9d9-ddb5-4fa4-a97d-d965ccfc6d4b" outcome="Passed" testListId="8c84fa94-04c1-424b-9868-57a2d4851a1d" relativeResultsDirectory="1b1df245-9ac6-4a84-98a4-c799d2c8a29a" />
    <UnitTestResult executionId="7407fb74-b459-4345-b198-0d710e475235" testId="e1792343-bee4-daff-f710-325505ac74cd" testName="SamaEcole.FunctionalTests.Attendance.AttendanceEndpointsTests.Finance_Must_Not_Submit_An_Attendance_Sheet" computerName="DESKTOP-7D275P5" duration="00:00:00.2555313" startTime="2026-07-27T07:04:14.4254262+00:00" endTime="2026-07-27T07:04:14.4254264+00:00" testType="13cdc9d9-ddb5-4fa4-a97d-d965ccfc6d4b" outcome="Passed" testListId="8c84fa94-04c1-424b-9868-57a2d4851a1d" relativeResultsDirectory="7407fb74-b459-4345-b198-0d710e475235" />
    <UnitTestResult executionId="07af0ef1-6e19-48f7-9346-50722619c1f9" testId="b0b1057b-94dd-39cb-675f-f33d5ef67e12" testName="SamaEcole.FunctionalTests.Finance.FeesEndpointsTests.A_Finance_Can_Apply_A_Standard_Fee_Once_The_Directeur_Enables_Delegation" computerName="DESKTOP-7D275P5" duration="00:00:00.2352667" startTime="2026-07-27T07:03:56.2852606+00:00" endTime="2026-07-27T07:03:56.2852608+00:00" testType="13cdc9d9-ddb5-4fa4-a97d-d965ccfc6d4b" outcome="Passed" testListId="8c84fa94-04c1-424b-9868-57a2d4851a1d" relativeResultsDirectory="07af0ef1-6e19-48f7-9346-50722619c1f9" />
    <UnitTestResult executionId="6e99b776-c69e-4034-9dfc-3a966e8fe84d" testId="28091c08-9151-1425-8228-fa10f3960de6" testName="SamaEcole.FunctionalTests.AuditLogs.AuditLogsEndpointsTests.A_Successful_Login_Should_Produce_A_Corresponding_Audit_Entry" computerName="DESKTOP-7D275P5" duration="00:00:00.2246348" startTime="2026-07-27T07:04:47.6579046+00:00" endTime="2026-07-27T07:04:47.6579047+00:00" testType="13cdc9d9-ddb5-4fa4-a97d-d965ccfc6d4b" outcome="Passed" testListId="8c84fa94-04c1-424b-9868-57a2d4851a1d" relativeResultsDirectory="6e99b776-c69e-4034-9dfc-3a966e8fe84d" />
    <UnitTestResult executionId="b3f87793-8d99-479f-b108-6683ec7a0e80" testId="000f7e04-1bae-fd3b-1569-e52c28129ebe" testName="SamaEcole.FunctionalTests.Attendance.AttendanceEndpointsTests.Finance_Must_Not_Consult_An_Attendance_Sheet" computerName="DESKTOP-7D275P5" duration="00:00:00.7238500" startTime="2026-07-27T07:04:13.6557759+00:00" endTime="2026-07-27T07:04:13.6557763+00:00" testType="13cdc9d9-ddb5-4fa4-a97d-d965ccfc6d4b" outcome="Passed" testListId="8c84fa94-04c1-424b-9868-57a2d4851a1d" relativeResultsDirectory="b3f87793-8d99-479f-b108-6683ec7a0e80" />
    <UnitTestResult executionId="2b29f3c5-f8ad-4c35-a40f-08d96d676ef0" testId="2e972ce1-a92a-8439-0371-8958dc3170c3" testName="SamaEcole.FunctionalTests.Grades.GradeImportEndpointsTests.A_Finance_Must_Not_Export_The_Grade_Sheet" computerName="DESKTOP-7D275P5" duration="00:00:00.5847786" startTime="2026-07-27T07:07:12.2591157+00:00" endTime="2026-07-27T07:07:12.2591158+00:00" testType="13cdc9d9-ddb5-4fa4-a97d-d965ccfc6d4b" outcome="Passed" testListId="8c84fa94-04c1-424b-9868-57a2d4851a1d" relativeResultsDirectory="2b29f3c5-f8ad-4c35-a40f-08d96d676ef0" />
    <UnitTestResult executionId="0e12996c-6127-436e-b7a3-a99df0e0fdda" testId="ee447c16-d1b3-33b5-b6ae-7921e2191279" testName="SamaEcole.FunctionalTests.Teachers.TeacherAssignmentsEndpointsTests.Finance_Must_Not_Assign_A_Teacher" computerName="DESKTOP-7D275P5" duration="00:00:00.6553691" startTime="2026-07-27T07:06:40.3435377+00:00" endTime="2026-07-27T07:06:40.3435380+00:00" testType="13cdc9d9-ddb5-4fa4-a97d-d965ccfc6d4b" outcome="Passed" testListId="8c84fa94-04c1-424b-9868-57a2d4851a1d" relativeResultsDirectory="0e12996c-6127-436e-b7a3-a99df0e0fdda" />
    <UnitTestResult executionId="2e67b4b3-c1a6-402f-9828-d95c897bf9f0" testId="eda2dec1-7865-2aa6-8c33-631851b94530" testName="SamaEcole.FunctionalTests.Enrollments.EnrollmentsEndpointsTests.Changing_The_Status_With_A_Stale_RowVersion_Should_Return_409" computerName="DESKTOP-7D275P5" duration="00:00:00.5199707" startTime="2026-07-27T07:06:23.4124059+00:00" endTime="2026-07-27T07:06:23.4124064+00:00" testType="13cdc9d9-ddb5-4fa4-a97d-d965ccfc6d4b" outcome="Passed" testListId="8c84fa94-04c1-424b-9868-57a2d4851a1d" relativeResultsDirectory="2e67b4b3-c1a6-402f-9828-d95c897bf9f0" />
    <UnitTestResult executionId="192b8a42-f10e-4e18-9494-7eba0e8eb3f7" testId="eddb1b94-7b9f-fa45-726d-eac811f9f068" testName="SamaEcole.FunctionalTests.Finance.PaymentsEndpointsTests.A_Secretariat_Must_Not_Be_Allowed_To_Record_A_Payment" computerName="DESKTOP-7D275P5" duration="00:00:00.1251330" startTime="2026-07-27T07:05:31.0191394+00:00" endTime="2026-07-27T07:05:31.0191396+00:00" testType="13cdc9d9-ddb5-4fa4-a97d-d965ccfc6d4b" outcome="Passed" testListId="8c84fa94-04c1-424b-9868-57a2d4851a1d" relativeResultsDirectory="192b8a42-f10e-4e18-9494-7eba0e8eb3f7" />
    <UnitTestResult executionId="5a94b351-701d-439c-98d3-01c308648f1e" testId="f096b7c4-4f43-6adf-91c9-51c8f17de32c" testName="SamaEcole.FunctionalTests.Users.CreateUserEndpointsTests.The_List_Should_Show_The_Created_User_And_Flag_The_Actor_As_Self" computerName="DESKTOP-7D275P5" duration="00:00:00.2725914" startTime="2026-07-27T07:03:08.3804080+00:00" endTime="2026-07-27T07:03:08.3804083+00:00" testType="13cdc9d9-ddb5-4fa4-a97d-d965ccfc6d4b" outcome="Passed" testListId="8c84fa94-04c1-424b-9868-57a2d4851a1d" relativeResultsDirectory="5a94b351-701d-439c-98d3-01c308648f1e" />
    <UnitTestResult executionId="532d7c00-9b7b-479c-a34c-07f1ae70383f" testId="d995f17d-c82b-ac45-63ca-3e3f606fdc02" testName="SamaEcole.FunctionalTests.Finance.FeesEndpointsTests.An_Exception_Set_Per_Class_Should_Survive_A_Re_Applied_Standard" computerName="DESKTOP-7D275P5" duration="00:00:00.1704017" startTime="2026-07-27T07:03:49.5703594+00:00" endTime="2026-07-27T07:03:49.5703596+00:00" testType="13cdc9d9-ddb5-4fa4-a97d-d965ccfc6d4b" outcome="Passed" testListId="8c84fa94-04c1-424b-9868-57a2d4851a1d" relativeResultsDirectory="532d7c00-9b7b-479c-a34c-07f1ae70383f" />
    <UnitTestResult executionId="ed7389a3-ecaf-49b1-b81a-aafa133b49c8" testId="1d892b19-2462-86be-535c-d7f23c4fe37a" testName="SamaEcole.FunctionalTests.AuditLogs.AuditLogsEndpointsTests.Creating_A_User_Should_Produce_A_Corresponding_Audit_Entry" computerName="DESKTOP-7D275P5" duration="00:00:00.2150474" startTime="2026-07-27T07:04:43.4746288+00:00" endTime="2026-07-27T07:04:43.4746289+00:00" testType="13cdc9d9-ddb5-4fa4-a97d-d965ccfc6d4b" outcome="Passed" testListId="8c84fa94-04c1-424b-9868-57a2d4851a1d" relativeResultsDirectory="ed7389a3-ecaf-49b1-b81a-aafa133b49c8" />
    <UnitTestResult executionId="b46e6c0a-6a2e-4d7f-ba5b-9e44666e77e6" testId="2b3a19fe-bead-a637-3e48-b90c8702304f" testName="SamaEcole.FunctionalTests.AuditLogs.AuditLogsEndpointsTests.A_Failed_Attempt_Should_Produce_A_Failure_Entry_With_A_Reason" computerName="DESKTOP-7D275P5" duration="00:00:00.1213067" startTime="2026-07-27T07:04:46.9341897+00:00" endTime="2026-07-27T07:04:46.9341898+00:00" testType="13cdc9d9-ddb5-4fa4-a97d-d965ccfc6d4b" outcome="Passed" testListId="8c84fa94-04c1-424b-9868-57a2d4851a1d" relativeResultsDirectory="b46e6c0a-6a2e-4d7f-ba5b-9e44666e77e6" />
    <UnitTestResult executionId="ecaf2c20-eb54-4c5c-80e4-540a4cc6577e" testId="5ddec328-8876-5850-b745-4877be5f97ab" testName="SamaEcole.FunctionalTests.Users.CreateUserEndpointsTests.Reusing_An_Existing_Email_Should_Be_Rejected" computerName="DESKTOP-7D275P5" duration="00:00:00.1430200" startTime="2026-07-27T07:03:07.5657242+00:00" endTime="2026-07-27T07:03:07.5657244+00:00" testType="13cdc9d9-ddb5-4fa4-a97d-d965ccfc6d4b" outcome="Passed" testListId="8c84fa94-04c1-424b-9868-57a2d4851a1d" relativeResultsDirectory="ecaf2c20-eb54-4c5c-80e4-540a4cc6577e" />
    <UnitTestResult executionId="642e1ba2-c365-4f72-8056-a4153820cbbd" testId="4236abb8-9f92-a4c7-fe80-eb8490eb67fd" testName="SamaEcole.FunctionalTests.AuditLogs.AuditLogsEndpointsTests.Login_Attempts_Past_The_Lockout_Threshold_Should_Produce_A_Lockout_Entry" computerName="DESKTOP-7D275P5" duration="00:00:00.6575651" startTime="2026-07-27T07:04:40.9198378+00:00" endTime="2026-07-27T07:04:40.9198380+00:00" testType="13cdc9d9-ddb5-4fa4-a97d-d965ccfc6d4b" outcome="Passed" testListId="8c84fa94-04c1-424b-9868-57a2d4851a1d" relativeResultsDirectory="642e1ba2-c365-4f72-8056-a4153820cbbd" />
    <UnitTestResult executionId="91bf042c-f816-43f5-8967-866ca2d8b1a6" testId="3addeb0e-8acb-a44e-ce16-6f35f8a324b6" testName="SamaEcole.FunctionalTests.Students.StudentsEndpointsTests.A_Finance_Must_Not_Delete_A_Student" computerName="DESKTOP-7D275P5" duration="00:00:00.2760365" startTime="2026-07-27T07:03:17.9140872+00:00" endTime="2026-07-27T07:03:17.9140874+00:00" testType="13cdc9d9-ddb5-4fa4-a97d-d965ccfc6d4b" outcome="Passed" testListId="8c84fa94-04c1-424b-9868-57a2d4851a1d" relativeResultsDirectory="91bf042c-f816-43f5-8967-866ca2d8b1a6" />
    <UnitTestResult executionId="320fe178-a805-4963-8326-50ec081ea34e" testId="c01f30e9-5bb4-e861-f196-7329ab582b27" testName="SamaEcole.FunctionalTests.SchoolYears.SchoolYearsEndpointsTests.Listing_School_Years_Without_A_Token_Should_Return_401" computerName="DESKTOP-7D275P5" duration="00:00:00.0026178" startTime="2026-07-27T07:06:03.9677801+00:00" endTime="2026-07-27T07:06:03.9677806+00:00" testType="13cdc9d9-ddb5-4fa4-a97d-d965ccfc6d4b" outcome="Passed" testListId="8c84fa94-04c1-424b-9868-57a2d4851a1d" relativeResultsDirectory="320fe178-a805-4963-8326-50ec081ea34e" />
    <UnitTestResult executionId="0d4c5cce-6021-4eac-8274-c599895fc8b2" testId="0717b883-cc58-a218-ecf6-4bef7b5a47a3" testName="SamaEcole.FunctionalTests.SchoolYears.ExportSchoolYearEndpointsTests.Exporting_Should_Produce_A_Corresponding_Audit_Entry" computerName="DESKTOP-7D275P5" duration="00:00:00.6767385" startTime="2026-07-27T07:05:13.9605579+00:00" endTime="2026-07-27T07:05:13.9605582+00:00" testType="13cdc9d9-ddb5-4fa4-a97d-d965ccfc6d4b" outcome="Passed" testListId="8c84fa94-04c1-424b-9868-57a2d4851a1d" relativeResultsDirectory="0d4c5cce-6021-4eac-8274-c599895fc8b2" />
    <UnitTestResult executionId="63d5946b-3ab4-41eb-b8b9-0b7b61222227" testId="50c6637d-9a31-8d3b-59f4-48131e9bc029" testName="SamaEcole.FunctionalTests.SchoolYears.SchoolYearsEndpointsTests.Modifying_A_Year_Must_Not_Collide_With_Its_Own_Period" computerName="DESKTOP-7D275P5" duration="00:00:00.1197360" startTime="2026-07-27T07:06:01.0113505+00:00" endTime="2026-07-27T07:06:01.0113506+00:00" testType="13cdc9d9-ddb5-4fa4-a97d-d965ccfc6d4b" outcome="Passed" testListId="8c84fa94-04c1-424b-9868-57a2d4851a1d" relativeResultsDirectory="63d5946b-3ab4-41eb-b8b9-0b7b61222227" />
    <UnitTestResult executionId="535a85f2-2652-4788-bbd4-234978c019fc" testId="1d9d04e1-0d37-8774-9fe9-cfc31f0153b8" testName="SamaEcole.FunctionalTests.Classrooms.ClassroomsEndpointsTests.A_Finance_Must_Not_Delete_A_Classroom" computerName="DESKTOP-7D275P5" duration="00:00:00.2190866" startTime="2026-07-27T07:06:49.6215788+00:00" endTime="2026-07-27T07:06:49.6215790+00:00" testType="13cdc9d9-ddb5-4fa4-a97d-d965ccfc6d4b" outcome="Passed" testListId="8c84fa94-04c1-424b-9868-57a2d4851a1d" relativeResultsDirectory="535a85f2-2652-4788-bbd4-234978c019fc" />
    <UnitTestResult executionId="28b186ef-4775-4df6-9488-90b4a5073df5" testId="7dceddb2-a918-8631-65e7-694e401f1e10" testName="SamaEcole.FunctionalTests.SchoolYears.SchoolYearsEndpointsTests.Activating_Another_Year_Should_Deactivate_The_Previous_One" computerName="DESKTOP-7D275P5" duration="00:00:00.3312919" startTime="2026-07-27T07:05:57.2443563+00:00" endTime="2026-07-27T07:05:57.2443567+00:00" testType="13cdc9d9-ddb5-4fa4-a97d-d965ccfc6d4b" outcome="Passed" testListId="8c84fa94-04c1-424b-9868-57a2d4851a1d" relativeResultsDirectory="28b186ef-4775-4df6-9488-90b4a5073df5" />
    <UnitTestResult executionId="21e3a512-b369-44d8-a9f8-3c9a5c28c6cb" testId="b4a66bed-30c0-23cc-2dbe-a50733137345" testName="SamaEcole.FunctionalTests.Enrollments.EnrollmentsEndpointsTests.Creating_An_Enrollment_Without_A_Token_Should_Return_401" computerName="DESKTOP-7D275P5" duration="00:00:00.0029440" startTime="2026-07-27T07:06:29.7731378+00:00" endTime="2026-07-27T07:06:29.7731379+00:00" testType="13cdc9d9-ddb5-4fa4-a97d-d965ccfc6d4b" outcome="Passed" testListId="8c84fa94-04c1-424b-9868-57a2d4851a1d" relativeResultsDirectory="21e3a512-b369-44d8-a9f8-3c9a5c28c6cb" />
    <UnitTestResult executionId="6cb2ab02-c4a5-4cba-a450-6f3e8e8ed1cb" testId="1f4be7ca-a7a0-0c6b-9fa3-b24ecb899c25" testName="SamaEcole.FunctionalTests.SchoolYears.SchoolYearsEndpointsTests.Modifying_A_Year_Into_An_Overlap_Should_Return_422" computerName="DESKTOP-7D275P5" duration="00:00:00.1960388" startTime="2026-07-27T07:05:57.9607980+00:00" endTime="2026-07-27T07:05:57.9607982+00:00" testType="13cdc9d9-ddb5-4fa4-a97d-d965ccfc6d4b" outcome="Passed" testListId="8c84fa94-04c1-424b-9868-57a2d4851a1d" relativeResultsDirectory="6cb2ab02-c4a5-4cba-a450-6f3e8e8ed1cb" />
[...]
[07:06:24 INF] HTTP POST /api/v1/finance/fee-categories responded 201 in 10.4483 ms&#xD;
[07:06:24 INF] HTTP POST /api/v1/finance/fees/apply-standard responded 200 in 19.2286 ms&#xD;
[07:06:24 INF] HTTP POST /api/v1/finance/fee-categories responded 201 in 9.9023 ms&#xD;
[07:06:24 INF] HTTP POST /api/v1/finance/fees/apply-standard responded 200 in 18.2803 ms&#xD;
[07:06:24 INF] HTTP GET /api/v1/finance/fee-categories responded 200 in 12.6948 ms&#xD;
[07:06:24 INF] HTTP POST /api/v1/auth/login responded 200 in 108.7953 ms&#xD;
[07:06:24 INF] HTTP POST /api/v1/enrollments responded 201 in 42.5518 ms&#xD;
[07:06:24 INF] HTTP GET /api/v1/enrollments/019fa265-6f13-7aec-b263-4cbf003bba7d/receipt responded 200 in 15.0318 ms&#xD;
[07:06:25 INF] HTTP POST /api/v1/auth/login responded 200 in 90.1738 ms&#xD;
[07:06:25 INF] HTTP POST /api/v1/enrollments responded 403 in 2.5688 ms&#xD;
[07:06:25 INF] HTTP POST /api/v1/auth/login responded 200 in 135.3252 ms&#xD;
[07:06:25 INF] HTTP POST /api/v1/classrooms responded 201 in 7.9046 ms&#xD;
[07:06:25 INF] HTTP POST /api/v1/school-years responded 201 in 16.8487 ms&#xD;
[07:06:25 INF] HTTP POST /api/v1/finance/fee-categories responded 201 in 6.3943 ms&#xD;
[07:06:25 INF] HTTP POST /api/v1/finance/fees/apply-standard responded 200 in 41.1252 ms&#xD;
[07:06:25 INF] HTTP POST /api/v1/finance/fee-categories responded 201 in 12.1365 ms&#xD;
[07:06:25 INF] HTTP POST /api/v1/finance/fees/apply-standard responded 200 in 42.1565 ms&#xD;
[07:06:26 INF] HTTP POST /api/v1/auth/login responded 200 in 234.4855 ms&#xD;
[07:06:26 INF] HTTP POST /api/v1/enrollments responded 201 in 39.3490 ms&#xD;
[07:06:26 INF] HTTP GET /api/v1/students responded 200 in 22.8626 ms&#xD;
[07:06:26 INF] HTTP GET /api/v1/students/019fa265-7567-7f3c-89b4-adbe586086e2 responded 200 in 19.1308 ms&#xD;
[07:06:26 INF] HTTP POST /api/v1/auth/login responded 200 in 102.4430 ms&#xD;
[07:06:26 INF] HTTP POST /api/v1/enrollments/019fa265-7571-7e35-9c03-def4665b0e70/status responded 403 in 2.3777 ms&#xD;
[07:06:26 INF] HTTP POST /api/v1/auth/login responded 200 in 100.4027 ms&#xD;
[07:06:26 INF] HTTP POST /api/v1/classrooms responded 201 in 6.0374 ms&#xD;
[07:06:26 INF] HTTP POST /api/v1/school-years responded 201 in 12.5246 ms&#xD;
[07:06:26 INF] HTTP POST /api/v1/finance/fee-categories responded 201 in 5.9899 ms&#xD;
[07:06:26 INF] HTTP POST /api/v1/finance/fees/apply-standard responded 200 in 16.5393 ms&#xD;
[07:06:26 INF] HTTP POST /api/v1/finance/fee-categories responded 201 in 4.5836 ms&#xD;
[07:06:26 INF] HTTP POST /api/v1/finance/fees/apply-standard responded 200 in 13.8535 ms&#xD;
[07:06:26 INF] HTTP POST /api/v1/auth/login responded 200 in 107.3039 ms&#xD;
[07:06:27 INF] HTTP POST /api/v1/enrollments responded 201 in 34.9270 ms&#xD;
[07:06:27 INF] HTTP GET /api/v1/students responded 200 in 22.3982 ms&#xD;
[07:06:27 INF] HTTP GET /api/v1/students/019fa265-793f-71bb-a7f7-e86b46f1bd1a responded 200 in 22.6897 ms&#xD;
[07:06:27 ERR] HTTP DELETE /api/v1/enrollments/019fa265-7947-752f-8677-73d372849dac responded 500 in 19.2586 ms&#xD;
SamaEcole.Application.Common.Exceptions.ConcurrencyConflictException: L'entit� 'enrollments' (019fa265-7947-752f-8677-73d372849dac) a �t� modifi�e par un autre utilisateur entre-temps.&#xD;
   at SamaEcole.Persistence.ApplicationDbContext.SaveChangesAsync(CancellationToken cancellationToken) in C:\Users\NCM\Documents\antigravity\sama_ecole\src\SamaEcole.Persistence\ApplicationDbContext.cs:line 177&#xD;
   at SamaEcole.Application.Common.Behaviors.AuditLoggingBehavior`2.TryAppendAsync(Guid actorId, Boolean success, String failureReason, CancellationToken cancellationToken) in C:\Users\NCM\Documents\antigravity\sama_ecole\src\SamaEcole.Application\Common\Behaviors\AuditLoggingBehavior.cs:line 93&#xD;
   at SamaEcole.Application.Common.Behaviors.AuditLoggingBehavior`2.Handle(TRequest request, RequestHandlerDelegate`1 next, CancellationToken cancellationToken) in C:\Users\NCM\Documents\antigravity\sama_ecole\src\SamaEcole.Application\Common\Behaviors\AuditLoggingBehavior.cs:line 55&#xD;
   at SamaEcole.Application.Common.Behaviors.ValidationBehavior`2.Handle(TRequest request, RequestHandlerDelegate`1 next, CancellationToken cancellationToken) in C:\Users\NCM\Documents\antigravity\sama_ecole\src\SamaEcole.Application\Common\Behaviors\ValidationBehavior.cs:line 38&#xD;
   at SamaEcole.Web.Controllers.EnrollmentsController.Cancel(Guid id, UInt32 rowVersion, CancellationToken cancellationToken) in C:\Users\NCM\Documents\antigravity\sama_ecole\src\SamaEcole.Web\Controllers\EnrollmentsController.cs:line 180&#xD;
   at Microsoft.AspNetCore.Mvc.Infrastructure.ActionMethodExecutor.TaskOfIActionResultExecutor.Execute(ActionContext actionContext, IActionResultTypeMapper mapper, ObjectMethodExecutor executor, Object controller, Object[] arguments)&#xD;
   at Microsoft.AspNetCore.Mvc.Infrastructure.ControllerActionInvoker.&lt;InvokeActionMethodAsync&gt;g__Awaited|12_0(ControllerActionInvoker invoker, ValueTask`1 actionResultValueTask)&#xD;
   at Microsoft.AspNetCore.Mvc.Infrastructure.ControllerActionInvoker.&lt;InvokeNextActionFilterAsync&gt;g__Awaited|10_0(ControllerActionInvoker invoker, Task lastTask, State next, Scope scope, Object state, Boolean isCompleted)&#xD;
   at Microsoft.AspNetCore.Mvc.Infrastructure.ControllerActionInvoker.Rethrow(ActionExecutedContextSealed context)&#xD;
   at Microsoft.AspNetCore.Mvc.Infrastructure.ControllerActionInvoker.Next(State&amp; next, Scope&amp; scope, Object&amp; state, Boolean&amp; isCompleted)&#xD;
   at Microsoft.AspNetCore.Mvc.Infrastructure.ControllerActionInvoker.&lt;InvokeInnerFilterAsync&gt;g__Awaited|13_0(ControllerActionInvoker invoker, Task lastTask, State next, Scope scope, Object state, Boolean isCompleted)&#xD;
   at Microsoft.AspNetCore.Mvc.Infrastructure.ResourceInvoker.&lt;InvokeNextResourceFilter&gt;g__Awaited|25_0(ResourceInvoker invoker, Task lastTask, State next, Scope scope, Object state, Boolean isCompleted)&#xD;
   at Microsoft.AspNetCore.Mvc.Infrastructure.ResourceInvoker.Rethrow(ResourceExecutedContextSealed context)&#xD;
   at Microsoft.AspNetCore.Mvc.Infrastructure.ResourceInvoker.Next(State&amp; next, Scope&amp; scope, Object&amp; state, Boolean&amp; isCompleted)&#xD;
   at Microsoft.AspNetCore.Mvc.Infrastructure.ResourceInvoker.&lt;InvokeFilterPipelineAsync&gt;g__Awaited|20_0(ResourceInvoker invoker, Task lastTask, State next, Scope scope, Object state, Boolean isCompleted)&#xD;
   at Microsoft.AspNetCore.Mvc.Infrastructure.ResourceInvoker.&lt;InvokeAsync&gt;g__Awaited|17_0(ResourceInvoker invoker, Task task, IDisposable scope)&#xD;
   at Microsoft.AspNetCore.Mvc.Infrastructure.ResourceInvoker.&lt;InvokeAsync&gt;g__Awaited|17_0(ResourceInvoker invoker, Task task, IDisposable scope)&#xD;
   at SamaEcole.Web.Authorization.FeatureAuthorizationResultHandler.HandleAsync(RequestDelegate next, HttpContext context, AuthorizationPolicy policy, PolicyAuthorizationResult authorizeResult) in C:\Users\NCM\Documents\antigravity\sama_ecole\src\SamaEcole.Web\Authorization\FeatureAuthorizationResultHandler.cs:line 37&#xD;
   at Microsoft.AspNetCore.Authorization.AuthorizationMiddleware.Invoke(HttpContext context)&#xD;
   at SamaEcole.Web.Middleware.SubscriptionAwaitingPaymentMiddleware.InvokeAsync(HttpContext context, IApplicationDbContext dbContext) in C:\Users\NCM\Documents\antigravity\sama_ecole\src\SamaEcole.Web\Middleware\SubscriptionAwaitingPaymentMiddleware.cs:line 76&#xD;
   at Microsoft.AspNetCore.Authentication.AuthenticationMiddleware.Invoke(HttpContext context)&#xD;
   at Serilog.AspNetCore.RequestLoggingMiddleware.Invoke(HttpContext httpContext)&#xD;
[07:06:27 INF] HTTP POST /api/v1/auth/login responded 200 in 106.5942 ms&#xD;
[07:06:27 INF] HTTP POST /api/v1/classrooms responded 201 in 5.8657 ms&#xD;
[07:06:27 INF] HTTP POST /api/v1/school-years responded 201 in 10.4336 ms&#xD;
[07:06:27 INF] HTTP POST /api/v1/finance/fee-categories responded 201 in 6.0882 ms&#xD;
[07:06:27 INF] HTTP POST /api/v1/finance/fees/apply-standard responded 200 in 13.3085 ms&#xD;
[07:06:27 INF] HTTP POST /api/v1/finance/fee-categories responded 201 in 6.0687 ms&#xD;
[07:06:27 INF] HTTP POST /api/v1/finance/fees/apply-standard responded 200 in 18.4793 ms&#xD;
[07:06:28 INF] HTTP POST /api/v1/auth/login responded 200 in 93.9437 ms&#xD;
[07:06:28 INF] HTTP POST /api/v1/enrollments responded 201 in 25.2856 ms&#xD;
[07:06:28 INF] HTTP POST /api/v1/students responded 201 in 26.0507 ms&#xD;
[07:06:28 INF] HTTP GET /api/v1/students responded 200 in 44.0179 ms&#xD;
[07:06:28 INF] HTTP GET /api/v1/students responded 200 in 16.9274 ms&#xD;
[07:06:28 INF] HTTP POST /api/v1/auth/login responded 200 in 102.8049 ms&#xD;
[07:06:28 INF] HTTP POST /api/v1/classrooms responded 201 in 6.0033 ms&#xD;
[07:06:28 INF] HTTP POST /api/v1/school-years responded 201 in 11.0368 ms&#xD;
[07:06:28 INF] HTTP POST /api/v1/finance/fee-categories responded 201 in 5.9850 ms&#xD;
[07:06:28 INF] HTTP POST /api/v1/finance/fees/apply-standard responded 200 in 15.0779 ms&#xD;
[07:06:28 INF] HTTP POST /api/v1/finance/fee-categories responded 201 in 5.4152 ms&#xD;
[07:06:28 INF] HTTP POST /api/v1/finance/fees/apply-standard responded 200 in 14.3176 ms&#xD;
[07:06:28 INF] HTTP POST /api/v1/auth/login responded 200 in 103.5710 ms&#xD;
[07:06:28 INF] HTTP POST /api/v1/enrollments responded 201 in 26.6349 ms&#xD;
[07:06:29 INF] HTTP GET /api/v1/enrollments/019fa265-80f8-7867-b798-2382853d1c7c/receipt/pdf responded 200 in 214.7111 ms&#xD;
[07:06:29 INF] HTTP POST /api/v1/enrollments responded 401 in 0.2722 ms&#xD;
[07:06:30 INF] HTTP POST /api/v1/auth/login responded 200 in 100.0918 ms&#xD;
[07:06:30 INF] HTTP POST /api/v1/classrooms responded 201 in 8.8231 ms&#xD;
[07:06:30 INF] HTTP POST /api/v1/school-years responded 201 in 13.2536 ms&#xD;
[07:06:30 INF] HTTP POST /api/v1/finance/fee-categories responded 201 in 4.8448 ms&#xD;
[07:06:30 INF] HTTP POST /api/v1/finance/fees/apply-standard responded 200 in 16.4674 ms&#xD;
[07:06:30 INF] HTTP POST /api/v1/finance/fee-categories responded 201 in 4.9565 ms&#xD;
[07:06:30 INF] HTTP POST /api/v1/finance/fees/apply-standard responded 200 in 17.6417 ms&#xD;
[07:06:30 INF] HTTP POST /api/v1/auth/login responded 200 in 116.0600 ms&#xD;
[07:06:30 INF] HTTP POST /api/v1/enrollments responded 201 in 33.2578 ms&#xD;
[07:06:30 INF] HTTP GET /api/v1/students responded 200 in 24.1104 ms&#xD;
[07:06:30 INF] HTTP GET /api/v1/students/019fa265-878f-74a4-9b41-e3daebfab7e0 responded 200 in 20.1437 ms&#xD;
[07:06:30 INF] HTTP POST /api/v1/auth/login responded 200 in 96.9743 ms&#xD;
[07:06:30 INF] HTTP DELETE /api/v1/enrollments/019fa265-8799-73e2-8ecd-dec506219939 responded 403 in 2.7248 ms&#xD;
[07:06:30 DBG] Hosting stopping&#xD;
[07:06:30 DBG] Hosting stopped&#xD;
[07:06:30 DBG] Hosting stopping&#xD;
[07:06:30 DBG] Hosting stopped&#xD;
[testcontainers.org 00:03:44.18] Delete Docker container afdad710ca78&#xD;
[testcontainers.org 00:03:44.94] Docker container 1589c8077377 created&#xD;
[testcontainers.org 00:03:44.97] Start Docker container 1589c8077377&#xD;
[testcontainers.org 00:03:45.68] Wait for Docker container 1589c8077377 to complete readiness checks&#xD;
[testcontainers.org 00:03:45.69] Execute "pg_isready --host localhost --dbname postgres --username postgres" at Docker container 1589c8077377&#xD;
[testcontainers.org 00:03:46.83] Execute "pg_isready --host localhost --dbname postgres --username postgres" at Docker container 1589c8077377&#xD;
[testcontainers.org 00:03:48.03] Execute "pg_isready --host localhost --dbname postgres --username postgres" at Docker container 1589c8077377&#xD;
[testcontainers.org 00:03:49.21] Execute "pg_isready --host localhost --dbname postgres --username postgres" at Docker container 1589c8077377&#xD;
[testcontainers.org 00:03:49.37] Docker container 1589c8077377 ready&#xD;
[07:06:39 DBG] Hosting starting&#xD;
[07:06:39 DBG] Hosting started&#xD;
[07:06:40 INF] HTTP POST /api/v1/auth/login responded 200 in 130.9898 ms&#xD;
[07:06:40 INF] HTTP POST /api/v1/school-years responded 201 in 37.8200 ms&#xD;
[07:06:40 INF] HTTP POST /api/v1/subjects responded 201 in 44.2880 ms&#xD;
[07:06:40 INF] HTTP POST /api/v1/classrooms responded 201 in 23.8367 ms&#xD;
[07:06:40 INF] HTTP POST /api/v1/teachers responded 201 in 45.5159 ms&#xD;
[07:06:40 INF] HTTP POST /api/v1/auth/login responded 200 in 106.3571 ms&#xD;
[07:06:40 INF] HTTP POST /api/v1/teachers/019fa265-acd2-774a-9f5a-0c87f8f6161f/assignments responded 403 in 5.3457 ms&#xD;
[07:06:41 INF] HTTP POST /api/v1/auth/login responded 200 in 112.2779 ms&#xD;
[07:06:41 INF] HTTP POST /api/v1/subjects responded 201 in 8.6837 ms&#xD;
[07:06:41 INF] HTTP POST /api/v1/teachers responded 201 in 17.5105 ms&#xD;
[07:06:41 INF] HTTP POST /api/v1/auth/login responded 200 in 114.8668 ms&#xD;
[07:06:41 INF] HTTP GET /api/v1/teachers/019fa265-b032-7596-bbd7-55306f7effa2 responded 403 in 2.8625 ms&#xD;
[07:06:41 DBG] Hosting stopping&#xD;
[07:06:41 DBG] Hosting stopping&#xD;
[07:06:41 DBG] Hosting stopped&#xD;
[07:06:41 DBG] Hosting stopped&#xD;
[testcontainers.org 00:03:54.54] Delete Docker container 1589c8077377&#xD;
[testcontainers.org 00:03:55.33] Docker container e128991f37e7 created&#xD;
[testcontainers.org 00:03:55.35] Start Docker container e128991f37e7&#xD;
[testcontainers.org 00:03:55.78] Wait for Docker container e128991f37e7 to complete readiness checks&#xD;
[testcontainers.org 00:03:55.79] Execute "pg_isready --host localhost --dbname postgres --username postgres" at Docker container e128991f37e7&#xD;
[testcontainers.org 00:03:56.93] Execute "pg_isready --host localhost --dbname postgres --username postgres" at Docker container e128991f37e7&#xD;
[testcontainers.org 00:03:58.11] Execute "pg_isready --host localhost --dbname postgres --username postgres" at Docker container e128991f37e7&#xD;
[testcontainers.org 00:03:58.26] Docker container e128991f37e7 ready&#xD;
[07:06:47 DBG] Hosting starting&#xD;
[07:06:47 DBG] Hosting started&#xD;
[07:06:48 INF] HTTP POST /api/v1/auth/login responded 200 in 125.7385 ms&#xD;
[07:06:48 INF] HTTP POST /api/v1/classrooms responded 201 in 28.2777 ms&#xD;
[07:06:48 INF] HTTP GET /api/v1/classrooms responded 200 in 27.5059 ms&#xD;
[07:06:48 INF] HTTP POST /api/v1/auth/login responded 200 in 109.1720 ms&#xD;
[07:06:48 INF] HTTP PUT /api/v1/classrooms/019fa265-ce02-78b1-b66b-8dfbe455fa74 responded 403 in 9.2292 ms&#xD;
[07:06:49 INF] HTTP POST /api/v1/auth/login responded 200 in 101.4700 ms&#xD;
[07:06:49 INF] HTTP POST /api/v1/classrooms responded 201 in 5.3912 ms&#xD;
[07:06:49 INF] HTTP GET /api/v1/classrooms responded 200 in 7.7458 ms&#xD;
[07:06:49 INF] HTTP POST /api/v1/auth/login responded 200 in 85.0510 ms&#xD;
[07:06:49 INF] HTTP DELETE /api/v1/classrooms/019fa265-d125-7b74-8c0c-94396d865b9e responded 403 in 2.4228 ms&#xD;
[07:06:49 DBG] Hosting stopping&#xD;
[07:06:49 DBG] Hosting stopped&#xD;
[07:06:49 DBG] Hosting stopping&#xD;
[07:06:49 DBG] Hosting stopped&#xD;
[testcontainers.org 00:04:02.96] Delete Docker container e128991f37e7&#xD;
[testcontainers.org 00:04:03.68] Docker container 4a1dcbc06427 created&#xD;
[testcontainers.org 00:04:03.71] Start Docker container 4a1dcbc06427&#xD;
[testcontainers.org 00:04:04.26] Wait for Docker container 4a1dcbc06427 to complete readiness checks&#xD;
[testcontainers.org 00:04:04.29] Execute "pg_isready --host localhost --dbname postgres --username postgres" at Docker container 4a1dcbc06427&#xD;
[testcontainers.org 00:04:05.47] Execute "pg_isready --host localhost --dbname postgres --username postgres" at Docker container 4a1dcbc06427&#xD;
[testcontainers.org 00:04:06.59] Execute "pg_isready --host localhost --dbname postgres --username postgres" at Docker container 4a1dcbc06427&#xD;
[testcontainers.org 00:04:06.73] Docker container 4a1dcbc06427 ready&#xD;
[07:06:56 DBG] Hosting starting&#xD;
[07:06:56 DBG] Hosting started&#xD;
[07:06:57 INF] HTTP POST /api/v1/auth/login responded 200 in 127.7666 ms&#xD;
[07:06:57 INF] HTTP POST /api/v1/auth/login responded 200 in 117.1178 ms&#xD;
[07:06:57 INF] HTTP GET /api/v1/students/import/template responded 403 in 10.8336 ms&#xD;
[07:06:58 INF] HTTP POST /api/v1/auth/login responded 200 in 135.2385 ms&#xD;
[07:06:58 INF] HTTP POST /api/v1/classrooms responded 201 in 37.4715 ms&#xD;
[07:06:58 INF] HTTP POST /api/v1/auth/login responded 200 in 134.7584 ms&#xD;
[07:06:58 WRN] A request body size limit could not be applied. This server does not support the IHttpMaxRequestBodySizeFeature.&#xD;
[07:06:58 INF] HTTP POST /api/v1/students/import responded 403 in 14.4197 ms&#xD;
[07:06:58 DBG] Hosting stopping&#xD;
[07:06:58 DBG] Hosting stopped&#xD;
[07:06:58 DBG] Hosting stopping&#xD;
[07:06:58 DBG] Hosting stopped&#xD;
[testcontainers.org 00:04:11.76] Delete Docker container 4a1dcbc06427&#xD;
[testcontainers.org 00:04:12.49] Docker container d234e53608db created&#xD;
[testcontainers.org 00:04:12.53] Start Docker container d234e53608db&#xD;
[testcontainers.org 00:04:12.90] Wait for Docker container d234e53608db to complete readiness checks&#xD;
[testcontainers.org 00:04:12.91] Execute "pg_isready --host localhost --dbname postgres --username postgres" at Docker container d234e53608db&#xD;
[testcontainers.org 00:04:14.05] Execute "pg_isready --host localhost --dbname postgres --username postgres" at Docker container d234e53608db&#xD;
[testcontainers.org 00:04:15.15] Execute "pg_isready --host localhost --dbname postgres --username postgres" at Docker container d234e53608db&#xD;
[testcontainers.org 00:04:15.28] Docker container d234e53608db ready&#xD;
[07:07:04 DBG] Hosting starting&#xD;
[07:07:04 DBG] Hosting started&#xD;
[07:07:05 INF] HTTP POST /api/v1/auth/login responded 200 in 101.7901 ms&#xD;
[07:07:05 INF] HTTP GET /api/v1/finance/daily-cash-register/pdf responded 200 in 148.8621 ms&#xD;
[07:07:05 DBG] Hosting stopping&#xD;
[07:07:05 DBG] Hosting stopped&#xD;
[07:07:05 DBG] Hosting stopping&#xD;
[07:07:05 DBG] Hosting stopped&#xD;
[testcontainers.org 00:04:18.69] Delete Docker container d234e53608db&#xD;
[testcontainers.org 00:04:19.40] Docker container 4d066e6c4f2d created&#xD;
[testcontainers.org 00:04:19.42] Start Docker container 4d066e6c4f2d&#xD;
[testcontainers.org 00:04:19.77] Wait for Docker container 4d066e6c4f2d to complete readiness checks&#xD;
[testcontainers.org 00:04:19.79] Execute "pg_isready --host localhost --dbname postgres --username postgres" at Docker container 4d066e6c4f2d&#xD;
[testcontainers.org 00:04:20.92] Execute "pg_isready --host localhost --dbname postgres --username postgres" at Docker container 4d066e6c4f2d&#xD;
[testcontainers.org 00:04:22.04] Execute "pg_isready --host localhost --dbname postgres --username postgres" at Docker container 4d066e6c4f2d&#xD;
[testcontainers.org 00:04:22.16] Docker container 4d066e6c4f2d ready&#xD;
[07:07:11 DBG] Hosting starting&#xD;
[07:07:11 DBG] Hosting started&#xD;
[07:07:12 INF] HTTP POST /api/v1/auth/login responded 200 in 126.8734 ms&#xD;
[07:07:12 INF] HTTP POST /api/v1/classrooms responded 201 in 20.3334 ms&#xD;
[07:07:12 INF] HTTP POST /api/v1/subjects responded 201 in 14.6543 ms&#xD;
[07:07:12 INF] HTTP POST /api/v1/students responded 201 in 26.9020 ms&#xD;
[07:07:12 INF] HTTP POST /api/v1/students responded 201 in 13.5520 ms&#xD;
[07:07:12 INF] HTTP POST /api/v1/school-years responded 201 in 19.7746 ms&#xD;
[07:07:12 INF] HTTP GET /api/v1/school-years/019fa266-2975-73a6-a582-32893a125ed6/terms responded 200 in 19.7080 ms&#xD;
[07:07:12 INF] HTTP POST /api/v1/auth/login responded 200 in 103.8236 ms&#xD;
[07:07:12 INF] HTTP GET /api/v1/grades/sheet/export responded 403 in 2.9433 ms&#xD;
[07:07:12 DBG] Hosting stopping&#xD;
[07:07:12 DBG] Hosting stopped&#xD;
[07:07:12 DBG] Hosting stopping&#xD;
[07:07:12 DBG] Hosting stopped&#xD;
[testcontainers.org 00:04:25.60] Delete Docker container 4d066e6c4f2d&#xD;
[xUnit.net 00:04:26.64]   Finished:    SamaEcole.FunctionalTests&#xD;
</StdOut>
    </Output>
  </ResultSummary>
</TestRun>