<?xml version="1.0" encoding="utf-8"?>
<TestRun id="4a04e21a-9c81-47ea-95ca-c1ac41fa21ba" name="NCM@DESKTOP-7D275P5 2026-07-27 06:52:49" runUser="DESKTOP-7D275P5\NCM" xmlns="http://microsoft.com/schemas/VisualStudio/TeamTest/2010">
  <Times creation="2026-07-27T06:52:49.6047868+00:00" queuing="2026-07-27T06:52:49.6047872+00:00" start="2026-07-27T06:52:32.7201181+00:00" finish="2026-07-27T06:57:02.5256519+00:00" />
  <TestSettings name="default" id="720bd4c5-441c-46ee-8a88-441a79769ebd">
    <Deployment runDeploymentRoot="NCM_DESKTOP-7D275P5_2026-07-27_06_52_49" />
  </TestSettings>
  <Results>
    <UnitTestResult executionId="c91de7cf-7fb0-4509-87dd-0d81613fb935" testId="9fb6da12-dc30-09a8-17a0-f1dfe65601b1" testName="SamaEcole.FunctionalTests.SchoolYears.ExportSchoolYearEndpointsTests.Only_A_Directeur_May_Export_A_School_Year(tokenFactoryName: &quot;FinanceTokenAsync&quot;)" computerName="DESKTOP-7D275P5" duration="00:00:00.8453446" startTime="2026-07-27T06:55:27.0883319+00:00" endTime="2026-07-27T06:55:27.0883322+00:00" testType="13cdc9d9-ddb5-4fa4-a97d-d965ccfc6d4b" outcome="Passed" testListId="8c84fa94-04c1-424b-9868-57a2d4851a1d" relativeResultsDirectory="c91de7cf-7fb0-4509-87dd-0d81613fb935" />
    <UnitTestResult executionId="af6cfd83-cd07-4b5c-aee5-895292756e64" testId="e0cc8935-a9c6-a5cd-7038-1a265e935db6" testName="SamaEcole.FunctionalTests.Finance.FeesEndpointsTests.A_Directeur_Can_Still_Create_And_Apply_Regardless_Of_Delegation_Settings" computerName="DESKTOP-7D275P5" duration="00:00:00.1289463" startTime="2026-07-27T06:56:34.8633216+00:00" endTime="2026-07-27T06:56:34.8633217+00:00" testType="13cdc9d9-ddb5-4fa4-a97d-d965ccfc6d4b" outcome="Passed" testListId="8c84fa94-04c1-424b-9868-57a2d4851a1d" relativeResultsDirectory="af6cfd83-cd07-4b5c-aee5-895292756e64" />
    <UnitTestResult executionId="8d0b91f8-d31a-4218-bb55-9da1f49b5715" testId="13c52d27-b02b-2a4c-bf83-00364ca1ee70" testName="SamaEcole.FunctionalTests.SchoolYears.SchoolYearsEndpointsTests.Modifying_An_Unknown_Year_Should_Return_404" computerName="DESKTOP-7D275P5" duration="00:00:00.1111364" startTime="2026-07-27T06:54:12.4788151+00:00" endTime="2026-07-27T06:54:12.4788152+00:00" testType="13cdc9d9-ddb5-4fa4-a97d-d965ccfc6d4b" outcome="Passed" testListId="8c84fa94-04c1-424b-9868-57a2d4851a1d" relativeResultsDirectory="8d0b91f8-d31a-4218-bb55-9da1f49b5715" />
    <UnitTestResult executionId="4dd14ad4-cd2e-4050-9754-4866698ee7e5" testId="6e7ccdce-e916-3544-8a4d-5fdd2cbc86c9" testName="SamaEcole.FunctionalTests.Reports.AttendanceReportEndpointsTests.Finance_And_Enseignant_Should_Be_Forbidden(role: &quot;Enseignant&quot;)" computerName="DESKTOP-7D275P5" duration="00:00:00.3851956" startTime="2026-07-27T06:55:03.0720409+00:00" endTime="2026-07-27T06:55:03.0720410+00:00" testType="13cdc9d9-ddb5-4fa4-a97d-d965ccfc6d4b" outcome="Passed" testListId="8c84fa94-04c1-424b-9868-57a2d4851a1d" relativeResultsDirectory="4dd14ad4-cd2e-4050-9754-4866698ee7e5" />
    <UnitTestResult executionId="18261045-9237-4e59-8b88-b615075bb223" testId="13be9da7-659c-c486-8b8c-ee24b1b14630" testName="SamaEcole.FunctionalTests.Users.CreateUserEndpointsTests.Every_Assignable_Role_Should_Be_Creatable(role: &quot;Enseignant&quot;)" computerName="DESKTOP-7D275P5" duration="00:00:00.2001279" startTime="2026-07-27T06:53:55.1577447+00:00" endTime="2026-07-27T06:53:55.1577449+00:00" testType="13cdc9d9-ddb5-4fa4-a97d-d965ccfc6d4b" outcome="Passed" testListId="8c84fa94-04c1-424b-9868-57a2d4851a1d" relativeResultsDirectory="18261045-9237-4e59-8b88-b615075bb223" />
    <UnitTestResult executionId="80de4a51-900e-4a85-912a-bf61a67a1206" testId="28091c08-9151-1425-8228-fa10f3960de6" testName="SamaEcole.FunctionalTests.AuditLogs.AuditLogsEndpointsTests.A_Successful_Login_Should_Produce_A_Corresponding_Audit_Entry" computerName="DESKTOP-7D275P5" duration="00:00:00.1894269" startTime="2026-07-27T06:53:41.8947938+00:00" endTime="2026-07-27T06:53:41.8947942+00:00" testType="13cdc9d9-ddb5-4fa4-a97d-d965ccfc6d4b" outcome="Passed" testListId="8c84fa94-04c1-424b-9868-57a2d4851a1d" relativeResultsDirectory="80de4a51-900e-4a85-912a-bf61a67a1206" />
    <UnitTestResult executionId="af53af10-ae02-48b1-96c2-74bd8deb0b90" testId="c403672e-cf97-8eec-c9df-5a1245c6d1f1" testName="SamaEcole.FunctionalTests.Users.ResetUserPasswordEndpointsTests.A_Secretariat_Must_Not_Be_Allowed_To_Reset_Anyones_Password" computerName="DESKTOP-7D275P5" duration="00:00:00.1171608" startTime="2026-07-27T06:56:02.5151391+00:00" endTime="2026-07-27T06:56:02.5151392+00:00" testType="13cdc9d9-ddb5-4fa4-a97d-d965ccfc6d4b" outcome="Passed" testListId="8c84fa94-04c1-424b-9868-57a2d4851a1d" relativeResultsDirectory="af53af10-ae02-48b1-96c2-74bd8deb0b90" />
    <UnitTestResult executionId="296d5403-77fd-487e-b3fc-28ae181f94d7" testId="dad7efc1-68ef-ff98-bcdc-ff3f75582d12" testName="SamaEcole.FunctionalTests.Students.StudentImportEndpointsTests.A_Finance_Must_Not_Download_The_Import_Template" computerName="DESKTOP-7D275P5" duration="00:00:00.4865592" startTime="2026-07-27T06:56:53.7774380+00:00" endTime="2026-07-27T06:56:53.7774382+00:00" testType="13cdc9d9-ddb5-4fa4-a97d-d965ccfc6d4b" outcome="Passed" testListId="8c84fa94-04c1-424b-9868-57a2d4851a1d" relativeResultsDirectory="296d5403-77fd-487e-b3fc-28ae181f94d7" />
    <UnitTestResult executionId="2f1c94f1-8efa-4136-a193-947455ea32aa" testId="b1d14a5a-f0b0-3d60-129c-075893545cdc" testName="SamaEcole.FunctionalTests.Users.UserStatusEndpointsTests.Changing_Status_Without_A_Reason_Should_Be_Rejected" computerName="DESKTOP-7D275P5" duration="00:00:00.1213609" startTime="2026-07-27T06:55:48.5328778+00:00" endTime="2026-07-27T06:55:48.5328779+00:00" testType="13cdc9d9-ddb5-4fa4-a97d-d965ccfc6d4b" outcome="Passed" testListId="8c84fa94-04c1-424b-9868-57a2d4851a1d" relativeResultsDirectory="2f1c94f1-8efa-4136-a193-947455ea32aa" />
    <UnitTestResult executionId="dd4b6761-e3eb-49ed-9992-9359152109bf" testId="50c6637d-9a31-8d3b-59f4-48131e9bc029" testName="SamaEcole.FunctionalTests.SchoolYears.SchoolYearsEndpointsTests.Modifying_A_Year_Must_Not_Collide_With_Its_Own_Period" computerName="DESKTOP-7D275P5" duration="00:00:00.1397825" startTime="2026-07-27T06:54:09.2959899+00:00" endTime="2026-07-27T06:54:09.2959901+00:00" testType="13cdc9d9-ddb5-4fa4-a97d-d965ccfc6d4b" outcome="Passed" testListId="8c84fa94-04c1-424b-9868-57a2d4851a1d" relativeResultsDirectory="dd4b6761-e3eb-49ed-9992-9359152109bf" />
    <UnitTestResult executionId="e20eef9f-6e16-4de8-814f-a99b3c0d7d29" testId="f05d1657-b9af-60ea-1932-5a114a0259b4" testName="SamaEcole.FunctionalTests.AuditLogs.AuditLogsEndpointsTests.Recording_A_Payment_Should_Produce_A_Corresponding_Audit_Entry" computerName="DESKTOP-7D275P5" duration="00:00:00.6418925" startTime="2026-07-27T06:53:35.6442527+00:00" endTime="2026-07-27T06:53:35.6442530+00:00" testType="13cdc9d9-ddb5-4fa4-a97d-d965ccfc6d4b" outcome="Passed" testListId="8c84fa94-04c1-424b-9868-57a2d4851a1d" relativeResultsDirectory="e20eef9f-6e16-4de8-814f-a99b3c0d7d29" />
    <UnitTestResult executionId="a5aed8f3-3173-4807-8890-d8a1ee4c665f" testId="9fae2d2d-ea94-ef23-527f-a91c705c56ca" testName="SamaEcole.FunctionalTests.Enrollments.EnrollmentsEndpointsTests.Changing_The_Status_Of_An_Unknown_Enrollment_Should_Return_404" computerName="DESKTOP-7D275P5" duration="00:00:00.1684893" startTime="2026-07-27T06:52:51.4079748+00:00" endTime="2026-07-27T06:52:51.4079749+00:00" testType="13cdc9d9-ddb5-4fa4-a97d-d965ccfc6d4b" outcome="Passed" testListId="8c84fa94-04c1-424b-9868-57a2d4851a1d" relativeResultsDirectory="a5aed8f3-3173-4807-8890-d8a1ee4c665f" />
    <UnitTestResult executionId="670bcf20-4d01-4582-a9e3-15fa8a0e6de2" testId="b5017849-7af6-8187-fb91-c4a79dcf7364" testName="SamaEcole.FunctionalTests.Enrollments.EnrollmentsEndpointsTests.Fees_Collected_At_Enrollment_Should_Be_Itemised_On_The_Receipt" computerName="DESKTOP-7D275P5" duration="00:00:00.4023704" startTime="2026-07-27T06:52:59.3175493+00:00" endTime="2026-07-27T06:52:59.3175495+00:00" testType="13cdc9d9-ddb5-4fa4-a97d-d965ccfc6d4b" outcome="Passed" testListId="8c84fa94-04c1-424b-9868-57a2d4851a1d" relativeResultsDirectory="670bcf20-4d01-4582-a9e3-15fa8a0e6de2" />
    <UnitTestResult executionId="8c9f0553-1787-498f-92ac-d4c76f1404df" testId="a9def939-392d-f00a-f339-b752cf379453" testName="SamaEcole.FunctionalTests.Users.CreateUserEndpointsTests.Only_A_Directeur_May_Create_A_User(tokenFactoryName: &quot;SecretaireTokenAsync&quot;)" computerName="DESKTOP-7D275P5" duration="00:00:00.1105914" startTime="2026-07-27T06:53:53.6984240+00:00" endTime="2026-07-27T06:53:53.6984242+00:00" testType="13cdc9d9-ddb5-4fa4-a97d-d965ccfc6d4b" outcome="Passed" testListId="8c84fa94-04c1-424b-9868-57a2d4851a1d" relativeResultsDirectory="8c9f0553-1787-498f-92ac-d4c76f1404df" />
    <UnitTestResult executionId="4135da55-77c9-43bf-825a-d2e7b57e8d1c" testId="000f7e04-1bae-fd3b-1569-e52c28129ebe" testName="SamaEcole.FunctionalTests.Attendance.AttendanceEndpointsTests.Finance_Must_Not_Consult_An_Attendance_Sheet" computerName="DESKTOP-7D275P5" duration="00:00:00.8735826" startTime="2026-07-27T06:56:18.0022577+00:00" endTime="2026-07-27T06:56:18.0022592+00:00" testType="13cdc9d9-ddb5-4fa4-a97d-d965ccfc6d4b" outcome="Passed" testListId="8c84fa94-04c1-424b-9868-57a2d4851a1d" relativeResultsDirectory="4135da55-77c9-43bf-825a-d2e7b57e8d1c" />
    <UnitTestResult executionId="3e33aaff-3f08-4644-9dc5-e97ef314330d" testId="1c8a9b36-628e-5add-410e-16b576eb47fd" testName="SamaEcole.FunctionalTests.Students.StudentImportEndpointsTests.A_Finance_Must_Not_Import_Students" computerName="DESKTOP-7D275P5" duration="00:00:00.2756659" startTime="2026-07-27T06:56:54.5805016+00:00" endTime="2026-07-27T06:56:54.5805018+00:00" testType="13cdc9d9-ddb5-4fa4-a97d-d965ccfc6d4b" outcome="Passed" testListId="8c84fa94-04c1-424b-9868-57a2d4851a1d" relativeResultsDirectory="3e33aaff-3f08-4644-9dc5-e97ef314330d" />
    <UnitTestResult executionId="7e0f724e-2727-44d7-8d4d-2f3fabb83700" testId="e5d2f333-9e47-5b71-6d9e-732f9d1ee58c" testName="SamaEcole.FunctionalTests.Teachers.TeachersEndpointsTests.Finance_Must_Not_Update_A_Teacher" computerName="DESKTOP-7D275P5" duration="00:00:00.3009034" startTime="2026-07-27T06:53:25.3664025+00:00" endTime="2026-07-27T06:53:25.3664043+00:00" testType="13cdc9d9-ddb5-4fa4-a97d-d965ccfc6d4b" outcome="Passed" testListId="8c84fa94-04c1-424b-9868-57a2d4851a1d" relativeResultsDirectory="7e0f724e-2727-44d7-8d4d-2f3fabb83700" />
    <UnitTestResult executionId="9b482b7d-d278-4114-acf9-1291d5a6b5d5" testId="0f13b9a9-d97a-72f6-1dbc-722f1a075f03" testName="SamaEcole.FunctionalTests.Finance.FeesEndpointsTests.A_Finance_Can_Create_A_Fee_Category_Once_The_Directeur_Enables_Delegation" computerName="DESKTOP-7D275P5" duration="00:00:00.2256482" startTime="2026-07-27T06:56:41.2893482+00:00" endTime="2026-07-27T06:56:41.2893483+00:00" testType="13cdc9d9-ddb5-4fa4-a97d-d965ccfc6d4b" outcome="Passed" testListId="8c84fa94-04c1-424b-9868-57a2d4851a1d" relativeResultsDirectory="9b482b7d-d278-4114-acf9-1291d5a6b5d5" />
    <UnitTestResult executionId="58b4f4cf-a2c3-4b48-b964-e94f03066977" testId="f5c0b330-08e7-462e-7f4f-19233da9a2aa" testName="SamaEcole.FunctionalTests.SchoolYears.SchoolYearsEndpointsTests.A_Secretary_Must_Not_Modify_A_School_Year" computerName="DESKTOP-7D275P5" duration="00:00:00.2170732" startTime="2026-07-27T06:54:16.6178900+00:00" endTime="2026-07-27T06:54:16.6178902+00:00" testType="13cdc9d9-ddb5-4fa4-a97d-d965ccfc6d4b" outcome="Passed" testListId="8c84fa94-04c1-424b-9868-57a2d4851a1d" relativeResultsDirectory="58b4f4cf-a2c3-4b48-b964-e94f03066977" />
    <UnitTestResult executionId="0c2e77f1-7f79-4227-9fe8-777f531a1237" testId="e1f7dfa3-cc19-1e6d-f17d-d3a3d900db58" testName="SamaEcole.FunctionalTests.SchoolYears.SchoolYearsEndpointsTests.A_Secretary_Must_Not_Switch_The_Active_Year" computerName="DESKTOP-7D275P5" duration="00:00:00.2459106" startTime="2026-07-27T06:54:11.3640650+00:00" endTime="2026-07-27T06:54:11.3640651+00:00" testType="13cdc9d9-ddb5-4fa4-a97d-d965ccfc6d4b" outcome="Passed" testListId="8c84fa94-04c1-424b-9868-57a2d4851a1d" relativeResultsDirectory="0c2e77f1-7f79-4227-9fe8-777f531a1237" />
    <UnitTestResult executionId="e3880060-0fa1-43c0-9a70-a2116edc2476" testId="d995f17d-c82b-ac45-63ca-3e3f606fdc02" testName="SamaEcole.FunctionalTests.Finance.FeesEndpointsTests.An_Exception_Set_Per_Class_Should_Survive_A_Re_Applied_Standard" computerName="DESKTOP-7D275P5" duration="00:00:00.1615987" startTime="2026-07-27T06:56:39.8661950+00:00" endTime="2026-07-27T06:56:39.8661951+00:00" testType="13cdc9d9-ddb5-4fa4-a97d-d965ccfc6d4b" outcome="Passed" testListId="8c84fa94-04c1-424b-9868-57a2d4851a1d" relativeResultsDirectory="e3880060-0fa1-43c0-9a70-a2116edc2476" />
    <UnitTestResult executionId="629aa0fb-fa46-4004-8ca5-1948cbac03e7" testId="7747b84c-d9fa-31b8-9d74-da6b09a742aa" testName="SamaEcole.FunctionalTests.Users.UserStatusEndpointsTests.Blocking_A_User_Should_Immediately_Kill_Their_Existing_Session" computerName="DESKTOP-7D275P5" duration="00:00:00.2391534" startTime="2026-07-27T06:55:50.6210060+00:00" endTime="2026-07-27T06:55:50.6210061+00:00" testType="13cdc9d9-ddb5-4fa4-a97d-d965ccfc6d4b" outcome="Passed" testListId="8c84fa94-04c1-424b-9868-57a2d4851a1d" relativeResultsDirectory="629aa0fb-fa46-4004-8ca5-1948cbac03e7" />
    <UnitTestResult executionId="19b296fa-4a01-448e-bc7d-64c233f3e87a" testId="618340d5-e742-f38e-c4ae-aa4926721280" testName="SamaEcole.FunctionalTests.Finance.FeesEndpointsTests.Applying_A_Standard_To_One_Level_Should_Only_Cover_That_Level" computerName="DESKTOP-7D275P5" duration="00:00:00.1487273" startTime="2026-07-27T06:56:38.1587702+00:00" endTime="2026-07-27T06:56:38.1587708+00:00" testType="13cdc9d9-ddb5-4fa4-a97d-d965ccfc6d4b" outcome="Passed" testListId="8c84fa94-04c1-424b-9868-57a2d4851a1d" relativeResultsDirectory="19b296fa-4a01-448e-bc7d-64c233f3e87a" />
    <UnitTestResult executionId="0ad0ee94-fd00-4609-a712-9c0cf1b63371" testId="7dceddb2-a918-8631-65e7-694e401f1e10" testName="SamaEcole.FunctionalTests.SchoolYears.SchoolYearsEndpointsTests.Activating_Another_Year_Should_Deactivate_The_Previous_One" computerName="DESKTOP-7D275P5" duration="00:00:00.3468004" startTime="2026-07-27T06:54:05.7941856+00:00" endTime="2026-07-27T06:54:05.7941860+00:00" testType="13cdc9d9-ddb5-4fa4-a97d-d965ccfc6d4b" outcome="Passed" testListId="8c84fa94-04c1-424b-9868-57a2d4851a1d" relativeResultsDirectory="0ad0ee94-fd00-4609-a712-9c0cf1b63371" />
    <UnitTestResult executionId="77998ff2-c906-4506-b9ea-98d404012ed5" testId="dc0807b6-3da4-e0b4-0e11-36402d84695c" testName="SamaEcole.FunctionalTests.Finance.FeesEndpointsTests.Applying_A_Standard_Should_Create_One_Fee_Per_Classroom" computerName="DESKTOP-7D275P5" duration="00:00:00.1311292" startTime="2026-07-27T06:56:39.2470392+00:00" endTime="2026-07-27T06:56:39.2470394+00:00" testType="13cdc9d9-ddb5-4fa4-a97d-d965ccfc6d4b" outcome="Passed" testListId="8c84fa94-04c1-424b-9868-57a2d4851a1d" relativeResultsDirectory="77998ff2-c906-4506-b9ea-98d404012ed5" />
    <UnitTestResult executionId="e8c6a0da-6b4d-463f-9e41-39c3f78f3ad2" testId="35b1bbf7-1f9d-8a72-e6f7-581aa143602f" testName="SamaEcole.FunctionalTests.Users.ResetUserPasswordEndpointsTests.A_Weak_New_Password_Should_Be_Rejected" computerName="DESKTOP-7D275P5" duration="00:00:00.4393323" startTime="2026-07-27T06:55:58.8684565+00:00" endTime="2026-07-27T06:55:58.8684566+00:00" testType="13cdc9d9-ddb5-4fa4-a97d-d965ccfc6d4b" outcome="Passed" testListId="8c84fa94-04c1-424b-9868-57a2d4851a1d" relativeResultsDirectory="e8c6a0da-6b4d-463f-9e41-39c3f78f3ad2" />
    <UnitTestResult executionId="51c708de-b3b6-48aa-acbf-09af375abc4c" testId="4c6aab1c-a4e1-702a-88e7-4b6f7da260a3" testName="SamaEcole.FunctionalTests.Finance.FeesEndpointsTests.Deleting_A_Fee_With_A_Stale_RowVersion_Should_Return_409" computerName="DESKTOP-7D275P5" duration="00:00:00.1765194" startTime="2026-07-27T06:56:33.6427074+00:00" endTime="2026-07-27T06:56:33.6427077+00:00" testType="13cdc9d9-ddb5-4fa4-a97d-d965ccfc6d4b" outcome="Passed" testListId="8c84fa94-04c1-424b-9868-57a2d4851a1d" relativeResultsDirectory="51c708de-b3b6-48aa-acbf-09af375abc4c" />
    <UnitTestResult executionId="11d6428a-6770-4e58-8612-b34d7224d3bd" testId="3ca1ebf6-dc89-6702-4f9f-3c82e28d43fc" testName="SamaEcole.FunctionalTests.Reports.AttendanceReportEndpointsTests.Finance_And_Enseignant_Should_Be_Forbidden(role: &quot;Finance&quot;)" computerName="DESKTOP-7D275P5" duration="00:00:00.1458260" startTime="2026-07-27T06:55:03.7215687+00:00" endTime="2026-07-27T06:55:03.7215690+00:00" testType="13cdc9d9-ddb5-4fa4-a97d-d965ccfc6d4b" outcome="Passed" testListId="8c84fa94-04c1-424b-9868-57a2d4851a1d" relativeResultsDirectory="11d6428a-6770-4e58-8612-b34d7224d3bd" />
    <UnitTestResult executionId="f6cd1e4a-c0d3-4f8e-8c71-304d9d5ac9fc" testId="e1792343-bee4-daff-f710-325505ac74cd" testName="SamaEcole.FunctionalTests.Attendance.AttendanceEndpointsTests.Finance_Must_Not_Submit_An_Attendance_Sheet" computerName="DESKTOP-7D275P5" duration="00:00:00.2797200" startTime="2026-07-27T06:56:18.8689017+00:00" endTime="2026-07-27T06:56:18.8689018+00:00" testType="13cdc9d9-ddb5-4fa4-a97d-d965ccfc6d4b" outcome="Passed" testListId="8c84fa94-04c1-424b-9868-57a2d4851a1d" relativeResultsDirectory="f6cd1e4a-c0d3-4f8e-8c71-304d9d5ac9fc" />
    <UnitTestResult executionId="7063d842-07f9-4f85-b546-bb42af161b4a" testId="c01f30e9-5bb4-e861-f196-7329ab582b27" testName="SamaEcole.FunctionalTests.SchoolYears.SchoolYearsEndpointsTests.Listing_School_Years_Without_A_Token_Should_Return_401" computerName="DESKTOP-7D275P5" duration="00:00:00.0024672" startTime="2026-07-27T06:54:11.8540837+00:00" endTime="2026-07-27T06:54:11.8540838+00:00" testType="13cdc9d9-ddb5-4fa4-a97d-d965ccfc6d4b" outcome="Passed" testListId="8c84fa94-04c1-424b-9868-57a2d4851a1d" relativeResultsDirectory="7063d842-07f9-4f85-b546-bb42af161b4a" />
    <UnitTestResult executionId="efc96faf-ff27-4b01-8c16-b0443bbe35ea" testId="98487d8b-358d-a8f5-e8fe-b732bf307803" testName="SamaEcole.FunctionalTests.Users.UserStatusEndpointsTests.A_Directeur_Should_Not_Be_Able_To_Change_His_Own_Status" computerName="DESKTOP-7D275P5" duration="00:00:00.3397311" startTime="2026-07-27T06:55:47.8755555+00:00" endTime="2026-07-27T06:55:47.8755558+00:00" testType="13cdc9d9-ddb5-4fa4-a97d-d965ccfc6d4b" outcome="Passed" testListId="8c84fa94-04c1-424b-9868-57a2d4851a1d" relativeResultsDirectory="efc96faf-ff27-4b01-8c16-b0443bbe35ea" />
    <UnitTestResult executionId="4cf4f9c2-675d-492c-aa5f-c35cc910829d" testId="22a9e317-5e2d-fb79-62a1-71d4e302e607" testName="SamaEcole.FunctionalTests.Finance.FeesEndpointsTests.Deleting_An_Unknown_Fee_Category_Should_Return_404" computerName="DESKTOP-7D275P5" duration="00:00:00.1224571" startTime="2026-07-27T06:56:45.2572979+00:00" endTime="2026-07-27T06:56:45.2572981+00:00" testType="13cdc9d9-ddb5-4fa4-a97d-d965ccfc6d4b" outcome="Passed" testListId="8c84fa94-04c1-424b-9868-57a2d4851a1d" relativeResultsDirectory="4cf4f9c2-675d-492c-aa5f-c35cc910829d" />
    <UnitTestResult executionId="4f436cac-d1f8-4053-a880-6a3c728d687f" testId="e2a85b91-8c73-2e20-05ea-f7e359175c67" testName="SamaEcole.FunctionalTests.Finance.PaymentsEndpointsTests.The_Payment_Receipt_Can_Be_Downloaded_As_A_Pdf" computerName="DESKTOP-7D275P5" duration="00:00:00.4449803" startTime="2026-07-27T06:55:12.8779009+00:00" endTime="2026-07-27T06:55:12.8779010+00:00" testType="13cdc9d9-ddb5-4fa4-a97d-d965ccfc6d4b" outcome="Failed" testListId="8c84fa94-04c1-424b-9868-57a2d4851a1d" relativeResultsDirectory="4f436cac-d1f8-4053-a880-6a3c728d687f">
      <Output>
        <ErrorInfo>
          <Message>System.Net.Http.HttpRequestException : Response status code does not indicate success: 422 (Unprocessable Entity).</Message>
          <StackTrace>   at System.Net.Http.HttpResponseMessage.EnsureSuccessStatusCode()&#xD;
   at SamaEcole.FunctionalTests.Finance.PaymentsEndpointsTests.OpenFinanceSessionAsync(String token) in C:\Users\NCM\Documents\antigravity\sama_ecole\tests\SamaEcole.FunctionalTests\Finance\PaymentsEndpointsTests.cs:line 130&#xD;
   at SamaEcole.FunctionalTests.Finance.PaymentsEndpointsTests.The_Payment_Receipt_Can_Be_Downloaded_As_A_Pdf() in C:\Users\NCM\Documents\antigravity\sama_ecole\tests\SamaEcole.FunctionalTests\Finance\PaymentsEndpointsTests.cs:line 250&#xD;
--- End of stack trace from previous location ---</StackTrace>
        </ErrorInfo>
      </Output>
    </UnitTestResult>
    <UnitTestResult executionId="019b9a06-a398-4d6e-9a92-5d3a4ed7af1c" testId="84e7cb82-24f0-fcf5-fca3-0cfdfe3071d0" testName="SamaEcole.FunctionalTests.SchoolYears.SchoolYearsEndpointsTests.A_Secretary_Should_Still_Read_The_School_Years" computerName="DESKTOP-7D275P5" duration="00:00:00.2503496" startTime="2026-07-27T06:54:07.8773532+00:00" endTime="2026-07-27T06:54:07.8773534+00:00" testType="13cdc9d9-ddb5-4fa4-a97d-d965ccfc6d4b" outcome="Passed" testListId="8c84fa94-04c1-424b-9868-57a2d4851a1d" relativeResultsDirectory="019b9a06-a398-4d6e-9a92-5d3a4ed7af1c" />
    <UnitTestResult executionId="a0078d50-067d-4f2f-905f-6dc9c5d9be4d" testId="de63d79d-beb1-51cc-c013-7b8e7451104a" testName="SamaEcole.FunctionalTests.Enrollments.EnrollmentsEndpointsTests.A_Secretariat_Can_Declare_A_Dropout" computerName="DESKTOP-7D275P5" duration="00:00:00.6384584" startTime="2026-07-27T06:52:55.9817378+00:00" endTime="2026-07-27T06:52:55.9817380+00:00" testType="13cdc9d9-ddb5-4fa4-a97d-d965ccfc6d4b" outcome="Passed" testListId="8c84fa94-04c1-424b-9868-57a2d4851a1d" relativeResultsDirectory="a0078d50-067d-4f2f-905f-6dc9c5d9be4d" />
    <UnitTestResult executionId="62fa6646-ebbc-4fed-ba4a-cb8d3e92b2db" testId="3eb33571-9bd4-24c0-886a-255db9014563" testName="SamaEcole.FunctionalTests.SchoolYears.SchoolYearsEndpointsTests.The_First_Year_Of_A_School_Should_Be_Active_Straight_Away" computerName="DESKTOP-7D275P5" duration="00:00:00.3554163" startTime="2026-07-27T06:54:04.9327444+00:00" endTime="2026-07-27T06:54:04.9327446+00:00" testType="13cdc9d9-ddb5-4fa4-a97d-d965ccfc6d4b" outcome="Passed" testListId="8c84fa94-04c1-424b-9868-57a2d4851a1d" relativeResultsDirectory="62fa6646-ebbc-4fed-ba4a-cb8d3e92b2db" />
    <UnitTestResult executionId="676bdb6a-dec7-466b-b11c-2443e77fa1d9" testId="d12e255a-0109-5a7e-becb-e6243217c09c" testName="SamaEcole.FunctionalTests.AuditLogs.AuditLogsEndpointsTests.Creating_A_School_Should_Produce_An_Audit_Entry_Attributed_To_The_New_School" computerName="DESKTOP-7D275P5" duration="00:00:00.5379586" startTime="2026-07-27T06:53:40.5337011+00:00" endTime="2026-07-27T06:53:40.5337027+00:00" testType="13cdc9d9-ddb5-4fa4-a97d-d965ccfc6d4b" outcome="Failed" testListId="8c84fa94-04c1-424b-9868-57a2d4851a1d" relativeResultsDirectory="676bdb6a-dec7-466b-b11c-2443e77fa1d9">
      <Output>
        <ErrorInfo>
          <Message>Expected response.StatusCode to be HttpStatusCode.OK {value: 200}, but found HttpStatusCode.Forbidden {value: 403}.</Message>
          <StackTrace>   at FluentAssertions.Execution.XUnit2TestFramework.Throw(String message)&#xD;
   at FluentAssertions.Execution.TestFrameworkProvider.Throw(String message)&#xD;
   at FluentAssertions.Execution.DefaultAssertionStrategy.HandleFailure(String message)&#xD;
   at FluentAssertions.Execution.AssertionScope.FailWith(Func`1 failReasonFunc)&#xD;
   at FluentAssertions.Primitives.EnumAssertions`2.Be(TEnum expected, String because, Object[] becauseArgs)&#xD;
   at SamaEcole.FunctionalTests.AuditLogs.AuditLogsEndpointsTests.GetAuditLogsAsync(String token) in C:\Users\NCM\Documents\antigravity\sama_ecole\tests\SamaEcole.FunctionalTests\AuditLogs\AuditLogsEndpointsTests.cs:line 72&#xD;
   at SamaEcole.FunctionalTests.AuditLogs.AuditLogsEndpointsTests.Creating_A_School_Should_Produce_An_Audit_Entry_Attributed_To_The_New_School() in C:\Users\NCM\Documents\antigravity\sama_ecole\tests\SamaEcole.FunctionalTests\AuditLogs\AuditLogsEndpointsTests.cs:line 239&#xD;
--- End of stack trace from previous location ---</StackTrace>
        </ErrorInfo>
      </Output>
    </UnitTestResult>
    <UnitTestResult executionId="9bb0a420-34cb-4d57-a22d-3e3876a4a81d" testId="dfa6f39f-ee14-cf2e-ff24-9d82a3ea76fa" testName="SamaEcole.FunctionalTests.Finance.FeesEndpointsTests.A_Finance_Must_Not_Apply_A_Standard_Fee_By_Default" computerName="DESKTOP-7D275P5" duration="00:00:00.2230315" startTime="2026-07-27T06:56:27.8756709+00:00" endTime="2026-07-27T06:56:27.8756710+00:00" testType="13cdc9d9-ddb5-4fa4-a97d-d965ccfc6d4b" outcome="Passed" testListId="8c84fa94-04c1-424b-9868-57a2d4851a1d" relativeResultsDirectory="9bb0a420-34cb-4d57-a22d-3e3876a4a81d" />
    <UnitTestResult executionId="660254fc-4459-4276-9e28-35505f75b2e8" testId="78c36fd8-dc3b-dd0b-c949-dbdbab4266a4" testName="SamaEcole.FunctionalTests.Teachers.TeacherAssignmentsEndpointsTests.Finance_Must_Not_See_A_Teacher_Profile" computerName="DESKTOP-7D275P5" duration="00:00:00.2680916" startTime="2026-07-27T06:54:48.1765553+00:00" endTime="2026-07-27T06:54:48.1765555+00:00" testType="13cdc9d9-ddb5-4fa4-a97d-d965ccfc6d4b" outcome="Passed" testListId="8c84fa94-04c1-424b-9868-57a2d4851a1d" relativeResultsDirectory="660254fc-4459-4276-9e28-35505f75b2e8" />
    <UnitTestResult executionId="e4abc196-58b1-4f7f-a4ed-be528f315c01" testId="6ea0441e-1e7c-69dc-3861-da5fe10687f8" testName="SamaEcole.FunctionalTests.SchoolYears.SchoolYearsEndpointsTests.An_Already_Finished_Year_Should_Never_Become_Active" computerName="DESKTOP-7D275P5" duration="00:00:00.1163724" startTime="2026-07-27T06:54:15.2383642+00:00" endTime="2026-07-27T06:54:15.2383644+00:00" testType="13cdc9d9-ddb5-4fa4-a97d-d965ccfc6d4b" outcome="Passed" testListId="8c84fa94-04c1-424b-9868-57a2d4851a1d" relativeResultsDirectory="e4abc196-58b1-4f7f-a4ed-be528f315c01" />
    <UnitTestResult executionId="0e598210-77f7-4cb0-8592-1dd1711a29b9" testId="405fc222-2b36-2e96-e8ce-632dcbf8e0f0" testName="SamaEcole.FunctionalTests.Users.CreateUserEndpointsTests.Only_A_Directeur_May_Create_A_User(tokenFactoryName: &quot;FinanceTokenAsync&quot;)" computerName="DESKTOP-7D275P5" duration="00:00:00.1001071" startTime="2026-07-27T06:53:53.1238686+00:00" endTime="2026-07-27T06:53:53.1238687+00:00" testType="13cdc9d9-ddb5-4fa4-a97d-d965ccfc6d4b" outcome="Passed" testListId="8c84fa94-04c1-424b-9868-57a2d4851a1d" relativeResultsDirectory="0e598210-77f7-4cb0-8592-1dd1711a29b9" />
    <UnitTestResult executionId="30377128-848a-49ee-b321-e0c68767f587" testId="5508f882-d449-fba4-3608-f46277dd928c" testName="SamaEcole.FunctionalTests.Finance.FeesEndpointsTests.Duplicate_Category_Name_Should_Return_409" computerName="DESKTOP-7D275P5" duration="00:00:00.1282168" startTime="2026-07-27T06:56:44.6247244+00:00" endTime="2026-07-27T06:56:44.6247247+00:00" testType="13cdc9d9-ddb5-4fa4-a97d-d965ccfc6d4b" outcome="Passed" testListId="8c84fa94-04c1-424b-9868-57a2d4851a1d" relativeResultsDirectory="30377128-848a-49ee-b321-e0c68767f587" />
    <UnitTestResult executionId="830f354b-73e5-4792-b0ec-c730a2d56cd1" testId="691fb464-b1d8-3728-1de3-83853a0f5ac3" testName="SamaEcole.FunctionalTests.Finance.FeesEndpointsTests.A_Delete_Only_Delegation_Must_Not_Grant_Create_Or_Apply_Standard_Access" computerName="DESKTOP-7D275P5" duration="00:00:00.2382094" startTime="2026-07-27T06:56:42.6815600+00:00" endTime="2026-07-27T06:56:42.6815601+00:00" testType="13cdc9d9-ddb5-4fa4-a97d-d965ccfc6d4b" outcome="Passed" testListId="8c84fa94-04c1-424b-9868-57a2d4851a1d" relativeResultsDirectory="830f354b-73e5-4792-b0ec-c730a2d56cd1" />
    <UnitTestResult executionId="42252021-1855-4ae0-b415-6a029bdedd5e" testId="8965ff6d-7761-80f4-990e-313d9ed89cad" testName="SamaEcole.FunctionalTests.AuditLogs.AuditLogsEndpointsTests.The_Log_Should_Contain_Only_The_Directeurs_Own_Login_When_Nothing_Else_Has_Happened" computerName="DESKTOP-7D275P5" duration="00:00:00.1290056" startTime="2026-07-27T06:53:39.4557115+00:00" endTime="2026-07-27T06:53:39.4557125+00:00" testType="13cdc9d9-ddb5-4fa4-a97d-d965ccfc6d4b" outcome="Passed" testListId="8c84fa94-04c1-424b-9868-57a2d4851a1d" relativeResultsDirectory="42252021-1855-4ae0-b415-6a029bdedd5e" />
    <UnitTestResult executionId="eebef9ad-bce1-4c10-b919-72856f8e3e88" testId="bde6c0e5-a1ec-9936-eec5-9395c4caf661" testName="SamaEcole.FunctionalTests.Finance.FeesEndpointsTests.Updating_A_Fee_Should_Record_Its_History" computerName="DESKTOP-7D275P5" duration="00:00:00.1946930" startTime="2026-07-27T06:56:41.9676648+00:00" endTime="2026-07-27T06:56:41.9676649+00:00" testType="13cdc9d9-ddb5-4fa4-a97d-d965ccfc6d4b" outcome="Passed" testListId="8c84fa94-04c1-424b-9868-57a2d4851a1d" relativeResultsDirectory="eebef9ad-bce1-4c10-b919-72856f8e3e88" />
    <UnitTestResult executionId="779468da-5fd4-47ec-a4d2-1b9718e61274" testId="e7df65d2-bac2-4967-e8af-7c31777219c0" testName="SamaEcole.FunctionalTests.Enrollments.EnrollmentsEndpointsTests.A_Secretariat_Creates_An_Enrollment_With_The_Computed_Total_And_A_Readable_Receipt" computerName="DESKTOP-7D275P5" duration="00:00:01.2586768" startTime="2026-07-27T06:52:53.9079937+00:00" endTime="2026-07-27T06:52:53.9079940+00:00" testType="13cdc9d9-ddb5-4fa4-a97d-d965ccfc6d4b" outcome="Passed" testListId="8c84fa94-04c1-424b-9868-57a2d4851a1d" relativeResultsDirectory="779468da-5fd4-47ec-a4d2-1b9718e61274" />
    <UnitTestResult executionId="d9cd4fe5-e768-4c5c-a78f-01083213087e" testId="a9ad74bc-38f7-8861-1155-6c92298dca9d" testName="SamaEcole.FunctionalTests.Enrollments.EnrollmentsEndpointsTests.Cancelling_An_Enrollment_With_A_Stale_RowVersion_Should_Return_409" computerName="DESKTOP-7D275P5" duration="00:00:00.4610454" startTime="2026-07-27T06:53:02.0859876+00:00" endTime="2026-07-27T06:53:02.0859877+00:00" testType="13cdc9d9-ddb5-4fa4-a97d-d965ccfc6d4b" outcome="Passed" testListId="8c84fa94-04c1-424b-9868-57a2d4851a1d" relativeResultsDirectory="d9cd4fe5-e768-4c5c-a78f-01083213087e" />
    <UnitTestResult executionId="116ebc73-81e2-4550-8e1c-ef655468770c" testId="bace86fe-6adc-4df4-07fc-9636a31c2dc1" testName="SamaEcole.FunctionalTests.Finance.FeesEndpointsTests.Deleting_An_Unknown_Fee_Should_Return_404" computerName="DESKTOP-7D275P5" duration="00:00:00.1233629" startTime="2026-07-27T06:56:35.4401589+00:00" endTime="2026-07-27T06:56:35.4401590+00:00" testType="13cdc9d9-ddb5-4fa4-a97d-d965ccfc6d4b" outcome="Passed" testListId="8c84fa94-04c1-424b-9868-57a2d4851a1d" relativeResultsDirectory="116ebc73-81e2-4550-8e1c-ef655468770c" />
    <UnitTestResult executionId="2f1b7167-af3b-42a8-826c-7ae04f883d66" testId="79ffa526-58a7-97f1-4558-c04407658de1" testName="SamaEcole.FunctionalTests.AuditLogs.AuditLogsEndpointsTests.Only_A_Directeur_May_Read_The_Audit_Log(tokenFactoryName: &quot;SecretaireTokenAsync&quot;)" computerName="DESKTOP-7D275P5" duration="00:00:00.3652335" startTime="2026-07-27T06:53:32.6172673+00:00" endTime="2026-07-27T06:53:32.6172674+00:00" testType="13cdc9d9-ddb5-4fa4-a97d-d965ccfc6d4b" outcome="Passed" testListId="8c84fa94-04c1-424b-9868-57a2d4851a1d" relativeResultsDirectory="2f1b7167-af3b-42a8-826c-7ae04f883d66" />
    <UnitTestResult executionId="4872f2b3-117d-49c7-8a3e-a4e714e43017" testId="4236abb8-9f92-a4c7-fe80-eb8490eb67fd" testName="SamaEcole.FunctionalTests.AuditLogs.AuditLogsEndpointsTests.Login_Attempts_Past_The_Lockout_Threshold_Should_Produce_A_Lockout_Entry" computerName="DESKTOP-7D275P5" duration="00:00:00.7028038" startTime="2026-07-27T06:53:34.5078128+00:00" endTime="2026-07-27T06:53:34.5078131+00:00" testType="13cdc9d9-ddb5-4fa4-a97d-d965ccfc6d4b" outcome="Passed" testListId="8c84fa94-04c1-424b-9868-57a2d4851a1d" relativeResultsDirectory="4872f2b3-117d-49c7-8a3e-a4e714e43017" />
    <UnitTestResult executionId="276bca9a-03fd-419f-91b5-3415a0bc87f5" testId="3fe2a0c0-8da3-9cde-7f3f-99c06559d75a" testName="SamaEcole.FunctionalTests.Enrollments.EnrollmentsEndpointsTests.The_Students_List_Filters_On_The_Active_Year_Only_When_Asked" computerName="DESKTOP-7D275P5" duration="00:00:00.4564292" startTime="2026-07-27T06:53:03.1102889+00:00" endTime="2026-07-27T06:53:03.1102891+00:00" testType="13cdc9d9-ddb5-4fa4-a97d-d965ccfc6d4b" outcome="Passed" testListId="8c84fa94-04c1-424b-9868-57a2d4851a1d" relativeResultsDirectory="276bca9a-03fd-419f-91b5-3415a0bc87f5" />
    <UnitTestResult executionId="80e98857-145a-4284-bf6c-11694081c8fe" testId="c3171b91-04d0-379c-7f94-050a42f2a5e8" testName="SamaEcole.FunctionalTests.Users.UserStatusEndpointsTests.Changing_The_Status_Of_An_Unknown_User_Should_Return_404" computerName="DESKTOP-7D275P5" duration="00:00:00.1197350" startTime="2026-07-27T06:55:51.2676703+00:00" endTime="2026-07-27T06:55:51.2676705+00:00" testType="13cdc9d9-ddb5-4fa4-a97d-d965ccfc6d4b" outcome="Passed" testListId="8c84fa94-04c1-424b-9868-57a2d4851a1d" relativeResultsDirectory="80e98857-145a-4284-bf6c-11694081c8fe" />
    <UnitTestResult executionId="bfb7f418-6334-4e13-9baf-0f781959cf42" testId="5957d6fa-1273-324c-0663-6fad13f3e441" testName="SamaEcole.FunctionalTests.Enrollments.EnrollmentsEndpointsTests.Finance_Must_Not_Be_Allowed_To_Cancel_An_Enrollment" computerName="DESKTOP-7D275P5" duration="00:00:00.4701708" startTime="2026-07-27T06:53:06.5329271+00:00" endTime="2026-07-27T06:53:06.5329275+00:00" testType="13cdc9d9-ddb5-4fa4-a97d-d965ccfc6d4b" outcome="Passed" testListId="8c84fa94-04c1-424b-9868-57a2d4851a1d" relativeResultsDirectory="bfb7f418-6334-4e13-9baf-0f781959cf42" />
    <UnitTestResult executionId="4f1801c7-dcb6-4778-9beb-a70b561359e7" testId="2007a1f4-5139-fa2d-fb96-77748b7802c5" testName="SamaEcole.FunctionalTests.Finance.FeesEndpointsTests.A_Finance_Must_Not_Delete_A_Fee_By_Default" computerName="DESKTOP-7D275P5" duration="00:00:00.2805598" startTime="2026-07-27T06:56:27.1859735+00:00" endTime="2026-07-27T06:56:27.1859737+00:00" testType="13cdc9d9-ddb5-4fa4-a97d-d965ccfc6d4b" outcome="Passed" testListId="8c84fa94-04c1-424b-9868-57a2d4851a1d" relativeResultsDirectory="4f1801c7-dcb6-4778-9beb-a70b561359e7" />
    <UnitTestResult executionId="5513fd2c-700e-4676-be1b-8f39121d0502" testId="23167282-2fa1-79f0-47fd-fbbcac184e0d" testName="SamaEcole.FunctionalTests.Users.ResetUserPasswordEndpointsTests.Resetting_A_Password_Should_Kill_The_Existing_Session_And_Reject_The_Old_Password" computerName="DESKTOP-7D275P5" duration="00:00:00.4416601" startTime="2026-07-27T06:56:00.6613132+00:00" endTime="2026-07-27T06:56:00.6613134+00:00" testType="13cdc9d9-ddb5-4fa4-a97d-d965ccfc6d4b" outcome="Passed" testListId="8c84fa94-04c1-424b-9868-57a2d4851a1d" relativeResultsDirectory="5513fd2c-700e-4676-be1b-8f39121d0502" />
    <UnitTestResult executionId="289dbf81-0d7e-4275-baf3-5b7a862d898f" testId="fbc5e5b9-45b5-cf52-0e80-ca1a5ad7924f" testName="SamaEcole.FunctionalTests.Finance.FeesEndpointsTests.A_Secretary_Must_Not_Configure_Fees" computerName="DESKTOP-7D275P5" duration="00:00:00.2667537" startTime="2026-07-27T06:56:31.5380963+00:00" endTime="2026-07-27T06:56:31.5380964+00:00" testType="13cdc9d9-ddb5-4fa4-a97d-d965ccfc6d4b" outcome="Passed" testListId="8c84fa94-04c1-424b-9868-57a2d4851a1d" relativeResultsDirectory="289dbf81-0d7e-4275-baf3-5b7a862d898f" />
    <UnitTestResult executionId="ebf82bde-cd7a-41b0-83e0-2b1a39bd3984" testId="41b10be1-3acf-f03c-a035-e1c98b9da369" testName="SamaEcole.FunctionalTests.Users.UserStatusEndpointsTests.Blocked_User_Should_No_Longer_Obtain_A_Token" computerName="DESKTOP-7D275P5" duration="00:00:00.1203770" startTime="2026-07-27T06:55:51.8539102+00:00" endTime="2026-07-27T06:55:51.8539103+00:00" testType="13cdc9d9-ddb5-4fa4-a97d-d965ccfc6d4b" outcome="Passed" testListId="8c84fa94-04c1-424b-9868-57a2d4851a1d" relativeResultsDirectory="ebf82bde-cd7a-41b0-83e0-2b1a39bd3984" />
    <UnitTestResult executionId="302e0f0f-39c6-4a52-9a19-d12d3ad26550" testId="b67881db-e2d8-ca3b-e203-13d6dd82f438" testName="SamaEcole.FunctionalTests.Students.StudentPhotoEndpointsTests.A_Finance_Must_Not_Upload_A_Student_Photo" computerName="DESKTOP-7D275P5" duration="00:00:00.5969897" startTime="2026-07-27T06:57:01.7537882+00:00" endTime="2026-07-27T06:57:01.7537883+00:00" testType="13cdc9d9-ddb5-4fa4-a97d-d965ccfc6d4b" outcome="Passed" testListId="8c84fa94-04c1-424b-9868-57a2d4851a1d" relativeResultsDirectory="302e0f0f-39c6-4a52-9a19-d12d3ad26550" />
    <UnitTestResult executionId="13d68e40-615d-4e71-a525-c88436225d4e" testId="1cadc8f0-cf2d-f96b-d36b-31d0f1f8aaad" testName="SamaEcole.FunctionalTests.Students.StudentsEndpointsTests.A_Finance_Must_Not_Update_A_Student" computerName="DESKTOP-7D275P5" duration="00:00:00.6282064" startTime="2026-07-27T06:56:09.8914137+00:00" endTime="2026-07-27T06:56:09.8914142+00:00" testType="13cdc9d9-ddb5-4fa4-a97d-d965ccfc6d4b" outcome="Passed" testListId="8c84fa94-04c1-424b-9868-57a2d4851a1d" relativeResultsDirectory="13d68e40-615d-4e71-a525-c88436225d4e" />
    <UnitTestResult executionId="d5f02e4e-ebe9-46ed-99eb-ac654ab31283" testId="5486980e-4d72-4c63-0cb6-37a3c2679ebc" testName="SamaEcole.FunctionalTests.Finance.PaymentsEndpointsTests.The_Student_Balance_Endpoint_Reflects_The_Active_Enrollment" computerName="DESKTOP-7D275P5" duration="00:00:00.9582424" startTime="2026-07-27T06:55:11.2018683+00:00" endTime="2026-07-27T06:55:11.2018685+00:00" testType="13cdc9d9-ddb5-4fa4-a97d-d965ccfc6d4b" outcome="Passed" testListId="8c84fa94-04c1-424b-9868-57a2d4851a1d" relativeResultsDirectory="d5f02e4e-ebe9-46ed-99eb-ac654ab31283" />
    <UnitTestResult executionId="5032e4d3-89cf-49dd-aa25-0eca865232ad" testId="a8f50f41-8517-2a4c-8d50-fd80084d9bf6" testName="SamaEcole.FunctionalTests.SchoolYears.ExportSchoolYearEndpointsTests.Only_A_Directeur_May_Export_A_School_Year(tokenFactoryName: &quot;SecretaireTokenAsync&quot;)" computerName="DESKTOP-7D275P5" duration="00:00:00.5879212" startTime="2026-07-27T06:55:28.2901387+00:00" endTime="2026-07-27T06:55:28.2901389+00:00" testType="13cdc9d9-ddb5-4fa4-a97d-d965ccfc6d4b" outcome="Failed" testListId="8c84fa94-04c1-424b-9868-57a2d4851a1d" relativeResultsDirectory="5032e4d3-89cf-49dd-aa25-0eca865232ad">
      <Output>
        <ErrorInfo>
          <Message>System.Net.Http.HttpRequestException : Response status code does not indicate success: 422 (Unprocessable Entity).</Message>
          <StackTrace>   at System.Net.Http.HttpResponseMessage.EnsureSuccessStatusCode()&#xD;
   at SamaEcole.FunctionalTests.SchoolYears.ExportSchoolYearEndpointsTests.SeedEnrolledAndPaidStudentAsync() in C:\Users\NCM\Documents\antigravity\sama_ecole\tests\SamaEcole.FunctionalTests\SchoolYears\ExportSchoolYearEndpointsTests.cs:line 117&#xD;
   at SamaEcole.FunctionalTests.SchoolYears.ExportSchoolYearEndpointsTests.Only_A_Directeur_May_Export_A_School_Year(String tokenFactoryName) in C:\Users\NCM\Documents\antigravity\sama_ecole\tests\SamaEcole.FunctionalTests\SchoolYears\ExportSchoolYearEndpointsTests.cs:line 184&#xD;
--- End of stack trace from previous location ---</StackTrace>
        </ErrorInfo>
      </Output>
    </UnitTestResult>
    <UnitTestResult executionId="d978f5b8-8937-45bd-b7f8-062fac1a8630" testId="3943d61d-660d-a29a-0902-805b230605b6" testName="SamaEcole.FunctionalTests.Users.ResetUserPasswordEndpointsTests.The_New_Password_Should_Work_Immediately" computerName="DESKTOP-7D275P5" duration="00:00:00.3331882" startTime="2026-07-27T06:55:59.6785692+00:00" endTime="2026-07-27T06:55:59.6785695+00:00" testType="13cdc9d9-ddb5-4fa4-a97d-d965ccfc6d4b" outcome="Passed" testListId="8c84fa94-04c1-424b-9868-57a2d4851a1d" relativeResultsDirectory="d978f5b8-8937-45bd-b7f8-062fac1a8630" />
    <UnitTestResult executionId="7464ca43-0776-4c27-9416-28b4c433996b" testId="0717b883-cc58-a218-ecf6-4bef7b5a47a3" testName="SamaEcole.FunctionalTests.SchoolYears.ExportSchoolYearEndpointsTests.Exporting_Should_Produce_A_Corresponding_Audit_Entry" computerName="DESKTOP-7D275P5" duration="00:00:00.4725917" startTime="2026-07-27T06:55:29.3282301+00:00" endTime="2026-07-27T06:55:29.3282302+00:00" testType="13cdc9d9-ddb5-4fa4-a97d-d965ccfc6d4b" outcome="Failed" testListId="8c84fa94-04c1-424b-9868-57a2d4851a1d" relativeResultsDirectory="7464ca43-0776-4c27-9416-28b4c433996b">
      <Output>
        <ErrorInfo>
          <Message>System.Net.Http.HttpRequestException : Response status code does not indicate success: 422 (Unprocessable Entity).</Message>
          <StackTrace>   at System.Net.Http.HttpResponseMessage.EnsureSuccessStatusCode()&#xD;
   at SamaEcole.FunctionalTests.SchoolYears.ExportSchoolYearEndpointsTests.SeedEnrolledAndPaidStudentAsync() in C:\Users\NCM\Documents\antigravity\sama_ecole\tests\SamaEcole.FunctionalTests\SchoolYears\ExportSchoolYearEndpointsTests.cs:line 117&#xD;
   at SamaEcole.FunctionalTests.SchoolYears.ExportSchoolYearEndpointsTests.Exporting_Should_Produce_A_Corresponding_Audit_Entry() in C:\Users\NCM\Documents\antigravity\sama_ecole\tests\SamaEcole.FunctionalTests\SchoolYears\ExportSchoolYearEndpointsTests.cs:line 167&#xD;
--- End of stack trace from previous location ---</StackTrace>
        </ErrorInfo>
      </Output>
    </UnitTestResult>
    <UnitTestResult executionId="3f7b0471-2f94-4fc0-b8b8-17ec987c8a19" testId="5c17ad42-1064-e034-b72b-372742864c96" testName="SamaEcole.FunctionalTests.SchoolYears.SchoolYearsEndpointsTests.Duplicate_Label_In_The_Same_School_Should_Return_409" computerName="DESKTOP-7D275P5" duration="00:00:00.1350460" startTime="2026-07-27T06:54:14.5885951+00:00" endTime="2026-07-27T06:54:14.5885963+00:00" testType="13cdc9d9-ddb5-4fa4-a97d-d965ccfc6d4b" outcome="Passed" testListId="8c84fa94-04c1-424b-9868-57a2d4851a1d" relativeResultsDirectory="3f7b0471-2f94-4fc0-b8b8-17ec987c8a19" />
    <UnitTestResult executionId="1b3aebf3-a812-43e4-aa0b-9b0c9ecb1405" testId="2077f45d-8bcf-7c84-6a75-743dfe77966e" testName="SamaEcole.FunctionalTests.Users.CreateUserEndpointsTests.SuperAdmin_And_Directeur_Must_Not_Be_Assignable_Through_This_Endpoint(role: &quot;Directeur&quot;)" computerName="DESKTOP-7D275P5" duration="00:00:00.1192299" startTime="2026-07-27T06:53:51.9255183+00:00" endTime="2026-07-27T06:53:51.9255185+00:00" testType="13cdc9d9-ddb5-4fa4-a97d-d965ccfc6d4b" outcome="Passed" testListId="8c84fa94-04c1-424b-9868-57a2d4851a1d" relativeResultsDirectory="1b3aebf3-a812-43e4-aa0b-9b0c9ecb1405" />
    <UnitTestResult executionId="767b05ac-97dd-48db-91ee-f71a7adbfd78" testId="216c8e03-f455-bdd7-264f-4401de1efb14" testName="SamaEcole.FunctionalTests.AuditLogs.AuditLogsEndpointsTests.Changing_A_User_Status_Should_Produce_A_Corresponding_Audit_Entry" computerName="DESKTOP-7D275P5" duration="00:00:00.2122306" startTime="2026-07-27T06:53:42.6391489+00:00" endTime="2026-07-27T06:53:42.6391491+00:00" testType="13cdc9d9-ddb5-4fa4-a97d-d965ccfc6d4b" outcome="Passed" testListId="8c84fa94-04c1-424b-9868-57a2d4851a1d" relativeResultsDirectory="767b05ac-97dd-48db-91ee-f71a7adbfd78" />
    <UnitTestResult executionId="1da8a0d2-1436-4163-975b-18bde51728f6" testId="2a3c5a01-fd41-e509-4676-75d10d40327d" testName="SamaEcole.FunctionalTests.Users.UserStatusEndpointsTests.A_Secretariat_Must_Not_Be_Allowed_To_Suspend_Anyone" computerName="DESKTOP-7D275P5" duration="00:00:00.1162361" startTime="2026-07-27T06:55:49.1990830+00:00" endTime="2026-07-27T06:55:49.1990831+00:00" testType="13cdc9d9-ddb5-4fa4-a97d-d965ccfc6d4b" outcome="Passed" testListId="8c84fa94-04c1-424b-9868-57a2d4851a1d" relativeResultsDirectory="1da8a0d2-1436-4163-975b-18bde51728f6" />
    <UnitTestResult executionId="10fbdc9e-f2d7-4c32-939a-069ba08c6d24" testId="2b3a19fe-bead-a637-3e48-b90c8702304f" testName="SamaEcole.FunctionalTests.AuditLogs.AuditLogsEndpointsTests.A_Failed_Attempt_Should_Produce_A_Failure_Entry_With_A_Reason" computerName="DESKTOP-7D275P5" duration="00:00:00.1472687" startTime="2026-07-27T06:53:41.2169421+00:00" endTime="2026-07-27T06:53:41.2169424+00:00" testType="13cdc9d9-ddb5-4fa4-a97d-d965ccfc6d4b" outcome="Passed" testListId="8c84fa94-04c1-424b-9868-57a2d4851a1d" relativeResultsDirectory="10fbdc9e-f2d7-4c32-939a-069ba08c6d24" />
    <UnitTestResult executionId="71b9b9c3-33c6-4131-8358-e975e05f9f5c" testId="40678b22-caa2-cfac-5e67-c99209569eaa" testName="SamaEcole.FunctionalTests.Finance.FeesEndpointsTests.Updating_An_Unknown_Fee_Should_Return_404" computerName="DESKTOP-7D275P5" duration="00:00:00.4143407" startTime="2026-07-27T06:56:25.6469421+00:00" endTime="2026-07-27T06:56:25.6469424+00:00" testType="13cdc9d9-ddb5-4fa4-a97d-d965ccfc6d4b" outcome="Passed" testListId="8c84fa94-04c1-424b-9868-57a2d4851a1d" relativeResultsDirectory="71b9b9c3-33c6-4131-8358-e975e05f9f5c" />
    <UnitTestResult executionId="ab59d78b-f8c2-405f-b415-f4cc1e6bf0b3" testId="85f1e160-26e0-a933-c098-a5f44f654809" testName="SamaEcole.FunctionalTests.AuditLogs.AuditLogsEndpointsTests.SuperAdmin_Login_Should_Not_Produce_Any_Tenant_Audit_Entry" computerName="DESKTOP-7D275P5" duration="00:00:00.2047291" startTime="2026-07-27T06:53:37.9944212+00:00" endTime="2026-07-27T06:53:37.9944214+00:00" testType="13cdc9d9-ddb5-4fa4-a97d-d965ccfc6d4b" outcome="Passed" testListId="8c84fa94-04c1-424b-9868-57a2d4851a1d" relativeResultsDirectory="ab59d78b-f8c2-405f-b415-f4cc1e6bf0b3" />
    <UnitTestResult executionId="fb0d5c02-ec79-41e1-a38c-40a7c654dcab" testId="f096b7c4-4f43-6adf-91c9-51c8f17de32c" testName="SamaEcole.FunctionalTests.Users.CreateUserEndpointsTests.The_List_Should_Show_The_Created_User_And_Flag_The_Actor_As_Self" computerName="DESKTOP-7D275P5" duration="00:00:00.2488981" startTime="2026-07-27T06:53:57.1051184+00:00" endTime="2026-07-27T06:53:57.1051187+00:00" testType="13cdc9d9-ddb5-4fa4-a97d-d965ccfc6d4b" outcome="Passed" testListId="8c84fa94-04c1-424b-9868-57a2d4851a1d" relativeResultsDirectory="fb0d5c02-ec79-41e1-a38c-40a7c654dcab" />
    <UnitTestResult executionId="e2f6a5eb-4e78-4100-ad00-c0bf3a8943d7" testId="0abc479d-9689-8d71-11db-656d6d6bbb66" testName="SamaEcole.FunctionalTests.Finance.FinanceDashboardEndpointsTests.Dashboard_Shows_Zero_When_Nothing_Is_Due_Or_Collected" computerName="DESKTOP-7D275P5" duration="00:00:00.6663359" startTime="2026-07-27T06:55:38.8996149+00:00" endTime="2026-07-27T06:55:38.8996160+00:00" testType="13cdc9d9-ddb5-4fa4-a97d-d965ccfc6d4b" outcome="Passed" testListId="8c84fa94-04c1-424b-9868-57a2d4851a1d" relativeResultsDirectory="e2f6a5eb-4e78-4100-ad00-c0bf3a8943d7" />
    <UnitTestResult executionId="809e9a90-165f-4fa0-b310-2952568413c7" testId="f047a954-e41b-bd30-852e-a38430d0d5f1" testName="SamaEcole.FunctionalTests.Enrollments.EnrollmentsEndpointsTests.Finance_Must_Not_Be_Allowed_To_Change_An_Enrollment_Status" computerName="DESKTOP-7D275P5" duration="00:00:00.4689374" startTime="2026-07-27T06:53:01.0242615+00:00" endTime="2026-07-27T06:53:01.0242616+00:00" testType="13cdc9d9-ddb5-4fa4-a97d-d965ccfc6d4b" outcome="Passed" testListId="8c84fa94-04c1-424b-9868-57a2d4851a1d" relativeResultsDirectory="809e9a90-165f-4fa0-b310-2952568413c7" />
    <UnitTestResult executionId="b4989d98-ef26-4486-b65e-7f9969d03600" testId="a880f8e5-713f-4c4c-350c-e69df37e7008" testName="SamaEcole.FunctionalTests.Finance.FeesEndpointsTests.A_Finance_Can_Delete_A_Fee_Once_The_Directeur_Enables_Delegation" computerName="DESKTOP-7D275P5" duration="00:00:00.2784492" startTime="2026-07-27T06:56:32.2651593+00:00" endTime="2026-07-27T06:56:32.2651594+00:00" testType="13cdc9d9-ddb5-4fa4-a97d-d965ccfc6d4b" outcome="Passed" testListId="8c84fa94-04c1-424b-9868-57a2d4851a1d" relativeResultsDirectory="b4989d98-ef26-4486-b65e-7f9969d03600" />
    <UnitTestResult executionId="3bf0d4c2-11e5-463a-a388-2f61d466cb7f" testId="2e972ce1-a92a-8439-0371-8958dc3170c3" testName="SamaEcole.FunctionalTests.Grades.GradeImportEndpointsTests.A_Finance_Must_Not_Export_The_Grade_Sheet" computerName="DESKTOP-7D275P5" duration="00:00:00.6786043" startTime="2026-07-27T06:53:14.9246283+00:00" endTime="2026-07-27T06:53:14.9246285+00:00" testType="13cdc9d9-ddb5-4fa4-a97d-d965ccfc6d4b" outcome="Passed" testListId="8c84fa94-04c1-424b-9868-57a2d4851a1d" relativeResultsDirectory="3bf0d4c2-11e5-463a-a388-2f61d466cb7f" />
    <UnitTestResult executionId="0ea1ea69-cf35-42c6-b302-282d8c082d86" testId="b5759cfa-1871-67e0-0b47-39e8ff5a3101" testName="SamaEcole.FunctionalTests.Finance.FeesEndpointsTests.A_Finance_Must_Not_Modify_A_Fee_By_Default" computerName="DESKTOP-7D275P5" duration="00:00:00.2517128" startTime="2026-07-27T06:56:28.6176739+00:00" endTime="2026-07-27T06:56:28.6176741+00:00" testType="13cdc9d9-ddb5-4fa4-a97d-d965ccfc6d4b" outcome="Passed" testListId="8c84fa94-04c1-424b-9868-57a2d4851a1d" relativeResultsDirectory="0ea1ea69-cf35-42c6-b302-282d8c082d86" />
    <UnitTestResult executionId="ac6bd4b5-701e-4d77-b61d-27c9506bae3d" testId="1ae9504e-f370-e7ce-7507-f4b6d461bba5" testName="SamaEcole.FunctionalTests.Classrooms.ClassroomsEndpointsTests.A_Finance_Must_Not_Update_A_Classroom" computerName="DESKTOP-7D275P5" duration="00:00:00.4861367" startTime="2026-07-27T06:54:24.2887079+00:00" endTime="2026-07-27T06:54:24.2887081+00:00" testType="13cdc9d9-ddb5-4fa4-a97d-d965ccfc6d4b" outcome="Passed" testListId="8c84fa94-04c1-424b-9868-57a2d4851a1d" relativeResultsDirectory="ac6bd4b5-701e-4d77-b61d-27c9506bae3d" />
    <UnitTestResult executionId="64bc3692-c449-4aba-888a-0691ff085b6d" testId="373e0b3e-e6ca-5e56-b529-d238f1677ef6" testName="SamaEcole.FunctionalTests.Finance.PaymentsEndpointsTests.A_Payment_Larger_Than_The_Remaining_Balance_Is_Refused" computerName="DESKTOP-7D275P5" duration="00:00:00.4245119" startTime="2026-07-27T06:55:13.8739744+00:00" endTime="2026-07-27T06:55:13.8739745+00:00" testType="13cdc9d9-ddb5-4fa4-a97d-d965ccfc6d4b" outcome="Failed" testListId="8c84fa94-04c1-424b-9868-57a2d4851a1d" relativeResultsDirectory="64bc3692-c449-4aba-888a-0691ff085b6d">
      <Output>
        <ErrorInfo>
          <Message>System.Net.Http.HttpRequestException : Response status code does not indicate success: 422 (Unprocessable Entity).</Message>
          <StackTrace>   at System.Net.Http.HttpResponseMessage.EnsureSuccessStatusCode()&#xD;
   at SamaEcole.FunctionalTests.Finance.PaymentsEndpointsTests.OpenFinanceSessionAsync(String token) in C:\Users\NCM\Documents\antigravity\sama_ecole\tests\SamaEcole.FunctionalTests\Finance\PaymentsEndpointsTests.cs:line 130&#xD;
   at SamaEcole.FunctionalTests.Finance.PaymentsEndpointsTests.A_Payment_Larger_Than_The_Remaining_Balance_Is_Refused() in C:\Users\NCM\Documents\antigravity\sama_ecole\tests\SamaEcole.FunctionalTests\Finance\PaymentsEndpointsTests.cs:line 224&#xD;
--- End of stack trace from previous location ---</StackTrace>
        </ErrorInfo>
      </Output>
    </UnitTestResult>
    <UnitTestResult executionId="e5966082-9935-465e-b0d1-52bc17cf4aed" testId="c23b526c-05e3-7a2d-64e4-0bde0bf4a28f" testName="SamaEcole.FunctionalTests.Enrollments.EnrollmentsEndpointsTests.An_Enrollment_Without_Any_Collection_Should_Not_Create_A_Payment" computerName="DESKTOP-7D275P5" duration="00:00:00.3271470" startTime="2026-07-27T06:52:54.8146558+00:00" endTime="2026-07-27T06:52:54.8146561+00:00" testType="13cdc9d9-ddb5-4fa4-a97d-d965ccfc6d4b" outcome="Passed" testListId="8c84fa94-04c1-424b-9868-57a2d4851a1d" relativeResultsDirectory="e5966082-9935-465e-b0d1-52bc17cf4aed" />
    <UnitTestResult executionId="3d1e75f1-6dcc-4851-bc36-331959acfff3" testId="1f4be7ca-a7a0-0c6b-9fa3-b24ecb899c25" testName="SamaEcole.FunctionalTests.SchoolYears.SchoolYearsEndpointsTests.Modifying_A_Year_Into_An_Overlap_Should_Return_422" computerName="DESKTOP-7D275P5" duration="00:00:00.1556368" startTime="2026-07-27T06:54:06.4708032+00:00" endTime="2026-07-27T06:54:06.4708034+00:00" testType="13cdc9d9-ddb5-4fa4-a97d-d965ccfc6d4b" outcome="Passed" testListId="8c84fa94-04c1-424b-9868-57a2d4851a1d" relativeResultsDirectory="3d1e75f1-6dcc-4851-bc36-331959acfff3" />
    <UnitTestResult executionId="d4efc85d-048c-4373-910d-ea16fa46efd9" testId="41752a31-6454-656f-8258-342f84f390bb" testName="SamaEcole.FunctionalTests.Finance.FeesEndpointsTests.A_Directeur_Can_Delete_A_Fee_Category_Cascading_Its_Fees" computerName="DESKTOP-7D275P5" duration="00:00:00.2818866" startTime="2026-07-27T06:56:26.4194593+00:00" endTime="2026-07-27T06:56:26.4194594+00:00" testType="13cdc9d9-ddb5-4fa4-a97d-d965ccfc6d4b" outcome="Passed" testListId="8c84fa94-04c1-424b-9868-57a2d4851a1d" relativeResultsDirectory="d4efc85d-048c-4373-910d-ea16fa46efd9" />
    <UnitTestResult executionId="f3ddb126-890c-4213-bd33-fc58ad4cb1c6" testId="d9fea326-d9cb-1e28-4d33-e2df22aa6bec" testName="SamaEcole.FunctionalTests.Enrollments.EnrollmentsEndpointsTests.Finance_Must_Not_Be_Allowed_To_Create_An_Enrollment" computerName="DESKTOP-7D275P5" duration="00:00:00.1190091" startTime="2026-07-27T06:53:00.0007089+00:00" endTime="2026-07-27T06:53:00.0007091+00:00" testType="13cdc9d9-ddb5-4fa4-a97d-d965ccfc6d4b" outcome="Passed" testListId="8c84fa94-04c1-424b-9868-57a2d4851a1d" relativeResultsDirectory="f3ddb126-890c-4213-bd33-fc58ad4cb1c6" />
    <UnitTestResult executionId="121ea652-7bdf-4a37-9adf-6ed33cbfd4e1" testId="a82c271f-7610-4798-eb1d-0847a6b3e3de" testName="SamaEcole.FunctionalTests.Teachers.TeachersEndpointsTests.Finance_Must_Not_List_Teachers" computerName="DESKTOP-7D275P5" duration="00:00:00.5121668" startTime="2026-07-27T06:53:22.5469112+00:00" endTime="2026-07-27T06:53:22.5469114+00:00" testType="13cdc9d9-ddb5-4fa4-a97d-d965ccfc6d4b" outcome="Passed" testListId="8c84fa94-04c1-424b-9868-57a2d4851a1d" relativeResultsDirectory="121ea652-7bdf-4a37-9adf-6ed33cbfd4e1" />
    <UnitTestResult executionId="df182ba5-0c50-4d06-9f13-eae0c0436304" testId="0e1cafe1-adc2-19a0-5b00-54b79be2016f" testName="SamaEcole.FunctionalTests.Enrollments.EnrollmentsEndpointsTests.The_Official_Receipt_Can_Be_Downloaded_As_A_Pdf" computerName="DESKTOP-7D275P5" duration="00:00:01.1666658" startTime="2026-07-27T06:53:04.9179233+00:00" endTime="2026-07-27T06:53:04.9179239+00:00" testType="13cdc9d9-ddb5-4fa4-a97d-d965ccfc6d4b" outcome="Passed" testListId="8c84fa94-04c1-424b-9868-57a2d4851a1d" relativeResultsDirectory="df182ba5-0c50-4d06-9f13-eae0c0436304" />
    <UnitTestResult executionId="edc400f2-3ee7-4eb4-8308-07777b6a7af2" testId="c2f73298-d1d5-3e06-2147-ed332c737625" testName="SamaEcole.FunctionalTests.Finance.PaymentsEndpointsTests.The_Balance_Of_An_Unknown_Student_Returns_404" computerName="DESKTOP-7D275P5" duration="00:00:00.1423493" startTime="2026-07-27T06:55:14.5618624+00:00" endTime="2026-07-27T06:55:14.5618627+00:00" testType="13cdc9d9-ddb5-4fa4-a97d-d965ccfc6d4b" outcome="Passed" testListId="8c84fa94-04c1-424b-9868-57a2d4851a1d" relativeResultsDirectory="edc400f2-3ee7-4eb4-8308-07777b6a7af2" />
    <UnitTestResult executionId="2e74c198-493c-4008-9c72-ba9e2a9f321f" testId="b4a66bed-30c0-23cc-2dbe-a50733137345" testName="SamaEcole.FunctionalTests.Enrollments.EnrollmentsEndpointsTests.Creating_An_Enrollment_Without_A_Token_Should_Return_401" computerName="DESKTOP-7D275P5" duration="00:00:00.0063375" startTime="2026-07-27T06:53:05.4755013+00:00" endTime="2026-07-27T06:53:05.4755015+00:00" testType="13cdc9d9-ddb5-4fa4-a97d-d965ccfc6d4b" outcome="Passed" testListId="8c84fa94-04c1-424b-9868-57a2d4851a1d" relativeResultsDirectory="2e74c198-493c-4008-9c72-ba9e2a9f321f" />
    <UnitTestResult executionId="719bb1e3-f6dd-47ac-8ab1-b0eaed60d2ac" testId="72e63dd6-4188-e5ae-e6e2-0c9db7e1dd21" testName="SamaEcole.FunctionalTests.Finance.FeesEndpointsTests.A_Finance_Must_Not_Create_A_Fee_Category_By_Default" computerName="DESKTOP-7D275P5" duration="00:00:00.2114460" startTime="2026-07-27T06:56:30.8273966+00:00" endTime="2026-07-27T06:56:30.8273969+00:00" testType="13cdc9d9-ddb5-4fa4-a97d-d965ccfc6d4b" outcome="Passed" testListId="8c84fa94-04c1-424b-9868-57a2d4851a1d" relativeResultsDirectory="719bb1e3-f6dd-47ac-8ab1-b0eaed60d2ac" />
    <UnitTestResult executionId="2f022e10-dc50-4d63-b9ca-f72a61150378" testId="550d4969-c78c-1140-a02a-dad90c43cb05" testName="SamaEcole.FunctionalTests.SchoolYears.SchoolYearsEndpointsTests.Modifying_A_Finished_Year_Should_Be_Refused" computerName="DESKTOP-7D275P5" duration="00:00:00.1769581" startTime="2026-07-27T06:54:13.1784677+00:00" endTime="2026-07-27T06:54:13.1784689+00:00" testType="13cdc9d9-ddb5-4fa4-a97d-d965ccfc6d4b" outcome="Passed" testListId="8c84fa94-04c1-424b-9868-57a2d4851a1d" relativeResultsDirectory="2f022e10-dc50-4d63-b9ca-f72a61150378" />
    <UnitTestResult executionId="b6c5970e-1e6e-4c55-a6ec-2040c95cebeb" testId="2fbb7ff1-a01c-28de-ccb3-e2837404ba91" testName="SamaEcole.FunctionalTests.Finance.FeesEndpointsTests.Re_Applying_A_Standard_With_Overwrite_Should_Realign_Every_Class" computerName="DESKTOP-7D275P5" duration="00:00:00.1862040" startTime="2026-07-27T06:56:36.1326097+00:00" endTime="2026-07-27T06:56:36.1326099+00:00" testType="13cdc9d9-ddb5-4fa4-a97d-d965ccfc6d4b" outcome="Passed" testListId="8c84fa94-04c1-424b-9868-57a2d4851a1d" relativeResultsDirectory="b6c5970e-1e6e-4c55-a6ec-2040c95cebeb" />
    <UnitTestResult executionId="ef8e61c0-4744-4291-a299-e376882312b4" testId="50dc0605-9682-35f9-babd-e77748101e99" testName="SamaEcole.FunctionalTests.SchoolYears.SchoolYearsEndpointsTests.Activating_Without_The_Right_Password_Should_Be_Refused" computerName="DESKTOP-7D275P5" duration="00:00:00.2336883" startTime="2026-07-27T06:54:08.6546530+00:00" endTime="2026-07-27T06:54:08.6546532+00:00" testType="13cdc9d9-ddb5-4fa4-a97d-d965ccfc6d4b" outcome="Passed" testListId="8c84fa94-04c1-424b-9868-57a2d4851a1d" relativeResultsDirectory="ef8e61c0-4744-4291-a299-e376882312b4" />
    <UnitTestResult executionId="47eef18e-c8e2-4135-ba89-5f97dd472ec9" testId="b6bbc2e2-15fb-1ff5-9cf2-960c7973ab55" testName="SamaEcole.FunctionalTests.Finance.FinanceDashboardEndpointsTests.A_Secretariat_Must_Not_Be_Allowed_To_View_The_Dashboard" computerName="DESKTOP-7D275P5" duration="00:00:00.1517899" startTime="2026-07-27T06:55:39.6049700+00:00" endTime="2026-07-27T06:55:39.6049704+00:00" testType="13cdc9d9-ddb5-4fa4-a97d-d965ccfc6d4b" outcome="Passed" testListId="8c84fa94-04c1-424b-9868-57a2d4851a1d" relativeResultsDirectory="47eef18e-c8e2-4135-ba89-5f97dd472ec9" />
    <UnitTestResult executionId="eed97773-862a-41b1-9ff2-053f1099921f" testId="bc09074e-aa0d-44d3-d391-bee9e1825561" testName="SamaEcole.FunctionalTests.SchoolYears.SchoolYearsEndpointsTests.A_Directeur_Can_Extend_The_Current_Year_And_The_Terms_Follow" computerName="DESKTOP-7D275P5" duration="00:00:00.1609324" startTime="2026-07-27T06:54:15.8926545+00:00" endTime="2026-07-27T06:54:15.8926548+00:00" testType="13cdc9d9-ddb5-4fa4-a97d-d965ccfc6d4b" outcome="Passed" testListId="8c84fa94-04c1-424b-9868-57a2d4851a1d" relativeResultsDirectory="eed97773-862a-41b1-9ff2-053f1099921f" />
    <UnitTestResult executionId="6d470494-c52b-4bf8-bed4-ce4116af4b29" testId="b2f7ef05-508c-4877-e1ac-e8f7ff62f03c" testName="SamaEcole.FunctionalTests.Users.CreateUserEndpointsTests.SuperAdmin_And_Directeur_Must_Not_Be_Assignable_Through_This_Endpoint(role: &quot;SuperAdmin&quot;)" computerName="DESKTOP-7D275P5" duration="00:00:00.1116179" startTime="2026-07-27T06:53:52.5555552+00:00" endTime="2026-07-27T06:53:52.5555555+00:00" testType="13cdc9d9-ddb5-4fa4-a97d-d965ccfc6d4b" outcome="Passed" testListId="8c84fa94-04c1-424b-9868-57a2d4851a1d" relativeResultsDirectory="6d470494-c52b-4bf8-bed4-ce4116af4b29" />
    <UnitTestResult executionId="078a644e-dd7d-4f7b-ad2c-efdd5233e532" testId="713b8079-6d12-a713-35f2-e83137664e4a" testName="SamaEcole.FunctionalTests.Finance.DailyCashRegisterTest.TestGetDailyCashRegister" computerName="DESKTOP-7D275P5" duration="00:00:00.5873649" startTime="2026-07-27T06:54:55.2965404+00:00" endTime="2026-07-27T06:54:55.2965408+00:00" testType="13cdc9d9-ddb5-4fa4-a97d-d965ccfc6d4b" outcome="Passed" testListId="8c84fa94-04c1-424b-9868-57a2d4851a1d" relativeResultsDirectory="078a644e-dd7d-4f7b-ad2c-efdd5233e532" />
    <UnitTestResult executionId="57c59e15-a71b-4085-8b5b-d0d41a08170c" testId="f65e21cd-e98e-4fa9-9c09-ec4a58eb90be" testName="SamaEcole.FunctionalTests.Finance.PaymentsEndpointsTests.Finance_Records_A_Partial_Payment_And_Gets_A_Receipt_Number_And_Balance" computerName="DESKTOP-7D275P5" duration="00:00:00.4697755" startTime="2026-07-27T06:55:17.2097878+00:00" endTime="2026-07-27T06:55:17.2097879+00:00" testType="13cdc9d9-ddb5-4fa4-a97d-d965ccfc6d4b" outcome="Failed" testListId="8c84fa94-04c1-424b-9868-57a2d4851a1d" relativeResultsDirectory="57c59e15-a71b-4085-8b5b-d0d41a08170c">
      <Output>
        <ErrorInfo>
          <Message>System.Net.Http.HttpRequestException : Response status code does not indicate success: 422 (Unprocessable Entity).</Message>
          <StackTrace>   at System.Net.Http.HttpResponseMessage.EnsureSuccessStatusCode()&#xD;
   at SamaEcole.FunctionalTests.Finance.PaymentsEndpointsTests.OpenFinanceSessionAsync(String token) in C:\Users\NCM\Documents\antigravity\sama_ecole\tests\SamaEcole.FunctionalTests\Finance\PaymentsEndpointsTests.cs:line 130&#xD;
   at SamaEcole.FunctionalTests.Finance.PaymentsEndpointsTests.Finance_Records_A_Partial_Payment_And_Gets_A_Receipt_Number_And_Balance() in C:\Users\NCM\Documents\antigravity\sama_ecole\tests\SamaEcole.FunctionalTests\Finance\PaymentsEndpointsTests.cs:line 185&#xD;
--- End of stack trace from previous location ---</StackTrace>
        </ErrorInfo>
      </Output>
    </UnitTestResult>
    <UnitTestResult executionId="1aa1acc1-60de-485c-a60c-4a391e381474" testId="0238aaba-e9ed-d1be-659f-34c13f3de73c" testName="SamaEcole.FunctionalTests.SchoolYears.SchoolYearsEndpointsTests.Creating_A_Second_Year_Must_Not_Switch_The_School_Over_To_It" computerName="DESKTOP-7D275P5" duration="00:00:00.1353879" startTime="2026-07-27T06:54:09.9475703+00:00" endTime="2026-07-27T06:54:09.9475704+00:00" testType="13cdc9d9-ddb5-4fa4-a97d-d965ccfc6d4b" outcome="Passed" testListId="8c84fa94-04c1-424b-9868-57a2d4851a1d" relativeResultsDirectory="1aa1acc1-60de-485c-a60c-4a391e381474" />
    <UnitTestResult executionId="fd1c9f4b-27a1-4ef1-9d16-a661f1f89409" testId="f1f7f055-6509-ebb5-4ddf-76aadd1bce3c" testName="SamaEcole.FunctionalTests.Enrollments.EnrollmentsEndpointsTests.Downloading_The_Pdf_Of_An_Unknown_Enrollment_Returns_404" computerName="DESKTOP-7D275P5" duration="00:00:02.2805421" startTime="2026-07-27T06:52:49.5645006+00:00" endTime="2026-07-27T06:52:49.5645327+00:00" testType="13cdc9d9-ddb5-4fa4-a97d-d965ccfc6d4b" outcome="Passed" testListId="8c84fa94-04c1-424b-9868-57a2d4851a1d" relativeResultsDirectory="fd1c9f4b-27a1-4ef1-9d16-a661f1f89409" />
    <UnitTestResult executionId="5324c841-5489-4df7-846e-50bc86642ec6" testId="00c175e6-f373-fe8c-b415-2ea89c696428" testName="SamaEcole.FunctionalTests.Finance.FeesEndpointsTests.A_Finance_Must_Not_Delete_A_Fee_Category_By_Default" computerName="DESKTOP-7D275P5" duration="00:00:00.2253272" startTime="2026-07-27T06:56:32.9780223+00:00" endTime="2026-07-27T06:56:32.9780227+00:00" testType="13cdc9d9-ddb5-4fa4-a97d-d965ccfc6d4b" outcome="Passed" testListId="8c84fa94-04c1-424b-9868-57a2d4851a1d" relativeResultsDirectory="5324c841-5489-4df7-846e-50bc86642ec6" />
    <UnitTestResult executionId="49b6bd12-44b8-43b6-924f-aaa7c992b627" testId="c4b29462-f304-1c76-b1b5-87018153a080" testName="SamaEcole.FunctionalTests.Teachers.TeachersEndpointsTests.Finance_Must_Not_Delete_A_Teacher" computerName="DESKTOP-7D275P5" duration="00:00:00.5345942" startTime="2026-07-27T06:53:24.5091807+00:00" endTime="2026-07-27T06:53:24.5091813+00:00" testType="13cdc9d9-ddb5-4fa4-a97d-d965ccfc6d4b" outcome="Passed" testListId="8c84fa94-04c1-424b-9868-57a2d4851a1d" relativeResultsDirectory="49b6bd12-44b8-43b6-924f-aaa7c992b627" />
    <UnitTestResult executionId="732a9eaa-4ca0-4800-94cd-1de810e768d8" testId="03c1b077-7cc5-dcb4-65d2-9c6ada6dedc8" testName="SamaEcole.FunctionalTests.Finance.FeesEndpointsTests.A_Secretary_Should_Still_Read_The_Fees" computerName="DESKTOP-7D275P5" duration="00:00:00.2341163" startTime="2026-07-27T06:56:30.1488078+00:00" endTime="2026-07-27T06:56:30.1488080+00:00" testType="13cdc9d9-ddb5-4fa4-a97d-d965ccfc6d4b" outcome="Passed" testListId="8c84fa94-04c1-424b-9868-57a2d4851a1d" relativeResultsDirectory="732a9eaa-4ca0-4800-94cd-1de810e768d8" />
    <UnitTestResult executionId="a02547a4-d286-4369-abb7-08485443ce1b" testId="ee8d1193-518c-74ce-0acf-6482270c97d3" testName="SamaEcole.FunctionalTests.Enrollments.EnrollmentsEndpointsTests.Enrolling_Without_An_Active_Year_Is_Rejected" computerName="DESKTOP-7D275P5" duration="00:00:00.4957648" startTime="2026-07-27T06:52:50.7049479+00:00" endTime="2026-07-27T06:52:50.7049480+00:00" testType="13cdc9d9-ddb5-4fa4-a97d-d965ccfc6d4b" outcome="Passed" testListId="8c84fa94-04c1-424b-9868-57a2d4851a1d" relativeResultsDirectory="a02547a4-d286-4369-abb7-08485443ce1b" />
    <UnitTestResult executionId="4ab4d78b-968c-4f21-aec9-1538efa04de0" testId="8c2aafe4-b90d-c787-73f7-54568c1df4e2" testName="SamaEcole.FunctionalTests.Users.CreateUserEndpointsTests.A_Weak_Password_Should_Be_Rejected" computerName="DESKTOP-7D275P5" duration="00:00:00.1129760" startTime="2026-07-27T06:53:55.7708123+00:00" endTime="2026-07-27T06:53:55.7708124+00:00" testType="13cdc9d9-ddb5-4fa4-a97d-d965ccfc6d4b" outcome="Passed" testListId="8c84fa94-04c1-424b-9868-57a2d4851a1d" relativeResultsDirectory="4ab4d78b-968c-4f21-aec9-1538efa04de0" />
    <UnitTestResult executionId="585a08a7-210c-40d0-8979-2e08fbb2a60b" testId="a3034b80-3424-78e1-1881-84d7aa02a74a" testName="SamaEcole.FunctionalTests.Finance.FeesEndpointsTests.A_Finance_Can_Modify_A_Fee_Once_The_Directeur_Enables_Delegation" computerName="DESKTOP-7D275P5" duration="00:00:00.2780380" startTime="2026-07-27T06:56:36.9359758+00:00" endTime="2026-07-27T06:56:36.9359759+00:00" testType="13cdc9d9-ddb5-4fa4-a97d-d965ccfc6d4b" outcome="Passed" testListId="8c84fa94-04c1-424b-9868-57a2d4851a1d" relativeResultsDirectory="585a08a7-210c-40d0-8979-2e08fbb2a60b" />
    <UnitTestResult executionId="e2332b0e-6b68-4844-a361-e8746b0fb24d" testId="86444746-16fa-9fb6-18ba-642125141ec3" testName="SamaEcole.FunctionalTests.AuditLogs.AuditLogsEndpointsTests.Only_A_Directeur_May_Read_The_Audit_Log(tokenFactoryName: &quot;FinanceTokenAsync&quot;)" computerName="DESKTOP-7D275P5" duration="00:00:00.1120420" startTime="2026-07-27T06:53:33.2818247+00:00" endTime="2026-07-27T06:53:33.2818248+00:00" testType="13cdc9d9-ddb5-4fa4-a97d-d965ccfc6d4b" outcome="Passed" testListId="8c84fa94-04c1-424b-9868-57a2d4851a1d" relativeResultsDirectory="e2332b0e-6b68-4844-a361-e8746b0fb24d" />
    <UnitTestResult executionId="c9965b3b-0ce6-41b9-bdf1-9c459a12e93d" testId="ee447c16-d1b3-33b5-b6ae-7921e2191279" testName="SamaEcole.FunctionalTests.Teachers.TeacherAssignmentsEndpointsTests.Finance_Must_Not_Assign_A_Teacher" computerName="DESKTOP-7D275P5" duration="00:00:00.6244901" startTime="2026-07-27T06:54:47.3199236+00:00" endTime="2026-07-27T06:54:47.3199239+00:00" testType="13cdc9d9-ddb5-4fa4-a97d-d965ccfc6d4b" outcome="Passed" testListId="8c84fa94-04c1-424b-9868-57a2d4851a1d" relativeResultsDirectory="c9965b3b-0ce6-41b9-bdf1-9c459a12e93d" />
    <UnitTestResult executionId="f26d74ae-757f-4823-a699-02a31549c691" testId="c4692711-b619-f703-c6f9-106139b2be56" testName="SamaEcole.FunctionalTests.Finance.FeesEndpointsTests.Re_Applying_A_Standard_On_One_Level_Should_Not_Touch_The_Other_Levels" computerName="DESKTOP-7D275P5" duration="00:00:00.1463189" startTime="2026-07-27T06:56:45.8732317+00:00" endTime="2026-07-27T06:56:45.8732320+00:00" testType="13cdc9d9-ddb5-4fa4-a97d-d965ccfc6d4b" outcome="Passed" testListId="8c84fa94-04c1-424b-9868-57a2d4851a1d" relativeResultsDirectory="f26d74ae-757f-4823-a699-02a31549c691" />
    <UnitTestResult executionId="092976dc-c35b-4772-a571-3bd5480079c2" testId="8c30042c-23b6-8bad-57da-73aa299501bd" testName="SamaEcole.FunctionalTests.Finance.FeesEndpointsTests.A_Stale_RowVersion_Should_Be_Refused_With_A_409" computerName="DESKTOP-7D275P5" duration="00:00:00.1692131" startTime="2026-07-27T06:56:40.5152366+00:00" endTime="2026-07-27T06:56:40.5152368+00:00" testType="13cdc9d9-ddb5-4fa4-a97d-d965ccfc6d4b" outcome="Passed" testListId="8c84fa94-04c1-424b-9868-57a2d4851a1d" relativeResultsDirectory="092976dc-c35b-4772-a571-3bd5480079c2" />
    <UnitTestResult executionId="d8f7c281-9039-49ac-9005-b08650e22304" testId="3addeb0e-8acb-a44e-ce16-6f35f8a324b6" testName="SamaEcole.FunctionalTests.Students.StudentsEndpointsTests.A_Finance_Must_Not_Delete_A_Student" computerName="DESKTOP-7D275P5" duration="00:00:00.2490590" startTime="2026-07-27T06:56:10.6765937+00:00" endTime="2026-07-27T06:56:10.6765939+00:00" testType="13cdc9d9-ddb5-4fa4-a97d-d965ccfc6d4b" outcome="Passed" testListId="8c84fa94-04c1-424b-9868-57a2d4851a1d" relativeResultsDirectory="d8f7c281-9039-49ac-9005-b08650e22304" />
    <UnitTestResult executionId="9e2a2a7b-86b0-4357-a914-f3a6ead4ae4e" testId="0d644974-dceb-e430-f9bc-ceb58d76b6d9" testName="SamaEcole.FunctionalTests.Users.CreateUserEndpointsTests.A_School_Must_Not_See_Another_Schools_Users" computerName="DESKTOP-7D275P5" duration="00:00:00.3142656" startTime="2026-07-27T06:53:58.0168924+00:00" endTime="2026-07-27T06:53:58.0168926+00:00" testType="13cdc9d9-ddb5-4fa4-a97d-d965ccfc6d4b" outcome="Failed" testListId="8c84fa94-04c1-424b-9868-57a2d4851a1d" relativeResultsDirectory="9e2a2a7b-86b0-4357-a914-f3a6ead4ae4e">
      <Output>
        <ErrorInfo>
          <Message>Expected response.StatusCode to be HttpStatusCode.OK {value: 200}, but found HttpStatusCode.Forbidden {value: 403}.</Message>
          <StackTrace>   at FluentAssertions.Execution.XUnit2TestFramework.Throw(String message)&#xD;
   at FluentAssertions.Execution.TestFrameworkProvider.Throw(String message)&#xD;
   at FluentAssertions.Execution.DefaultAssertionStrategy.HandleFailure(String message)&#xD;
   at FluentAssertions.Execution.AssertionScope.FailWith(Func`1 failReasonFunc)&#xD;
   at FluentAssertions.Primitives.EnumAssertions`2.Be(TEnum expected, String because, Object[] becauseArgs)&#xD;
   at SamaEcole.FunctionalTests.Users.CreateUserEndpointsTests.A_School_Must_Not_See_Another_Schools_Users() in C:\Users\NCM\Documents\antigravity\sama_ecole\tests\SamaEcole.FunctionalTests\Users\CreateUserEndpointsTests.cs:line 223&#xD;
--- End of stack trace from previous location ---</StackTrace>
        </ErrorInfo>
      </Output>
    </UnitTestResult>
    <UnitTestResult executionId="024b47c3-4aa1-4cbf-98ed-1df91b2ba84c" testId="a1eec429-e65e-bf2d-b31a-2fcfdd3d02d1" testName="SamaEcole.FunctionalTests.Users.CreateUserEndpointsTests.Every_Assignable_Role_Should_Be_Creatable(role: &quot;Finance&quot;)" computerName="DESKTOP-7D275P5" duration="00:00:00.1980279" startTime="2026-07-27T06:53:54.4383373+00:00" endTime="2026-07-27T06:53:54.4383375+00:00" testType="13cdc9d9-ddb5-4fa4-a97d-d965ccfc6d4b" outcome="Passed" testListId="8c84fa94-04c1-424b-9868-57a2d4851a1d" relativeResultsDirectory="024b47c3-4aa1-4cbf-98ed-1df91b2ba84c" />
    <UnitTestResult executionId="b9c63dbe-39b0-491d-b089-7ea0561b71f2" testId="e007346c-2b22-84bb-e2a5-9ce990438e61" testName="SamaEcole.FunctionalTests.SchoolYears.SchoolYearsEndpointsTests.A_Secretary_Must_Not_Create_A_School_Year" computerName="DESKTOP-7D275P5" duration="00:00:00.1245999" startTime="2026-07-27T06:54:17.2133562+00:00" endTime="2026-07-27T06:54:17.2133564+00:00" testType="13cdc9d9-ddb5-4fa4-a97d-d965ccfc6d4b" outcome="Passed" testListId="8c84fa94-04c1-424b-9868-57a2d4851a1d" relativeResultsDirectory="b9c63dbe-39b0-491d-b089-7ea0561b71f2" />
    <UnitTestResult executionId="f76e9c65-58a3-4ecb-8359-1e14d3b5ac70" testId="e7073160-3b7e-16b5-1b7d-f094ffe7ccf9" testName="SamaEcole.FunctionalTests.SchoolYears.SchoolYearsEndpointsTests.Activating_An_Unknown_Year_Should_Return_404" computerName="DESKTOP-7D275P5" duration="00:00:00.2100617" startTime="2026-07-27T06:54:07.1467940+00:00" endTime="2026-07-27T06:54:07.1467942+00:00" testType="13cdc9d9-ddb5-4fa4-a97d-d965ccfc6d4b" outcome="Passed" testListId="8c84fa94-04c1-424b-9868-57a2d4851a1d" relativeResultsDirectory="f76e9c65-58a3-4ecb-8359-1e14d3b5ac70" />
    <UnitTestResult executionId="2147d3be-b0ec-4085-acd0-143853fcfcf0" testId="1895ae79-a6dc-4b3d-2177-26cf8dd21c27" testName="SamaEcole.FunctionalTests.Reports.ExportAttendanceEndpointsTests.Finance_And_Enseignant_Should_Be_Forbidden(role: &quot;Finance&quot;)" computerName="DESKTOP-7D275P5" duration="00:00:00.1220888" startTime="2026-07-27T06:54:32.4817817+00:00" endTime="2026-07-27T06:54:32.4817819+00:00" testType="13cdc9d9-ddb5-4fa4-a97d-d965ccfc6d4b" outcome="Passed" testListId="8c84fa94-04c1-424b-9868-57a2d4851a1d" relativeResultsDirectory="2147d3be-b0ec-4085-acd0-143853fcfcf0" />
    <UnitTestResult executionId="9a0fc0af-11bc-4fe5-bc51-fdd40a393475" testId="4ad7b7fd-a4dc-fc9c-ecb2-f5d7d17fac24" testName="SamaEcole.FunctionalTests.SchoolYears.SchoolYearsEndpointsTests.Overlapping_Dates_Should_Return_422" computerName="DESKTOP-7D275P5" duration="00:00:00.1211310" startTime="2026-07-27T06:54:10.5963739+00:00" endTime="2026-07-27T06:54:10.5963741+00:00" testType="13cdc9d9-ddb5-4fa4-a97d-d965ccfc6d4b" outcome="Passed" testListId="8c84fa94-04c1-424b-9868-57a2d4851a1d" relativeResultsDirectory="9a0fc0af-11bc-4fe5-bc51-fdd40a393475" />
    <UnitTestResult executionId="08743769-e4af-4d37-b9b6-1a9b4b2c3931" testId="eda2dec1-7865-2aa6-8c33-631851b94530" testName="SamaEcole.FunctionalTests.Enrollments.EnrollmentsEndpointsTests.Changing_The_Status_With_A_Stale_RowVersion_Should_Return_409" computerName="DESKTOP-7D275P5" duration="00:00:00.8429093" startTime="2026-07-27T06:52:58.3643720+00:00" endTime="2026-07-27T06:52:58.3643724+00:00" testType="13cdc9d9-ddb5-4fa4-a97d-d965ccfc6d4b" outcome="Passed" testListId="8c84fa94-04c1-424b-9868-57a2d4851a1d" relativeResultsDirectory="08743769-e4af-4d37-b9b6-1a9b4b2c3931" />
    <UnitTestResult executionId="d96a1554-8c3c-42e1-8455-8fbfaaeebda6" testId="f36d3eb5-6a52-9377-12fa-51a3e6a73c55" testName="SamaEcole.FunctionalTests.Users.ResetUserPasswordEndpointsTests.A_Directeur_Should_Not_Be_Able_To_Reset_His_Own_Password_This_Way" computerName="DESKTOP-7D275P5" duration="00:00:00.0989858" startTime="2026-07-27T06:56:01.2855092+00:00" endTime="2026-07-27T06:56:01.2855093+00:00" testType="13cdc9d9-ddb5-4fa4-a97d-d965ccfc6d4b" outcome="Passed" testListId="8c84fa94-04c1-424b-9868-57a2d4851a1d" relativeResultsDirectory="d96a1554-8c3c-42e1-8455-8fbfaaeebda6" />
    <UnitTestResult executionId="580bc390-870a-47d3-9de3-b5cb70ca6d74" testId="fc6f3e46-bcca-5636-0a1e-6643b663201d" testName="SamaEcole.FunctionalTests.SchoolYears.ExportSchoolYearEndpointsTests.Exporting_A_Year_With_No_Enrollments_Should_Produce_An_Empty_But_Valid_Zip" computerName="DESKTOP-7D275P5" duration="00:00:00.1974571" startTime="2026-07-27T06:55:31.1662893+00:00" endTime="2026-07-27T06:55:31.1662896+00:00" testType="13cdc9d9-ddb5-4fa4-a97d-d965ccfc6d4b" outcome="Passed" testListId="8c84fa94-04c1-424b-9868-57a2d4851a1d" relativeResultsDirectory="580bc390-870a-47d3-9de3-b5cb70ca6d74" />
    <UnitTestResult executionId="4b2654eb-8a27-4184-abab-8eb029b446c0" testId="1d9d04e1-0d37-8774-9fe9-cfc31f0153b8" testName="SamaEcole.FunctionalTests.Classrooms.ClassroomsEndpointsTests.A_Finance_Must_Not_Delete_A_Classroom" computerName="DESKTOP-7D275P5" duration="00:00:00.2355862" startTime="2026-07-27T06:54:24.9980790+00:00" endTime="2026-07-27T06:54:24.9980791+00:00" testType="13cdc9d9-ddb5-4fa4-a97d-d965ccfc6d4b" outcome="Passed" testListId="8c84fa94-04c1-424b-9868-57a2d4851a1d" relativeResultsDirectory="4b2654eb-8a27-4184-abab-8eb029b446c0" />
    <UnitTestResult executionId="a2e65b9b-ef46-4d2b-8578-bb8af3b08f33" testId="acbd887f-a5fe-5009-4367-2821ce4fab9e" testName="SamaEcole.FunctionalTests.Users.ResetUserPasswordEndpointsTests.Resetting_The_Password_Of_An_Unknown_User_Should_Return_404" computerName="DESKTOP-7D275P5" duration="00:00:00.1137655" startTime="2026-07-27T06:56:01.8973860+00:00" endTime="2026-07-27T06:56:01.8973861+00:00" testType="13cdc9d9-ddb5-4fa4-a97d-d965ccfc6d4b" outcome="Passed" testListId="8c84fa94-04c1-424b-9868-57a2d4851a1d" relativeResultsDirectory="a2e65b9b-ef46-4d2b-8578-bb8af3b08f33" />
    <UnitTestResult executionId="b19e22b2-f182-44a9-9e0c-7040dfe7167a" testId="90859a0b-657d-a997-2bf5-516cd464686c" testName="SamaEcole.FunctionalTests.AuditLogs.AuditLogsEndpointsTests.Login_On_A_Suspended_Account_Should_Produce_A_Failure_Entry_With_The_Status" computerName="DESKTOP-7D275P5" duration="00:00:00.1537750" startTime="2026-07-27T06:53:43.2945787+00:00" endTime="2026-07-27T06:53:43.2945790+00:00" testType="13cdc9d9-ddb5-4fa4-a97d-d965ccfc6d4b" outcome="Passed" testListId="8c84fa94-04c1-424b-9868-57a2d4851a1d" relativeResultsDirectory="b19e22b2-f182-44a9-9e0c-7040dfe7167a" />
    <UnitTestResult executionId="4c7fe0b1-987e-4e69-9bfb-6c79ab4eb233" testId="62e46d18-c190-ae08-98f7-6022d9d6c9bd" testName="SamaEcole.FunctionalTests.Finance.FeesEndpointsTests.Applying_A_Standard_On_A_School_Without_Classrooms_Should_Return_422" computerName="DESKTOP-7D275P5" duration="00:00:00.1136936" startTime="2026-07-27T06:56:37.5418050+00:00" endTime="2026-07-27T06:56:37.5418051+00:00" testType="13cdc9d9-ddb5-4fa4-a97d-d965ccfc6d4b" outcome="Passed" testListId="8c84fa94-04c1-424b-9868-57a2d4851a1d" relativeResultsDirectory="4c7fe0b1-987e-4e69-9bfb-6c79ab4eb233" />
    <UnitTestResult executionId="ebcfcead-661e-4a63-b2d0-e96db4a14a26" testId="45655cdb-fe97-c0e7-3df4-a3767498546b" testName="SamaEcole.FunctionalTests.Enrollments.EnrollmentsEndpointsTests.Cancelling_An_Unknown_Enrollment_Should_Return_404" computerName="DESKTOP-7D275P5" duration="00:00:00.1602544" startTime="2026-07-27T06:52:52.0918689+00:00" endTime="2026-07-27T06:52:52.0918692+00:00" testType="13cdc9d9-ddb5-4fa4-a97d-d965ccfc6d4b" outcome="Passed" testListId="8c84fa94-04c1-424b-9868-57a2d4851a1d" relativeResultsDirectory="ebcfcead-661e-4a63-b2d0-e96db4a14a26" />
    <UnitTestResult executionId="e5bdb55e-df3a-4e4b-84aa-c1199c540d97" testId="e4ac52e2-acce-8331-e739-ac72387b7a27" testName="SamaEcole.FunctionalTests.AuditLogs.AuditLogsEndpointsTests.Resetting_A_Password_Should_Produce_A_Corresponding_Audit_Entry" computerName="DESKTOP-7D275P5" duration="00:00:00.2317535" startTime="2026-07-27T06:53:44.0450654+00:00" endTime="2026-07-27T06:53:44.0450656+00:00" testType="13cdc9d9-ddb5-4fa4-a97d-d965ccfc6d4b" outcome="Passed" testListId="8c84fa94-04c1-424b-9868-57a2d4851a1d" relativeResultsDirectory="e5bdb55e-df3a-4e4b-84aa-c1199c540d97" />
    <UnitTestResult executionId="1885e980-a0a9-4d7e-bf26-60335b79266d" testId="d8d265ce-3a17-0626-9ce4-000a6e8b99bd" testName="SamaEcole.FunctionalTests.Teachers.TeachersEndpointsTests.Finance_Must_Not_Create_A_Teacher" computerName="DESKTOP-7D275P5" duration="00:00:00.2786423" startTime="2026-07-27T06:53:23.4434240+00:00" endTime="2026-07-27T06:53:23.4434241+00:00" testType="13cdc9d9-ddb5-4fa4-a97d-d965ccfc6d4b" outcome="Passed" testListId="8c84fa94-04c1-424b-9868-57a2d4851a1d" relativeResultsDirectory="1885e980-a0a9-4d7e-bf26-60335b79266d" />
    <UnitTestResult executionId="4bb1cb84-62fc-4b75-90f8-100c4ac7bece" testId="b0c1f3f8-3aa0-767a-b44a-ac71d7889422" testName="SamaEcole.FunctionalTests.Finance.FeesEndpointsTests.A_Directeur_Can_Delete_A_Fee" computerName="DESKTOP-7D275P5" duration="00:00:00.1664183" startTime="2026-07-27T06:56:44.0040057+00:00" endTime="2026-07-27T06:56:44.0040058+00:00" testType="13cdc9d9-ddb5-4fa4-a97d-d965ccfc6d4b" outcome="Passed" testListId="8c84fa94-04c1-424b-9868-57a2d4851a1d" relativeResultsDirectory="4bb1cb84-62fc-4b75-90f8-100c4ac7bece" />
    <UnitTestResult executionId="4c6b94e4-d4c1-4384-abd1-114caae6a098" testId="54a143dd-5393-fea3-a207-653af875f5e4" testName="SamaEcole.FunctionalTests.Users.CreateUserEndpointsTests.Directeur_Should_Create_A_Secretariat_Account_That_Can_Log_In" computerName="DESKTOP-7D275P5" duration="00:00:00.4963910" startTime="2026-07-27T06:53:51.3126742+00:00" endTime="2026-07-27T06:53:51.3126743+00:00" testType="13cdc9d9-ddb5-4fa4-a97d-d965ccfc6d4b" outcome="Passed" testListId="8c84fa94-04c1-424b-9868-57a2d4851a1d" relativeResultsDirectory="4c6b94e4-d4c1-4384-abd1-114caae6a098" />
[...]
   at Microsoft.EntityFrameworkCore.Storage.RelationalCommand.ExecuteReaderAsync(RelationalCommandParameterObject parameterObject, CancellationToken cancellationToken)&#xD;
   at Microsoft.EntityFrameworkCore.Update.ReaderModificationCommandBatch.ExecuteAsync(IRelationalConnection connection, CancellationToken cancellationToken)&#xD;
  Exception data:&#xD;
    Severity: ERROR&#xD;
    SqlState: 23505&#xD;
    MessageText: duplicate key value violates unique constraint "IX_fee_categories_SchoolId_Name_IsDeleted"&#xD;
    SchemaName: public&#xD;
    TableName: fee_categories&#xD;
    ConstraintName: IX_fee_categories_SchoolId_Name_IsDeleted&#xD;
    File: nbtinsert.c&#xD;
    Line: 666&#xD;
    Routine: _bt_check_unique&#xD;
   --- End of inner exception stack trace ---&#xD;
   at Microsoft.EntityFrameworkCore.Update.ReaderModificationCommandBatch.ExecuteAsync(IRelationalConnection connection, CancellationToken cancellationToken)&#xD;
   at Microsoft.EntityFrameworkCore.Update.Internal.BatchExecutor.ExecuteAsync(IEnumerable`1 commandBatches, IRelationalConnection connection, CancellationToken cancellationToken)&#xD;
   at Microsoft.EntityFrameworkCore.Update.Internal.BatchExecutor.ExecuteAsync(IEnumerable`1 commandBatches, IRelationalConnection connection, CancellationToken cancellationToken)&#xD;
   at Microsoft.EntityFrameworkCore.Update.Internal.BatchExecutor.ExecuteAsync(IEnumerable`1 commandBatches, IRelationalConnection connection, CancellationToken cancellationToken)&#xD;
   at Microsoft.EntityFrameworkCore.Storage.RelationalDatabase.SaveChangesAsync(IList`1 entries, CancellationToken cancellationToken)&#xD;
   at Microsoft.EntityFrameworkCore.ChangeTracking.Internal.StateManager.SaveChangesAsync(IList`1 entriesToSave, CancellationToken cancellationToken)&#xD;
   at Microsoft.EntityFrameworkCore.ChangeTracking.Internal.StateManager.SaveChangesAsync(StateManager stateManager, Boolean acceptAllChangesOnSuccess, CancellationToken cancellationToken)&#xD;
   at Npgsql.EntityFrameworkCore.PostgreSQL.Storage.Internal.NpgsqlExecutionStrategy.ExecuteAsync[TState,TResult](TState state, Func`4 operation, Func`4 verifySucceeded, CancellationToken cancellationToken)&#xD;
   at Microsoft.EntityFrameworkCore.DbContext.SaveChangesAsync(Boolean acceptAllChangesOnSuccess, CancellationToken cancellationToken)&#xD;
[06:56:44 ERR] HTTP POST /api/v1/finance/fee-categories responded 500 in 8.3864 ms&#xD;
SamaEcole.Application.Common.Exceptions.ConcurrencyConflictException: L'entit� 'fee_categories' (IX_fee_categories_SchoolId_Name_IsDeleted) a �t� modifi�e par un autre utilisateur entre-temps.&#xD;
   at SamaEcole.Persistence.ApplicationDbContext.SaveChangesAsync(CancellationToken cancellationToken) in C:\Users\NCM\Documents\antigravity\sama_ecole\src\SamaEcole.Persistence\ApplicationDbContext.cs:line 184&#xD;
   at SamaEcole.Application.Finance.Commands.CreateFeeCategory.CreateFeeCategoryCommandHandler.Handle(CreateFeeCategoryCommand request, CancellationToken cancellationToken) in C:\Users\NCM\Documents\antigravity\sama_ecole\src\SamaEcole.Application\Finance\Commands\CreateFeeCategory\CreateFeeCategoryCommandHandler.cs:line 28&#xD;
   at SamaEcole.Application.Common.Behaviors.AuditLoggingBehavior`2.Handle(TRequest request, RequestHandlerDelegate`1 next, CancellationToken cancellationToken) in C:\Users\NCM\Documents\antigravity\sama_ecole\src\SamaEcole.Application\Common\Behaviors\AuditLoggingBehavior.cs:line 33&#xD;
   at SamaEcole.Application.Common.Behaviors.ValidationBehavior`2.Handle(TRequest request, RequestHandlerDelegate`1 next, CancellationToken cancellationToken) in C:\Users\NCM\Documents\antigravity\sama_ecole\src\SamaEcole.Application\Common\Behaviors\ValidationBehavior.cs:line 38&#xD;
   at SamaEcole.Web.Controllers.FinanceController.CreateCategory(CreateFeeCategoryCommand command, CancellationToken cancellationToken) in C:\Users\NCM\Documents\antigravity\sama_ecole\src\SamaEcole.Web\Controllers\FinanceController.cs:line 94&#xD;
   at Microsoft.AspNetCore.Mvc.Infrastructure.ActionMethodExecutor.TaskOfIActionResultExecutor.Execute(ActionContext actionContext, IActionResultTypeMapper mapper, ObjectMethodExecutor executor, Object controller, Object[] arguments)&#xD;
   at Microsoft.AspNetCore.Mvc.Infrastructure.ControllerActionInvoker.&lt;InvokeActionMethodAsync&gt;g__Awaited|12_0(ControllerActionInvoker invoker, ValueTask`1 actionResultValueTask)&#xD;
   at Microsoft.AspNetCore.Mvc.Infrastructure.ControllerActionInvoker.&lt;InvokeNextActionFilterAsync&gt;g__Awaited|10_0(ControllerActionInvoker invoker, Task lastTask, State next, Scope scope, Object state, Boolean isCompleted)&#xD;
   at Microsoft.AspNetCore.Mvc.Infrastructure.ControllerActionInvoker.Rethrow(ActionExecutedContextSealed context)&#xD;
   at Microsoft.AspNetCore.Mvc.Infrastructure.ControllerActionInvoker.Next(State&amp; next, Scope&amp; scope, Object&amp; state, Boolean&amp; isCompleted)&#xD;
   at Microsoft.AspNetCore.Mvc.Infrastructure.ControllerActionInvoker.&lt;InvokeInnerFilterAsync&gt;g__Awaited|13_0(ControllerActionInvoker invoker, Task lastTask, State next, Scope scope, Object state, Boolean isCompleted)&#xD;
   at Microsoft.AspNetCore.Mvc.Infrastructure.ResourceInvoker.&lt;InvokeNextResourceFilter&gt;g__Awaited|25_0(ResourceInvoker invoker, Task lastTask, State next, Scope scope, Object state, Boolean isCompleted)&#xD;
   at Microsoft.AspNetCore.Mvc.Infrastructure.ResourceInvoker.Rethrow(ResourceExecutedContextSealed context)&#xD;
   at Microsoft.AspNetCore.Mvc.Infrastructure.ResourceInvoker.Next(State&amp; next, Scope&amp; scope, Object&amp; state, Boolean&amp; isCompleted)&#xD;
   at Microsoft.AspNetCore.Mvc.Infrastructure.ResourceInvoker.&lt;InvokeFilterPipelineAsync&gt;g__Awaited|20_0(ResourceInvoker invoker, Task lastTask, State next, Scope scope, Object state, Boolean isCompleted)&#xD;
   at Microsoft.AspNetCore.Mvc.Infrastructure.ResourceInvoker.&lt;InvokeAsync&gt;g__Awaited|17_0(ResourceInvoker invoker, Task task, IDisposable scope)&#xD;
   at Microsoft.AspNetCore.Mvc.Infrastructure.ResourceInvoker.&lt;InvokeAsync&gt;g__Awaited|17_0(ResourceInvoker invoker, Task task, IDisposable scope)&#xD;
   at SamaEcole.Web.Authorization.FeatureAuthorizationResultHandler.HandleAsync(RequestDelegate next, HttpContext context, AuthorizationPolicy policy, PolicyAuthorizationResult authorizeResult) in C:\Users\NCM\Documents\antigravity\sama_ecole\src\SamaEcole.Web\Authorization\FeatureAuthorizationResultHandler.cs:line 37&#xD;
   at Microsoft.AspNetCore.Authorization.AuthorizationMiddleware.Invoke(HttpContext context)&#xD;
   at SamaEcole.Web.Middleware.SubscriptionAwaitingPaymentMiddleware.InvokeAsync(HttpContext context, IApplicationDbContext dbContext) in C:\Users\NCM\Documents\antigravity\sama_ecole\src\SamaEcole.Web\Middleware\SubscriptionAwaitingPaymentMiddleware.cs:line 76&#xD;
   at Microsoft.AspNetCore.Authentication.AuthenticationMiddleware.Invoke(HttpContext context)&#xD;
   at Serilog.AspNetCore.RequestLoggingMiddleware.Invoke(HttpContext httpContext)&#xD;
[06:56:45 INF] HTTP POST /api/v1/auth/login responded 200 in 109.0031 ms&#xD;
[06:56:45 ERR] HTTP DELETE /api/v1/finance/fee-categories/0c565919-3a54-4d2a-b080-6cbf9cb383d9 responded 500 in 9.4305 ms&#xD;
System.Collections.Generic.KeyNotFoundException: Cat�gorie de frais 0c565919-3a54-4d2a-b080-6cbf9cb383d9 introuvable.&#xD;
   at SamaEcole.Application.Finance.Commands.DeleteFeeCategory.DeleteFeeCategoryCommandHandler.Handle(DeleteFeeCategoryCommand request, CancellationToken cancellationToken) in C:\Users\NCM\Documents\antigravity\sama_ecole\src\SamaEcole.Application\Finance\Commands\DeleteFeeCategory\DeleteFeeCategoryCommandHandler.cs:line 19&#xD;
   at SamaEcole.Application.Common.Behaviors.AuditLoggingBehavior`2.Handle(TRequest request, RequestHandlerDelegate`1 next, CancellationToken cancellationToken) in C:\Users\NCM\Documents\antigravity\sama_ecole\src\SamaEcole.Application\Common\Behaviors\AuditLoggingBehavior.cs:line 46&#xD;
   at SamaEcole.Application.Common.Behaviors.AuditLoggingBehavior`2.Handle(TRequest request, RequestHandlerDelegate`1 next, CancellationToken cancellationToken) in C:\Users\NCM\Documents\antigravity\sama_ecole\src\SamaEcole.Application\Common\Behaviors\AuditLoggingBehavior.cs:line 57&#xD;
   at SamaEcole.Application.Common.Behaviors.ValidationBehavior`2.Handle(TRequest request, RequestHandlerDelegate`1 next, CancellationToken cancellationToken) in C:\Users\NCM\Documents\antigravity\sama_ecole\src\SamaEcole.Application\Common\Behaviors\ValidationBehavior.cs:line 38&#xD;
   at SamaEcole.Web.Controllers.FinanceController.DeleteCategory(Guid id, CancellationToken cancellationToken) in C:\Users\NCM\Documents\antigravity\sama_ecole\src\SamaEcole.Web\Controllers\FinanceController.cs:line 111&#xD;
   at Microsoft.AspNetCore.Mvc.Infrastructure.ActionMethodExecutor.TaskOfIActionResultExecutor.Execute(ActionContext actionContext, IActionResultTypeMapper mapper, ObjectMethodExecutor executor, Object controller, Object[] arguments)&#xD;
   at Microsoft.AspNetCore.Mvc.Infrastructure.ControllerActionInvoker.&lt;InvokeActionMethodAsync&gt;g__Awaited|12_0(ControllerActionInvoker invoker, ValueTask`1 actionResultValueTask)&#xD;
   at Microsoft.AspNetCore.Mvc.Infrastructure.ControllerActionInvoker.&lt;InvokeNextActionFilterAsync&gt;g__Awaited|10_0(ControllerActionInvoker invoker, Task lastTask, State next, Scope scope, Object state, Boolean isCompleted)&#xD;
   at Microsoft.AspNetCore.Mvc.Infrastructure.ControllerActionInvoker.Rethrow(ActionExecutedContextSealed context)&#xD;
   at Microsoft.AspNetCore.Mvc.Infrastructure.ControllerActionInvoker.Next(State&amp; next, Scope&amp; scope, Object&amp; state, Boolean&amp; isCompleted)&#xD;
   at Microsoft.AspNetCore.Mvc.Infrastructure.ControllerActionInvoker.&lt;InvokeInnerFilterAsync&gt;g__Awaited|13_0(ControllerActionInvoker invoker, Task lastTask, State next, Scope scope, Object state, Boolean isCompleted)&#xD;
   at Microsoft.AspNetCore.Mvc.Infrastructure.ResourceInvoker.&lt;InvokeNextResourceFilter&gt;g__Awaited|25_0(ResourceInvoker invoker, Task lastTask, State next, Scope scope, Object state, Boolean isCompleted)&#xD;
   at Microsoft.AspNetCore.Mvc.Infrastructure.ResourceInvoker.Rethrow(ResourceExecutedContextSealed context)&#xD;
   at Microsoft.AspNetCore.Mvc.Infrastructure.ResourceInvoker.Next(State&amp; next, Scope&amp; scope, Object&amp; state, Boolean&amp; isCompleted)&#xD;
   at Microsoft.AspNetCore.Mvc.Infrastructure.ResourceInvoker.&lt;InvokeFilterPipelineAsync&gt;g__Awaited|20_0(ResourceInvoker invoker, Task lastTask, State next, Scope scope, Object state, Boolean isCompleted)&#xD;
   at Microsoft.AspNetCore.Mvc.Infrastructure.ResourceInvoker.&lt;InvokeAsync&gt;g__Awaited|17_0(ResourceInvoker invoker, Task task, IDisposable scope)&#xD;
   at Microsoft.AspNetCore.Mvc.Infrastructure.ResourceInvoker.&lt;InvokeAsync&gt;g__Awaited|17_0(ResourceInvoker invoker, Task task, IDisposable scope)&#xD;
   at SamaEcole.Web.Authorization.FeatureAuthorizationResultHandler.HandleAsync(RequestDelegate next, HttpContext context, AuthorizationPolicy policy, PolicyAuthorizationResult authorizeResult) in C:\Users\NCM\Documents\antigravity\sama_ecole\src\SamaEcole.Web\Authorization\FeatureAuthorizationResultHandler.cs:line 37&#xD;
   at Microsoft.AspNetCore.Authorization.AuthorizationMiddleware.Invoke(HttpContext context)&#xD;
   at SamaEcole.Web.Middleware.SubscriptionAwaitingPaymentMiddleware.InvokeAsync(HttpContext context, IApplicationDbContext dbContext) in C:\Users\NCM\Documents\antigravity\sama_ecole\src\SamaEcole.Web\Middleware\SubscriptionAwaitingPaymentMiddleware.cs:line 76&#xD;
   at Microsoft.AspNetCore.Authentication.AuthenticationMiddleware.Invoke(HttpContext context)&#xD;
   at Serilog.AspNetCore.RequestLoggingMiddleware.Invoke(HttpContext httpContext)&#xD;
[06:56:45 INF] HTTP POST /api/v1/auth/login responded 200 in 89.7226 ms&#xD;
[06:56:45 INF] HTTP POST /api/v1/classrooms responded 201 in 6.2540 ms&#xD;
[06:56:45 INF] HTTP POST /api/v1/classrooms responded 201 in 5.5269 ms&#xD;
[06:56:45 INF] HTTP POST /api/v1/finance/fee-categories responded 201 in 6.8690 ms&#xD;
[06:56:45 INF] HTTP POST /api/v1/finance/fees/apply-standard responded 200 in 13.9816 ms&#xD;
[06:56:45 INF] HTTP POST /api/v1/finance/fees/apply-standard responded 200 in 13.7633 ms&#xD;
[06:56:45 INF] HTTP GET /api/v1/finance/fees responded 200 in 4.7900 ms&#xD;
[06:56:46 INF] HTTP POST /api/v1/auth/login responded 200 in 105.9171 ms&#xD;
[06:56:46 INF] HTTP POST /api/v1/classrooms responded 201 in 5.9166 ms&#xD;
[06:56:46 INF] HTTP POST /api/v1/finance/fee-categories responded 201 in 5.1135 ms&#xD;
[06:56:46 INF] Param�tres de l'�tablissement 11111111-1111-1111-1111-111111111111 mis � jour.&#xD;
[06:56:46 INF] HTTP PUT /api/v1/schools/current/settings responded 200 in 7.9062 ms&#xD;
[06:56:46 INF] HTTP POST /api/v1/auth/login responded 200 in 100.4111 ms&#xD;
[06:56:46 INF] HTTP POST /api/v1/finance/fees/apply-standard responded 200 in 16.8267 ms&#xD;
[06:56:46 INF] HTTP GET /api/v1/finance/fees responded 200 in 5.3418 ms&#xD;
[06:56:46 DBG] Hosting stopping&#xD;
[06:56:46 DBG] Hosting stopped&#xD;
[06:56:46 DBG] Hosting stopping&#xD;
[06:56:46 DBG] Hosting stopped&#xD;
[testcontainers.org 00:04:12.41] Delete Docker container ad6ce12ca287&#xD;
[testcontainers.org 00:04:13.13] Docker container 2be32ae210c5 created&#xD;
[testcontainers.org 00:04:13.17] Start Docker container 2be32ae210c5&#xD;
[testcontainers.org 00:04:13.54] Wait for Docker container 2be32ae210c5 to complete readiness checks&#xD;
[testcontainers.org 00:04:13.57] Execute "pg_isready --host localhost --dbname postgres --username postgres" at Docker container 2be32ae210c5&#xD;
[testcontainers.org 00:04:14.71] Execute "pg_isready --host localhost --dbname postgres --username postgres" at Docker container 2be32ae210c5&#xD;
[testcontainers.org 00:04:15.84] Execute "pg_isready --host localhost --dbname postgres --username postgres" at Docker container 2be32ae210c5&#xD;
[testcontainers.org 00:04:15.97] Docker container 2be32ae210c5 ready&#xD;
[06:56:52 DBG] Hosting starting&#xD;
[06:56:52 DBG] Hosting started&#xD;
[06:56:53 INF] HTTP POST /api/v1/auth/login responded 200 in 126.3248 ms&#xD;
[06:56:53 INF] HTTP POST /api/v1/auth/login responded 200 in 96.2318 ms&#xD;
[06:56:53 INF] HTTP GET /api/v1/students/import/template responded 403 in 8.4261 ms&#xD;
[06:56:54 INF] HTTP POST /api/v1/auth/login responded 200 in 106.7493 ms&#xD;
[06:56:54 INF] HTTP POST /api/v1/classrooms responded 201 in 29.5082 ms&#xD;
[06:56:54 INF] HTTP POST /api/v1/auth/login responded 200 in 116.8932 ms&#xD;
[06:56:54 WRN] A request body size limit could not be applied. This server does not support the IHttpMaxRequestBodySizeFeature.&#xD;
[06:56:54 INF] HTTP POST /api/v1/students/import responded 403 in 6.9953 ms&#xD;
[06:56:54 DBG] Hosting stopping&#xD;
[06:56:54 DBG] Hosting stopped&#xD;
[06:56:54 DBG] Hosting stopping&#xD;
[06:56:54 DBG] Hosting stopped&#xD;
[testcontainers.org 00:04:20.32] Delete Docker container 2be32ae210c5&#xD;
[testcontainers.org 00:04:21.09] Docker container 3185ecca3b6c created&#xD;
[testcontainers.org 00:04:21.12] Start Docker container 3185ecca3b6c&#xD;
[testcontainers.org 00:04:21.51] Wait for Docker container 3185ecca3b6c to complete readiness checks&#xD;
[testcontainers.org 00:04:21.52] Execute "pg_isready --host localhost --dbname postgres --username postgres" at Docker container 3185ecca3b6c&#xD;
[testcontainers.org 00:04:22.66] Execute "pg_isready --host localhost --dbname postgres --username postgres" at Docker container 3185ecca3b6c&#xD;
[testcontainers.org 00:04:23.78] Execute "pg_isready --host localhost --dbname postgres --username postgres" at Docker container 3185ecca3b6c&#xD;
[testcontainers.org 00:04:23.92] Docker container 3185ecca3b6c ready&#xD;
[06:57:00 DBG] Hosting starting&#xD;
[06:57:00 DBG] Hosting started&#xD;
[06:57:01 INF] HTTP POST /api/v1/auth/login responded 200 in 119.2220 ms&#xD;
[06:57:01 INF] HTTP POST /api/v1/classrooms responded 201 in 19.2260 ms&#xD;
[06:57:01 INF] HTTP POST /api/v1/students responded 201 in 29.5806 ms&#xD;
[06:57:01 INF] HTTP GET /api/v1/students/019fa25c-d88b-7d7e-be8a-bb59fc531e45 responded 200 in 48.7044 ms&#xD;
[06:57:01 INF] HTTP POST /api/v1/auth/login responded 200 in 105.9602 ms&#xD;
[06:57:01 INF] HTTP PUT /api/v1/students/019fa25c-d88b-7d7e-be8a-bb59fc531e45/photo responded 403 in 3.3050 ms&#xD;
[06:57:01 DBG] Hosting stopping&#xD;
[06:57:01 DBG] Hosting stopped&#xD;
[06:57:01 DBG] Hosting stopping&#xD;
[06:57:01 DBG] Hosting stopped&#xD;
[testcontainers.org 00:04:27.50] Delete Docker container 3185ecca3b6c&#xD;
[xUnit.net 00:04:28.74]   Finished:    SamaEcole.FunctionalTests&#xD;
</StdOut>
    </Output>
    <RunInfos>
      <RunInfo computerName="DESKTOP-7D275P5" outcome="Error" timestamp="2026-07-27T06:53:40.5293519+00:00">
        <Text>[xUnit.net 00:01:06.97]     SamaEcole.FunctionalTests.AuditLogs.AuditLogsEndpointsTests.Creating_A_School_Should_Produce_An_Audit_Entry_Attributed_To_The_New_School [FAIL]</Text>
      </RunInfo>
      <RunInfo computerName="DESKTOP-7D275P5" outcome="Error" timestamp="2026-07-27T06:53:58.0157785+00:00">
        <Text>[xUnit.net 00:01:24.46]     SamaEcole.FunctionalTests.Users.CreateUserEndpointsTests.A_School_Must_Not_See_Another_Schools_Users [FAIL]</Text>
      </RunInfo>
      <RunInfo computerName="DESKTOP-7D275P5" outcome="Error" timestamp="2026-07-27T06:55:12.8767742+00:00">
        <Text>[xUnit.net 00:02:39.32]     SamaEcole.FunctionalTests.Finance.PaymentsEndpointsTests.The_Payment_Receipt_Can_Be_Downloaded_As_A_Pdf [FAIL]</Text>
      </RunInfo>
      <RunInfo computerName="DESKTOP-7D275P5" outcome="Error" timestamp="2026-07-27T06:55:13.8735937+00:00">
        <Text>[xUnit.net 00:02:40.32]     SamaEcole.FunctionalTests.Finance.PaymentsEndpointsTests.A_Payment_Larger_Than_The_Remaining_Balance_Is_Refused [FAIL]</Text>
      </RunInfo>
      <RunInfo computerName="DESKTOP-7D275P5" outcome="Error" timestamp="2026-07-27T06:55:15.5156428+00:00">
        <Text>[xUnit.net 00:02:41.96]     SamaEcole.FunctionalTests.Finance.PaymentsEndpointsTests.Paying_The_Full_Balance_Settles_It_And_A_Further_Payment_Is_Refused [FAIL]</Text>
      </RunInfo>
      <RunInfo computerName="DESKTOP-7D275P5" outcome="Error" timestamp="2026-07-27T06:55:16.2068316+00:00">
        <Text>[xUnit.net 00:02:42.65]     SamaEcole.FunctionalTests.Finance.PaymentsEndpointsTests.Paying_An_Unknown_Enrollment_Returns_404 [FAIL]</Text>
      </RunInfo>
      <RunInfo computerName="DESKTOP-7D275P5" outcome="Error" timestamp="2026-07-27T06:55:17.2092402+00:00">
        <Text>[xUnit.net 00:02:43.65]     SamaEcole.FunctionalTests.Finance.PaymentsEndpointsTests.Finance_Records_A_Partial_Payment_And_Gets_A_Receipt_Number_And_Balance [FAIL]</Text>
      </RunInfo>
      <RunInfo computerName="DESKTOP-7D275P5" outcome="Error" timestamp="2026-07-27T06:55:28.2880462+00:00">
        <Text>[xUnit.net 00:02:54.73]     SamaEcole.FunctionalTests.SchoolYears.ExportSchoolYearEndpointsTests.Only_A_Directeur_May_Export_A_School_Year(tokenFactoryName: "SecretaireTokenAsync") [FAIL]</Text>
      </RunInfo>
      <RunInfo computerName="DESKTOP-7D275P5" outcome="Error" timestamp="2026-07-27T06:55:29.3277863+00:00">
        <Text>[xUnit.net 00:02:55.77]     SamaEcole.FunctionalTests.SchoolYears.ExportSchoolYearEndpointsTests.Exporting_Should_Produce_A_Corresponding_Audit_Entry [FAIL]</Text>
      </RunInfo>
      <RunInfo computerName="DESKTOP-7D275P5" outcome="Error" timestamp="2026-07-27T06:55:30.3845585+00:00">
        <Text>[xUnit.net 00:02:56.83]     SamaEcole.FunctionalTests.SchoolYears.ExportSchoolYearEndpointsTests.Directeur_Should_Download_A_Zip_With_The_Three_Expected_Csv_Files [FAIL]</Text>
      </RunInfo>
    </RunInfos>
  </ResultSummary>
</TestRun>