<?xml version="1.0" encoding="utf-8"?>
<TestRun id="cefa55d7-bcdd-4ef8-b40a-64e80ca7ffbe" name="NCM@DESKTOP-7D275P5 2026-07-27 07:43:18" runUser="DESKTOP-7D275P5\NCM" xmlns="http://microsoft.com/schemas/VisualStudio/TeamTest/2010">
  <Times creation="2026-07-27T07:43:18.7405954+00:00" queuing="2026-07-27T07:43:18.7405957+00:00" start="2026-07-27T07:43:13.2225352+00:00" finish="2026-07-27T07:43:26.9784817+00:00" />
  <TestSettings name="default" id="471ef50b-4dde-4c6d-9df5-997fff882e76">
    <Deployment runDeploymentRoot="NCM_DESKTOP-7D275P5_2026-07-27_07_43_18" />
  </TestSettings>
  <Results>
    <UnitTestResult executionId="959934b4-53bd-43bb-8f95-5dd7e35f65ea" testId="7777b302-0534-0f25-ec6f-5c25153d2df1" testName="SamaEcole.UnitTests.Attendance.SubmitAttendanceSheetCommandValidatorTests.Non_Late_Status_With_Minutes_Should_Fail" computerName="DESKTOP-7D275P5" duration="00:00:00.1122405" startTime="2026-07-27T07:43:21.5746193+00:00" endTime="2026-07-27T07:43:21.5746195+00:00" testType="13cdc9d9-ddb5-4fa4-a97d-d965ccfc6d4b" outcome="Passed" testListId="8c84fa94-04c1-424b-9868-57a2d4851a1d" relativeResultsDirectory="959934b4-53bd-43bb-8f95-5dd7e35f65ea" />
    <UnitTestResult executionId="e5271e5d-b9d4-49bb-9c0d-e590db4a1209" testId="37a01401-a7da-7120-c003-e26eb9e48684" testName="SamaEcole.UnitTests.Grades.GradeSheetImportParserTests.Two_Columns_Claiming_The_Same_Evaluation_Are_Rejected" computerName="DESKTOP-7D275P5" duration="00:00:00.0267951" startTime="2026-07-27T07:43:21.8723968+00:00" endTime="2026-07-27T07:43:21.8723972+00:00" testType="13cdc9d9-ddb5-4fa4-a97d-d965ccfc6d4b" outcome="Passed" testListId="8c84fa94-04c1-424b-9868-57a2d4851a1d" relativeResultsDirectory="e5271e5d-b9d4-49bb-9c0d-e590db4a1209" />
    <UnitTestResult executionId="992242f2-f85d-401b-b69e-acca3bfe0730" testId="cff5820c-163c-da69-2210-35673bc16dad" testName="SamaEcole.UnitTests.Students.ImportStudentsCommandValidatorTests.Should_Fail_When_FileName_Is_Empty" computerName="DESKTOP-7D275P5" duration="00:00:00.0084014" startTime="2026-07-27T07:43:20.9906920+00:00" endTime="2026-07-27T07:43:20.9906926+00:00" testType="13cdc9d9-ddb5-4fa4-a97d-d965ccfc6d4b" outcome="Passed" testListId="8c84fa94-04c1-424b-9868-57a2d4851a1d" relativeResultsDirectory="992242f2-f85d-401b-b69e-acca3bfe0730" />
    <UnitTestResult executionId="389fb5fb-2e1d-4060-9732-c02df1eb2e7a" testId="bb1bf97f-3a4e-5f37-0636-58a25bec3612" testName="SamaEcole.UnitTests.Students.StudentImportFileParserTests.An_Unsupported_Extension_Is_Rejected" computerName="DESKTOP-7D275P5" duration="00:00:00.0039956" startTime="2026-07-27T07:43:21.3758168+00:00" endTime="2026-07-27T07:43:21.3758170+00:00" testType="13cdc9d9-ddb5-4fa4-a97d-d965ccfc6d4b" outcome="Passed" testListId="8c84fa94-04c1-424b-9868-57a2d4851a1d" relativeResultsDirectory="389fb5fb-2e1d-4060-9732-c02df1eb2e7a" />
    <UnitTestResult executionId="3b58a7ba-0644-4d23-b775-01ed18f63e51" testId="d333a414-fd3f-60f7-ef88-c77cd3a0ae43" testName="SamaEcole.UnitTests.Grades.GradeSheetImportParserTests.A_File_Without_A_Matricule_Header_Is_Rejected" computerName="DESKTOP-7D275P5" duration="00:00:00.0466815" startTime="2026-07-27T07:43:21.5386047+00:00" endTime="2026-07-27T07:43:21.5386052+00:00" testType="13cdc9d9-ddb5-4fa4-a97d-d965ccfc6d4b" outcome="Passed" testListId="8c84fa94-04c1-424b-9868-57a2d4851a1d" relativeResultsDirectory="3b58a7ba-0644-4d23-b775-01ed18f63e51" />
    <UnitTestResult executionId="91be8750-a10d-4b80-928e-4d20c6d269d1" testId="d27a704c-37b4-220e-8283-8bfb9662ace9" testName="SamaEcole.UnitTests.Media.PrivateNetworkGuardTests.Allows_Public_Addresses(ip: &quot;1.1.1.1&quot;)" computerName="DESKTOP-7D275P5" duration="00:00:00.0000079" startTime="2026-07-27T07:43:21.2406615+00:00" endTime="2026-07-27T07:43:21.2406616+00:00" testType="13cdc9d9-ddb5-4fa4-a97d-d965ccfc6d4b" outcome="Passed" testListId="8c84fa94-04c1-424b-9868-57a2d4851a1d" relativeResultsDirectory="91be8750-a10d-4b80-928e-4d20c6d269d1" />
    <UnitTestResult executionId="24f01321-4c9a-47f5-b808-c4b203bb9719" testId="3e1e578c-bcd5-ab95-c9fe-753a9b0fc414" testName="SamaEcole.UnitTests.Users.PasswordPolicyTests.An_Obvious_Sequence_Should_Fail(password: &quot;QwertyStrongEnough1!&quot;)" computerName="DESKTOP-7D275P5" duration="00:00:00.0011408" startTime="2026-07-27T07:43:18.7262962+00:00" endTime="2026-07-27T07:43:18.7262963+00:00" testType="13cdc9d9-ddb5-4fa4-a97d-d965ccfc6d4b" outcome="Passed" testListId="8c84fa94-04c1-424b-9868-57a2d4851a1d" relativeResultsDirectory="24f01321-4c9a-47f5-b808-c4b203bb9719" />
    <UnitTestResult executionId="566155c5-9527-4284-8dfb-cb20466049dd" testId="c690d192-caa8-a535-0b14-f53f3da3d850" testName="SamaEcole.UnitTests.Registration.SubmitRegistrationRequestValidatorTests.Should_Fail_When_School_Name_Contains_Html" computerName="DESKTOP-7D275P5" duration="00:00:00.0013131" startTime="2026-07-27T07:43:20.8770026+00:00" endTime="2026-07-27T07:43:20.8770028+00:00" testType="13cdc9d9-ddb5-4fa4-a97d-d965ccfc6d4b" outcome="Passed" testListId="8c84fa94-04c1-424b-9868-57a2d4851a1d" relativeResultsDirectory="566155c5-9527-4284-8dfb-cb20466049dd" />
    <UnitTestResult executionId="c7f6e477-4aa0-499f-b2eb-d2991498afdb" testId="dda68d9a-5fc1-06ab-214c-bfd2f332e373" testName="SamaEcole.UnitTests.Enrollments.EnrollmentCertificatePdfGeneratorTests.Generate_Falls_Back_To_A_Logoless_Certificate_When_Logo_Bytes_Are_Unreadable" computerName="DESKTOP-7D275P5" duration="00:00:00.0488532" startTime="2026-07-27T07:43:19.4904158+00:00" endTime="2026-07-27T07:43:19.4904164+00:00" testType="13cdc9d9-ddb5-4fa4-a97d-d965ccfc6d4b" outcome="Passed" testListId="8c84fa94-04c1-424b-9868-57a2d4851a1d" relativeResultsDirectory="c7f6e477-4aa0-499f-b2eb-d2991498afdb" />
    <UnitTestResult executionId="db7966d4-034b-4fb5-9948-449cddd5cd44" testId="e1ec75a4-0343-a4ce-1878-fbe1227bf621" testName="SamaEcole.UnitTests.Users.ChangeUserStatusCommandValidatorTests.An_Empty_Or_Vague_Reason_Should_Be_Rejected(reason: &quot;ok&quot;)" computerName="DESKTOP-7D275P5" duration="00:00:00.0012641" startTime="2026-07-27T07:43:18.7672550+00:00" endTime="2026-07-27T07:43:18.7672552+00:00" testType="13cdc9d9-ddb5-4fa4-a97d-d965ccfc6d4b" outcome="Passed" testListId="8c84fa94-04c1-424b-9868-57a2d4851a1d" relativeResultsDirectory="db7966d4-034b-4fb5-9948-449cddd5cd44" />
    <UnitTestResult executionId="9de2a891-4b2b-40e6-9e3d-50f9c8f33507" testId="96ffa39a-8216-90ec-6fbd-5ef61e038199" testName="SamaEcole.UnitTests.Grades.GradeSheetImportParserTests.A_Header_Row_Preceded_By_An_Instructions_Row_Is_Still_Found" computerName="DESKTOP-7D275P5" duration="00:00:00.0668408" startTime="2026-07-27T07:43:21.6055824+00:00" endTime="2026-07-27T07:43:21.6055826+00:00" testType="13cdc9d9-ddb5-4fa4-a97d-d965ccfc6d4b" outcome="Passed" testListId="8c84fa94-04c1-424b-9868-57a2d4851a1d" relativeResultsDirectory="9de2a891-4b2b-40e6-9e3d-50f9c8f33507" />
    <UnitTestResult executionId="8e609f0c-4a60-4b80-a465-8c42bfb12916" testId="2f9da8c6-1a52-9b47-2056-74196baf8586" testName="SamaEcole.UnitTests.Common.AcademicYearTests.ForDate_Should_Roll_Over_In_October(date: &quot;2026-01-01&quot;, expected: 2025)" computerName="DESKTOP-7D275P5" duration="00:00:00.0000116" startTime="2026-07-27T07:43:18.8489860+00:00" endTime="2026-07-27T07:43:18.8489861+00:00" testType="13cdc9d9-ddb5-4fa4-a97d-d965ccfc6d4b" outcome="Passed" testListId="8c84fa94-04c1-424b-9868-57a2d4851a1d" relativeResultsDirectory="8e609f0c-4a60-4b80-a465-8c42bfb12916" />
    <UnitTestResult executionId="c66215b6-2cb6-4450-aa2a-d3fb4d3f538d" testId="0d251dc6-a33c-7faf-5b8b-27e9ab43ce4f" testName="SamaEcole.UnitTests.ReportCards.ReportCardDocumentTests.A_Primaire_Report_Card_On_A_Ten_Point_Scale_Fits_On_A_Single_A5_Page" computerName="DESKTOP-7D275P5" duration="00:00:00.6841975" startTime="2026-07-27T07:43:24.8389423+00:00" endTime="2026-07-27T07:43:24.8389429+00:00" testType="13cdc9d9-ddb5-4fa4-a97d-d965ccfc6d4b" outcome="Passed" testListId="8c84fa94-04c1-424b-9868-57a2d4851a1d" relativeResultsDirectory="c66215b6-2cb6-4450-aa2a-d3fb4d3f538d" />
    <UnitTestResult executionId="a2456889-c78e-4937-a9b2-6f7abe3e9b8e" testId="9dd21fe0-67d7-f4e1-ccc6-d9419c5c133c" testName="SamaEcole.UnitTests.Enrollments.ReceiptCityTests.FromAddress_Returns_Null_When_No_Usable_City(address: &quot;   &quot;)" computerName="DESKTOP-7D275P5" duration="00:00:00.0001602" startTime="2026-07-27T07:43:21.0100242+00:00" endTime="2026-07-27T07:43:21.0100243+00:00" testType="13cdc9d9-ddb5-4fa4-a97d-d965ccfc6d4b" outcome="Passed" testListId="8c84fa94-04c1-424b-9868-57a2d4851a1d" relativeResultsDirectory="a2456889-c78e-4937-a9b2-6f7abe3e9b8e" />
    <UnitTestResult executionId="3aa5e1e2-e5b2-4b82-93ef-1389495a3b77" testId="c88afe22-26f2-043b-a3c7-f6716696dfa1" testName="SamaEcole.UnitTests.Reports.GetAttendanceReportQueryValidatorTests.PageSize_Beyond_The_Cap_Should_Fail" computerName="DESKTOP-7D275P5" duration="00:00:00.0004474" startTime="2026-07-27T07:43:18.7691602+00:00" endTime="2026-07-27T07:43:18.7691603+00:00" testType="13cdc9d9-ddb5-4fa4-a97d-d965ccfc6d4b" outcome="Passed" testListId="8c84fa94-04c1-424b-9868-57a2d4851a1d" relativeResultsDirectory="3aa5e1e2-e5b2-4b82-93ef-1389495a3b77" />
    <UnitTestResult executionId="be9c18cb-34bf-4e9b-82df-8528370049ed" testId="2e300eb9-fc76-6b30-90df-cee13df56e19" testName="SamaEcole.UnitTests.Students.SetStudentPhotoCommandValidatorTests.Should_Fail_When_PhotoData_Is_Not_Valid_Base64" computerName="DESKTOP-7D275P5" duration="00:00:00.0010934" startTime="2026-07-27T07:43:18.8224352+00:00" endTime="2026-07-27T07:43:18.8224353+00:00" testType="13cdc9d9-ddb5-4fa4-a97d-d965ccfc6d4b" outcome="Passed" testListId="8c84fa94-04c1-424b-9868-57a2d4851a1d" relativeResultsDirectory="be9c18cb-34bf-4e9b-82df-8528370049ed" />
    <UnitTestResult executionId="846d8c41-4aa6-43a3-8304-08443046c3c4" testId="7233f4c0-c8c8-03dd-4f0a-b28a883ff0f8" testName="SamaEcole.UnitTests.Reports.AttendanceReportCsvTests.Csv_Should_Contain_Context_And_Column_Header" computerName="DESKTOP-7D275P5" duration="00:00:00.0041675" startTime="2026-07-27T07:43:20.9213032+00:00" endTime="2026-07-27T07:43:20.9213037+00:00" testType="13cdc9d9-ddb5-4fa4-a97d-d965ccfc6d4b" outcome="Passed" testListId="8c84fa94-04c1-424b-9868-57a2d4851a1d" relativeResultsDirectory="846d8c41-4aa6-43a3-8304-08443046c3c4" />
    <UnitTestResult executionId="315c80b0-26c1-49a3-87bd-24c05bf5e83b" testId="47a06752-4d47-7f99-fd81-c9373bf11127" testName="SamaEcole.UnitTests.Finance.RecordPaymentCommandValidatorTests.Every_Supported_Method_Is_Accepted(method: MobileMoney)" computerName="DESKTOP-7D275P5" duration="00:00:00.0003550" startTime="2026-07-27T07:43:18.7951456+00:00" endTime="2026-07-27T07:43:18.7951458+00:00" testType="13cdc9d9-ddb5-4fa4-a97d-d965ccfc6d4b" outcome="Passed" testListId="8c84fa94-04c1-424b-9868-57a2d4851a1d" relativeResultsDirectory="315c80b0-26c1-49a3-87bd-24c05bf5e83b" />
    <UnitTestResult executionId="8a039ed8-1ab0-43eb-a95c-c539f85d7bd4" testId="1d1d3ec1-eca8-54f3-065e-7f14a09eb1fb" testName="SamaEcole.UnitTests.Users.ChangeUserStatusCommandValidatorTests.A_Status_Outside_The_Enum_Should_Be_Rejected" computerName="DESKTOP-7D275P5" duration="00:00:00.0017672" startTime="2026-07-27T07:43:18.7700665+00:00" endTime="2026-07-27T07:43:18.7700666+00:00" testType="13cdc9d9-ddb5-4fa4-a97d-d965ccfc6d4b" outcome="Passed" testListId="8c84fa94-04c1-424b-9868-57a2d4851a1d" relativeResultsDirectory="8a039ed8-1ab0-43eb-a95c-c539f85d7bd4" />
    <UnitTestResult executionId="330aea2e-8265-470c-9412-f6d6dc7405c4" testId="6a050e27-3bf2-d207-f0b2-e2ee27b9e3c5" testName="SamaEcole.UnitTests.Media.PrivateNetworkGuardTests.Allows_Public_Addresses(ip: &quot;100.128.0.1&quot;)" computerName="DESKTOP-7D275P5" duration="00:00:00.0000076" startTime="2026-07-27T07:43:21.2407366+00:00" endTime="2026-07-27T07:43:21.2407367+00:00" testType="13cdc9d9-ddb5-4fa4-a97d-d965ccfc6d4b" outcome="Passed" testListId="8c84fa94-04c1-424b-9868-57a2d4851a1d" relativeResultsDirectory="330aea2e-8265-470c-9412-f6d6dc7405c4" />
    <UnitTestResult executionId="6fdcc86a-1b2e-4f80-8f42-55b06f445c04" testId="b0da767d-31f1-704f-6ef1-387d87189f04" testName="SamaEcole.UnitTests.Classrooms.ClassroomCycleTests.CycleFor_Ignores_Case_Accents_And_Surrounding_Space(level: &quot;primaire&quot;, expected: Primaire)" computerName="DESKTOP-7D275P5" duration="00:00:00.0000123" startTime="2026-07-27T07:43:21.1571293+00:00" endTime="2026-07-27T07:43:21.1571294+00:00" testType="13cdc9d9-ddb5-4fa4-a97d-d965ccfc6d4b" outcome="Passed" testListId="8c84fa94-04c1-424b-9868-57a2d4851a1d" relativeResultsDirectory="6fdcc86a-1b2e-4f80-8f42-55b06f445c04" />
    <UnitTestResult executionId="0313caba-0096-4d80-a75b-6396519f0b24" testId="6df3e73f-4243-4634-fee4-0de2fa1ab980" testName="SamaEcole.UnitTests.Classrooms.ClassroomCycleTests.CycleFor_Ignores_Case_Accents_And_Surrounding_Space(level: &quot;lycee&quot;, expected: Lycee)" computerName="DESKTOP-7D275P5" duration="00:00:00.0000119" startTime="2026-07-27T07:43:21.1582783+00:00" endTime="2026-07-27T07:43:21.1582784+00:00" testType="13cdc9d9-ddb5-4fa4-a97d-d965ccfc6d4b" outcome="Passed" testListId="8c84fa94-04c1-424b-9868-57a2d4851a1d" relativeResultsDirectory="0313caba-0096-4d80-a75b-6396519f0b24" />
    <UnitTestResult executionId="808c4e08-5022-4145-a76d-26e7c7819d04" testId="8cc680c7-0e0d-d958-e6b1-8cb61fd8e0c9" testName="SamaEcole.UnitTests.Registration.RejectRegistrationRequestValidatorTests.Should_Succeed_With_A_Concrete_Reason" computerName="DESKTOP-7D275P5" duration="00:00:00.0002762" startTime="2026-07-27T07:43:18.7706191+00:00" endTime="2026-07-27T07:43:18.7706191+00:00" testType="13cdc9d9-ddb5-4fa4-a97d-d965ccfc6d4b" outcome="Passed" testListId="8c84fa94-04c1-424b-9868-57a2d4851a1d" relativeResultsDirectory="808c4e08-5022-4145-a76d-26e7c7819d04" />
    <UnitTestResult executionId="7bf74148-c677-444c-988a-6baef2438d83" testId="e312af7d-bfba-bb59-571e-3b5b67823e54" testName="SamaEcole.UnitTests.Classrooms.ClassroomCycleTests.UsesSimplifiedGrading_Covers_The_Preschool_And_Primary_Cycles(cycle: College, expected: False)" computerName="DESKTOP-7D275P5" duration="00:00:00.0001587" startTime="2026-07-27T07:43:21.1554978+00:00" endTime="2026-07-27T07:43:21.1554979+00:00" testType="13cdc9d9-ddb5-4fa4-a97d-d965ccfc6d4b" outcome="Passed" testListId="8c84fa94-04c1-424b-9868-57a2d4851a1d" relativeResultsDirectory="7bf74148-c677-444c-988a-6baef2438d83" />
    <UnitTestResult executionId="97ae031f-48a2-4dbc-bbf4-c15239d3b3c2" testId="423dd4ed-ea82-e0b0-4b82-f4cd95d9014c" testName="SamaEcole.UnitTests.Students.SetStudentPhotoCommandValidatorTests.Should_Succeed_When_Clearing_The_Photo" computerName="DESKTOP-7D275P5" duration="00:00:00.0008079" startTime="2026-07-27T07:43:18.8252819+00:00" endTime="2026-07-27T07:43:18.8252820+00:00" testType="13cdc9d9-ddb5-4fa4-a97d-d965ccfc6d4b" outcome="Passed" testListId="8c84fa94-04c1-424b-9868-57a2d4851a1d" relativeResultsDirectory="97ae031f-48a2-4dbc-bbf4-c15239d3b3c2" />
    <UnitTestResult executionId="9ff6be05-2260-466b-bc2a-c902a13283a8" testId="22ade550-a39a-c948-0d67-5c066f638518" testName="SamaEcole.UnitTests.Grades.GradeSheetImportParserTests.A_Missing_Cell_For_An_Evaluation_Column_Yields_An_Empty_Raw_Value_Not_A_Zero" computerName="DESKTOP-7D275P5" duration="00:00:02.5686020" startTime="2026-07-27T07:43:21.3974543+00:00" endTime="2026-07-27T07:43:21.3974552+00:00" testType="13cdc9d9-ddb5-4fa4-a97d-d965ccfc6d4b" outcome="Passed" testListId="8c84fa94-04c1-424b-9868-57a2d4851a1d" relativeResultsDirectory="9ff6be05-2260-466b-bc2a-c902a13283a8" />
    <UnitTestResult executionId="697ab2b0-7c3e-46dd-83d7-8091f98f6b5a" testId="9a00d687-0c37-fda5-cd43-3ec2a14f38ff" testName="SamaEcole.UnitTests.Common.SafeTextValidationTests.Injection_Attempts_Should_Be_Rejected(payload: &quot;JaVaScRiPt:alert(1)&quot;)" computerName="DESKTOP-7D275P5" duration="00:00:00.0000208" startTime="2026-07-27T07:43:18.7314222+00:00" endTime="2026-07-27T07:43:18.7314223+00:00" testType="13cdc9d9-ddb5-4fa4-a97d-d965ccfc6d4b" outcome="Passed" testListId="8c84fa94-04c1-424b-9868-57a2d4851a1d" relativeResultsDirectory="697ab2b0-7c3e-46dd-83d7-8091f98f6b5a" />
    <UnitTestResult executionId="e142b455-8548-43a8-a8e5-991dfb5f85fc" testId="7d904cb9-ba9d-c305-50c8-6604973245f3" testName="SamaEcole.UnitTests.Classrooms.ClassroomCycleTests.CycleFor_Maps_Every_Level_Offered_By_The_Classroom_Form(level: &quot;Lycée&quot;, expected: Lycee)" computerName="DESKTOP-7D275P5" duration="00:00:00.0000123" startTime="2026-07-27T07:43:21.1601990+00:00" endTime="2026-07-27T07:43:21.1601991+00:00" testType="13cdc9d9-ddb5-4fa4-a97d-d965ccfc6d4b" outcome="Passed" testListId="8c84fa94-04c1-424b-9868-57a2d4851a1d" relativeResultsDirectory="e142b455-8548-43a8-a8e5-991dfb5f85fc" />
    <UnitTestResult executionId="c2c5c126-ec2d-46ae-a7d4-fe3f8acd65bf" testId="a65143a9-a09c-b43b-72e8-7ac1909f8c7f" testName="SamaEcole.UnitTests.Grades.GradeSheetExcelGeneratorTests.The_Note_Columns_Are_Unlocked" computerName="DESKTOP-7D275P5" duration="00:00:00.0629585" startTime="2026-07-27T07:43:21.7009837+00:00" endTime="2026-07-27T07:43:21.7009841+00:00" testType="13cdc9d9-ddb5-4fa4-a97d-d965ccfc6d4b" outcome="Passed" testListId="8c84fa94-04c1-424b-9868-57a2d4851a1d" relativeResultsDirectory="c2c5c126-ec2d-46ae-a7d4-fe3f8acd65bf" />
    <UnitTestResult executionId="3e9a0cc3-d24b-4678-93f7-8114e2e7302f" testId="45e9ae91-2b0d-cde2-1c40-71abf00c6cf7" testName="SamaEcole.UnitTests.Classrooms.CreateClassroomCommandValidatorTests.Any_Naming_Should_Be_Accepted(name: &quot;6e B&quot;)" computerName="DESKTOP-7D275P5" duration="00:00:00.0000825" startTime="2026-07-27T07:43:21.1988765+00:00" endTime="2026-07-27T07:43:21.1988767+00:00" testType="13cdc9d9-ddb5-4fa4-a97d-d965ccfc6d4b" outcome="Passed" testListId="8c84fa94-04c1-424b-9868-57a2d4851a1d" relativeResultsDirectory="3e9a0cc3-d24b-4678-93f7-8114e2e7302f" />
    <UnitTestResult executionId="66559c80-73b0-45a4-87da-e6c1e22d475c" testId="315fb1ff-0dcb-64da-cf37-747253741c10" testName="SamaEcole.UnitTests.Buildings.CreateRoomCommandValidatorTests.Valid_Room_Should_Pass" computerName="DESKTOP-7D275P5" duration="00:00:00.0003254" startTime="2026-07-27T07:43:19.6716772+00:00" endTime="2026-07-27T07:43:19.6716774+00:00" testType="13cdc9d9-ddb5-4fa4-a97d-d965ccfc6d4b" outcome="Passed" testListId="8c84fa94-04c1-424b-9868-57a2d4851a1d" relativeResultsDirectory="66559c80-73b0-45a4-87da-e6c1e22d475c" />
    <UnitTestResult executionId="87bc4868-715e-4b77-aeed-d71072efd1bb" testId="15119157-ba54-ce86-2342-3058d05b0851" testName="SamaEcole.UnitTests.Subscriptions.GetSubscriptionPaymentsQueryValidatorTests.Non_Positive_Page_Should_Fail(page: 0)" computerName="DESKTOP-7D275P5" duration="00:00:00.0021365" startTime="2026-07-27T07:43:18.7354318+00:00" endTime="2026-07-27T07:43:18.7354319+00:00" testType="13cdc9d9-ddb5-4fa4-a97d-d965ccfc6d4b" outcome="Passed" testListId="8c84fa94-04c1-424b-9868-57a2d4851a1d" relativeResultsDirectory="87bc4868-715e-4b77-aeed-d71072efd1bb" />
    <UnitTestResult executionId="824e23cd-93aa-4885-877c-fcbb3786eea0" testId="fb3b56a3-b2ce-2912-fbdc-f347eac9adde" testName="SamaEcole.UnitTests.Registration.GetRegistrationRequestStatusValidatorTests.Should_Succeed_For_A_Well_Formed_Reference" computerName="DESKTOP-7D275P5" duration="00:00:00.0027150" startTime="2026-07-27T07:43:18.7810107+00:00" endTime="2026-07-27T07:43:18.7810108+00:00" testType="13cdc9d9-ddb5-4fa4-a97d-d965ccfc6d4b" outcome="Passed" testListId="8c84fa94-04c1-424b-9868-57a2d4851a1d" relativeResultsDirectory="824e23cd-93aa-4885-877c-fcbb3786eea0" />
    <UnitTestResult executionId="91fccb8a-3a1d-474f-8b5a-ed00eb40877a" testId="285db236-f8c1-f9d7-909c-51896c06e0c5" testName="SamaEcole.UnitTests.Grades.GradeSheetExcelGeneratorTests.The_Matricule_And_Full_Name_Columns_Are_Locked" computerName="DESKTOP-7D275P5" duration="00:00:00.0495154" startTime="2026-07-27T07:43:21.7506971+00:00" endTime="2026-07-27T07:43:21.7506975+00:00" testType="13cdc9d9-ddb5-4fa4-a97d-d965ccfc6d4b" outcome="Passed" testListId="8c84fa94-04c1-424b-9868-57a2d4851a1d" relativeResultsDirectory="91fccb8a-3a1d-474f-8b5a-ed00eb40877a" />
    <UnitTestResult executionId="5c8079e2-9257-4ab2-9f92-4259a2114f84" testId="f8e9c536-2f87-a31d-bec8-bea79e069fc1" testName="SamaEcole.UnitTests.Registration.SubmitRegistrationRequestValidatorTests.Should_Fail_When_Director_Email_Is_Invalid" computerName="DESKTOP-7D275P5" duration="00:00:00.0015830" startTime="2026-07-27T07:43:20.8815422+00:00" endTime="2026-07-27T07:43:20.8815426+00:00" testType="13cdc9d9-ddb5-4fa4-a97d-d965ccfc6d4b" outcome="Passed" testListId="8c84fa94-04c1-424b-9868-57a2d4851a1d" relativeResultsDirectory="5c8079e2-9257-4ab2-9f92-4259a2114f84" />
    <UnitTestResult executionId="155a8076-616c-48a9-9655-067ff17c5346" testId="e156c748-2e3d-fdd0-27f8-e895f9a0371f" testName="SamaEcole.UnitTests.Students.StudentImportFileParserTests.A_Real_Excel_Date_Cell_Is_Normalized_To_The_Same_Text_Format_As_A_Typed_Date" computerName="DESKTOP-7D275P5" duration="00:00:00.0691216" startTime="2026-07-27T07:43:21.4846243+00:00" endTime="2026-07-27T07:43:21.4846247+00:00" testType="13cdc9d9-ddb5-4fa4-a97d-d965ccfc6d4b" outcome="Passed" testListId="8c84fa94-04c1-424b-9868-57a2d4851a1d" relativeResultsDirectory="155a8076-616c-48a9-9655-067ff17c5346" />
    <UnitTestResult executionId="0ccfbdaf-dee3-4689-99ba-88ca5f66b3e8" testId="00227d9d-928f-0101-4857-3e3e3431d632" testName="SamaEcole.UnitTests.Reports.GetAttendanceExportQueryValidatorTests.Unknown_Format_Should_Fail(format: &quot;xml&quot;)" computerName="DESKTOP-7D275P5" duration="00:00:00.0014198" startTime="2026-07-27T07:43:21.2509195+00:00" endTime="2026-07-27T07:43:21.2509196+00:00" testType="13cdc9d9-ddb5-4fa4-a97d-d965ccfc6d4b" outcome="Passed" testListId="8c84fa94-04c1-424b-9868-57a2d4851a1d" relativeResultsDirectory="0ccfbdaf-dee3-4689-99ba-88ca5f66b3e8" />
    <UnitTestResult executionId="73dea736-894e-44fd-896e-1228cc92a3d6" testId="1ead6a9c-10e4-ce80-cf58-e39411f9cb8e" testName="SamaEcole.UnitTests.Common.SafeTextValidationTests.Injection_Attempts_Should_Be_Rejected(payload: &quot;&lt;img src=x onerror=alert(1)&gt;&quot;)" computerName="DESKTOP-7D275P5" duration="00:00:00.0001549" startTime="2026-07-27T07:43:18.7312505+00:00" endTime="2026-07-27T07:43:18.7312506+00:00" testType="13cdc9d9-ddb5-4fa4-a97d-d965ccfc6d4b" outcome="Passed" testListId="8c84fa94-04c1-424b-9868-57a2d4851a1d" relativeResultsDirectory="73dea736-894e-44fd-896e-1228cc92a3d6" />
    <UnitTestResult executionId="3aa45b55-7214-46eb-bfb4-febcb3c78e09" testId="b5f72509-48f1-578c-38b1-85de4245f1d9" testName="SamaEcole.UnitTests.Media.PrivateNetworkGuardTests.Blocks_Internal_And_Reserved_Addresses(ip: &quot;100.64.0.1&quot;)" computerName="DESKTOP-7D275P5" duration="00:00:00.0000111" startTime="2026-07-27T07:43:21.2381596+00:00" endTime="2026-07-27T07:43:21.2381597+00:00" testType="13cdc9d9-ddb5-4fa4-a97d-d965ccfc6d4b" outcome="Passed" testListId="8c84fa94-04c1-424b-9868-57a2d4851a1d" relativeResultsDirectory="3aa45b55-7214-46eb-bfb4-febcb3c78e09" />
    <UnitTestResult executionId="ec39379c-93a5-4399-9c3d-ee6c9a9f2e2d" testId="e4be25c0-9daa-176a-d366-0e2da1245236" testName="SamaEcole.UnitTests.Finance.RecordPaymentCommandValidatorTests.A_Non_Positive_Amount_Is_Rejected(amount: 0)" computerName="DESKTOP-7D275P5" duration="00:00:00.0016511" startTime="2026-07-27T07:43:18.7896609+00:00" endTime="2026-07-27T07:43:18.7896610+00:00" testType="13cdc9d9-ddb5-4fa4-a97d-d965ccfc6d4b" outcome="Passed" testListId="8c84fa94-04c1-424b-9868-57a2d4851a1d" relativeResultsDirectory="ec39379c-93a5-4399-9c3d-ee6c9a9f2e2d" />
    <UnitTestResult executionId="f634dd3e-7281-404f-b056-9f5af677ff63" testId="c20d5f8a-be11-7f4b-8908-6e8acc663730" testName="SamaEcole.UnitTests.Classrooms.ClassroomCycleTests.UsesSimplifiedGrading_Covers_The_Preschool_And_Primary_Cycles(cycle: Primaire, expected: True)" computerName="DESKTOP-7D275P5" duration="00:00:00.0000077" startTime="2026-07-27T07:43:21.1566656+00:00" endTime="2026-07-27T07:43:21.1566657+00:00" testType="13cdc9d9-ddb5-4fa4-a97d-d965ccfc6d4b" outcome="Passed" testListId="8c84fa94-04c1-424b-9868-57a2d4851a1d" relativeResultsDirectory="f634dd3e-7281-404f-b056-9f5af677ff63" />
    <UnitTestResult executionId="c54526b0-92d5-48a7-8632-50e30391d248" testId="e15091f9-1865-2c20-925f-15a08836ec30" testName="SamaEcole.UnitTests.Finance.DuesNoticePdfGeneratorTests.Generate_Falls_Back_To_A_Logoless_Notice_When_Logo_Bytes_Are_Unreadable" computerName="DESKTOP-7D275P5" duration="00:00:00.1891253" startTime="2026-07-27T07:43:20.6745263+00:00" endTime="2026-07-27T07:43:20.6745265+00:00" testType="13cdc9d9-ddb5-4fa4-a97d-d965ccfc6d4b" outcome="Passed" testListId="8c84fa94-04c1-424b-9868-57a2d4851a1d" relativeResultsDirectory="c54526b0-92d5-48a7-8632-50e30391d248" />
    <UnitTestResult executionId="71c86d13-4509-4fa6-b334-9646e73b52fc" testId="5245e475-89a9-25c8-a6f1-ae8a313bdbb1" testName="SamaEcole.UnitTests.Classrooms.ClassroomCycleTests.CycleFor_Ignores_Case_Accents_And_Surrounding_Space(level: &quot;CEM&quot;, expected: College)" computerName="DESKTOP-7D275P5" duration="00:00:00.0000118" startTime="2026-07-27T07:43:21.1570609+00:00" endTime="2026-07-27T07:43:21.1570609+00:00" testType="13cdc9d9-ddb5-4fa4-a97d-d965ccfc6d4b" outcome="Passed" testListId="8c84fa94-04c1-424b-9868-57a2d4851a1d" relativeResultsDirectory="71c86d13-4509-4fa6-b334-9646e73b52fc" />
    <UnitTestResult executionId="3f41bab0-6427-4a00-a245-aa1028f6c749" testId="2a2c0c39-1564-782d-4014-7c9f04d774a3" testName="SamaEcole.UnitTests.Grades.GradeSheetImportParserTests.An_Unrecognized_Column_Such_As_Full_Name_Is_Simply_Ignored" computerName="DESKTOP-7D275P5" duration="00:00:00.0154380" startTime="2026-07-27T07:43:21.6838115+00:00" endTime="2026-07-27T07:43:21.6838119+00:00" testType="13cdc9d9-ddb5-4fa4-a97d-d965ccfc6d4b" outcome="Passed" testListId="8c84fa94-04c1-424b-9868-57a2d4851a1d" relativeResultsDirectory="3f41bab0-6427-4a00-a245-aa1028f6c749" />
    <UnitTestResult executionId="abc0df88-0d64-4d27-b309-1f7d274773b2" testId="b41e18a4-9681-c5d9-6bfb-286655aafb86" testName="SamaEcole.UnitTests.Tools.MigrateCommandTests.A_Missing_Connection_String_Fails_Instead_Of_Falling_Back(environmentValue: null)" computerName="DESKTOP-7D275P5" duration="00:00:00.0029728" startTime="2026-07-27T07:43:26.8109611+00:00" endTime="2026-07-27T07:43:26.8109615+00:00" testType="13cdc9d9-ddb5-4fa4-a97d-d965ccfc6d4b" outcome="Passed" testListId="8c84fa94-04c1-424b-9868-57a2d4851a1d" relativeResultsDirectory="abc0df88-0d64-4d27-b309-1f7d274773b2" />
    <UnitTestResult executionId="075abd11-54e7-4fc3-9544-0ecfa4f87f3b" testId="20693327-74de-7639-f5c9-eed1b8ed7d2b" testName="SamaEcole.UnitTests.Reports.AttendanceReportCsvTests.A_Name_Containing_The_Separator_Should_Be_Quoted" computerName="DESKTOP-7D275P5" duration="00:00:00.0010200" startTime="2026-07-27T07:43:20.9224142+00:00" endTime="2026-07-27T07:43:20.9224145+00:00" testType="13cdc9d9-ddb5-4fa4-a97d-d965ccfc6d4b" outcome="Passed" testListId="8c84fa94-04c1-424b-9868-57a2d4851a1d" relativeResultsDirectory="075abd11-54e7-4fc3-9544-0ecfa4f87f3b" />
    <UnitTestResult executionId="042794f1-6f7b-48b1-87b1-9bfa9d431848" testId="268e3e35-136a-2727-df6b-edc599c5656a" testName="SamaEcole.UnitTests.Students.GetStudentsQueryValidatorTests.PageSize_Beyond_The_Cap_Should_Fail" computerName="DESKTOP-7D275P5" duration="00:00:00.0004182" startTime="2026-07-27T07:43:18.7764135+00:00" endTime="2026-07-27T07:43:18.7764137+00:00" testType="13cdc9d9-ddb5-4fa4-a97d-d965ccfc6d4b" outcome="Passed" testListId="8c84fa94-04c1-424b-9868-57a2d4851a1d" relativeResultsDirectory="042794f1-6f7b-48b1-87b1-9bfa9d431848" />
    <UnitTestResult executionId="c312eb89-8267-4182-90d8-044ad5ed2a07" testId="491447f5-b659-76fa-a841-25386407299c" testName="SamaEcole.UnitTests.Media.PrivateNetworkGuardTests.Blocks_Internal_And_Reserved_Addresses(ip: &quot;127.0.0.1&quot;)" computerName="DESKTOP-7D275P5" duration="00:00:00.0000097" startTime="2026-07-27T07:43:21.2358001+00:00" endTime="2026-07-27T07:43:21.2358003+00:00" testType="13cdc9d9-ddb5-4fa4-a97d-d965ccfc6d4b" outcome="Passed" testListId="8c84fa94-04c1-424b-9868-57a2d4851a1d" relativeResultsDirectory="c312eb89-8267-4182-90d8-044ad5ed2a07" />
    <UnitTestResult executionId="1f70268c-eacb-4a65-855a-ccda5c624122" testId="fcc35a5a-1afc-b343-9200-74182ce0c9c6" testName="SamaEcole.UnitTests.Teachers.SetTeacherPhotoCommandValidatorTests.Should_Succeed_When_Setting_A_Valid_Photo" computerName="DESKTOP-7D275P5" duration="00:00:00.0005010" startTime="2026-07-27T07:43:18.8184393+00:00" endTime="2026-07-27T07:43:18.8184393+00:00" testType="13cdc9d9-ddb5-4fa4-a97d-d965ccfc6d4b" outcome="Passed" testListId="8c84fa94-04c1-424b-9868-57a2d4851a1d" relativeResultsDirectory="1f70268c-eacb-4a65-855a-ccda5c624122" />
    <UnitTestResult executionId="78b0294d-b78c-4109-8a9f-a4e1b7540e0b" testId="f7dcfe98-2dfc-9d39-559e-4dc0ff91084a" testName="SamaEcole.UnitTests.Common.SafeTextValidationTests.Legitimate_French_Text_Should_Pass(text: &quot;Établissement « Les Baobabs » &amp; Fils&quot;)" computerName="DESKTOP-7D275P5" duration="00:00:00.0007888" startTime="2026-07-27T07:43:18.7297194+00:00" endTime="2026-07-27T07:43:18.7297195+00:00" testType="13cdc9d9-ddb5-4fa4-a97d-d965ccfc6d4b" outcome="Passed" testListId="8c84fa94-04c1-424b-9868-57a2d4851a1d" relativeResultsDirectory="78b0294d-b78c-4109-8a9f-a4e1b7540e0b" />
    <UnitTestResult executionId="edcb2020-54c9-46d2-9ece-ed0b1e615d88" testId="bf124519-86df-d862-60af-98aff8e8db46" testName="SamaEcole.UnitTests.Schools.PasswordGeneratorTests.Generated_Passwords_Should_Satisfy_The_Security_Policy" computerName="DESKTOP-7D275P5" duration="00:00:00.7327143" startTime="2026-07-27T07:43:22.1346746+00:00" endTime="2026-07-27T07:43:22.1346751+00:00" testType="13cdc9d9-ddb5-4fa4-a97d-d965ccfc6d4b" outcome="Passed" testListId="8c84fa94-04c1-424b-9868-57a2d4851a1d" relativeResultsDirectory="edcb2020-54c9-46d2-9ece-ed0b1e615d88" />
    <UnitTestResult executionId="d0d60baa-157b-48b3-b5e2-2f41b3b907c7" testId="806a2cce-9566-5402-8711-5774986dd901" testName="SamaEcole.UnitTests.Finance.RecordPaymentCommandValidatorTests.A_Vat_Rate_Outside_Zero_And_One_Is_Rejected(vatRate: -0,01)" computerName="DESKTOP-7D275P5" duration="00:00:00.0005401" startTime="2026-07-27T07:43:18.8081042+00:00" endTime="2026-07-27T07:43:18.8081043+00:00" testType="13cdc9d9-ddb5-4fa4-a97d-d965ccfc6d4b" outcome="Passed" testListId="8c84fa94-04c1-424b-9868-57a2d4851a1d" relativeResultsDirectory="d0d60baa-157b-48b3-b5e2-2f41b3b907c7" />
    <UnitTestResult executionId="51d146e4-e403-4057-be13-abd0ad795c3b" testId="b5c12c0d-8435-9c0d-fef8-e09e258f926a" testName="SamaEcole.UnitTests.Finance.PaymentReceiptPdfGeneratorTests.Generate_Falls_Back_To_A_Logoless_Receipt_When_Logo_Bytes_Are_Unreadable" computerName="DESKTOP-7D275P5" duration="00:00:00.1582146" startTime="2026-07-27T07:43:20.7386523+00:00" endTime="2026-07-27T07:43:20.7386527+00:00" testType="13cdc9d9-ddb5-4fa4-a97d-d965ccfc6d4b" outcome="Passed" testListId="8c84fa94-04c1-424b-9868-57a2d4851a1d" relativeResultsDirectory="51d146e4-e403-4057-be13-abd0ad795c3b" />
    <UnitTestResult executionId="418999ea-e5e2-49d0-b04b-003d89b1c010" testId="484d9f0d-7e41-e580-39cd-cee45f677659" testName="SamaEcole.UnitTests.Teachers.CreateTeacherCommandValidatorTests.No_Subject_Should_Fail" computerName="DESKTOP-7D275P5" duration="00:00:00.0011682" startTime="2026-07-27T07:43:18.8507130+00:00" endTime="2026-07-27T07:43:18.8507131+00:00" testType="13cdc9d9-ddb5-4fa4-a97d-d965ccfc6d4b" outcome="Passed" testListId="8c84fa94-04c1-424b-9868-57a2d4851a1d" relativeResultsDirectory="418999ea-e5e2-49d0-b04b-003d89b1c010" />
    <UnitTestResult executionId="31a1f975-4731-4260-be5b-6eb231215319" testId="efb64ec4-42d2-5d61-5393-076ca07fdc6e" testName="SamaEcole.UnitTests.Grades.MentionScalesTests.Rescaling_To_The_Reference_Returns_The_Thresholds_Untouched" computerName="DESKTOP-7D275P5" duration="00:00:00.0534761" startTime="2026-07-27T07:43:19.7360833+00:00" endTime="2026-07-27T07:43:19.7360838+00:00" testType="13cdc9d9-ddb5-4fa4-a97d-d965ccfc6d4b" outcome="Passed" testListId="8c84fa94-04c1-424b-9868-57a2d4851a1d" relativeResultsDirectory="31a1f975-4731-4260-be5b-6eb231215319" />
    <UnitTestResult executionId="becda809-d62c-4c43-a47c-66cb68d48023" testId="4516a046-110b-6199-4012-2168e8af1e12" testName="SamaEcole.UnitTests.Schools.MatriculeFormatTests.Render_Should_Substitute_Year_And_Sequence(format: &quot;{SEQ}&quot;, year: 2026, seq: 9, expected: &quot;9&quot;)" computerName="DESKTOP-7D275P5" duration="00:00:00.0005461" startTime="2026-07-27T07:43:20.6046779+00:00" endTime="2026-07-27T07:43:20.6046780+00:00" testType="13cdc9d9-ddb5-4fa4-a97d-d965ccfc6d4b" outcome="Passed" testListId="8c84fa94-04c1-424b-9868-57a2d4851a1d" relativeResultsDirectory="becda809-d62c-4c43-a47c-66cb68d48023" />
    <UnitTestResult executionId="65808766-7ce4-4d90-9e0c-3dd345763c17" testId="8311b1ac-8aa6-d5e2-ac2c-54b96b8aed10" testName="SamaEcole.UnitTests.Common.SafeTextValidationTests.Legitimate_French_Text_Should_Pass(text: &quot;Frais d'inscription&quot;)" computerName="DESKTOP-7D275P5" duration="00:00:00.0000112" startTime="2026-07-27T07:43:18.7307563+00:00" endTime="2026-07-27T07:43:18.7307563+00:00" testType="13cdc9d9-ddb5-4fa4-a97d-d965ccfc6d4b" outcome="Passed" testListId="8c84fa94-04c1-424b-9868-57a2d4851a1d" relativeResultsDirectory="65808766-7ce4-4d90-9e0c-3dd345763c17" />
    <UnitTestResult executionId="5cbecb55-eee6-42e4-870b-d830087510ce" testId="eac2dc8a-daa6-eef9-652b-f6c13978553a" testName="SamaEcole.UnitTests.Reports.GetAttendanceReportQueryValidatorTests.Non_Positive_Page_Should_Fail(page: 0)" computerName="DESKTOP-7D275P5" duration="00:00:00.0005236" startTime="2026-07-27T07:43:18.7688389+00:00" endTime="2026-07-27T07:43:18.7688390+00:00" testType="13cdc9d9-ddb5-4fa4-a97d-d965ccfc6d4b" outcome="Passed" testListId="8c84fa94-04c1-424b-9868-57a2d4851a1d" relativeResultsDirectory="5cbecb55-eee6-42e4-870b-d830087510ce" />
    <UnitTestResult executionId="594b4889-e362-4ad0-aa4e-b63706fa1c5d" testId="7248ce8e-372b-0fe8-32f8-646a0878c313" testName="SamaEcole.UnitTests.Schools.UpdateCurrentSchoolCommandValidatorTests.A_Missing_Name_Should_Fail(name: &quot;   &quot;)" computerName="DESKTOP-7D275P5" duration="00:00:00.0009905" startTime="2026-07-27T07:43:21.1614146+00:00" endTime="2026-07-27T07:43:21.1614147+00:00" testType="13cdc9d9-ddb5-4fa4-a97d-d965ccfc6d4b" outcome="Passed" testListId="8c84fa94-04c1-424b-9868-57a2d4851a1d" relativeResultsDirectory="594b4889-e362-4ad0-aa4e-b63706fa1c5d" />
    <UnitTestResult executionId="d2edd8fd-298d-4cc5-a69c-ceb7b4b5de4a" testId="419e134c-eb7e-260f-1f85-bae4d78ea9d0" testName="SamaEcole.UnitTests.Finance.FeeValidatorsTests.Delete_Fee_With_A_Valid_Id_Should_Pass" computerName="DESKTOP-7D275P5" duration="00:00:00.0009596" startTime="2026-07-27T07:43:18.8813025+00:00" endTime="2026-07-27T07:43:18.8813039+00:00" testType="13cdc9d9-ddb5-4fa4-a97d-d965ccfc6d4b" outcome="Passed" testListId="8c84fa94-04c1-424b-9868-57a2d4851a1d" relativeResultsDirectory="d2edd8fd-298d-4cc5-a69c-ceb7b4b5de4a" />
    <UnitTestResult executionId="d0a5c690-d128-42df-bea9-5ed577eed8a7" testId="b9410961-fa7a-c941-ba79-f1f7786fa280" testName="SamaEcole.UnitTests.Students.StudentImportFileParserTests.Quoted_Fields_With_An_Embedded_Delimiter_Are_Preserved_Whole" computerName="DESKTOP-7D275P5" duration="00:00:00.0413262" startTime="2026-07-27T07:43:18.7281090+00:00" endTime="2026-07-27T07:43:18.7281093+00:00" testType="13cdc9d9-ddb5-4fa4-a97d-d965ccfc6d4b" outcome="Passed" testListId="8c84fa94-04c1-424b-9868-57a2d4851a1d" relativeResultsDirectory="d0a5c690-d128-42df-bea9-5ed577eed8a7" />
    <UnitTestResult executionId="ea36af55-c6ac-4446-9556-2b19f8338f14" testId="168e409c-7795-99b8-39c5-299032ed82ed" testName="SamaEcole.UnitTests.Grades.CreateGradeCommandValidatorTests.A_Well_Formed_Grade_Passes" computerName="DESKTOP-7D275P5" duration="00:00:00.0002942" startTime="2026-07-27T07:43:18.7368328+00:00" endTime="2026-07-27T07:43:18.7368329+00:00" testType="13cdc9d9-ddb5-4fa4-a97d-d965ccfc6d4b" outcome="Passed" testListId="8c84fa94-04c1-424b-9868-57a2d4851a1d" relativeResultsDirectory="ea36af55-c6ac-4446-9556-2b19f8338f14" />
    <UnitTestResult executionId="3184260f-f607-4d17-b1cd-0636508cae60" testId="c7745581-6bdf-289d-b5bc-8b24b31e3394" testName="SamaEcole.UnitTests.Users.PasswordPolicyTests.A_Password_Meeting_Every_Rule_Should_Pass" computerName="DESKTOP-7D275P5" duration="00:00:00.7154281" startTime="2026-07-27T07:43:18.5396770+00:00" endTime="2026-07-27T07:43:18.5396770+00:00" testType="13cdc9d9-ddb5-4fa4-a97d-d965ccfc6d4b" outcome="Passed" testListId="8c84fa94-04c1-424b-9868-57a2d4851a1d" relativeResultsDirectory="3184260f-f607-4d17-b1cd-0636508cae60" />
    <UnitTestResult executionId="5683b814-0ec5-4689-81f5-cb94beaff482" testId="642326e4-de8a-b5ad-9434-8bdc98019562" testName="SamaEcole.UnitTests.ReportCards.ReportCardPdfGeneratorTests.Generate_Embeds_Logo_Signature_And_Stamp_Without_Error" computerName="DESKTOP-7D275P5" duration="00:00:00.0538335" startTime="2026-07-27T07:43:19.6723064+00:00" endTime="2026-07-27T07:43:19.6723066+00:00" testType="13cdc9d9-ddb5-4fa4-a97d-d965ccfc6d4b" outcome="Passed" testListId="8c84fa94-04c1-424b-9868-57a2d4851a1d" relativeResultsDirectory="5683b814-0ec5-4689-81f5-cb94beaff482" />
    <UnitTestResult executionId="bcc56c79-32aa-4f58-9e5c-565a467fdf79" testId="eaeaa173-9f05-62d4-6581-b0ef06c70503" testName="SamaEcole.UnitTests.Media.HttpSchoolLogoProviderTests.Returns_Null_Without_Any_Network_Call_For_A_Missing_Url(url: &quot;   &quot;)" computerName="DESKTOP-7D275P5" duration="00:00:00.0002569" startTime="2026-07-27T07:43:19.5524899+00:00" endTime="2026-07-27T07:43:19.5524899+00:00" testType="13cdc9d9-ddb5-4fa4-a97d-d965ccfc6d4b" outcome="Passed" testListId="8c84fa94-04c1-424b-9868-57a2d4851a1d" relativeResultsDirectory="bcc56c79-32aa-4f58-9e5c-565a467fdf79" />
    <UnitTestResult executionId="475cee19-7857-4137-8c7e-12a9da1447d3" testId="742698f8-f5c4-1330-da98-fe887ae55e4c" testName="SamaEcole.UnitTests.Common.TenantCacheKeyFactoryTests.BuildKey_Should_Prefix_The_Key_With_The_Current_Tenant" computerName="DESKTOP-7D275P5" duration="00:00:00.0006934" startTime="2026-07-27T07:43:20.1055874+00:00" endTime="2026-07-27T07:43:20.1055876+00:00" testType="13cdc9d9-ddb5-4fa4-a97d-d965ccfc6d4b" outcome="Passed" testListId="8c84fa94-04c1-424b-9868-57a2d4851a1d" relativeResultsDirectory="475cee19-7857-4137-8c7e-12a9da1447d3" />
    <UnitTestResult executionId="c8ad7e2b-5fd9-4a36-96e0-9e6c5118a44a" testId="52a4679a-3b16-6db4-8ad4-e30639b64c71" testName="SamaEcole.UnitTests.Grades.GradeSheetImportParserTests.Columns_In_A_Reordered_File_Still_Map_To_The_Right_Evaluation" computerName="DESKTOP-7D275P5" duration="00:00:00.0408310" startTime="2026-07-27T07:43:21.7248053+00:00" endTime="2026-07-27T07:43:21.7248056+00:00" testType="13cdc9d9-ddb5-4fa4-a97d-d965ccfc6d4b" outcome="Passed" testListId="8c84fa94-04c1-424b-9868-57a2d4851a1d" relativeResultsDirectory="c8ad7e2b-5fd9-4a36-96e0-9e6c5118a44a" />
    <UnitTestResult executionId="8d9a9c76-be44-4dc3-bbed-eb506029cdfc" testId="8af5142a-27d3-ec5e-7682-55d4a05451bc" testName="SamaEcole.UnitTests.Buildings.CreateBuildingCommandValidatorTests.No_Description_Should_Pass" computerName="DESKTOP-7D275P5" duration="00:00:00.0016156" startTime="2026-07-27T07:43:21.5743348+00:00" endTime="2026-07-27T07:43:21.5743351+00:00" testType="13cdc9d9-ddb5-4fa4-a97d-d965ccfc6d4b" outcome="Passed" testListId="8c84fa94-04c1-424b-9868-57a2d4851a1d" relativeResultsDirectory="8d9a9c76-be44-4dc3-bbed-eb506029cdfc" />
    <UnitTestResult executionId="0d640377-efb1-4bdb-af8c-e5caaef4f538" testId="9178a01c-0fda-910b-46ae-ac5b4952e242" testName="SamaEcole.UnitTests.Attendance.SubmitAttendanceSheetCommandValidatorTests.Several_Distinct_Students_Should_Pass" computerName="DESKTOP-7D275P5" duration="00:00:00.0008639" startTime="2026-07-27T07:43:21.5868930+00:00" endTime="2026-07-27T07:43:21.5868932+00:00" testType="13cdc9d9-ddb5-4fa4-a97d-d965ccfc6d4b" outcome="Passed" testListId="8c84fa94-04c1-424b-9868-57a2d4851a1d" relativeResultsDirectory="0d640377-efb1-4bdb-af8c-e5caaef4f538" />
    <UnitTestResult executionId="efe6e0be-4c98-4a67-800f-350fa887b5fa" testId="7f3a7549-da57-e269-0cfa-12ef653fc055" testName="SamaEcole.UnitTests.Users.PasswordPolicyTests.Missing_Lowercase_Should_Fail" computerName="DESKTOP-7D275P5" duration="00:00:00.0025766" startTime="2026-07-27T07:43:18.7211491+00:00" endTime="2026-07-27T07:43:18.7211492+00:00" testType="13cdc9d9-ddb5-4fa4-a97d-d965ccfc6d4b" outcome="Passed" testListId="8c84fa94-04c1-424b-9868-57a2d4851a1d" relativeResultsDirectory="efe6e0be-4c98-4a67-800f-350fa887b5fa" />
    <UnitTestResult executionId="7679466a-9655-4284-84dc-8a1b8337068d" testId="eb2dcddf-f36f-8daa-d1b0-86cd0584641e" testName="SamaEcole.UnitTests.Classrooms.CreateClassroomCommandValidatorTests.Non_Positive_Capacity_Should_Fail(capacity: -5)" computerName="DESKTOP-7D275P5" duration="00:00:00.0005650" startTime="2026-07-27T07:43:21.1846313+00:00" endTime="2026-07-27T07:43:21.1846317+00:00" testType="13cdc9d9-ddb5-4fa4-a97d-d965ccfc6d4b" outcome="Passed" testListId="8c84fa94-04c1-424b-9868-57a2d4851a1d" relativeResultsDirectory="7679466a-9655-4284-84dc-8a1b8337068d" />
    <UnitTestResult executionId="df87368a-141a-4dc0-af6c-1bdeb77106ee" testId="0ad6a5b0-c102-23b7-3691-35e9e0b36c66" testName="SamaEcole.UnitTests.Classrooms.CreateClassroomCommandValidatorTests.Any_Naming_Should_Be_Accepted(name: &quot;Grande section&quot;)" computerName="DESKTOP-7D275P5" duration="00:00:00.0002302" startTime="2026-07-27T07:43:21.1857147+00:00" endTime="2026-07-27T07:43:21.1857148+00:00" testType="13cdc9d9-ddb5-4fa4-a97d-d965ccfc6d4b" outcome="Passed" testListId="8c84fa94-04c1-424b-9868-57a2d4851a1d" relativeResultsDirectory="df87368a-141a-4dc0-af6c-1bdeb77106ee" />
    <UnitTestResult executionId="1706f2a2-e1d5-44cb-8a70-2e6d06ea95ee" testId="fc9c25c2-8e9f-63d1-3863-ab591fa9732c" testName="SamaEcole.UnitTests.Media.PrivateNetworkGuardTests.Blocks_Internal_And_Reserved_Addresses(ip: &quot;0.0.0.0&quot;)" computerName="DESKTOP-7D275P5" duration="00:00:00.0000171" startTime="2026-07-27T07:43:21.2326989+00:00" endTime="2026-07-27T07:43:21.2326990+00:00" testType="13cdc9d9-ddb5-4fa4-a97d-d965ccfc6d4b" outcome="Passed" testListId="8c84fa94-04c1-424b-9868-57a2d4851a1d" relativeResultsDirectory="1706f2a2-e1d5-44cb-8a70-2e6d06ea95ee" />
    <UnitTestResult executionId="f41aa343-bbc8-4d75-aafc-1f35df70aa7a" testId="8b3d62f9-2a1c-e4b2-2971-69ded16b16c3" testName="SamaEcole.UnitTests.Common.AcademicYearTests.ForDate_Should_Roll_Over_In_October(date: &quot;2027-02-15&quot;, expected: 2026)" computerName="DESKTOP-7D275P5" duration="00:00:00.0000108" startTime="2026-07-27T07:43:18.8490577+00:00" endTime="2026-07-27T07:43:18.8490578+00:00" testType="13cdc9d9-ddb5-4fa4-a97d-d965ccfc6d4b" outcome="Passed" testListId="8c84fa94-04c1-424b-9868-57a2d4851a1d" relativeResultsDirectory="f41aa343-bbc8-4d75-aafc-1f35df70aa7a" />
    <UnitTestResult executionId="912a3d86-501a-450f-9991-bec85dff545d" testId="fa7c0632-867d-2c31-07fe-208b487ab7b6" testName="SamaEcole.UnitTests.Grades.GradeSheetImportParserTests.An_Unsupported_Extension_Is_Rejected" computerName="DESKTOP-7D275P5" duration="00:00:00.0121310" startTime="2026-07-27T07:43:21.8846591+00:00" endTime="2026-07-27T07:43:21.8846595+00:00" testType="13cdc9d9-ddb5-4fa4-a97d-d965ccfc6d4b" outcome="Passed" testListId="8c84fa94-04c1-424b-9868-57a2d4851a1d" relativeResultsDirectory="912a3d86-501a-450f-9991-bec85dff545d" />
    <UnitTestResult executionId="15b44bf1-8c68-4a51-a4a0-f63eb51ee6ae" testId="4c498f9b-3c76-a015-0b81-021c0b0de08c" testName="SamaEcole.UnitTests.Enrollments.CreateEnrollmentCommandValidatorTests.A_Valid_Re_Enrollment_Should_Pass" computerName="DESKTOP-7D275P5" duration="00:00:00.0010202" startTime="2026-07-27T07:43:20.3887995+00:00" endTime="2026-07-27T07:43:20.3887997+00:00" testType="13cdc9d9-ddb5-4fa4-a97d-d965ccfc6d4b" outcome="Passed" testListId="8c84fa94-04c1-424b-9868-57a2d4851a1d" relativeResultsDirectory="15b44bf1-8c68-4a51-a4a0-f63eb51ee6ae" />
    <UnitTestResult executionId="6250cadc-1171-4b61-9d13-dd96e845e3ac" testId="9f6c7ed5-0e7e-190e-c39d-1ab7d07cdb29" testName="SamaEcole.UnitTests.ReportCards.ReportCardDocumentTests.The_Generated_Document_Is_A_Valid_Non_Empty_Pdf" computerName="DESKTOP-7D275P5" duration="00:00:00.0360411" startTime="2026-07-27T07:43:25.5181435+00:00" endTime="2026-07-27T07:43:25.5181440+00:00" testType="13cdc9d9-ddb5-4fa4-a97d-d965ccfc6d4b" outcome="Passed" testListId="8c84fa94-04c1-424b-9868-57a2d4851a1d" relativeResultsDirectory="6250cadc-1171-4b61-9d13-dd96e845e3ac" />
    <UnitTestResult executionId="161a2cbf-6e80-4d41-94cd-1736f2f31e90" testId="817772d5-ee62-750f-a256-30f047d957b6" testName="SamaEcole.UnitTests.ReportCards.SchoolHeadingTests.StripCyclePrefix_Removes_A_Cycle_Prefix_Typed_By_The_School(saisi: &quot;École Maternelle de Saly&quot;, expected: &quot;Saly&quot;)" computerName="DESKTOP-7D275P5" duration="00:00:00.0000210" startTime="2026-07-27T07:43:18.7406509+00:00" endTime="2026-07-27T07:43:18.7406510+00:00" testType="13cdc9d9-ddb5-4fa4-a97d-d965ccfc6d4b" outcome="Passed" testListId="8c84fa94-04c1-424b-9868-57a2d4851a1d" relativeResultsDirectory="161a2cbf-6e80-4d41-94cd-1736f2f31e90" />
    <UnitTestResult executionId="f4065a3f-d339-4369-995b-40e9212bda0a" testId="6bc2e705-9ecb-2c9a-008b-88a8e7eb972d" testName="SamaEcole.UnitTests.Grades.GradeCalculatorTests.SubjectAverage_Averages_The_Devoir_Average_With_The_Composition" computerName="DESKTOP-7D275P5" duration="00:00:00.0003239" startTime="2026-07-27T07:43:18.8164173+00:00" endTime="2026-07-27T07:43:18.8164174+00:00" testType="13cdc9d9-ddb5-4fa4-a97d-d965ccfc6d4b" outcome="Passed" testListId="8c84fa94-04c1-424b-9868-57a2d4851a1d" relativeResultsDirectory="f4065a3f-d339-4369-995b-40e9212bda0a" />
    <UnitTestResult executionId="cf04bfc2-6325-47b8-9e8f-ca5c2034878b" testId="77c92527-ff95-5d2e-9f59-96896bc5064f" testName="SamaEcole.UnitTests.Classrooms.ClassroomCycleTests.CycleFor_Maps_Every_Level_Offered_By_The_Classroom_Form(level: &quot;Maternelle&quot;, expected: Maternelle)" computerName="DESKTOP-7D275P5" duration="00:00:00.0000118" startTime="2026-07-27T07:43:21.1603159+00:00" endTime="2026-07-27T07:43:21.1603161+00:00" testType="13cdc9d9-ddb5-4fa4-a97d-d965ccfc6d4b" outcome="Passed" testListId="8c84fa94-04c1-424b-9868-57a2d4851a1d" relativeResultsDirectory="cf04bfc2-6325-47b8-9e8f-ca5c2034878b" />
    <UnitTestResult executionId="3c23840e-1e29-4fa3-ab2f-9c86d01a1834" testId="c754078e-dd9f-1c80-5d4c-51144c7b8f34" testName="SamaEcole.UnitTests.Grades.MentionScalesTests.A_Primary_Average_Is_Qualified_On_Its_Own_Scale(average: 7,5, expected: &quot;Très Bien&quot;)" computerName="DESKTOP-7D275P5" duration="00:00:00.0000124" startTime="2026-07-27T07:43:19.7132026+00:00" endTime="2026-07-27T07:43:19.7132026+00:00" testType="13cdc9d9-ddb5-4fa4-a97d-d965ccfc6d4b" outcome="Passed" testListId="8c84fa94-04c1-424b-9868-57a2d4851a1d" relativeResultsDirectory="3c23840e-1e29-4fa3-ab2f-9c86d01a1834" />
    <UnitTestResult executionId="51e4da9f-9bd5-4489-bb94-0d1d14649563" testId="b6a2da2a-7615-934c-0f53-4495eab9b596" testName="SamaEcole.UnitTests.Grades.GradeSheetImportParserTests.Columns_Are_Mapped_By_Header_Name_In_Their_Natural_Order" computerName="DESKTOP-7D275P5" duration="00:00:00.0238129" startTime="2026-07-27T07:43:21.8119210+00:00" endTime="2026-07-27T07:43:21.8119213+00:00" testType="13cdc9d9-ddb5-4fa4-a97d-d965ccfc6d4b" outcome="Passed" testListId="8c84fa94-04c1-424b-9868-57a2d4851a1d" relativeResultsDirectory="51e4da9f-9bd5-4489-bb94-0d1d14649563" />
    <UnitTestResult executionId="886d8750-08be-4b1f-8b59-d7660a6eb144" testId="9b6d4fd4-95cb-5752-4d49-919eb70c4ce9" testName="SamaEcole.UnitTests.Subscriptions.PlanFeaturesTests.Premium_Includes_Every_Feature" computerName="DESKTOP-7D275P5" duration="00:00:00.0002418" startTime="2026-07-27T07:43:18.7945330+00:00" endTime="2026-07-27T07:43:18.7945331+00:00" testType="13cdc9d9-ddb5-4fa4-a97d-d965ccfc6d4b" outcome="Passed" testListId="8c84fa94-04c1-424b-9868-57a2d4851a1d" relativeResultsDirectory="886d8750-08be-4b1f-8b59-d7660a6eb144" />
    <UnitTestResult executionId="a9063ade-41bc-4dad-85dc-ef9a183de8bd" testId="9db20709-15a9-4507-8299-1a3e7c632d8f" testName="SamaEcole.UnitTests.Enrollments.ReceiptCityTests.FromAddress_Returns_The_Last_Segment_As_The_City(address: &quot;Touba&quot;, expected: &quot;Touba&quot;)" computerName="DESKTOP-7D275P5" duration="00:00:00.0000154" startTime="2026-07-27T07:43:21.0083660+00:00" endTime="2026-07-27T07:43:21.0083661+00:00" testType="13cdc9d9-ddb5-4fa4-a97d-d965ccfc6d4b" outcome="Passed" testListId="8c84fa94-04c1-424b-9868-57a2d4851a1d" relativeResultsDirectory="a9063ade-41bc-4dad-85dc-ef9a183de8bd" />
    <UnitTestResult executionId="637b1fe3-d3d3-41eb-8e81-889fc28db432" testId="20eaa040-c8c9-5e05-e6ff-927e8710cbe9" testName="SamaEcole.UnitTests.Payments.PayDunyaPaymentServiceTests.ConfirmPaymentAsync_Network_Failure_Should_Throw_A_PaymentProviderException" computerName="DESKTOP-7D275P5" duration="00:00:00.0058414" startTime="2026-07-27T07:43:18.9147716+00:00" endTime="2026-07-27T07:43:18.9147717+00:00" testType="13cdc9d9-ddb5-4fa4-a97d-d965ccfc6d4b" outcome="Passed" testListId="8c84fa94-04c1-424b-9868-57a2d4851a1d" relativeResultsDirectory="637b1fe3-d3d3-41eb-8e81-889fc28db432" />
    <UnitTestResult executionId="00e3fe47-462b-4834-85ce-71bd5514ca80" testId="cf9ce503-15c9-26f0-f36a-9271f9327dc9" testName="SamaEcole.UnitTests.Finance.WorkCertificatePdfGeneratorTests.Generate_Is_Robust_To_Missing_City" computerName="DESKTOP-7D275P5" duration="00:00:00.0326224" startTime="2026-07-27T07:43:21.2012938+00:00" endTime="2026-07-27T07:43:21.2012941+00:00" testType="13cdc9d9-ddb5-4fa4-a97d-d965ccfc6d4b" outcome="Passed" testListId="8c84fa94-04c1-424b-9868-57a2d4851a1d" relativeResultsDirectory="00e3fe47-462b-4834-85ce-71bd5514ca80" />
    <UnitTestResult executionId="207dfdb5-630b-4daa-a242-fd2b2e891b16" testId="5d4d656d-4d75-47eb-001d-c0c39a0399c4" testName="SamaEcole.UnitTests.Absences.EntryTicketPdfGeneratorTests.Generate_Falls_Back_To_A_Logoless_Ticket_When_Logo_Bytes_Are_Unreadable" computerName="DESKTOP-7D275P5" duration="00:00:00.1110301" startTime="2026-07-27T07:43:21.7991389+00:00" endTime="2026-07-27T07:43:21.7991393+00:00" testType="13cdc9d9-ddb5-4fa4-a97d-d965ccfc6d4b" outcome="Passed" testListId="8c84fa94-04c1-424b-9868-57a2d4851a1d" relativeResultsDirectory="207dfdb5-630b-4daa-a242-fd2b2e891b16" />
    <UnitTestResult executionId="07dcf189-5187-4523-b871-67c6f2237a49" testId="427d01f5-bec3-4a74-8f63-d439c8882364" testName="SamaEcole.UnitTests.Users.CreateUserCommandValidatorTests.Missing_FullName_Should_Fail" computerName="DESKTOP-7D275P5" duration="00:00:00.0007744" startTime="2026-07-27T07:43:18.8217219+00:00" endTime="2026-07-27T07:43:18.8217221+00:00" testType="13cdc9d9-ddb5-4fa4-a97d-d965ccfc6d4b" outcome="Passed" testListId="8c84fa94-04c1-424b-9868-57a2d4851a1d" relativeResultsDirectory="07dcf189-5187-4523-b871-67c6f2237a49" />
    <UnitTestResult executionId="7134fdf3-98c9-4cc8-917e-c95d76634852" testId="18e81c57-bd95-7e5a-8c43-6524ddb0faf1" testName="SamaEcole.UnitTests.Absences.EntryTicketPdfGeneratorTests.Generate_Is_Robust_To_Missing_Phone_And_City" computerName="DESKTOP-7D275P5" duration="00:00:00.0424133" startTime="2026-07-27T07:43:21.8417593+00:00" endTime="2026-07-27T07:43:21.8417597+00:00" testType="13cdc9d9-ddb5-4fa4-a97d-d965ccfc6d4b" outcome="Passed" testListId="8c84fa94-04c1-424b-9868-57a2d4851a1d" relativeResultsDirectory="7134fdf3-98c9-4cc8-917e-c95d76634852" />
    <UnitTestResult executionId="b445df8a-ffb2-437c-9bd5-7a71ad6595ef" testId="6148f96b-105a-b6a4-bd62-9afac4e388d0" testName="SamaEcole.UnitTests.Common.AcademicYearTests.ForDate_Should_Roll_Over_In_October(date: &quot;2026-10-01&quot;, expected: 2026)" computerName="DESKTOP-7D275P5" duration="00:00:00.0059682" startTime="2026-07-27T07:43:18.8485830+00:00" endTime="2026-07-27T07:43:18.8485831+00:00" testType="13cdc9d9-ddb5-4fa4-a97d-d965ccfc6d4b" outcome="Passed" testListId="8c84fa94-04c1-424b-9868-57a2d4851a1d" relativeResultsDirectory="b445df8a-ffb2-437c-9bd5-7a71ad6595ef" />
    <UnitTestResult executionId="59bf382e-c089-4577-b932-caa780b1ac8c" testId="6e44b442-d60e-2aba-fe18-e2b88af9374a" testName="SamaEcole.UnitTests.Media.PrivateNetworkGuardTests.Allows_Public_Addresses(ip: &quot;172.32.0.1&quot;)" computerName="DESKTOP-7D275P5" duration="00:00:00.0000117" startTime="2026-07-27T07:43:21.2397083+00:00" endTime="2026-07-27T07:43:21.2397084+00:00" testType="13cdc9d9-ddb5-4fa4-a97d-d965ccfc6d4b" outcome="Passed" testListId="8c84fa94-04c1-424b-9868-57a2d4851a1d" relativeResultsDirectory="59bf382e-c089-4577-b932-caa780b1ac8c" />
    <UnitTestResult executionId="d799c411-8d6d-4a8a-b787-e5bbb511b2b1" testId="66d07c2b-355a-81fe-b0f1-5e07074a6579" testName="SamaEcole.UnitTests.Finance.FeeValidatorsTests.Apply_Standard_Without_A_Level_Should_Pass" computerName="DESKTOP-7D275P5" duration="00:00:00.0015615" startTime="2026-07-27T07:43:18.8701579+00:00" endTime="2026-07-27T07:43:18.8701580+00:00" testType="13cdc9d9-ddb5-4fa4-a97d-d965ccfc6d4b" outcome="Passed" testListId="8c84fa94-04c1-424b-9868-57a2d4851a1d" relativeResultsDirectory="d799c411-8d6d-4a8a-b787-e5bbb511b2b1" />
    <UnitTestResult executionId="88506f0d-0503-4eba-a12c-4ca89b4fb3a7" testId="14730849-4183-7b3b-a0bd-8a99fea6a1b8" testName="SamaEcole.UnitTests.Grades.GradeCalculatorTests.MentionFor_Returns_The_Strongest_Threshold_Reached" computerName="DESKTOP-7D275P5" duration="00:00:00.0002916" startTime="2026-07-27T07:43:18.8165165+00:00" endTime="2026-07-27T07:43:18.8165166+00:00" testType="13cdc9d9-ddb5-4fa4-a97d-d965ccfc6d4b" outcome="Passed" testListId="8c84fa94-04c1-424b-9868-57a2d4851a1d" relativeResultsDirectory="88506f0d-0503-4eba-a12c-4ca89b4fb3a7" />
    <UnitTestResult executionId="42508b9c-6cfe-4723-bb15-ae3c1adb8c2c" testId="e6746df0-c604-0b8a-361a-df70726584ce" testName="SamaEcole.UnitTests.Media.HttpSchoolLogoProviderTests.Rejects_A_Body_Larger_Than_The_Cap" computerName="DESKTOP-7D275P5" duration="00:00:00.0011120" startTime="2026-07-27T07:43:19.5858884+00:00" endTime="2026-07-27T07:43:19.5858887+00:00" testType="13cdc9d9-ddb5-4fa4-a97d-d965ccfc6d4b" outcome="Passed" testListId="8c84fa94-04c1-424b-9868-57a2d4851a1d" relativeResultsDirectory="42508b9c-6cfe-4723-bb15-ae3c1adb8c2c" />
    <UnitTestResult executionId="68cbd77b-7997-4220-9b7b-00a4530dd8af" testId="d724dfc4-0fbb-3432-6f09-7458394c2e3a" testName="SamaEcole.UnitTests.Finance.CreateDisbursementCommandValidatorTests.A_Vat_Rate_Outside_Zero_And_One_Is_Rejected(vatRate: 1,01)" computerName="DESKTOP-7D275P5" duration="00:00:00.0407830" startTime="2026-07-27T07:43:18.7898780+00:00" endTime="2026-07-27T07:43:18.7898780+00:00" testType="13cdc9d9-ddb5-4fa4-a97d-d965ccfc6d4b" outcome="Passed" testListId="8c84fa94-04c1-424b-9868-57a2d4851a1d" relativeResultsDirectory="68cbd77b-7997-4220-9b7b-00a4530dd8af" />
    <UnitTestResult executionId="b6c750e4-af58-4077-a9a4-77a34039c47c" testId="4a3a1159-3991-6403-b6f7-39bff09e5b0d" testName="SamaEcole.UnitTests.Tools.MigrateCommandTests.A_Missing_Connection_String_Fails_Instead_Of_Falling_Back(environmentValue: &quot;   &quot;)" computerName="DESKTOP-7D275P5" duration="00:00:00.0024568" startTime="2026-07-27T07:43:26.8144933+00:00" endTime="2026-07-27T07:43:26.8144939+00:00" testType="13cdc9d9-ddb5-4fa4-a97d-d965ccfc6d4b" outcome="Passed" testListId="8c84fa94-04c1-424b-9868-57a2d4851a1d" relativeResultsDirectory="b6c750e4-af58-4077-a9a4-77a34039c47c" />
    <UnitTestResult executionId="785e1cd6-ceda-45d1-aaad-069098f9fa7a" testId="c87648b6-4744-7807-1029-4e3877993a9f" testName="SamaEcole.UnitTests.Notifications.SmsSegmentsTests.Short_Gsm7_Message_Fits_In_One_Segment(length: 1)" computerName="DESKTOP-7D275P5" duration="00:00:00.0001683" startTime="2026-07-27T07:43:21.1191433+00:00" endTime="2026-07-27T07:43:21.1191433+00:00" testType="13cdc9d9-ddb5-4fa4-a97d-d965ccfc6d4b" outcome="Passed" testListId="8c84fa94-04c1-424b-9868-57a2d4851a1d" relativeResultsDirectory="785e1cd6-ceda-45d1-aaad-069098f9fa7a" />
    <UnitTestResult executionId="d2897046-6462-4e19-9a6c-46ae75f34463" testId="2533ae02-cadc-5c13-1782-4ee7020128d7" testName="SamaEcole.UnitTests.ReportCards.SchoolHeadingTests.StripCyclePrefix_Never_Strips_A_Name_Down_To_Nothing(saisi: &quot;École Élémentaire&quot;, expected: &quot;École Élémentaire&quot;)" computerName="DESKTOP-7D275P5" duration="00:00:00.0002524" startTime="2026-07-27T07:43:18.7411694+00:00" endTime="2026-07-27T07:43:18.7411695+00:00" testType="13cdc9d9-ddb5-4fa4-a97d-d965ccfc6d4b" outcome="Passed" testListId="8c84fa94-04c1-424b-9868-57a2d4851a1d" relativeResultsDirectory="d2897046-6462-4e19-9a6c-46ae75f34463" />
    <UnitTestResult executionId="c7440756-7a36-4879-8c48-930508d34b10" testId="35b7498a-ce01-206e-18f1-d669c5247ace" testName="SamaEcole.UnitTests.Subscriptions.PlanFeaturesTests.MinimumPlanFor_Names_The_Cheapest_Plan_That_Includes_The_Feature(feature: SmsNotifications, expected: Premium)" computerName="DESKTOP-7D275P5" duration="00:00:00.0002776" startTime="2026-07-27T07:43:18.7871981+00:00" endTime="2026-07-27T07:43:18.7871982+00:00" testType="13cdc9d9-ddb5-4fa4-a97d-d965ccfc6d4b" outcome="Passed" testListId="8c84fa94-04c1-424b-9868-57a2d4851a1d" relativeResultsDirectory="c7440756-7a36-4879-8c48-930508d34b10" />
    <UnitTestResult executionId="0039b593-4072-493e-b9b1-3475e37c4417" testId="a686ad89-cfdb-b953-6d91-2b4070372400" testName="SamaEcole.UnitTests.ReportCards.SchoolHeadingTests.StripCyclePrefix_Removes_A_Cycle_Prefix_Typed_By_The_School(saisi: &quot;CEM DE NGAPAROU&quot;, expected: &quot;NGAPAROU&quot;)" computerName="DESKTOP-7D275P5" duration="00:00:00.0000195" startTime="2026-07-27T07:43:18.7387750+00:00" endTime="2026-07-27T07:43:18.7387751+00:00" testType="13cdc9d9-ddb5-4fa4-a97d-d965ccfc6d4b" outcome="Passed" testListId="8c84fa94-04c1-424b-9868-57a2d4851a1d" relativeResultsDirectory="0039b593-4072-493e-b9b1-3475e37c4417" />
    <UnitTestResult executionId="ee82c745-2e4d-4751-8301-2442765831ce" testId="c28362fc-e882-bfed-47ae-2817941e5d4e" testName="SamaEcole.UnitTests.Attendance.SubmitAttendanceSheetCommandValidatorTests.Period_With_Html_Should_Fail" computerName="DESKTOP-7D275P5" duration="00:00:00.0008731" startTime="2026-07-27T07:43:21.5859294+00:00" endTime="2026-07-27T07:43:21.5859297+00:00" testType="13cdc9d9-ddb5-4fa4-a97d-d965ccfc6d4b" outcome="Passed" testListId="8c84fa94-04c1-424b-9868-57a2d4851a1d" relativeResultsDirectory="ee82c745-2e4d-4751-8301-2442765831ce" />
    <UnitTestResult executionId="f59b187c-09dd-4fea-b13c-d2b00c46b819" testId="70212ce6-f7a0-0fa1-cf36-f6d6481d8f5a" testName="SamaEcole.UnitTests.ReportCards.ReportCardDocumentTests.A_Report_Card_With_A_Council_Decision_Fits_On_One_Page" computerName="DESKTOP-7D275P5" duration="00:00:00.6117759" startTime="2026-07-27T07:43:26.7201144+00:00" endTime="2026-07-27T07:43:26.7201149+00:00" testType="13cdc9d9-ddb5-4fa4-a97d-d965ccfc6d4b" outcome="Passed" testListId="8c84fa94-04c1-424b-9868-57a2d4851a1d" relativeResultsDirectory="f59b187c-09dd-4fea-b13c-d2b00c46b819" />
    <UnitTestResult executionId="1ea3a03d-957b-41ad-a9d4-95d76700b2ba" testId="36e9fa5d-5f55-946f-bb65-7640a8ae42a0" testName="SamaEcole.UnitTests.Enrollments.CreateEnrollmentCommandValidatorTests.A_New_Enrollment_Without_A_BirthPlace_Should_Fail" computerName="DESKTOP-7D275P5" duration="00:00:00.0027297" startTime="2026-07-27T07:43:20.3679071+00:00" endTime="2026-07-27T07:43:20.3679073+00:00" testType="13cdc9d9-ddb5-4fa4-a97d-d965ccfc6d4b" outcome="Passed" testListId="8c84fa94-04c1-424b-9868-57a2d4851a1d" relativeResultsDirectory="1ea3a03d-957b-41ad-a9d4-95d76700b2ba" />
    <UnitTestResult executionId="6c670d8a-eaf7-4415-8c60-5b27bb522c67" testId="280552f8-dcc5-38a3-ca28-ada6ee324809" testName="SamaEcole.UnitTests.Attendance.SubmitAttendanceSheetCommandValidatorTests.Late_Beyond_The_Cap_Should_Fail" computerName="DESKTOP-7D275P5" duration="00:00:00.0021433" startTime="2026-07-27T07:43:21.5769269+00:00" endTime="2026-07-27T07:43:21.5769270+00:00" testType="13cdc9d9-ddb5-4fa4-a97d-d965ccfc6d4b" outcome="Passed" testListId="8c84fa94-04c1-424b-9868-57a2d4851a1d" relativeResultsDirectory="6c670d8a-eaf7-4415-8c60-5b27bb522c67" />
    <UnitTestResult executionId="aa64aaf7-476e-4720-8afe-e60daeabd774" testId="9bde6f2e-2233-7a48-8655-9ccdbb6c9f96" testName="SamaEcole.UnitTests.Registration.SubmitRegistrationRequestValidatorTests.Should_Fail_When_Estimated_Student_Count_Is_Zero_Or_Negative" computerName="DESKTOP-7D275P5" duration="00:00:00.0659592" startTime="2026-07-27T07:43:20.8747149+00:00" endTime="2026-07-27T07:43:20.8747152+00:00" testType="13cdc9d9-ddb5-4fa4-a97d-d965ccfc6d4b" outcome="Passed" testListId="8c84fa94-04c1-424b-9868-57a2d4851a1d" relativeResultsDirectory="aa64aaf7-476e-4720-8afe-e60daeabd774" />
    <UnitTestResult executionId="31326c2f-a3d5-4131-95dd-bbef5cdac5d7" testId="37761179-8581-f948-684f-c21134fdb76b" testName="SamaEcole.UnitTests.Absences.ExitTicketPdfGeneratorTests.Generate_Is_Robust_When_No_Pickup_Person_Is_Recorded" computerName="DESKTOP-7D275P5" duration="00:00:00.0430477" startTime="2026-07-27T07:43:20.5167239+00:00" endTime="2026-07-27T07:43:20.5167243+00:00" testType="13cdc9d9-ddb5-4fa4-a97d-d965ccfc6d4b" outcome="Passed" testListId="8c84fa94-04c1-424b-9868-57a2d4851a1d" relativeResultsDirectory="31326c2f-a3d5-4131-95dd-bbef5cdac5d7" />
    <UnitTestResult executionId="ffde856e-0b2a-4ace-9d60-38db0cf10b3e" testId="362a5981-c222-0e42-54ad-6af3a56d8b2b" testName="SamaEcole.UnitTests.Schools.MatriculeFormatTests.Valid_Formats_Should_Be_Accepted(format: &quot;ENS-{YEAR}-{SEQ:3}&quot;)" computerName="DESKTOP-7D275P5" duration="00:00:00.0003792" startTime="2026-07-27T07:43:20.6096179+00:00" endTime="2026-07-27T07:43:20.6096180+00:00" testType="13cdc9d9-ddb5-4fa4-a97d-d965ccfc6d4b" outcome="Passed" testListId="8c84fa94-04c1-424b-9868-57a2d4851a1d" relativeResultsDirectory="ffde856e-0b2a-4ace-9d60-38db0cf10b3e" />
    <UnitTestResult executionId="35af1cf0-5519-416d-a21d-0040164bee15" testId="efd9f203-4d89-1d25-392d-435d09b4ba77" testName="SamaEcole.UnitTests.Grades.GradeCalculatorTests.DevoirAverage_Of_Two_Present_Values_Is_Their_Simple_Average" computerName="DESKTOP-7D275P5" duration="00:00:00.0002252" startTime="2026-07-27T07:43:18.8163109+00:00" endTime="2026-07-27T07:43:18.8163110+00:00" testType="13cdc9d9-ddb5-4fa4-a97d-d965ccfc6d4b" outcome="Passed" testListId="8c84fa94-04c1-424b-9868-57a2d4851a1d" relativeResultsDirectory="35af1cf0-5519-416d-a21d-0040164bee15" />
    <UnitTestResult executionId="8cb1a7af-2b9d-40e9-8767-6572b5343395" testId="eb83ee3e-6f50-0cc2-c125-c7afedda50bc" testName="SamaEcole.UnitTests.Schools.MatriculeFormatTests.An_Empty_Format_Must_Be_Refused(format: null)" computerName="DESKTOP-7D275P5" duration="00:00:00.0000097" startTime="2026-07-27T07:43:20.6060540+00:00" endTime="2026-07-27T07:43:20.6060541+00:00" testType="13cdc9d9-ddb5-4fa4-a97d-d965ccfc6d4b" outcome="Passed" testListId="8c84fa94-04c1-424b-9868-57a2d4851a1d" relativeResultsDirectory="8cb1a7af-2b9d-40e9-8767-6572b5343395" />
    <UnitTestResult executionId="77385b5c-30c3-4855-94d2-a10bf2beba4a" testId="8103c3f5-956a-c0aa-d18c-0b491663e7e9" testName="SamaEcole.UnitTests.Finance.PayslipPdfGeneratorTests.Generate_Falls_Back_To_A_Logoless_Payslip_When_Logo_Bytes_Are_Unreadable" computerName="DESKTOP-7D275P5" duration="00:00:00.1079253" startTime="2026-07-27T07:43:20.8045851+00:00" endTime="2026-07-27T07:43:20.8045856+00:00" testType="13cdc9d9-ddb5-4fa4-a97d-d965ccfc6d4b" outcome="Passed" testListId="8c84fa94-04c1-424b-9868-57a2d4851a1d" relativeResultsDirectory="77385b5c-30c3-4855-94d2-a10bf2beba4a" />
    <UnitTestResult executionId="e8872577-2ce5-4bb6-af4e-5d34a76d293f" testId="f403e072-34a3-c769-afb5-14f5d22a587d" testName="SamaEcole.UnitTests.Subscriptions.PlanFeaturesTests.Primaire_Is_The_Entry_Plan_And_Includes_No_Optional_Feature" computerName="DESKTOP-7D275P5" duration="00:00:00.0020604" startTime="2026-07-27T07:43:18.7904734+00:00" endTime="2026-07-27T07:43:18.7904736+00:00" testType="13cdc9d9-ddb5-4fa4-a97d-d965ccfc6d4b" outcome="Passed" testListId="8c84fa94-04c1-424b-9868-57a2d4851a1d" relativeResultsDirectory="e8872577-2ce5-4bb6-af4e-5d34a76d293f" />
    <UnitTestResult executionId="26a4c032-e10a-46a3-84b1-4b96a61c995c" testId="e2ee4fc9-1167-398e-cbeb-ba0e5905ffab" testName="SamaEcole.UnitTests.Teachers.CreateTeacherCommandValidatorTests.Invalid_Email_Should_Fail" computerName="DESKTOP-7D275P5" duration="00:00:00.0009660" startTime="2026-07-27T07:43:18.8514654+00:00" endTime="2026-07-27T07:43:18.8514656+00:00" testType="13cdc9d9-ddb5-4fa4-a97d-d965ccfc6d4b" outcome="Passed" testListId="8c84fa94-04c1-424b-9868-57a2d4851a1d" relativeResultsDirectory="26a4c032-e10a-46a3-84b1-4b96a61c995c" />
    <UnitTestResult executionId="81e5ac1e-cdff-4e62-8f97-8af024ac0d35" testId="941e4c23-5c29-43e1-26c3-1652e749e910" testName="SamaEcole.UnitTests.ReportCards.ReportCardDocumentTests.A_Report_Card_With_Only_One_Of_Signature_Or_Stamp_Fits_On_One_Page(withSignature: False, withStamp: True)" computerName="DESKTOP-7D275P5" duration="00:00:00.6241189" startTime="2026-07-27T07:43:22.9120644+00:00" endTime="2026-07-27T07:43:22.9120664+00:00" testType="13cdc9d9-ddb5-4fa4-a97d-d965ccfc6d4b" outcome="Passed" testListId="8c84fa94-04c1-424b-9868-57a2d4851a1d" relativeResultsDirectory="81e5ac1e-cdff-4e62-8f97-8af024ac0d35" />
    <UnitTestResult executionId="9e192001-bb4a-4085-ae81-0233035c5aa5" testId="0fc5e539-f740-6181-1b63-fdf530ed55fc" testName="SamaEcole.UnitTests.Finance.PayrollCalculatorTests.Brs_Is_Computed_On_Gross_Minus_Employee_Ipres_Not_On_Gross_Alone" computerName="DESKTOP-7D275P5" duration="00:00:00.0003069" startTime="2026-07-27T07:43:19.5370874+00:00" endTime="2026-07-27T07:43:19.5370876+00:00" testType="13cdc9d9-ddb5-4fa4-a97d-d965ccfc6d4b" outcome="Passed" testListId="8c84fa94-04c1-424b-9868-57a2d4851a1d" relativeResultsDirectory="9e192001-bb4a-4085-ae81-0233035c5aa5" />
    <UnitTestResult executionId="6f20cb39-1ee0-4186-8af7-d8fedbaf7d04" testId="93e2f78c-5811-4910-e52d-1118f82c5b4b" testName="SamaEcole.UnitTests.Common.TenantCacheKeyFactoryTests.BuildKey_Should_Reject_A_Blank_Logical_Key(blankKey: &quot;   &quot;)" computerName="DESKTOP-7D275P5" duration="00:00:00.0075048" startTime="2026-07-27T07:43:20.1007505+00:00" endTime="2026-07-27T07:43:20.1007509+00:00" testType="13cdc9d9-ddb5-4fa4-a97d-d965ccfc6d4b" outcome="Passed" testListId="8c84fa94-04c1-424b-9868-57a2d4851a1d" relativeResultsDirectory="6f20cb39-1ee0-4186-8af7-d8fedbaf7d04" />
    <UnitTestResult executionId="9d654fa1-e72e-4202-bf0f-bac0080aedf2" testId="9aa28e30-a5a3-2e8d-7f0e-e5c4ca6952f3" testName="SamaEcole.UnitTests.Finance.FeeValidatorsTests.Apply_Standard_On_A_Free_Form_Level_Should_Pass" computerName="DESKTOP-7D275P5" duration="00:00:00.0009937" startTime="2026-07-27T07:43:18.8703315+00:00" endTime="2026-07-27T07:43:18.8703315+00:00" testType="13cdc9d9-ddb5-4fa4-a97d-d965ccfc6d4b" outcome="Passed" testListId="8c84fa94-04c1-424b-9868-57a2d4851a1d" relativeResultsDirectory="9d654fa1-e72e-4202-bf0f-bac0080aedf2" />
    <UnitTestResult executionId="f904a216-81d0-44bb-923b-05028796f15f" testId="ed518f10-0416-ea62-cf18-2a4462bb05b5" testName="SamaEcole.UnitTests.ReportCards.ReportCardDocumentTests.SplitFullName_Displays_The_Last_Word_As_Family_Name(fullName: &quot;  Awa   Diallo  &quot;, prenoms: &quot;Awa&quot;, nom: &quot;Diallo&quot;)" computerName="DESKTOP-7D275P5" duration="00:00:00.0000525" startTime="2026-07-27T07:43:23.5117491+00:00" endTime="2026-07-27T07:43:23.5117492+00:00" testType="13cdc9d9-ddb5-4fa4-a97d-d965ccfc6d4b" outcome="Passed" testListId="8c84fa94-04c1-424b-9868-57a2d4851a1d" relativeResultsDirectory="f904a216-81d0-44bb-923b-05028796f15f" />
    <UnitTestResult executionId="aecdbf55-e834-45c2-90bb-df9cf64eff10" testId="9db41a22-0111-df04-14fa-2457de7bd938" testName="SamaEcole.UnitTests.Absences.EntryTicketPdfGeneratorTests.Generate_Is_Robust_To_A_Provided_Observations_Note" computerName="DESKTOP-7D275P5" duration="00:00:00.0666785" startTime="2026-07-27T07:43:21.5915225+00:00" endTime="2026-07-27T07:43:21.5915229+00:00" testType="13cdc9d9-ddb5-4fa4-a97d-d965ccfc6d4b" outcome="Passed" testListId="8c84fa94-04c1-424b-9868-57a2d4851a1d" relativeResultsDirectory="aecdbf55-e834-45c2-90bb-df9cf64eff10" />
    <UnitTestResult executionId="e02450d3-131a-48ad-973c-01a73d2eff63" testId="7eb85baf-a889-e5d3-9fea-13ee7d46d2da" testName="SamaEcole.UnitTests.Finance.CreateDisbursementCommandValidatorTests.A_Vat_Rate_Within_Zero_And_One_Is_Accepted(vatRate: 0)" computerName="DESKTOP-7D275P5" duration="00:00:00.0003965" startTime="2026-07-27T07:43:18.7986850+00:00" endTime="2026-07-27T07:43:18.7986851+00:00" testType="13cdc9d9-ddb5-4fa4-a97d-d965ccfc6d4b" outcome="Passed" testListId="8c84fa94-04c1-424b-9868-57a2d4851a1d" relativeResultsDirectory="e02450d3-131a-48ad-973c-01a73d2eff63" />
    <UnitTestResult executionId="3b12de1d-c8bf-4fa5-9373-26b788fa25da" testId="f953845b-a963-7ad8-4099-503a1edf89a6" testName="SamaEcole.UnitTests.Buildings.CreateRoomCommandValidatorTests.Absurd_Capacity_Should_Fail" computerName="DESKTOP-7D275P5" duration="00:00:00.0003404" startTime="2026-07-27T07:43:19.6725283+00:00" endTime="2026-07-27T07:43:19.6725284+00:00" testType="13cdc9d9-ddb5-4fa4-a97d-d965ccfc6d4b" outcome="Passed" testListId="8c84fa94-04c1-424b-9868-57a2d4851a1d" relativeResultsDirectory="3b12de1d-c8bf-4fa5-9373-26b788fa25da" />
    <UnitTestResult executionId="64869b43-2ab0-4e22-8497-ab8a98f7bf4b" testId="fdf68939-c323-499d-0023-6f03f7b43ec5" testName="SamaEcole.UnitTests.Absences.EntryTicketPdfGeneratorTests.Generate_Is_Robust_To_Missing_Legal_Mentions" computerName="DESKTOP-7D275P5" duration="00:00:00.0237011" startTime="2026-07-27T07:43:21.6884079+00:00" endTime="2026-07-27T07:43:21.6884082+00:00" testType="13cdc9d9-ddb5-4fa4-a97d-d965ccfc6d4b" outcome="Passed" testListId="8c84fa94-04c1-424b-9868-57a2d4851a1d" relativeResultsDirectory="64869b43-2ab0-4e22-8497-ab8a98f7bf4b" />
    <UnitTestResult executionId="f18daf5f-4872-4284-9c16-a7e1ffccf123" testId="bb390fc6-78a4-566c-643b-86e4c653356d" testName="SamaEcole.UnitTests.ReportCards.SchoolHeadingTests.StripCyclePrefix_Removes_A_Cycle_Prefix_Typed_By_The_School(saisi: &quot;LYCÉE D'EXCELLENCE&quot;, expected: &quot;EXCELLENCE&quot;)" computerName="DESKTOP-7D275P5" duration="00:00:00.0000227" startTime="2026-07-27T07:43:18.7392794+00:00" endTime="2026-07-27T07:43:18.7392794+00:00" testType="13cdc9d9-ddb5-4fa4-a97d-d965ccfc6d4b" outcome="Passed" testListId="8c84fa94-04c1-424b-9868-57a2d4851a1d" relativeResultsDirectory="f18daf5f-4872-4284-9c16-a7e1ffccf123" />
    <UnitTestResult executionId="d94abc85-5cf5-4f02-bbf4-5af0287e268a" testId="fc9aec91-2a58-c852-50b6-0d671354a140" testName="SamaEcole.UnitTests.Finance.PayrollCalculatorTests.Vacataire_Contract_Uses_Hours_Times_Rate_Not_Base_Salary" computerName="DESKTOP-7D275P5" duration="00:00:00.0002386" startTime="2026-07-27T07:43:19.5352608+00:00" endTime="2026-07-27T07:43:19.5352609+00:00" testType="13cdc9d9-ddb5-4fa4-a97d-d965ccfc6d4b" outcome="Passed" testListId="8c84fa94-04c1-424b-9868-57a2d4851a1d" relativeResultsDirectory="d94abc85-5cf5-4f02-bbf4-5af0287e268a" />
    <UnitTestResult executionId="a894dd00-6f87-4685-8d60-c4904a7f72e0" testId="40f907d3-ae43-6bf3-4475-974fe04750da" testName="SamaEcole.UnitTests.Enrollments.ReceiptPdfGeneratorTests.Generate_Produces_A_Valid_Non_Trivial_Pdf" computerName="DESKTOP-7D275P5" duration="00:00:00.0399246" startTime="2026-07-27T07:43:21.1742744+00:00" endTime="2026-07-27T07:43:21.1742749+00:00" testType="13cdc9d9-ddb5-4fa4-a97d-d965ccfc6d4b" outcome="Passed" testListId="8c84fa94-04c1-424b-9868-57a2d4851a1d" relativeResultsDirectory="a894dd00-6f87-4685-8d60-c4904a7f72e0" />
    <UnitTestResult executionId="4ee1e346-20a0-48f3-82d0-a6c10b0a0e62" testId="225b42aa-6c9a-ddb3-daa9-755961cc30f5" testName="SamaEcole.UnitTests.Common.SafeTextValidationTests.Injection_Attempts_Should_Be_Rejected(payload: &quot;&lt;SCRIPT SRC=//evil.sn&gt;&quot;)" computerName="DESKTOP-7D275P5" duration="00:00:00.0000142" startTime="2026-07-27T07:43:18.7313388+00:00" endTime="2026-07-27T07:43:18.7313389+00:00" testType="13cdc9d9-ddb5-4fa4-a97d-d965ccfc6d4b" outcome="Passed" testListId="8c84fa94-04c1-424b-9868-57a2d4851a1d" relativeResultsDirectory="4ee1e346-20a0-48f3-82d0-a6c10b0a0e62" />
    <UnitTestResult executionId="58733ca2-d2cb-46bc-9718-ba7d0d138b48" testId="cc7c4400-c23e-b1d1-dbbe-03dec4ea44e9" testName="SamaEcole.UnitTests.ReportCards.SchoolHeadingTests.StripCyclePrefix_Removes_A_Cycle_Prefix_Typed_By_The_School(saisi: &quot;École Élémentaire de Saly&quot;, expected: &quot;Saly&quot;)" computerName="DESKTOP-7D275P5" duration="00:00:00.0033834" startTime="2026-07-27T07:43:18.7384407+00:00" endTime="2026-07-27T07:43:18.7384408+00:00" testType="13cdc9d9-ddb5-4fa4-a97d-d965ccfc6d4b" outcome="Passed" testListId="8c84fa94-04c1-424b-9868-57a2d4851a1d" relativeResultsDirectory="58733ca2-d2cb-46bc-9718-ba7d0d138b48" />
    <UnitTestResult executionId="97734a99-82f3-4895-bef2-1d2c911edcf0" testId="fc710c07-7e08-11fd-ef34-2272b20781ac" testName="SamaEcole.UnitTests.ReportCards.ReportCardDocumentTests.FormatGrade_Strips_Unnecessary_Decimals(value: 9,5625, expected: &quot;9,56&quot;)" computerName="DESKTOP-7D275P5" duration="00:00:00.0000525" startTime="2026-07-27T07:43:22.9135107+00:00" endTime="2026-07-27T07:43:22.9135108+00:00" testType="13cdc9d9-ddb5-4fa4-a97d-d965ccfc6d4b" outcome="Passed" testListId="8c84fa94-04c1-424b-9868-57a2d4851a1d" relativeResultsDirectory="97734a99-82f3-4895-bef2-1d2c911edcf0" />
    <UnitTestResult executionId="926c5d30-d802-4a9f-b8f5-39273b236443" testId="b2034ce9-62bd-b1b2-1f78-b94a3afb44f0" testName="SamaEcole.UnitTests.Media.HttpSchoolLogoProviderTests.Returns_The_Bytes_For_A_Valid_Png" computerName="DESKTOP-7D275P5" duration="00:00:00.0138684" startTime="2026-07-27T07:43:19.5842095+00:00" endTime="2026-07-27T07:43:19.5842100+00:00" testType="13cdc9d9-ddb5-4fa4-a97d-d965ccfc6d4b" outcome="Passed" testListId="8c84fa94-04c1-424b-9868-57a2d4851a1d" relativeResultsDirectory="926c5d30-d802-4a9f-b8f5-39273b236443" />
    <UnitTestResult executionId="f9084c88-6122-4eee-97fe-48a3f27db37c" testId="bed5dcf7-9ef3-991b-89db-9dea32633523" testName="SamaEcole.UnitTests.Common.PhotoValidationTests.Absent_Photo_Should_Pass" computerName="DESKTOP-7D275P5" duration="00:00:00.0001569" startTime="2026-07-27T07:43:18.7261396+00:00" endTime="2026-07-27T07:43:18.7261396+00:00" testType="13cdc9d9-ddb5-4fa4-a97d-d965ccfc6d4b" outcome="Passed" testListId="8c84fa94-04c1-424b-9868-57a2d4851a1d" relativeResultsDirectory="f9084c88-6122-4eee-97fe-48a3f27db37c" />
    <UnitTestResult executionId="9ca7e8ed-9fd5-4bd6-90e3-74cc15c492e6" testId="19ca65e8-f8cd-c743-9f9c-d24845a52c09" testName="SamaEcole.UnitTests.Users.ResetUserPasswordCommandValidatorTests.An_Empty_UserId_Should_Fail" computerName="DESKTOP-7D275P5" duration="00:00:00.0109229" startTime="2026-07-27T07:43:20.4199985+00:00" endTime="2026-07-27T07:43:20.4199997+00:00" testType="13cdc9d9-ddb5-4fa4-a97d-d965ccfc6d4b" outcome="Passed" testListId="8c84fa94-04c1-424b-9868-57a2d4851a1d" relativeResultsDirectory="9ca7e8ed-9fd5-4bd6-90e3-74cc15c492e6" />
    <UnitTestResult executionId="b4c17b95-d57a-49e0-b4bb-d4453d0751d7" testId="289ba7eb-c4b9-2f11-cf53-6a515dd81b58" testName="SamaEcole.UnitTests.Enrollments.ReceiptPdfGeneratorTests.Generate_Is_Robust_To_Missing_Phone_And_City" computerName="DESKTOP-7D275P5" duration="00:00:00.0569698" startTime="2026-07-27T07:43:21.3357470+00:00" endTime="2026-07-27T07:43:21.3357472+00:00" testType="13cdc9d9-ddb5-4fa4-a97d-d965ccfc6d4b" outcome="Passed" testListId="8c84fa94-04c1-424b-9868-57a2d4851a1d" relativeResultsDirectory="b4c17b95-d57a-49e0-b4bb-d4453d0751d7" />
    <UnitTestResult executionId="69e1a45c-9abc-4e50-915b-64578c1eea4a" testId="d6008a21-fbd2-0066-c31b-50f378022cdd" testName="SamaEcole.UnitTests.Students.StudentImportFileParserTests.A_Corrupted_Excel_File_Is_Rejected_As_A_Validation_Error_Not_A_Raw_Exception" computerName="DESKTOP-7D275P5" duration="00:00:00.0061654" startTime="2026-07-27T07:43:21.4139442+00:00" endTime="2026-07-27T07:43:21.4139451+00:00" testType="13cdc9d9-ddb5-4fa4-a97d-d965ccfc6d4b" outcome="Passed" testListId="8c84fa94-04c1-424b-9868-57a2d4851a1d" relativeResultsDirectory="69e1a45c-9abc-4e50-915b-64578c1eea4a" />
    <UnitTestResult executionId="dc2315e3-9d2e-4007-bccd-eb26a96e666b" testId="d7a85dd0-7d30-b039-11b8-bd15b87bc0b5" testName="SamaEcole.UnitTests.Finance.FeeValidatorsTests.Apply_Standard_With_A_Negative_Amount_Should_Fail" computerName="DESKTOP-7D275P5" duration="00:00:00.0005961" startTime="2026-07-27T07:43:18.8696850+00:00" endTime="2026-07-27T07:43:18.8696851+00:00" testType="13cdc9d9-ddb5-4fa4-a97d-d965ccfc6d4b" outcome="Passed" testListId="8c84fa94-04c1-424b-9868-57a2d4851a1d" relativeResultsDirectory="dc2315e3-9d2e-4007-bccd-eb26a96e666b" />
    <UnitTestResult executionId="9268e586-f2aa-40d3-bff7-ee17564a36e9" testId="d44fcf16-13c1-83d6-d95b-cdd6099cda0f" testName="SamaEcole.UnitTests.Registration.SubmitRegistrationRequestValidatorTests.Should_Fail_When_Password_Is_Too_Short" computerName="DESKTOP-7D275P5" duration="00:00:00.0015299" startTime="2026-07-27T07:43:20.8793317+00:00" endTime="2026-07-27T07:43:20.8793323+00:00" testType="13cdc9d9-ddb5-4fa4-a97d-d965ccfc6d4b" outcome="Passed" testListId="8c84fa94-04c1-424b-9868-57a2d4851a1d" relativeResultsDirectory="9268e586-f2aa-40d3-bff7-ee17564a36e9" />
    <UnitTestResult executionId="6cd53f47-ba5e-43d9-b77d-49f2b4d2f68e" testId="41629659-1f51-8d8d-b43f-5c691ca4d697" testName="SamaEcole.UnitTests.Classrooms.ClassroomCycleTests.UsesSimplifiedGrading_Covers_The_Preschool_And_Primary_Cycles(cycle: Lycee, expected: False)" computerName="DESKTOP-7D275P5" duration="00:00:00.0002866" startTime="2026-07-27T07:43:21.1556590+00:00" endTime="2026-07-27T07:43:21.1556591+00:00" testType="13cdc9d9-ddb5-4fa4-a97d-d965ccfc6d4b" outcome="Passed" testListId="8c84fa94-04c1-424b-9868-57a2d4851a1d" relativeResultsDirectory="6cd53f47-ba5e-43d9-b77d-49f2b4d2f68e" />
    <UnitTestResult executionId="1246bbd8-8626-47c1-acb1-c720cef91eb9" testId="db082e70-2071-41c7-abf9-d58050d0623f" testName="SamaEcole.UnitTests.Media.HttpSchoolLogoProviderTests.Returns_Null_Without_Any_Network_Call_For_A_Non_Http_Scheme(url: &quot;file:///etc/passwd&quot;)" computerName="DESKTOP-7D275P5" duration="00:00:00.0000138" startTime="2026-07-27T07:43:19.5512942+00:00" endTime="2026-07-27T07:43:19.5512943+00:00" testType="13cdc9d9-ddb5-4fa4-a97d-d965ccfc6d4b" outcome="Passed" testListId="8c84fa94-04c1-424b-9868-57a2d4851a1d" relativeResultsDirectory="1246bbd8-8626-47c1-acb1-c720cef91eb9" />
    <UnitTestResult executionId="e5f601b5-42bd-4790-8501-66a548a5e29c" testId="4e08fd47-257f-979b-b346-1a4c4e917129" testName="SamaEcole.UnitTests.ReportCards.ReportCardDocumentTests.FormatOptionalGrade_Delegates_To_FormatGrade_When_A_Value_Is_Present(value: 9,5625, expected: &quot;9,56&quot;)" computerName="DESKTOP-7D275P5" duration="00:00:00.0003672" startTime="2026-07-27T07:43:24.8397803+00:00" endTime="2026-07-27T07:43:24.8397805+00:00" testType="13cdc9d9-ddb5-4fa4-a97d-d965ccfc6d4b" outcome="Passed" testListId="8c84fa94-04c1-424b-9868-57a2d4851a1d" relativeResultsDirectory="e5f601b5-42bd-4790-8501-66a548a5e29c" />
[...]
    <TestEntry testId="8131b00e-c34e-aab8-1866-d3f36c8a3ca8" executionId="c3257160-2f8e-4d66-ae2a-dd34a224cb90" testListId="8c84fa94-04c1-424b-9868-57a2d4851a1d" />
    <TestEntry testId="0460e160-1d04-8c66-8159-d99d98da9b3d" executionId="b51222d1-0767-43cb-b319-a3724b2ca139" testListId="8c84fa94-04c1-424b-9868-57a2d4851a1d" />
    <TestEntry testId="33b611b5-76bb-9efa-41b4-4197c7d855f4" executionId="755a0e16-3bf8-44a9-b687-c94840a1a034" testListId="8c84fa94-04c1-424b-9868-57a2d4851a1d" />
    <TestEntry testId="f2280b7d-1ae4-43ff-9667-070e72365897" executionId="286853d3-a732-4186-83ed-ad598cef4602" testListId="8c84fa94-04c1-424b-9868-57a2d4851a1d" />
    <TestEntry testId="7444d1de-082e-71f2-76c1-b680e0388acd" executionId="d7b76866-d5e6-43c4-9cc6-4ea6d071734e" testListId="8c84fa94-04c1-424b-9868-57a2d4851a1d" />
    <TestEntry testId="ffece3e0-ece9-1215-71a1-af4e4732ee24" executionId="f8ab60d8-b071-4f64-b24a-53755675cc49" testListId="8c84fa94-04c1-424b-9868-57a2d4851a1d" />
    <TestEntry testId="5dfa2ed3-a7e6-29c4-10ac-265c3105b219" executionId="2c2e452c-5f01-4ea7-9cdd-47f5ad66dc21" testListId="8c84fa94-04c1-424b-9868-57a2d4851a1d" />
    <TestEntry testId="fd47e162-ce44-f633-c4c8-6847d7bcc985" executionId="f2d5aea9-f815-45d4-9cac-2a8e717954dc" testListId="8c84fa94-04c1-424b-9868-57a2d4851a1d" />
    <TestEntry testId="015d0a58-5b67-a1f0-1e14-933a059d12ed" executionId="26bf3178-ccc0-4912-bd50-5fd3e5727f40" testListId="8c84fa94-04c1-424b-9868-57a2d4851a1d" />
    <TestEntry testId="7e7db01c-0051-cb66-efbe-376bb143a0f6" executionId="d20b9d76-bb22-4836-b7d0-ad9cfa115209" testListId="8c84fa94-04c1-424b-9868-57a2d4851a1d" />
    <TestEntry testId="676b770b-7310-ad1b-d3ce-62150d5dd8a5" executionId="b123d9c8-a790-4f27-adb2-5d99488914b9" testListId="8c84fa94-04c1-424b-9868-57a2d4851a1d" />
    <TestEntry testId="1e5c5cf7-e38d-a5de-89c9-01def7843db6" executionId="dd398771-edb1-4194-98f7-3d84a0212251" testListId="8c84fa94-04c1-424b-9868-57a2d4851a1d" />
    <TestEntry testId="126dfce7-ade7-d3f1-8331-dbdddabf40f0" executionId="22c05d26-fe1f-45d5-b036-9b36521ba92b" testListId="8c84fa94-04c1-424b-9868-57a2d4851a1d" />
    <TestEntry testId="4e450a88-8466-752c-eb66-c4c6192e2c77" executionId="64858fdd-f516-4cd5-abd7-9c87602e4b49" testListId="8c84fa94-04c1-424b-9868-57a2d4851a1d" />
    <TestEntry testId="c2679ff3-75c0-9d73-d59c-9af32762fb4a" executionId="351f684a-d6e4-4f4e-9cf5-13e8c118854f" testListId="8c84fa94-04c1-424b-9868-57a2d4851a1d" />
    <TestEntry testId="2ae2bbef-fac1-82e9-e656-cbeeb23bb658" executionId="9ca237a1-09da-4891-9cda-9014037b6e73" testListId="8c84fa94-04c1-424b-9868-57a2d4851a1d" />
    <TestEntry testId="7ce11753-208b-35b5-ab88-b20081c0b72c" executionId="d93c24a0-5e1c-41b6-89d6-58e1f63e9190" testListId="8c84fa94-04c1-424b-9868-57a2d4851a1d" />
    <TestEntry testId="1ad60b56-797f-1785-6962-7d1ab4e582ec" executionId="97b9407d-895d-47cc-96af-3363d16276e8" testListId="8c84fa94-04c1-424b-9868-57a2d4851a1d" />
    <TestEntry testId="ff334dd1-cbf9-3bda-66ab-6fd350115975" executionId="c7d3f316-45d2-4818-b85a-3bcc0c034206" testListId="8c84fa94-04c1-424b-9868-57a2d4851a1d" />
    <TestEntry testId="ae2deccd-6604-c0a0-f846-f99d668c34ee" executionId="136b3b44-2872-4309-820a-b962455f6e41" testListId="8c84fa94-04c1-424b-9868-57a2d4851a1d" />
    <TestEntry testId="42a5354a-6d3c-af58-d199-dc0ab8eb6ccc" executionId="2af44f72-effc-4e94-baad-d82dfda6410e" testListId="8c84fa94-04c1-424b-9868-57a2d4851a1d" />
    <TestEntry testId="1e73e3b0-69f7-bba5-7e97-91f2e283f8af" executionId="d47ca2cf-8f5c-4676-a2f5-c2f6cecf3b19" testListId="8c84fa94-04c1-424b-9868-57a2d4851a1d" />
    <TestEntry testId="f2903c19-f0a2-f334-61c5-ed88df7c175b" executionId="bc6793b2-00fc-462d-b602-230f53512155" testListId="8c84fa94-04c1-424b-9868-57a2d4851a1d" />
    <TestEntry testId="a5f3782e-7ce4-c423-5e5c-baf8d86eb16a" executionId="24251e80-3377-44df-b3b8-2bb4deb16137" testListId="8c84fa94-04c1-424b-9868-57a2d4851a1d" />
    <TestEntry testId="6852c5f3-68e9-040d-509e-7159dd1d2483" executionId="dc9272b2-c22d-4256-82f3-a06522f6f5ee" testListId="8c84fa94-04c1-424b-9868-57a2d4851a1d" />
    <TestEntry testId="d976f537-424c-eb3b-f222-7988a2f8a03f" executionId="ba463877-8bd6-43b3-a843-6ce64b239e4e" testListId="8c84fa94-04c1-424b-9868-57a2d4851a1d" />
    <TestEntry testId="a848e1dd-20ea-d7d9-493d-3a255b5cf1e3" executionId="5e41b1af-aeee-404b-a9c4-2a6be906fabb" testListId="8c84fa94-04c1-424b-9868-57a2d4851a1d" />
    <TestEntry testId="d959ef80-f7b8-8dbb-df20-610b320a59de" executionId="4d1fd753-5eb1-4630-9362-e9c768f12bc8" testListId="8c84fa94-04c1-424b-9868-57a2d4851a1d" />
    <TestEntry testId="3b98379f-0460-786d-07ed-cc52ef821f77" executionId="128d4223-8823-445b-b52d-dfed4ba14acc" testListId="8c84fa94-04c1-424b-9868-57a2d4851a1d" />
    <TestEntry testId="d8bd2b59-bd3d-a45b-66c2-8f02de154549" executionId="3646be93-e30b-46c3-bca1-ece2d0c62201" testListId="8c84fa94-04c1-424b-9868-57a2d4851a1d" />
    <TestEntry testId="d7b0ef0a-8abb-132d-95d6-594b93ac585f" executionId="b2facf8e-6d06-4c76-8b74-bbaf919b4cec" testListId="8c84fa94-04c1-424b-9868-57a2d4851a1d" />
    <TestEntry testId="287232c9-6f5a-2d7a-b5dd-af41bec855ba" executionId="4746bc0e-7f0d-4450-a629-1f13a6fc693f" testListId="8c84fa94-04c1-424b-9868-57a2d4851a1d" />
    <TestEntry testId="9fde622b-632f-5db4-1b13-2870218fd2f4" executionId="4f90e0b3-d4e2-4c68-ab3e-b35bbb4b0346" testListId="8c84fa94-04c1-424b-9868-57a2d4851a1d" />
    <TestEntry testId="22b522a9-41bd-5f42-2fa3-b17714b2badd" executionId="39306741-e6e2-42b1-9eaf-514a3e555698" testListId="8c84fa94-04c1-424b-9868-57a2d4851a1d" />
    <TestEntry testId="a13f0689-0ed1-bf5f-eac3-ca90958c8f3b" executionId="724b9edd-4057-4b75-b8b6-feebc8bc31f6" testListId="8c84fa94-04c1-424b-9868-57a2d4851a1d" />
    <TestEntry testId="96a7be4d-b9e3-fd64-847f-2481e389d193" executionId="df4f6d1c-99fd-41fe-a6f3-b5bcf0ae627e" testListId="8c84fa94-04c1-424b-9868-57a2d4851a1d" />
    <TestEntry testId="a2edb84e-7988-d9ad-eefd-5e724df6fa4b" executionId="b5f10a0c-6a48-42ae-ae99-7efc87c475b3" testListId="8c84fa94-04c1-424b-9868-57a2d4851a1d" />
    <TestEntry testId="fd8e32bb-bed9-8dee-9e9b-d44de5ce600a" executionId="1d094582-e271-49a4-a183-3081f28e61e7" testListId="8c84fa94-04c1-424b-9868-57a2d4851a1d" />
    <TestEntry testId="77ec98bf-a11f-6cda-b72f-fc141c9d6d88" executionId="ef32df5d-00e8-4842-a3e4-a821199b0f94" testListId="8c84fa94-04c1-424b-9868-57a2d4851a1d" />
    <TestEntry testId="a9f5115c-129d-6850-184a-a877fa1e398e" executionId="fbdd354a-47c4-4340-a257-7b5d74b8e668" testListId="8c84fa94-04c1-424b-9868-57a2d4851a1d" />
    <TestEntry testId="a8dd257d-d95b-6b1d-af37-602c016e254a" executionId="ae802175-1685-4fc8-bf36-70f0f5e1b5c1" testListId="8c84fa94-04c1-424b-9868-57a2d4851a1d" />
    <TestEntry testId="066822ba-a9a9-bb2c-f8cf-21f78d23be4b" executionId="6f907f85-6474-43ef-addd-8707f2f46955" testListId="8c84fa94-04c1-424b-9868-57a2d4851a1d" />
    <TestEntry testId="51746fd8-7109-efed-179c-58abd6c1aabd" executionId="8988e133-3d3d-42a8-892a-37e92d42664f" testListId="8c84fa94-04c1-424b-9868-57a2d4851a1d" />
    <TestEntry testId="a1fe3d18-ab35-ba22-67fc-a900e8c3c11c" executionId="6d924e75-1bb8-4497-8df0-19e642e1c96a" testListId="8c84fa94-04c1-424b-9868-57a2d4851a1d" />
    <TestEntry testId="05fc61a6-7b7d-800f-2f03-e61321198f5b" executionId="8633aa5d-4f7d-4e43-b258-c868d517d999" testListId="8c84fa94-04c1-424b-9868-57a2d4851a1d" />
    <TestEntry testId="14b1f054-42a9-3aee-7a31-23908053fea9" executionId="8211a6bb-c26b-4acb-a6a2-cbfd08b66beb" testListId="8c84fa94-04c1-424b-9868-57a2d4851a1d" />
    <TestEntry testId="2aa4e964-e3e7-0fa6-854e-e25111d0d843" executionId="393eb13d-6b0c-4a21-944b-78f5617415bd" testListId="8c84fa94-04c1-424b-9868-57a2d4851a1d" />
    <TestEntry testId="4ddc686c-110a-b077-c106-7097aede55ce" executionId="3c02e014-b074-428a-a95a-6b7a4020a47d" testListId="8c84fa94-04c1-424b-9868-57a2d4851a1d" />
    <TestEntry testId="d2434e16-adc7-efd3-43bb-7e245ed387ae" executionId="b3acb713-3da9-468e-8fec-1526a0b60e0d" testListId="8c84fa94-04c1-424b-9868-57a2d4851a1d" />
    <TestEntry testId="a9b6af25-2dc5-918d-785a-79febef5542f" executionId="6617ad34-07f4-4cc6-8791-13fb442834da" testListId="8c84fa94-04c1-424b-9868-57a2d4851a1d" />
    <TestEntry testId="a473a6a0-4dab-e475-539e-30ed64e10474" executionId="f0d3136a-010b-4a64-a7ad-3671d0b65a9b" testListId="8c84fa94-04c1-424b-9868-57a2d4851a1d" />
    <TestEntry testId="7c3a6ba7-a261-4cb5-ad7a-81c6b47ed4aa" executionId="447bea8e-5e83-40d6-a991-de979f7cea32" testListId="8c84fa94-04c1-424b-9868-57a2d4851a1d" />
    <TestEntry testId="3ca1c544-0c8e-1f55-91ef-219e0a58a879" executionId="2c8119e1-4668-47e2-9361-2b0a564c9f12" testListId="8c84fa94-04c1-424b-9868-57a2d4851a1d" />
    <TestEntry testId="5b072a86-f973-2bbe-481f-3f0105dbf29e" executionId="46ff946f-8579-4cab-88d2-033e8e33b59e" testListId="8c84fa94-04c1-424b-9868-57a2d4851a1d" />
    <TestEntry testId="93cc8f36-57da-67b7-1039-7c47926e3f49" executionId="6c03d0bc-4008-4c48-a05e-5ea93f42e4bb" testListId="8c84fa94-04c1-424b-9868-57a2d4851a1d" />
    <TestEntry testId="06a00159-a360-f984-e2ef-1612241b0f0c" executionId="04dafa89-0978-45d0-894b-954ba9354ca0" testListId="8c84fa94-04c1-424b-9868-57a2d4851a1d" />
    <TestEntry testId="03d554aa-37cd-a95d-009f-e5022111a05b" executionId="ea500a48-c540-462a-81b5-4814a2bb3b08" testListId="8c84fa94-04c1-424b-9868-57a2d4851a1d" />
    <TestEntry testId="ecb9e922-0195-9167-8ff0-85471ab3d029" executionId="21ee1508-2673-45d3-a4ea-2b9dd11f4a1b" testListId="8c84fa94-04c1-424b-9868-57a2d4851a1d" />
    <TestEntry testId="f0cc179f-541a-85b3-ac21-730a25dcc5fe" executionId="c16be268-0e34-4a8c-979c-5d63e5aef488" testListId="8c84fa94-04c1-424b-9868-57a2d4851a1d" />
    <TestEntry testId="d6c56bcb-f011-5634-0c6a-b6cecf028a74" executionId="96a068a0-faea-4924-963b-c8a39c96caba" testListId="8c84fa94-04c1-424b-9868-57a2d4851a1d" />
    <TestEntry testId="eb810f6a-3676-a5e0-7bfc-22066e754591" executionId="7418a33a-0506-4d14-b129-123b97a75857" testListId="8c84fa94-04c1-424b-9868-57a2d4851a1d" />
    <TestEntry testId="e7f15574-d11b-fe56-ff7e-c9dcc43bf727" executionId="c3b4d023-25c7-40c5-bed1-f7e783849f5d" testListId="8c84fa94-04c1-424b-9868-57a2d4851a1d" />
    <TestEntry testId="606fed8a-c15b-6129-bd24-2fa4b34f72e1" executionId="96f9860e-92bf-4711-9b1a-2410f13fce0f" testListId="8c84fa94-04c1-424b-9868-57a2d4851a1d" />
    <TestEntry testId="4a72b7be-265f-242f-403a-120aacf32494" executionId="06f99e6f-17fa-4ffc-b12d-348ffe23f003" testListId="8c84fa94-04c1-424b-9868-57a2d4851a1d" />
    <TestEntry testId="d632c079-f2bc-58b3-3862-6b951c89fb04" executionId="77e369d6-f08c-4138-bea2-00f8c9a060f1" testListId="8c84fa94-04c1-424b-9868-57a2d4851a1d" />
    <TestEntry testId="3e39246a-c4c0-4c6e-4c57-228294cb7921" executionId="8bb37564-adcb-4ef4-94f0-b79ea59a440a" testListId="8c84fa94-04c1-424b-9868-57a2d4851a1d" />
    <TestEntry testId="6867a836-fd0f-4f52-5b60-a582f77fc5f3" executionId="07793972-31d2-4289-953d-c140f768cd1f" testListId="8c84fa94-04c1-424b-9868-57a2d4851a1d" />
    <TestEntry testId="f273ecdf-5a1d-46fa-5c56-cf51fb258487" executionId="232d8780-49a2-47b1-9e4e-54a8567b40ea" testListId="8c84fa94-04c1-424b-9868-57a2d4851a1d" />
    <TestEntry testId="2030eb9a-9c82-8985-35a1-c65f3b44aec3" executionId="834eb629-1551-496a-950e-df5245ea6ab8" testListId="8c84fa94-04c1-424b-9868-57a2d4851a1d" />
    <TestEntry testId="84db3d4c-e6a0-e557-c723-a48082f0dfca" executionId="669fc087-4549-470a-8466-cbdc2b3b80bf" testListId="8c84fa94-04c1-424b-9868-57a2d4851a1d" />
    <TestEntry testId="e1f3105d-e25c-c431-7dc8-ffc23f0c5883" executionId="05f09379-3a6d-428f-9fd4-b30d8b3f75ae" testListId="8c84fa94-04c1-424b-9868-57a2d4851a1d" />
    <TestEntry testId="94fb9e3f-8809-a99d-4f9a-f3843e38e41b" executionId="029b852f-f9ab-4a3f-844f-2072b3887213" testListId="8c84fa94-04c1-424b-9868-57a2d4851a1d" />
    <TestEntry testId="2f4af79b-05da-48be-b7ea-62afeacd7c7b" executionId="3483394f-5a39-492c-a834-00ad2b56bf8f" testListId="8c84fa94-04c1-424b-9868-57a2d4851a1d" />
    <TestEntry testId="a3cc13fa-9928-993b-6e75-62fdfdc90dae" executionId="f00d5fb5-2050-43f1-8871-b1707f9c457c" testListId="8c84fa94-04c1-424b-9868-57a2d4851a1d" />
    <TestEntry testId="7a10685d-ab03-980b-3817-a9a702aff236" executionId="bdc5045d-d56c-4792-a843-03dda7eaf8a6" testListId="8c84fa94-04c1-424b-9868-57a2d4851a1d" />
    <TestEntry testId="c9a2196d-85b5-5dc4-83c3-5223d34c43e9" executionId="99960a1d-c8a4-4906-a550-ef4a4113213a" testListId="8c84fa94-04c1-424b-9868-57a2d4851a1d" />
    <TestEntry testId="1338f7fa-5a89-21f9-72d3-17e21d0ce3bc" executionId="faf9b944-594b-4a1a-975b-fdf85c9fefab" testListId="8c84fa94-04c1-424b-9868-57a2d4851a1d" />
    <TestEntry testId="a259b76e-db56-bd3c-b5b5-30cb684011e7" executionId="fcb96f6b-008b-4399-8de0-02c72399bad8" testListId="8c84fa94-04c1-424b-9868-57a2d4851a1d" />
    <TestEntry testId="3bc8e37c-0f74-4d5d-c893-0f8e5395d6b8" executionId="bba752eb-2a33-4f81-8e05-6739226277e7" testListId="8c84fa94-04c1-424b-9868-57a2d4851a1d" />
    <TestEntry testId="2da244f9-2a4d-0f0b-758a-dc1645c29c82" executionId="b050bc6d-f6c7-4930-9ad5-e3228f0fe72d" testListId="8c84fa94-04c1-424b-9868-57a2d4851a1d" />
    <TestEntry testId="5e8f1960-285c-5675-0b09-c992c32f2242" executionId="6a7257d5-2ded-4dfe-b4c3-bf82eb28414d" testListId="8c84fa94-04c1-424b-9868-57a2d4851a1d" />
    <TestEntry testId="dd8dc9ba-a455-9072-d480-04ff96ce3bf3" executionId="3b1c020b-4c8a-43e3-8f9b-fc5dee03b2fe" testListId="8c84fa94-04c1-424b-9868-57a2d4851a1d" />
    <TestEntry testId="a4704517-8270-dd3e-a969-4a6e1c58703b" executionId="a8278732-015f-4f9a-abff-d90e40d0f0d8" testListId="8c84fa94-04c1-424b-9868-57a2d4851a1d" />
    <TestEntry testId="898e41a9-cc28-0fbc-38a2-0bd8afce9181" executionId="27cb4a37-2319-4b3f-9d61-4a2b79e3c24c" testListId="8c84fa94-04c1-424b-9868-57a2d4851a1d" />
    <TestEntry testId="210aa4a7-f732-03b6-e96d-6e2d57d5df21" executionId="842cd8c0-fa4e-4ae1-a38b-a02582b4fa50" testListId="8c84fa94-04c1-424b-9868-57a2d4851a1d" />
    <TestEntry testId="97d8157a-e34d-b0c8-b9b7-af3dc3b73f3f" executionId="a0a433ed-3357-4545-b6b3-a9918672fd76" testListId="8c84fa94-04c1-424b-9868-57a2d4851a1d" />
    <TestEntry testId="00c6c084-fd62-338b-deee-e9b7fe2a3288" executionId="2a11d696-a83f-4644-b03f-e65875c154ac" testListId="8c84fa94-04c1-424b-9868-57a2d4851a1d" />
    <TestEntry testId="f8e0ac0d-6cef-c12b-5ac8-d7f01f590a91" executionId="c52201c5-13a0-49c7-84b3-714bc2e47872" testListId="8c84fa94-04c1-424b-9868-57a2d4851a1d" />
    <TestEntry testId="7cecfc88-5901-7415-8274-bd7a6afecd4f" executionId="57f67948-2434-41b8-8677-82ceeb87d819" testListId="8c84fa94-04c1-424b-9868-57a2d4851a1d" />
    <TestEntry testId="8ca4a9b3-41d2-383e-e913-44f1fda747bb" executionId="d6aec78d-68a6-41aa-b092-724e78bf4195" testListId="8c84fa94-04c1-424b-9868-57a2d4851a1d" />
    <TestEntry testId="6540d8d1-c746-e1cf-85c1-e9d29e2c2949" executionId="9cef8a43-abfb-4d24-b21a-f4b6f3ddc7c7" testListId="8c84fa94-04c1-424b-9868-57a2d4851a1d" />
    <TestEntry testId="3c9b6a1d-eef6-8248-9855-21e52eed8f3b" executionId="d2693a0c-5903-45f8-aa76-a897e1ba95ae" testListId="8c84fa94-04c1-424b-9868-57a2d4851a1d" />
    <TestEntry testId="b429a6f0-884d-fd00-5ea5-ddd69122d0fb" executionId="29b61b9e-3f8c-41eb-be91-7cb02bf8029b" testListId="8c84fa94-04c1-424b-9868-57a2d4851a1d" />
    <TestEntry testId="7775587a-9d62-c38f-8338-a2f2b4d17a68" executionId="2b4cfda6-dd2d-4e4e-a5e3-f4b74c9180a7" testListId="8c84fa94-04c1-424b-9868-57a2d4851a1d" />
    <TestEntry testId="6759c578-6e4f-12c5-e2fe-fe2b6dc2f7bd" executionId="6a69d186-89c3-40a0-94e5-557fbf3f1b71" testListId="8c84fa94-04c1-424b-9868-57a2d4851a1d" />
    <TestEntry testId="a92e09fe-73a4-1afe-053f-a5aecde572a7" executionId="470c7bb3-97bc-45ba-9ee6-6d6796826d0a" testListId="8c84fa94-04c1-424b-9868-57a2d4851a1d" />
    <TestEntry testId="5e3df7ac-a2c7-d1a1-fc91-df358301f638" executionId="ece8bf58-1245-4e69-8678-3288d1c07a43" testListId="8c84fa94-04c1-424b-9868-57a2d4851a1d" />
    <TestEntry testId="91fc083a-a653-1ef6-afb9-6472e842edeb" executionId="40243568-ee8a-4247-8e97-9bb34f5d19a9" testListId="8c84fa94-04c1-424b-9868-57a2d4851a1d" />
    <TestEntry testId="bf71be98-8b77-1e35-8956-29433845d8a3" executionId="c418bd38-e5fb-4741-9f78-8b039d12a99f" testListId="8c84fa94-04c1-424b-9868-57a2d4851a1d" />
    <TestEntry testId="f78fefc3-abd9-1f67-0a85-637711d1bcfd" executionId="6fd8a8e8-6601-4895-9a13-e482b0454702" testListId="8c84fa94-04c1-424b-9868-57a2d4851a1d" />
    <TestEntry testId="b8784886-f39f-26c2-62ff-afe020a6e15d" executionId="5b1bb751-db1c-4950-9f7e-74be148c3bea" testListId="8c84fa94-04c1-424b-9868-57a2d4851a1d" />
    <TestEntry testId="4593407f-c231-78a3-3816-da308819b84e" executionId="1d42ac7b-b3fa-4488-9dc8-f5cb3b042ec5" testListId="8c84fa94-04c1-424b-9868-57a2d4851a1d" />
    <TestEntry testId="ad06ad7b-b8ba-53ec-4a16-ca527df05e13" executionId="786464e1-4c52-4efc-a8a3-e3b4ae136537" testListId="8c84fa94-04c1-424b-9868-57a2d4851a1d" />
    <TestEntry testId="94b2d884-66f3-0bcb-2283-ff201cf36c44" executionId="60f37ee1-7bab-4652-924c-fc2d6be4defe" testListId="8c84fa94-04c1-424b-9868-57a2d4851a1d" />
    <TestEntry testId="ebb4ab38-0e36-9b75-61bb-34661d65c9bc" executionId="447a2b5b-37a9-4718-9c30-ba3bf8f82404" testListId="8c84fa94-04c1-424b-9868-57a2d4851a1d" />
    <TestEntry testId="ee9b04ac-a2a0-ebd5-a786-09dc453c3448" executionId="36f49618-2a9e-4661-a8f9-eda5ec41320f" testListId="8c84fa94-04c1-424b-9868-57a2d4851a1d" />
    <TestEntry testId="e0db5786-44ce-a391-f7f5-12207043d114" executionId="36683d11-53cf-4978-90fd-d3eaf2ccf3fb" testListId="8c84fa94-04c1-424b-9868-57a2d4851a1d" />
    <TestEntry testId="4912f922-73cd-47b2-2f93-b2aaca62d8be" executionId="a9413f52-33db-43c4-87e7-60e69033a243" testListId="8c84fa94-04c1-424b-9868-57a2d4851a1d" />
    <TestEntry testId="dd22e990-8e66-f7c2-3103-dab12552aa9a" executionId="fb189ac6-36c6-4b4b-866d-064eee35a256" testListId="8c84fa94-04c1-424b-9868-57a2d4851a1d" />
    <TestEntry testId="30e26d4f-eb88-0bbd-0a4d-205e56155325" executionId="f89d7392-b7d3-447d-ba5f-0074a7dad038" testListId="8c84fa94-04c1-424b-9868-57a2d4851a1d" />
    <TestEntry testId="440c41fa-74e9-1448-20e0-008ac2bfce3e" executionId="0790f8fa-5396-4082-ad85-3e370eee4022" testListId="8c84fa94-04c1-424b-9868-57a2d4851a1d" />
    <TestEntry testId="1c017cb8-68b9-7a45-ab40-f885fa831e0c" executionId="8e8ae267-e084-479b-820c-ab56dd240104" testListId="8c84fa94-04c1-424b-9868-57a2d4851a1d" />
    <TestEntry testId="56b36b95-fa41-45b0-c23e-248a963a2551" executionId="85a3b82c-14a9-4f8b-b64c-f842023b0af9" testListId="8c84fa94-04c1-424b-9868-57a2d4851a1d" />
    <TestEntry testId="28c923c7-8fe6-e87c-95b5-2341e9808419" executionId="0eb017aa-488b-4cae-877a-0bd5486d16c3" testListId="8c84fa94-04c1-424b-9868-57a2d4851a1d" />
    <TestEntry testId="d6d1a7b9-270d-54d9-911b-f84483c04d82" executionId="8df8e5ef-6507-48e3-ad9e-ace0d9e1ebee" testListId="8c84fa94-04c1-424b-9868-57a2d4851a1d" />
  </TestEntries>
  <TestLists>
    <TestList name="Les résultats ne figurent pas dans une liste" id="8c84fa94-04c1-424b-9868-57a2d4851a1d" />
    <TestList name="Tous les résultats chargés" id="19431567-8539-422a-85d7-44ee4e166bda" />
  </TestLists>
  <ResultSummary outcome="Completed">
    <Counters total="659" executed="659" passed="659" failed="0" error="0" timeout="0" aborted="0" inconclusive="0" passedButRunAborted="0" notRunnable="0" notExecuted="0" disconnected="0" warning="0" completed="0" inProgress="0" pending="0" />
    <Output>
      <StdOut>[xUnit.net 00:00:00.00] xUnit.net VSTest Adapter v2.8.2+699d445a1a (64-bit .NET 9.0.17)&#xD;
[xUnit.net 00:00:00.67]   Discovering: SamaEcole.UnitTests&#xD;
[xUnit.net 00:00:01.38]   Discovered:  SamaEcole.UnitTests&#xD;
[xUnit.net 00:00:01.38]   Starting:    SamaEcole.UnitTests&#xD;
[xUnit.net 00:00:10.53]   Finished:    SamaEcole.UnitTests&#xD;
</StdOut>
    </Output>
  </ResultSummary>
</TestRun>